@!@!@STARTMSG 2262:0 @!@!@
TLC2 Version 2.16 of 31 December 2020 (rev: cdddf55)
@!@!@ENDMSG 2262 @!@!@
@!@!@STARTMSG 2187:0 @!@!@
Running breadth-first search Model-Checking with fp 108 and seed 1794783430939316849 with 4 workers on 8 cores with 1214MB heap and 2730MB offheap memory [pid: 52562] (Mac OS X 10.16 x86_64, AdoptOpenJDK 14.0.1 x86_64, OffHeapDiskFPSet, DiskStateQueue).
@!@!@ENDMSG 2187 @!@!@
@!@!@STARTMSG 2220:0 @!@!@
Starting SANY...
@!@!@ENDMSG 2220 @!@!@
Parsing file /Volumes/StudyMaterials/Project/EESYSTEM_TOC/HybridProtocol_TLA.toolbox/Model_Strong/MC.tla
Parsing file /Volumes/StudyMaterials/Project/EESYSTEM_TOC/HybridProtocol_TLA.toolbox/Model_Strong/HybridProtocol_TLA.tla
Parsing file /Applications/TLA+ Toolbox.app/Contents/Eclipse/plugins/org.lamport.tlatools_1.0.0.202012311918/tla2sany/StandardModules/TLC.tla
Parsing file /Applications/TLA+ Toolbox.app/Contents/Eclipse/plugins/org.lamport.tlatools_1.0.0.202012311918/tla2sany/StandardModules/Naturals.tla
Parsing file /Applications/TLA+ Toolbox.app/Contents/Eclipse/plugins/org.lamport.tlatools_1.0.0.202012311918/tla2sany/StandardModules/FiniteSets.tla
Parsing file /Applications/TLA+ Toolbox.app/Contents/Eclipse/plugins/org.lamport.tlatools_1.0.0.202012311918/tla2sany/StandardModules/Sequences.tla
Semantic processing of module Naturals
Semantic processing of module Sequences
Semantic processing of module FiniteSets
Semantic processing of module HybridProtocol_TLA
Semantic processing of module TLC
Semantic processing of module MC
@!@!@STARTMSG 2219:0 @!@!@
SANY finished.
@!@!@ENDMSG 2219 @!@!@
@!@!@STARTMSG 2185:0 @!@!@
Starting... (2023-11-30 15:28:44)
@!@!@ENDMSG 2185 @!@!@
@!@!@STARTMSG 2189:0 @!@!@
Computing initial states...
@!@!@ENDMSG 2189 @!@!@
@!@!@STARTMSG 2190:0 @!@!@
Finished computing initial states: 1 distinct state generated at 2023-11-30 15:28:45.
@!@!@ENDMSG 2190 @!@!@
@!@!@STARTMSG 2109:1 @!@!@
Successor state is not completely specified by action CommandLeaderAction of the next-state relation. The following variable is not assigned: clk.

@!@!@ENDMSG 2109 @!@!@
@!@!@STARTMSG 2121:1 @!@!@
The behavior up to this point is:
@!@!@ENDMSG 2121 @!@!@
@!@!@STARTMSG 2217:4 @!@!@
1: <Initial predicate>
/\ sentMsg = {}
/\ executed = <<{}, {}, {}, {}, {}>>
/\ crtInst = <<1, 1, 1, 1, 1>>
/\ clk = <<1, 1, 1, 1, 1>>
/\ ballots = 1
/\ cmdLog = <<{}, {}, {}, {}, {}>>
/\ leaderOfInst = <<{}, {}, {}, {}, {}>>
/\ committed = ( <<1, 1>> :> {} @@
  <<1, 2>> :> {} @@
  <<2, 1>> :> {} @@
  <<2, 2>> :> {} @@
  <<3, 1>> :> {} @@
  <<3, 2>> :> {} @@
  <<4, 1>> :> {} @@
  <<4, 2>> :> {} @@
  <<5, 1>> :> {} @@
  <<5, 2>> :> {} )
/\ proposed = {}
/\ preparing = <<{}, {}, {}, {}, {}>>

@!@!@ENDMSG 2217 @!@!@
@!@!@STARTMSG 2217:4 @!@!@
2: <CommandLeaderAction line 614, col 9 to line 617, col 72 of module HybridProtocol_TLA>
/\ sentMsg = { [ type |-> "pre-accept",
    src |-> 1,
    dst |-> 2,
    inst |-> <<1, 1>>,
    ballot |-> <<0, 1>>,
    cmd |-> 1,
    deps |-> {},
    seq |-> 3,
    consistency |-> "strong",
    ctxid |-> 1,
    clk |-> 2 ],
  [ type |-> "pre-accept",
    src |-> 1,
    dst |-> 3,
    inst |-> <<1, 1>>,
    ballot |-> <<0, 1>>,
    cmd |-> 1,
    deps |-> {},
    seq |-> 3,
    consistency |-> "strong",
    ctxid |-> 1,
    clk |-> 2 ] }
/\ executed = <<{}, {}, {}, {}, {}>>
/\ crtInst = <<2, 1, 1, 1, 1>>
/\ clk = <<2, 1, 1, 1, 1>>
/\ ballots = 1
/\ cmdLog = << { [ inst |-> <<1, 1>>,
       ballot |-> <<0, 1>>,
       cmd |-> 1,
       deps |-> {},
       seq |-> 3,
       consistency |-> "strong",
       ctxid |-> 1,
       status |-> "pre-accepted",
       state |-> "done" ] },
   {},
   {},
   {},
   {} >>
/\ leaderOfInst = <<{<<1, 1>>}, {}, {}, {}, {}>>
/\ committed = ( <<1, 1>> :> {} @@
  <<1, 2>> :> {} @@
  <<2, 1>> :> {} @@
  <<2, 2>> :> {} @@
  <<3, 1>> :> {} @@
  <<3, 2>> :> {} @@
  <<4, 1>> :> {} @@
  <<4, 2>> :> {} @@
  <<5, 1>> :> {} @@
  <<5, 2>> :> {} )
/\ proposed = {1}
/\ preparing = <<{}, {}, {}, {}, {}>>

@!@!@ENDMSG 2217 @!@!@
@!@!@STARTMSG 2217:4 @!@!@
3: <Phase1Reply line 328, col 5 to line 406, col 72 of module HybridProtocol_TLA>
/\ sentMsg = { [ type |-> "pre-accept",
    src |-> 1,
    dst |-> 3,
    inst |-> <<1, 1>>,
    ballot |-> <<0, 1>>,
    cmd |-> 1,
    deps |-> {},
    seq |-> 3,
    consistency |-> "strong",
    ctxid |-> 1,
    clk |-> 2 ],
  [ type |-> "pre-accept-reply",
    src |-> 2,
    dst |-> 1,
    inst |-> <<1, 1>>,
    ballot |-> <<0, 1>>,
    deps |-> {},
    seq |-> 4,
    consistency |-> "strong",
    ctxid |-> 1,
    clk |-> 4,
    committed |-> {} ] }
/\ executed = <<{}, {}, {}, {}, {}>>
/\ crtInst = <<2, 1, 1, 1, 1>>
/\ clk = <<2, 4, 1, 1, 1>>
/\ ballots = 1
/\ cmdLog = << { [ inst |-> <<1, 1>>,
       ballot |-> <<0, 1>>,
       cmd |-> 1,
       deps |-> {},
       seq |-> 3,
       consistency |-> "strong",
       ctxid |-> 1,
       status |-> "pre-accepted",
       state |-> "done" ] },
   { [ inst |-> <<1, 1>>,
       ballot |-> <<0, 1>>,
       cmd |-> 1,
       deps |-> {},
       seq |-> 4,
       consistency |-> "strong",
       ctxid |-> 1,
       status |-> "pre-accepted",
       state |-> "done" ] },
   {},
   {},
   {} >>
/\ leaderOfInst = <<{<<1, 1>>}, {}, {}, {}, {}>>
/\ committed = ( <<1, 1>> :> {} @@
  <<1, 2>> :> {} @@
  <<2, 1>> :> {} @@
  <<2, 2>> :> {} @@
  <<3, 1>> :> {} @@
  <<3, 2>> :> {} @@
  <<4, 1>> :> {} @@
  <<4, 2>> :> {} @@
  <<5, 1>> :> {} @@
  <<5, 2>> :> {} )
/\ proposed = {1}
/\ preparing = <<{}, {}, {}, {}, {}>>

@!@!@ENDMSG 2217 @!@!@
@!@!@STARTMSG 2217:4 @!@!@
4: <Phase1Reply line 328, col 5 to line 406, col 72 of module HybridProtocol_TLA>
/\ sentMsg = { [ type |-> "pre-accept-reply",
    src |-> 2,
    dst |-> 1,
    inst |-> <<1, 1>>,
    ballot |-> <<0, 1>>,
    deps |-> {},
    seq |-> 4,
    consistency |-> "strong",
    ctxid |-> 1,
    clk |-> 4,
    committed |-> {} ],
  [ type |-> "pre-accept-reply",
    src |-> 3,
    dst |-> 1,
    inst |-> <<1, 1>>,
    ballot |-> <<0, 1>>,
    deps |-> {},
    seq |-> 4,
    consistency |-> "strong",
    ctxid |-> 1,
    clk |-> 4,
    committed |-> {} ] }
/\ executed = <<{}, {}, {}, {}, {}>>
/\ crtInst = <<2, 1, 1, 1, 1>>
/\ clk = <<2, 4, 4, 1, 1>>
/\ ballots = 1
/\ cmdLog = << { [ inst |-> <<1, 1>>,
       ballot |-> <<0, 1>>,
       cmd |-> 1,
       deps |-> {},
       seq |-> 3,
       consistency |-> "strong",
       ctxid |-> 1,
       status |-> "pre-accepted",
       state |-> "done" ] },
   { [ inst |-> <<1, 1>>,
       ballot |-> <<0, 1>>,
       cmd |-> 1,
       deps |-> {},
       seq |-> 4,
       consistency |-> "strong",
       ctxid |-> 1,
       status |-> "pre-accepted",
       state |-> "done" ] },
   { [ inst |-> <<1, 1>>,
       ballot |-> <<0, 1>>,
       cmd |-> 1,
       deps |-> {},
       seq |-> 4,
       consistency |-> "strong",
       ctxid |-> 1,
       status |-> "pre-accepted",
       state |-> "done" ] },
   {},
   {} >>
/\ leaderOfInst = <<{<<1, 1>>}, {}, {}, {}, {}>>
/\ committed = ( <<1, 1>> :> {} @@
  <<1, 2>> :> {} @@
  <<2, 1>> :> {} @@
  <<2, 2>> :> {} @@
  <<3, 1>> :> {} @@
  <<3, 2>> :> {} @@
  <<4, 1>> :> {} @@
  <<4, 2>> :> {} @@
  <<5, 1>> :> {} @@
  <<5, 2>> :> {} )
/\ proposed = {1}
/\ preparing = <<{}, {}, {}, {}, {}>>

@!@!@ENDMSG 2217 @!@!@
@!@!@STARTMSG 2217:4 @!@!@
5: <CommandLeaderAction line 618, col 35 to line 620, col 77 of module HybridProtocol_TLA>
/\ sentMsg = { [ type |-> "accept",
    src |-> 1,
    dst |-> 2,
    inst |-> <<1, 1>>,
    ballot |-> <<0, 1>>,
    cmd |-> 1,
    deps |-> {},
    seq |-> 4 ],
  [ type |-> "accept",
    src |-> 1,
    dst |-> 3,
    inst |-> <<1, 1>>,
    ballot |-> <<0, 1>>,
    cmd |-> 1,
    deps |-> {},
    seq |-> 4 ] }
/\ executed = <<{}, {}, {}, {}, {}>>
/\ crtInst = <<2, 1, 1, 1, 1>>
/\ clk = null
/\ ballots = 1
/\ cmdLog = << { [ inst |-> <<1, 1>>,
       ballot |-> <<0, 1>>,
       cmd |-> 1,
       deps |-> {},
       seq |-> 4,
       status |-> "accepted" ] },
   { [ inst |-> <<1, 1>>,
       ballot |-> <<0, 1>>,
       cmd |-> 1,
       deps |-> {},
       seq |-> 4,
       consistency |-> "strong",
       ctxid |-> 1,
       status |-> "pre-accepted",
       state |-> "done" ] },
   { [ inst |-> <<1, 1>>,
       ballot |-> <<0, 1>>,
       cmd |-> 1,
       deps |-> {},
       seq |-> 4,
       consistency |-> "strong",
       ctxid |-> 1,
       status |-> "pre-accepted",
       state |-> "done" ] },
   {},
   {} >>
/\ leaderOfInst = <<{<<1, 1>>}, {}, {}, {}, {}>>
/\ committed = ( <<1, 1>> :> {} @@
  <<1, 2>> :> {} @@
  <<2, 1>> :> {} @@
  <<2, 2>> :> {} @@
  <<3, 1>> :> {} @@
  <<3, 2>> :> {} @@
  <<4, 1>> :> {} @@
  <<4, 2>> :> {} @@
  <<5, 1>> :> {} @@
  <<5, 2>> :> {} )
/\ proposed = {1}
/\ preparing = <<{}, {}, {}, {}, {}>>

@!@!@ENDMSG 2217 @!@!@
@!@!@STARTMSG 2201:0 @!@!@
The coverage statistics at 2023-11-30 15:28:47
@!@!@ENDMSG 2201 @!@!@
@!@!@STARTMSG 2773:0 @!@!@
<Init line 157, col 1 to line 157, col 4 of module HybridProtocol_TLA>: 2:2
@!@!@ENDMSG 2773 @!@!@
@!@!@STARTMSG 2221:0 @!@!@
  line 158, col 3 to line 167, col 33 of module HybridProtocol_TLA: 2
@!@!@ENDMSG 2221 @!@!@
@!@!@STARTMSG 2772:0 @!@!@
<Phase1Reply line 327, col 1 to line 327, col 20 of module HybridProtocol_TLA>: 5259:5840
@!@!@ENDMSG 2772 @!@!@
@!@!@STARTMSG 2221:0 @!@!@
  line 329, col 12 to line 329, col 34 of module HybridProtocol_TLA: 37770
@!@!@ENDMSG 2221 @!@!@
@!@!@STARTMSG 2221:0 @!@!@
  |line 329, col 12 to line 329, col 19 of module HybridProtocol_TLA: 31930
@!@!@ENDMSG 2221 @!@!@
@!@!@STARTMSG 2221:0 @!@!@
  line 330, col 12 to line 330, col 28 of module HybridProtocol_TLA: 35037
@!@!@ENDMSG 2221 @!@!@
@!@!@STARTMSG 2221:0 @!@!@
  |line 330, col 12 to line 330, col 18 of module HybridProtocol_TLA: 29197
@!@!@ENDMSG 2221 @!@!@
@!@!@STARTMSG 2221:0 @!@!@
  |line 330, col 22 to line 330, col 28 of module HybridProtocol_TLA: 29197
@!@!@ENDMSG 2221 @!@!@
@!@!@STARTMSG 2221:0 @!@!@
  line 332, col 17 to line 333, col 73 of module HybridProtocol_TLA: 5840
@!@!@ENDMSG 2221 @!@!@
@!@!@STARTMSG 2221:0 @!@!@
  |line 332, col 28 to line 332, col 33 of module HybridProtocol_TLA: 5840
@!@!@ENDMSG 2221 @!@!@
@!@!@STARTMSG 2775:0 @!@!@
  ||line 331, col 26 to line 331, col 71 of module HybridProtocol_TLA: 5840:5840
@!@!@ENDMSG 2775 @!@!@
@!@!@STARTMSG 2221:0 @!@!@
  |||line 331, col 52 to line 331, col 70 of module HybridProtocol_TLA: 1112
@!@!@ENDMSG 2221 @!@!@
@!@!@STARTMSG 2221:0 @!@!@
  |||line 331, col 35 to line 331, col 49 of module HybridProtocol_TLA: 5840
@!@!@ENDMSG 2221 @!@!@
@!@!@STARTMSG 2221:0 @!@!@
  line 344, col 24 to line 344, col 51 of module HybridProtocol_TLA: 5840
@!@!@ENDMSG 2221 @!@!@
@!@!@STARTMSG 2221:0 @!@!@
  |line 344, col 24 to line 344, col 47 of module HybridProtocol_TLA: 5840
@!@!@ENDMSG 2221 @!@!@
@!@!@STARTMSG 2221:0 @!@!@
  ||line 344, col 36 to line 344, col 46 of module HybridProtocol_TLA: 5840
@!@!@ENDMSG 2221 @!@!@
@!@!@STARTMSG 2221:0 @!@!@
  |||line 343, col 36 to line 343, col 66 of module HybridProtocol_TLA: 5840
@!@!@ENDMSG 2221 @!@!@
@!@!@STARTMSG 2221:0 @!@!@
  ||||line 343, col 55 to line 343, col 65 of module HybridProtocol_TLA: 5840
@!@!@ENDMSG 2221 @!@!@
@!@!@STARTMSG 2775:0 @!@!@
  |||||line 342, col 36 to line 342, col 83 of module HybridProtocol_TLA: 5840:5840
@!@!@ENDMSG 2775 @!@!@
@!@!@STARTMSG 2221:0 @!@!@
  ||||||line 342, col 62 to line 342, col 82 of module HybridProtocol_TLA: 1112
@!@!@ENDMSG 2221 @!@!@
@!@!@STARTMSG 2221:0 @!@!@
  ||||||line 342, col 45 to line 342, col 59 of module HybridProtocol_TLA: 5840
@!@!@ENDMSG 2221 @!@!@
@!@!@STARTMSG 2221:0 @!@!@
  line 345, col 28 to line 354, col 69 of module HybridProtocol_TLA: 5840
@!@!@ENDMSG 2221 @!@!@
@!@!@STARTMSG 2221:0 @!@!@
  |line 345, col 38 to line 354, col 69 of module HybridProtocol_TLA: 5840
@!@!@ENDMSG 2221 @!@!@
@!@!@STARTMSG 2221:0 @!@!@
  ||line 345, col 39 to line 345, col 44 of module HybridProtocol_TLA: 5840
@!@!@ENDMSG 2221 @!@!@
@!@!@STARTMSG 2221:0 @!@!@
  ||line 345, col 53 to line 354, col 68 of module HybridProtocol_TLA: 5840
@!@!@ENDMSG 2221 @!@!@
@!@!@STARTMSG 2221:0 @!@!@
  ||line 345, col 66 to line 354, col 68 of module HybridProtocol_TLA: 5840
@!@!@ENDMSG 2221 @!@!@
@!@!@STARTMSG 2221:0 @!@!@
  |||line 345, col 67 to line 345, col 76 of module HybridProtocol_TLA: 5840
@!@!@ENDMSG 2221 @!@!@
@!@!@STARTMSG 2221:0 @!@!@
  ||||line 345, col 71 to line 345, col 76 of module HybridProtocol_TLA: 5840
@!@!@ENDMSG 2221 @!@!@
@!@!@STARTMSG 2221:0 @!@!@
  |||||line 331, col 26 to line 331, col 71 of module HybridProtocol_TLA: 5840
@!@!@ENDMSG 2221 @!@!@
@!@!@STARTMSG 2221:0 @!@!@
  ||||||line 331, col 52 to line 331, col 70 of module HybridProtocol_TLA: 1112
@!@!@ENDMSG 2221 @!@!@
@!@!@STARTMSG 2221:0 @!@!@
  ||||||line 331, col 35 to line 331, col 49 of module HybridProtocol_TLA: 5840
@!@!@ENDMSG 2221 @!@!@
@!@!@STARTMSG 2775:0 @!@!@
  |||line 346, col 45 to line 354, col 68 of module HybridProtocol_TLA: 5840:14040
@!@!@ENDMSG 2775 @!@!@
@!@!@STARTMSG 2221:0 @!@!@
  ||||line 346, col 46 to line 354, col 67 of module HybridProtocol_TLA: 5840
@!@!@ENDMSG 2221 @!@!@
@!@!@STARTMSG 2221:0 @!@!@
  |||||line 346, col 47 to line 346, col 65 of module HybridProtocol_TLA: 5840
@!@!@ENDMSG 2221 @!@!@
@!@!@STARTMSG 2221:0 @!@!@
  |||||line 349, col 47 to line 349, col 67 of module HybridProtocol_TLA: 5840
@!@!@ENDMSG 2221 @!@!@
@!@!@STARTMSG 2221:0 @!@!@
  |||||line 350, col 47 to line 350, col 64 of module HybridProtocol_TLA: 5840
@!@!@ENDMSG 2221 @!@!@
@!@!@STARTMSG 2221:0 @!@!@
  |||||line 351, col 58 to line 351, col 64 of module HybridProtocol_TLA: 5840
@!@!@ENDMSG 2221 @!@!@
@!@!@STARTMSG 2221:0 @!@!@
  ||||||line 334, col 31 to line 335, col 74 of module HybridProtocol_TLA: 5840
@!@!@ENDMSG 2221 @!@!@
@!@!@STARTMSG 2221:0 @!@!@
  |||||||line 334, col 31 to line 334, col 38 of module HybridProtocol_TLA: 5840
@!@!@ENDMSG 2221 @!@!@
@!@!@STARTMSG 2221:0 @!@!@
  |||||||line 335, col 30 to line 335, col 73 of module HybridProtocol_TLA: 5840
@!@!@ENDMSG 2221 @!@!@
@!@!@STARTMSG 2775:0 @!@!@
  ||||||||line 335, col 30 to line 335, col 60 of module HybridProtocol_TLA: 5840:990
@!@!@ENDMSG 2775 @!@!@
@!@!@STARTMSG 2221:0 @!@!@
  |||||||||line 335, col 31 to line 335, col 36 of module HybridProtocol_TLA: 1112
@!@!@ENDMSG 2221 @!@!@
@!@!@STARTMSG 2221:0 @!@!@
  |||||||||line 335, col 45 to line 335, col 59 of module HybridProtocol_TLA: 5840
@!@!@ENDMSG 2221 @!@!@
@!@!@STARTMSG 2221:0 @!@!@
  ||||||||line 335, col 64 to line 335, col 73 of module HybridProtocol_TLA: 5840
@!@!@ENDMSG 2221 @!@!@
@!@!@STARTMSG 2221:0 @!@!@
  |||||line 352, col 58 to line 352, col 63 of module HybridProtocol_TLA: 5840
@!@!@ENDMSG 2221 @!@!@
@!@!@STARTMSG 2221:0 @!@!@
  ||||||line 337, col 30 to line 338, col 75 of module HybridProtocol_TLA: 5840
@!@!@ENDMSG 2221 @!@!@
@!@!@STARTMSG 2221:0 @!@!@
  |||||||line 6, col 11 to line 6, col 68 of module HybridProtocol_TLA: 5840
@!@!@ENDMSG 2221 @!@!@
@!@!@STARTMSG 2221:0 @!@!@
  ||||||||line 6, col 14 to line 6, col 19 of module HybridProtocol_TLA: 5840
@!@!@ENDMSG 2221 @!@!@
@!@!@STARTMSG 2221:0 @!@!@
  ||||||||line 6, col 33 to line 6, col 68 of module HybridProtocol_TLA: 5840
@!@!@ENDMSG 2221 @!@!@
@!@!@STARTMSG 2221:0 @!@!@
  |||||||||line 6, col 50 to line 6, col 68 of module HybridProtocol_TLA: 10586
@!@!@ENDMSG 2221 @!@!@
@!@!@STARTMSG 2221:0 @!@!@
  ||||||||||line 6, col 63 to line 6, col 68 of module HybridProtocol_TLA: 20078
@!@!@ENDMSG 2221 @!@!@
@!@!@STARTMSG 2221:0 @!@!@
  ||||||||||line 6, col 59 to line 6, col 59 of module HybridProtocol_TLA: 10586
@!@!@ENDMSG 2221 @!@!@
@!@!@STARTMSG 2221:0 @!@!@
  |||||||||line 6, col 46 to line 6, col 46 of module HybridProtocol_TLA: 5840
@!@!@ENDMSG 2221 @!@!@
@!@!@STARTMSG 2775:0 @!@!@
  |||||||line 337, col 34 to line 338, col 74 of module HybridProtocol_TLA: 5840:41250
@!@!@ENDMSG 2775 @!@!@
@!@!@STARTMSG 2221:0 @!@!@
  ||||||||line 337, col 35 to line 337, col 40 of module HybridProtocol_TLA: 5840
@!@!@ENDMSG 2221 @!@!@
@!@!@STARTMSG 2221:0 @!@!@
  |||||||||line 336, col 30 to line 336, col 67 of module HybridProtocol_TLA: 5840
@!@!@ENDMSG 2221 @!@!@
@!@!@STARTMSG 2221:0 @!@!@
  ||||||||||line 336, col 34 to line 336, col 67 of module HybridProtocol_TLA: 5840
@!@!@ENDMSG 2221 @!@!@
@!@!@STARTMSG 2221:0 @!@!@
  |||||||||||line 6, col 11 to line 6, col 68 of module HybridProtocol_TLA: 5840
@!@!@ENDMSG 2221 @!@!@
@!@!@STARTMSG 2221:0 @!@!@
  ||||||||||||line 6, col 14 to line 6, col 19 of module HybridProtocol_TLA: 5840
@!@!@ENDMSG 2221 @!@!@
@!@!@STARTMSG 2221:0 @!@!@
  ||||||||||||line 6, col 33 to line 6, col 68 of module HybridProtocol_TLA: 5840
@!@!@ENDMSG 2221 @!@!@
@!@!@STARTMSG 2221:0 @!@!@
  |||||||||||||line 6, col 50 to line 6, col 68 of module HybridProtocol_TLA: 11654
@!@!@ENDMSG 2221 @!@!@
@!@!@STARTMSG 2221:0 @!@!@
  ||||||||||||||line 6, col 63 to line 6, col 68 of module HybridProtocol_TLA: 23282
@!@!@ENDMSG 2221 @!@!@
@!@!@STARTMSG 2221:0 @!@!@
  ||||||||||||||line 6, col 59 to line 6, col 59 of module HybridProtocol_TLA: 11654
@!@!@ENDMSG 2221 @!@!@
@!@!@STARTMSG 2221:0 @!@!@
  |||||||||||||line 6, col 46 to line 6, col 46 of module HybridProtocol_TLA: 5840
@!@!@ENDMSG 2221 @!@!@
@!@!@STARTMSG 2221:0 @!@!@
  |||||||||||line 336, col 38 to line 336, col 66 of module HybridProtocol_TLA: 5840
@!@!@ENDMSG 2221 @!@!@
@!@!@STARTMSG 2221:0 @!@!@
  ||||||||line 338, col 35 to line 338, col 73 of module HybridProtocol_TLA: 5840
@!@!@ENDMSG 2221 @!@!@
@!@!@STARTMSG 2221:0 @!@!@
  |||||||||line 338, col 39 to line 338, col 73 of module HybridProtocol_TLA: 5840
@!@!@ENDMSG 2221 @!@!@
@!@!@STARTMSG 2221:0 @!@!@
  ||||||||||line 6, col 11 to line 6, col 68 of module HybridProtocol_TLA: 5840
@!@!@ENDMSG 2221 @!@!@
@!@!@STARTMSG 2221:0 @!@!@
  |||||||||||line 6, col 14 to line 6, col 19 of module HybridProtocol_TLA: 5840
@!@!@ENDMSG 2221 @!@!@
@!@!@STARTMSG 2221:0 @!@!@
  |||||||||||line 6, col 33 to line 6, col 68 of module HybridProtocol_TLA: 1112
@!@!@ENDMSG 2221 @!@!@
@!@!@STARTMSG 2775:0 @!@!@
  ||||||||||line 338, col 43 to line 338, col 72 of module HybridProtocol_TLA: 5840:3336
@!@!@ENDMSG 2775 @!@!@
@!@!@STARTMSG 2221:0 @!@!@
  |||||||||||line 338, col 44 to line 338, col 48 of module HybridProtocol_TLA: 1112
@!@!@ENDMSG 2221 @!@!@
@!@!@STARTMSG 2221:0 @!@!@
  |||||||||||line 338, col 57 to line 338, col 71 of module HybridProtocol_TLA: 5840
@!@!@ENDMSG 2221 @!@!@
@!@!@STARTMSG 2221:0 @!@!@
  |||||line 353, col 47 to line 353, col 77 of module HybridProtocol_TLA: 5840
@!@!@ENDMSG 2221 @!@!@
@!@!@STARTMSG 2221:0 @!@!@
  |||||line 354, col 47 to line 354, col 65 of module HybridProtocol_TLA: 5840
@!@!@ENDMSG 2221 @!@!@
@!@!@STARTMSG 2221:0 @!@!@
  line 355, col 28 to line 366, col 62 of module HybridProtocol_TLA: 5840
@!@!@ENDMSG 2221 @!@!@
@!@!@STARTMSG 2221:0 @!@!@
  |line 355, col 39 to line 366, col 62 of module HybridProtocol_TLA: 5840
@!@!@ENDMSG 2221 @!@!@
@!@!@STARTMSG 2221:0 @!@!@
  ||line 355, col 40 to line 355, col 54 of module HybridProtocol_TLA: 5840
@!@!@ENDMSG 2221 @!@!@
@!@!@STARTMSG 2775:0 @!@!@
  ||line 356, col 45 to line 366, col 62 of module HybridProtocol_TLA: 5840:187884
@!@!@ENDMSG 2775 @!@!@
@!@!@STARTMSG 2221:0 @!@!@
  |||line 356, col 46 to line 366, col 61 of module HybridProtocol_TLA: 5840
@!@!@ENDMSG 2221 @!@!@
@!@!@STARTMSG 2221:0 @!@!@
  ||||line 357, col 47 to line 357, col 63 of module HybridProtocol_TLA: 5840
@!@!@ENDMSG 2221 @!@!@
@!@!@STARTMSG 2221:0 @!@!@
  ||||line 358, col 47 to line 358, col 63 of module HybridProtocol_TLA: 5840
@!@!@ENDMSG 2221 @!@!@
@!@!@STARTMSG 2221:0 @!@!@
  ||||line 359, col 47 to line 359, col 64 of module HybridProtocol_TLA: 5840
@!@!@ENDMSG 2221 @!@!@
@!@!@STARTMSG 2221:0 @!@!@
  ||||line 360, col 47 to line 360, col 66 of module HybridProtocol_TLA: 5840
@!@!@ENDMSG 2221 @!@!@
@!@!@STARTMSG 2221:0 @!@!@
  ||||line 361, col 57 to line 361, col 63 of module HybridProtocol_TLA: 5840
@!@!@ENDMSG 2221 @!@!@
@!@!@STARTMSG 2221:0 @!@!@
  |||||line 334, col 31 to line 335, col 74 of module HybridProtocol_TLA: 5840
@!@!@ENDMSG 2221 @!@!@
@!@!@STARTMSG 2221:0 @!@!@
  ||||||line 334, col 31 to line 334, col 38 of module HybridProtocol_TLA: 5840
@!@!@ENDMSG 2221 @!@!@
@!@!@STARTMSG 2221:0 @!@!@
  ||||||line 335, col 30 to line 335, col 73 of module HybridProtocol_TLA: 5840
@!@!@ENDMSG 2221 @!@!@
@!@!@STARTMSG 2775:0 @!@!@
  |||||||line 335, col 30 to line 335, col 60 of module HybridProtocol_TLA: 5840:994
@!@!@ENDMSG 2775 @!@!@
@!@!@STARTMSG 2221:0 @!@!@
  ||||||||line 335, col 31 to line 335, col 36 of module HybridProtocol_TLA: 1112
@!@!@ENDMSG 2221 @!@!@
@!@!@STARTMSG 2221:0 @!@!@
  ||||||||line 335, col 45 to line 335, col 59 of module HybridProtocol_TLA: 5840
@!@!@ENDMSG 2221 @!@!@
@!@!@STARTMSG 2221:0 @!@!@
  |||||||line 335, col 64 to line 335, col 73 of module HybridProtocol_TLA: 5840
@!@!@ENDMSG 2221 @!@!@
@!@!@STARTMSG 2221:0 @!@!@
  ||||line 362, col 57 to line 362, col 62 of module HybridProtocol_TLA: 5840
@!@!@ENDMSG 2221 @!@!@
@!@!@STARTMSG 2221:0 @!@!@
  |||||line 337, col 30 to line 338, col 75 of module HybridProtocol_TLA: 5840
@!@!@ENDMSG 2221 @!@!@
@!@!@STARTMSG 2221:0 @!@!@
  ||||||line 6, col 11 to line 6, col 68 of module HybridProtocol_TLA: 5840
@!@!@ENDMSG 2221 @!@!@
@!@!@STARTMSG 2221:0 @!@!@
  |||||||line 6, col 14 to line 6, col 19 of module HybridProtocol_TLA: 5840
@!@!@ENDMSG 2221 @!@!@
@!@!@STARTMSG 2221:0 @!@!@
  |||||||line 6, col 33 to line 6, col 68 of module HybridProtocol_TLA: 5840
@!@!@ENDMSG 2221 @!@!@
@!@!@STARTMSG 2221:0 @!@!@
  ||||||||line 6, col 50 to line 6, col 68 of module HybridProtocol_TLA: 10586
@!@!@ENDMSG 2221 @!@!@
@!@!@STARTMSG 2221:0 @!@!@
  |||||||||line 6, col 63 to line 6, col 68 of module HybridProtocol_TLA: 20078
@!@!@ENDMSG 2221 @!@!@
@!@!@STARTMSG 2221:0 @!@!@
  |||||||||line 6, col 59 to line 6, col 59 of module HybridProtocol_TLA: 10586
@!@!@ENDMSG 2221 @!@!@
@!@!@STARTMSG 2221:0 @!@!@
  ||||||||line 6, col 46 to line 6, col 46 of module HybridProtocol_TLA: 5840
@!@!@ENDMSG 2221 @!@!@
@!@!@STARTMSG 2775:0 @!@!@
  ||||||line 337, col 34 to line 338, col 74 of module HybridProtocol_TLA: 5840:41250
@!@!@ENDMSG 2775 @!@!@
@!@!@STARTMSG 2221:0 @!@!@
  |||||||line 337, col 35 to line 337, col 40 of module HybridProtocol_TLA: 5840
@!@!@ENDMSG 2221 @!@!@
@!@!@STARTMSG 2221:0 @!@!@
  ||||||||line 336, col 30 to line 336, col 67 of module HybridProtocol_TLA: 5840
@!@!@ENDMSG 2221 @!@!@
@!@!@STARTMSG 2221:0 @!@!@
  |||||||||line 336, col 34 to line 336, col 67 of module HybridProtocol_TLA: 5840
@!@!@ENDMSG 2221 @!@!@
@!@!@STARTMSG 2221:0 @!@!@
  ||||||||||line 6, col 11 to line 6, col 68 of module HybridProtocol_TLA: 5840
@!@!@ENDMSG 2221 @!@!@
@!@!@STARTMSG 2221:0 @!@!@
  |||||||||||line 6, col 14 to line 6, col 19 of module HybridProtocol_TLA: 5840
@!@!@ENDMSG 2221 @!@!@
@!@!@STARTMSG 2221:0 @!@!@
  |||||||||||line 6, col 33 to line 6, col 68 of module HybridProtocol_TLA: 5840
@!@!@ENDMSG 2221 @!@!@
@!@!@STARTMSG 2221:0 @!@!@
  ||||||||||||line 6, col 50 to line 6, col 68 of module HybridProtocol_TLA: 11654
@!@!@ENDMSG 2221 @!@!@
@!@!@STARTMSG 2221:0 @!@!@
  |||||||||||||line 6, col 63 to line 6, col 68 of module HybridProtocol_TLA: 23282
@!@!@ENDMSG 2221 @!@!@
@!@!@STARTMSG 2221:0 @!@!@
  |||||||||||||line 6, col 59 to line 6, col 59 of module HybridProtocol_TLA: 11654
@!@!@ENDMSG 2221 @!@!@
@!@!@STARTMSG 2221:0 @!@!@
  ||||||||||||line 6, col 46 to line 6, col 46 of module HybridProtocol_TLA: 5840
@!@!@ENDMSG 2221 @!@!@
@!@!@STARTMSG 2221:0 @!@!@
  ||||||||||line 336, col 38 to line 336, col 66 of module HybridProtocol_TLA: 5840
@!@!@ENDMSG 2221 @!@!@
@!@!@STARTMSG 2221:0 @!@!@
  |||||||line 338, col 35 to line 338, col 73 of module HybridProtocol_TLA: 5840
@!@!@ENDMSG 2221 @!@!@
@!@!@STARTMSG 2221:0 @!@!@
  ||||||||line 338, col 39 to line 338, col 73 of module HybridProtocol_TLA: 5840
@!@!@ENDMSG 2221 @!@!@
@!@!@STARTMSG 2221:0 @!@!@
  |||||||||line 6, col 11 to line 6, col 68 of module HybridProtocol_TLA: 5840
@!@!@ENDMSG 2221 @!@!@
@!@!@STARTMSG 2221:0 @!@!@
  ||||||||||line 6, col 14 to line 6, col 19 of module HybridProtocol_TLA: 5840
@!@!@ENDMSG 2221 @!@!@
@!@!@STARTMSG 2221:0 @!@!@
  ||||||||||line 6, col 33 to line 6, col 68 of module HybridProtocol_TLA: 1112
@!@!@ENDMSG 2221 @!@!@
@!@!@STARTMSG 2775:0 @!@!@
  |||||||||line 338, col 43 to line 338, col 72 of module HybridProtocol_TLA: 5840:3336
@!@!@ENDMSG 2775 @!@!@
@!@!@STARTMSG 2221:0 @!@!@
  ||||||||||line 338, col 44 to line 338, col 48 of module HybridProtocol_TLA: 1112
@!@!@ENDMSG 2221 @!@!@
@!@!@STARTMSG 2221:0 @!@!@
  ||||||||||line 338, col 57 to line 338, col 71 of module HybridProtocol_TLA: 5840
@!@!@ENDMSG 2221 @!@!@
@!@!@STARTMSG 2221:0 @!@!@
  ||||line 363, col 60 to line 363, col 66 of module HybridProtocol_TLA: 5840
@!@!@ENDMSG 2221 @!@!@
@!@!@STARTMSG 2221:0 @!@!@
  |||||line 339, col 31 to line 340, col 71 of module HybridProtocol_TLA: 5840
@!@!@ENDMSG 2221 @!@!@
@!@!@STARTMSG 2775:0 @!@!@
  ||||||line 339, col 46 to line 340, col 70 of module HybridProtocol_TLA: 5840:5840
@!@!@ENDMSG 2775 @!@!@
@!@!@STARTMSG 2221:0 @!@!@
  |||||||line 340, col 31 to line 340, col 69 of module HybridProtocol_TLA: 1112
@!@!@ENDMSG 2221 @!@!@
@!@!@STARTMSG 2221:0 @!@!@
  |||||||line 339, col 54 to line 339, col 68 of module HybridProtocol_TLA: 5840
@!@!@ENDMSG 2221 @!@!@
@!@!@STARTMSG 2221:0 @!@!@
  ||||line 364, col 47 to line 364, col 77 of module HybridProtocol_TLA: 5840
@!@!@ENDMSG 2221 @!@!@
@!@!@STARTMSG 2221:0 @!@!@
  ||||line 365, col 47 to line 365, col 65 of module HybridProtocol_TLA: 5840
@!@!@ENDMSG 2221 @!@!@
@!@!@STARTMSG 2221:0 @!@!@
  ||||line 366, col 55 to line 366, col 60 of module HybridProtocol_TLA: 5840
@!@!@ENDMSG 2221 @!@!@
@!@!@STARTMSG 2221:0 @!@!@
  |||||line 336, col 30 to line 336, col 67 of module HybridProtocol_TLA: 5840
@!@!@ENDMSG 2221 @!@!@
@!@!@STARTMSG 2221:0 @!@!@
  ||||||line 336, col 34 to line 336, col 67 of module HybridProtocol_TLA: 5840
@!@!@ENDMSG 2221 @!@!@
@!@!@STARTMSG 2221:0 @!@!@
  |||||||line 6, col 11 to line 6, col 68 of module HybridProtocol_TLA: 5840
@!@!@ENDMSG 2221 @!@!@
@!@!@STARTMSG 2221:0 @!@!@
  ||||||||line 6, col 14 to line 6, col 19 of module HybridProtocol_TLA: 5840
@!@!@ENDMSG 2221 @!@!@
@!@!@STARTMSG 2221:0 @!@!@
  ||||||||line 6, col 33 to line 6, col 68 of module HybridProtocol_TLA: 5840
@!@!@ENDMSG 2221 @!@!@
@!@!@STARTMSG 2221:0 @!@!@
  |||||||||line 6, col 50 to line 6, col 68 of module HybridProtocol_TLA: 11654
@!@!@ENDMSG 2221 @!@!@
@!@!@STARTMSG 2221:0 @!@!@
  ||||||||||line 6, col 63 to line 6, col 68 of module HybridProtocol_TLA: 23282
@!@!@ENDMSG 2221 @!@!@
@!@!@STARTMSG 2221:0 @!@!@
  ||||||||||line 6, col 59 to line 6, col 59 of module HybridProtocol_TLA: 11654
@!@!@ENDMSG 2221 @!@!@
@!@!@STARTMSG 2221:0 @!@!@
  |||||||||line 6, col 46 to line 6, col 46 of module HybridProtocol_TLA: 5840
@!@!@ENDMSG 2221 @!@!@
@!@!@STARTMSG 2221:0 @!@!@
  |||||||line 336, col 38 to line 336, col 66 of module HybridProtocol_TLA: 5840
@!@!@ENDMSG 2221 @!@!@
@!@!@STARTMSG 2221:0 @!@!@
  line 367, col 28 to line 367, col 66 of module HybridProtocol_TLA: 5840
@!@!@ENDMSG 2221 @!@!@
@!@!@STARTMSG 2221:0 @!@!@
  |line 367, col 35 to line 367, col 66 of module HybridProtocol_TLA: 5840
@!@!@ENDMSG 2221 @!@!@
@!@!@STARTMSG 2221:0 @!@!@
  ||line 367, col 36 to line 367, col 38 of module HybridProtocol_TLA: 5840
@!@!@ENDMSG 2221 @!@!@
@!@!@STARTMSG 2221:0 @!@!@
  ||line 367, col 47 to line 367, col 65 of module HybridProtocol_TLA: 5840
@!@!@ENDMSG 2221 @!@!@
@!@!@STARTMSG 2221:0 @!@!@
  ||line 367, col 60 to line 367, col 65 of module HybridProtocol_TLA: 5840
@!@!@ENDMSG 2221 @!@!@
@!@!@STARTMSG 2221:0 @!@!@
  |||line 336, col 30 to line 336, col 67 of module HybridProtocol_TLA: 5840
@!@!@ENDMSG 2221 @!@!@
@!@!@STARTMSG 2221:0 @!@!@
  ||||line 336, col 34 to line 336, col 67 of module HybridProtocol_TLA: 5840
@!@!@ENDMSG 2221 @!@!@
@!@!@STARTMSG 2221:0 @!@!@
  |||||line 6, col 11 to line 6, col 68 of module HybridProtocol_TLA: 5840
@!@!@ENDMSG 2221 @!@!@
@!@!@STARTMSG 2221:0 @!@!@
  ||||||line 6, col 14 to line 6, col 19 of module HybridProtocol_TLA: 5840
@!@!@ENDMSG 2221 @!@!@
@!@!@STARTMSG 2221:0 @!@!@
  ||||||line 6, col 33 to line 6, col 68 of module HybridProtocol_TLA: 5840
@!@!@ENDMSG 2221 @!@!@
@!@!@STARTMSG 2221:0 @!@!@
  |||||||line 6, col 50 to line 6, col 68 of module HybridProtocol_TLA: 11654
@!@!@ENDMSG 2221 @!@!@
@!@!@STARTMSG 2221:0 @!@!@
  ||||||||line 6, col 63 to line 6, col 68 of module HybridProtocol_TLA: 23282
@!@!@ENDMSG 2221 @!@!@
@!@!@STARTMSG 2221:0 @!@!@
  ||||||||line 6, col 59 to line 6, col 59 of module HybridProtocol_TLA: 11654
@!@!@ENDMSG 2221 @!@!@
@!@!@STARTMSG 2221:0 @!@!@
  |||||||line 6, col 46 to line 6, col 46 of module HybridProtocol_TLA: 5840
@!@!@ENDMSG 2221 @!@!@
@!@!@STARTMSG 2221:0 @!@!@
  |||||line 336, col 38 to line 336, col 66 of module HybridProtocol_TLA: 5840
@!@!@ENDMSG 2221 @!@!@
@!@!@STARTMSG 2221:0 @!@!@
  line 368, col 28 to line 369, col 72 of module HybridProtocol_TLA: 5840
@!@!@ENDMSG 2221 @!@!@
@!@!@STARTMSG 2221:0 @!@!@
  line 371, col 28 to line 380, col 69 of module HybridProtocol_TLA: 0
@!@!@ENDMSG 2221 @!@!@
@!@!@STARTMSG 2221:0 @!@!@
  line 382, col 32 to line 391, col 69 of module HybridProtocol_TLA: 0
@!@!@ENDMSG 2221 @!@!@
@!@!@STARTMSG 2221:0 @!@!@
  line 392, col 28 to line 403, col 62 of module HybridProtocol_TLA: 0
@!@!@ENDMSG 2221 @!@!@
@!@!@STARTMSG 2221:0 @!@!@
  line 404, col 28 to line 404, col 66 of module HybridProtocol_TLA: 0
@!@!@ENDMSG 2221 @!@!@
@!@!@STARTMSG 2221:0 @!@!@
  line 405, col 28 to line 406, col 72 of module HybridProtocol_TLA: 0
@!@!@ENDMSG 2221 @!@!@
@!@!@STARTMSG 2221:0 @!@!@
  line 328, col 16 to line 328, col 22 of module HybridProtocol_TLA: 8440
@!@!@ENDMSG 2221 @!@!@
@!@!@STARTMSG 2772:0 @!@!@
<CommandLeaderAction line 613, col 1 to line 613, col 19 of module HybridProtocol_TLA (614 9 617 72)>: 1875:5700
@!@!@ENDMSG 2772 @!@!@
@!@!@STARTMSG 2221:0 @!@!@
  line 319, col 12 to line 319, col 40 of module HybridProtocol_TLA: 950
@!@!@ENDMSG 2221 @!@!@
@!@!@STARTMSG 2221:0 @!@!@
  line 183, col 8 to line 183, col 20 of module HybridProtocol_TLA: 5700
@!@!@ENDMSG 2221 @!@!@
@!@!@STARTMSG 2221:0 @!@!@
  line 190, col 20 to line 199, col 59 of module HybridProtocol_TLA: 0
@!@!@ENDMSG 2221 @!@!@
@!@!@STARTMSG 2221:0 @!@!@
  line 200, col 20 to line 200, col 83 of module HybridProtocol_TLA: 0
@!@!@ENDMSG 2221 @!@!@
@!@!@STARTMSG 2221:0 @!@!@
  line 201, col 20 to line 212, col 57 of module HybridProtocol_TLA: 0
@!@!@ENDMSG 2221 @!@!@
@!@!@STARTMSG 2221:0 @!@!@
  line 214, col 21 to line 223, col 59 of module HybridProtocol_TLA: 0
@!@!@ENDMSG 2221 @!@!@
@!@!@STARTMSG 2221:0 @!@!@
  line 225, col 25 to line 234, col 43 of module HybridProtocol_TLA: 0
@!@!@ENDMSG 2221 @!@!@
@!@!@STARTMSG 2221:0 @!@!@
  line 235, col 24 to line 235, col 87 of module HybridProtocol_TLA: 0
@!@!@ENDMSG 2221 @!@!@
@!@!@STARTMSG 2221:0 @!@!@
  line 236, col 24 to line 247, col 61 of module HybridProtocol_TLA: 0
@!@!@ENDMSG 2221 @!@!@
@!@!@STARTMSG 2221:0 @!@!@
  line 255, col 16 to line 255, col 43 of module HybridProtocol_TLA: 5700
@!@!@ENDMSG 2221 @!@!@
@!@!@STARTMSG 2221:0 @!@!@
  |line 255, col 16 to line 255, col 39 of module HybridProtocol_TLA: 5700
@!@!@ENDMSG 2221 @!@!@
@!@!@STARTMSG 2221:0 @!@!@
  ||line 255, col 28 to line 255, col 38 of module HybridProtocol_TLA: 5700
@!@!@ENDMSG 2221 @!@!@
@!@!@STARTMSG 2221:0 @!@!@
  |||line 254, col 26 to line 254, col 56 of module HybridProtocol_TLA: 5700
@!@!@ENDMSG 2221 @!@!@
@!@!@STARTMSG 2221:0 @!@!@
  ||||line 254, col 45 to line 254, col 55 of module HybridProtocol_TLA: 5700
@!@!@ENDMSG 2221 @!@!@
@!@!@STARTMSG 2775:0 @!@!@
  |||||line 253, col 27 to line 253, col 74 of module HybridProtocol_TLA: 5700:5700
@!@!@ENDMSG 2775 @!@!@
@!@!@STARTMSG 2221:0 @!@!@
  ||||||line 253, col 53 to line 253, col 73 of module HybridProtocol_TLA: 1890
@!@!@ENDMSG 2221 @!@!@
@!@!@STARTMSG 2221:0 @!@!@
  ||||||line 253, col 36 to line 253, col 50 of module HybridProtocol_TLA: 5700
@!@!@ENDMSG 2221 @!@!@
@!@!@STARTMSG 2221:0 @!@!@
  line 256, col 20 to line 265, col 59 of module HybridProtocol_TLA: 5700
@!@!@ENDMSG 2221 @!@!@
@!@!@STARTMSG 2221:0 @!@!@
  |line 256, col 30 to line 265, col 59 of module HybridProtocol_TLA: 5700
@!@!@ENDMSG 2221 @!@!@
@!@!@STARTMSG 2221:0 @!@!@
  ||line 256, col 31 to line 256, col 36 of module HybridProtocol_TLA: 5700
@!@!@ENDMSG 2221 @!@!@
@!@!@STARTMSG 2221:0 @!@!@
  ||line 256, col 45 to line 265, col 58 of module HybridProtocol_TLA: 5700
@!@!@ENDMSG 2221 @!@!@
@!@!@STARTMSG 2221:0 @!@!@
  ||line 256, col 58 to line 265, col 58 of module HybridProtocol_TLA: 5700
@!@!@ENDMSG 2221 @!@!@
@!@!@STARTMSG 2221:0 @!@!@
  |||line 256, col 59 to line 256, col 69 of module HybridProtocol_TLA: 5700
@!@!@ENDMSG 2221 @!@!@
@!@!@STARTMSG 2221:0 @!@!@
  ||||line 256, col 63 to line 256, col 69 of module HybridProtocol_TLA: 5700
@!@!@ENDMSG 2221 @!@!@
@!@!@STARTMSG 2221:0 @!@!@
  |||||line 252, col 24 to line 252, col 66 of module HybridProtocol_TLA: 5700
@!@!@ENDMSG 2221 @!@!@
@!@!@STARTMSG 2221:0 @!@!@
  ||||||line 252, col 51 to line 252, col 65 of module HybridProtocol_TLA: 1890
@!@!@ENDMSG 2221 @!@!@
@!@!@STARTMSG 2221:0 @!@!@
  ||||||line 252, col 33 to line 252, col 47 of module HybridProtocol_TLA: 5700
@!@!@ENDMSG 2221 @!@!@
@!@!@STARTMSG 2775:0 @!@!@
  |||line 257, col 41 to line 265, col 58 of module HybridProtocol_TLA: 5700:84412
@!@!@ENDMSG 2775 @!@!@
@!@!@STARTMSG 2221:0 @!@!@
  ||||line 257, col 42 to line 265, col 57 of module HybridProtocol_TLA: 5700
@!@!@ENDMSG 2221 @!@!@
@!@!@STARTMSG 2221:0 @!@!@
  |||||line 257, col 43 to line 257, col 57 of module HybridProtocol_TLA: 5700
@!@!@ENDMSG 2221 @!@!@
@!@!@STARTMSG 2221:0 @!@!@
  |||||line 260, col 43 to line 260, col 59 of module HybridProtocol_TLA: 5700
@!@!@ENDMSG 2221 @!@!@
@!@!@STARTMSG 2221:0 @!@!@
  |||||line 261, col 43 to line 261, col 54 of module HybridProtocol_TLA: 5700
@!@!@ENDMSG 2221 @!@!@
@!@!@STARTMSG 2221:0 @!@!@
  |||||line 262, col 54 to line 262, col 60 of module HybridProtocol_TLA: 5700
@!@!@ENDMSG 2221 @!@!@
@!@!@STARTMSG 2221:0 @!@!@
  ||||||line 250, col 28 to line 250, col 62 of module HybridProtocol_TLA: 5700
@!@!@ENDMSG 2221 @!@!@
@!@!@STARTMSG 2221:0 @!@!@
  |||||||line 250, col 29 to line 250, col 36 of module HybridProtocol_TLA: 1890
@!@!@ENDMSG 2221 @!@!@
@!@!@STARTMSG 2221:0 @!@!@
  |||||||line 250, col 47 to line 250, col 61 of module HybridProtocol_TLA: 5700
@!@!@ENDMSG 2221 @!@!@
@!@!@STARTMSG 2221:0 @!@!@
  |||||line 263, col 54 to line 263, col 59 of module HybridProtocol_TLA: 5700
@!@!@ENDMSG 2221 @!@!@
@!@!@STARTMSG 2221:0 @!@!@
  ||||||line 251, col 23 to line 251, col 75 of module HybridProtocol_TLA: 5700
@!@!@ENDMSG 2221 @!@!@
@!@!@STARTMSG 2221:0 @!@!@
  |||||||line 251, col 27 to line 251, col 75 of module HybridProtocol_TLA: 5700
@!@!@ENDMSG 2221 @!@!@
@!@!@STARTMSG 2221:0 @!@!@
  ||||||||line 6, col 11 to line 6, col 68 of module HybridProtocol_TLA: 5700
@!@!@ENDMSG 2221 @!@!@
@!@!@STARTMSG 2221:0 @!@!@
  |||||||||line 6, col 14 to line 6, col 19 of module HybridProtocol_TLA: 5700
@!@!@ENDMSG 2221 @!@!@
@!@!@STARTMSG 2221:0 @!@!@
  |||||||||line 6, col 33 to line 6, col 68 of module HybridProtocol_TLA: 5700
@!@!@ENDMSG 2221 @!@!@
@!@!@STARTMSG 2221:0 @!@!@
  ||||||||||line 6, col 50 to line 6, col 68 of module HybridProtocol_TLA: 6474
@!@!@ENDMSG 2221 @!@!@
@!@!@STARTMSG 2221:0 @!@!@
  |||||||||||line 6, col 63 to line 6, col 68 of module HybridProtocol_TLA: 8022
@!@!@ENDMSG 2221 @!@!@
@!@!@STARTMSG 2221:0 @!@!@
  |||||||||||line 6, col 59 to line 6, col 59 of module HybridProtocol_TLA: 6474
@!@!@ENDMSG 2221 @!@!@
@!@!@STARTMSG 2221:0 @!@!@
  ||||||||||line 6, col 46 to line 6, col 46 of module HybridProtocol_TLA: 5700
@!@!@ENDMSG 2221 @!@!@
@!@!@STARTMSG 2221:0 @!@!@
  ||||||||line 251, col 31 to line 251, col 74 of module HybridProtocol_TLA: 5700
@!@!@ENDMSG 2221 @!@!@
@!@!@STARTMSG 2221:0 @!@!@
  |||||||||line 251, col 31 to line 251, col 60 of module HybridProtocol_TLA: 5700
@!@!@ENDMSG 2221 @!@!@
@!@!@STARTMSG 2221:0 @!@!@
  ||||||||||line 251, col 32 to line 251, col 36 of module HybridProtocol_TLA: 1890
@!@!@ENDMSG 2221 @!@!@
@!@!@STARTMSG 2221:0 @!@!@
  ||||||||||line 251, col 45 to line 251, col 59 of module HybridProtocol_TLA: 5700
@!@!@ENDMSG 2221 @!@!@
@!@!@STARTMSG 2775:0 @!@!@
  |||||||||line 251, col 67 to line 251, col 74 of module HybridProtocol_TLA: 5700:15210
@!@!@ENDMSG 2775 @!@!@
@!@!@STARTMSG 2221:0 @!@!@
  |||||line 264, col 43 to line 264, col 60 of module HybridProtocol_TLA: 5700
@!@!@ENDMSG 2221 @!@!@
@!@!@STARTMSG 2221:0 @!@!@
  |||||line 265, col 43 to line 265, col 55 of module HybridProtocol_TLA: 5700
@!@!@ENDMSG 2221 @!@!@
@!@!@STARTMSG 2221:0 @!@!@
  line 266, col 20 to line 266, col 83 of module HybridProtocol_TLA: 5700
@!@!@ENDMSG 2221 @!@!@
@!@!@STARTMSG 2221:0 @!@!@
  line 267, col 20 to line 278, col 57 of module HybridProtocol_TLA: 5700
@!@!@ENDMSG 2221 @!@!@
@!@!@STARTMSG 2775:0 @!@!@
  |line 267, col 31 to line 278, col 57 of module HybridProtocol_TLA: 5700:262800
@!@!@ENDMSG 2775 @!@!@
@!@!@STARTMSG 2221:0 @!@!@
  ||line 267, col 32 to line 267, col 47 of module HybridProtocol_TLA: 5700
@!@!@ENDMSG 2221 @!@!@
@!@!@STARTMSG 2775:0 @!@!@
  ||line 268, col 41 to line 278, col 57 of module HybridProtocol_TLA: 5700:137742
@!@!@ENDMSG 2775 @!@!@
@!@!@STARTMSG 2221:0 @!@!@
  |||line 268, col 42 to line 268, col 63 of module HybridProtocol_TLA: 5700
@!@!@ENDMSG 2221 @!@!@
@!@!@STARTMSG 2221:0 @!@!@
  |||line 269, col 43 to line 269, col 59 of module HybridProtocol_TLA: 5700
@!@!@ENDMSG 2221 @!@!@
@!@!@STARTMSG 2221:0 @!@!@
  |||line 270, col 43 to line 270, col 63 of module HybridProtocol_TLA: 5700
@!@!@ENDMSG 2221 @!@!@
@!@!@STARTMSG 2221:0 @!@!@
  |||line 271, col 43 to line 271, col 56 of module HybridProtocol_TLA: 5700
@!@!@ENDMSG 2221 @!@!@
@!@!@STARTMSG 2221:0 @!@!@
  |||line 272, col 43 to line 272, col 58 of module HybridProtocol_TLA: 5700
@!@!@ENDMSG 2221 @!@!@
@!@!@STARTMSG 2221:0 @!@!@
  |||line 273, col 43 to line 273, col 53 of module HybridProtocol_TLA: 5700
@!@!@ENDMSG 2221 @!@!@
@!@!@STARTMSG 2775:0 @!@!@
  |||line 274, col 51 to line 274, col 59 of module HybridProtocol_TLA: 5700:28205
@!@!@ENDMSG 2775 @!@!@
@!@!@STARTMSG 2221:0 @!@!@
  ||||line 274, col 52 to line 274, col 58 of module HybridProtocol_TLA: 5700
@!@!@ENDMSG 2221 @!@!@
@!@!@STARTMSG 2221:0 @!@!@
  |||||line 250, col 28 to line 250, col 62 of module HybridProtocol_TLA: 5700
@!@!@ENDMSG 2221 @!@!@
@!@!@STARTMSG 2221:0 @!@!@
  ||||||line 250, col 29 to line 250, col 36 of module HybridProtocol_TLA: 1890
@!@!@ENDMSG 2221 @!@!@
@!@!@STARTMSG 2221:0 @!@!@
  ||||||line 250, col 47 to line 250, col 61 of module HybridProtocol_TLA: 5700
@!@!@ENDMSG 2221 @!@!@
@!@!@STARTMSG 2775:0 @!@!@
  |||line 275, col 51 to line 275, col 58 of module HybridProtocol_TLA: 5700:28205
@!@!@ENDMSG 2775 @!@!@
@!@!@STARTMSG 2221:0 @!@!@
  ||||line 275, col 52 to line 275, col 57 of module HybridProtocol_TLA: 5700
@!@!@ENDMSG 2221 @!@!@
@!@!@STARTMSG 2221:0 @!@!@
  |||||line 251, col 23 to line 251, col 75 of module HybridProtocol_TLA: 5700
@!@!@ENDMSG 2221 @!@!@
@!@!@STARTMSG 2221:0 @!@!@
  ||||||line 251, col 27 to line 251, col 75 of module HybridProtocol_TLA: 5700
@!@!@ENDMSG 2221 @!@!@
@!@!@STARTMSG 2221:0 @!@!@
  |||||||line 6, col 11 to line 6, col 68 of module HybridProtocol_TLA: 5700
@!@!@ENDMSG 2221 @!@!@
@!@!@STARTMSG 2221:0 @!@!@
  ||||||||line 6, col 14 to line 6, col 19 of module HybridProtocol_TLA: 5700
@!@!@ENDMSG 2221 @!@!@
@!@!@STARTMSG 2221:0 @!@!@
  ||||||||line 6, col 33 to line 6, col 68 of module HybridProtocol_TLA: 5700
@!@!@ENDMSG 2221 @!@!@
@!@!@STARTMSG 2221:0 @!@!@
  |||||||||line 6, col 50 to line 6, col 68 of module HybridProtocol_TLA: 6474
@!@!@ENDMSG 2221 @!@!@
@!@!@STARTMSG 2221:0 @!@!@
  ||||||||||line 6, col 63 to line 6, col 68 of module HybridProtocol_TLA: 8022
@!@!@ENDMSG 2221 @!@!@
@!@!@STARTMSG 2221:0 @!@!@
  ||||||||||line 6, col 59 to line 6, col 59 of module HybridProtocol_TLA: 6474
@!@!@ENDMSG 2221 @!@!@
@!@!@STARTMSG 2221:0 @!@!@
  |||||||||line 6, col 46 to line 6, col 46 of module HybridProtocol_TLA: 5700
@!@!@ENDMSG 2221 @!@!@
@!@!@STARTMSG 2221:0 @!@!@
  |||||||line 251, col 31 to line 251, col 74 of module HybridProtocol_TLA: 5700
@!@!@ENDMSG 2221 @!@!@
@!@!@STARTMSG 2221:0 @!@!@
  ||||||||line 251, col 31 to line 251, col 60 of module HybridProtocol_TLA: 5700
@!@!@ENDMSG 2221 @!@!@
@!@!@STARTMSG 2221:0 @!@!@
  |||||||||line 251, col 32 to line 251, col 36 of module HybridProtocol_TLA: 1890
@!@!@ENDMSG 2221 @!@!@
@!@!@STARTMSG 2221:0 @!@!@
  |||||||||line 251, col 45 to line 251, col 59 of module HybridProtocol_TLA: 5700
@!@!@ENDMSG 2221 @!@!@
@!@!@STARTMSG 2775:0 @!@!@
  ||||||||line 251, col 67 to line 251, col 74 of module HybridProtocol_TLA: 5700:15210
@!@!@ENDMSG 2775 @!@!@
@!@!@STARTMSG 2221:0 @!@!@
  |||line 276, col 43 to line 276, col 60 of module HybridProtocol_TLA: 5700
@!@!@ENDMSG 2221 @!@!@
@!@!@STARTMSG 2221:0 @!@!@
  |||line 277, col 43 to line 277, col 55 of module HybridProtocol_TLA: 5700
@!@!@ENDMSG 2221 @!@!@
@!@!@STARTMSG 2221:0 @!@!@
  |||line 278, col 43 to line 278, col 56 of module HybridProtocol_TLA: 5700
@!@!@ENDMSG 2221 @!@!@
@!@!@STARTMSG 2221:0 @!@!@
  line 280, col 21 to line 289, col 59 of module HybridProtocol_TLA: 0
@!@!@ENDMSG 2221 @!@!@
@!@!@STARTMSG 2221:0 @!@!@
  line 291, col 25 to line 300, col 43 of module HybridProtocol_TLA: 0
@!@!@ENDMSG 2221 @!@!@
@!@!@STARTMSG 2221:0 @!@!@
  line 301, col 24 to line 301, col 87 of module HybridProtocol_TLA: 0
@!@!@ENDMSG 2221 @!@!@
@!@!@STARTMSG 2221:0 @!@!@
  line 302, col 24 to line 313, col 61 of module HybridProtocol_TLA: 0
@!@!@ENDMSG 2221 @!@!@
@!@!@STARTMSG 2221:0 @!@!@
  line 321, col 30 to line 321, col 30 of module HybridProtocol_TLA: 5700
@!@!@ENDMSG 2221 @!@!@
@!@!@STARTMSG 2221:0 @!@!@
  line 321, col 33 to line 321, col 39 of module HybridProtocol_TLA: 5700
@!@!@ENDMSG 2221 @!@!@
@!@!@STARTMSG 2221:0 @!@!@
  line 321, col 42 to line 321, col 42 of module HybridProtocol_TLA: 5700
@!@!@ENDMSG 2221 @!@!@
@!@!@STARTMSG 2221:0 @!@!@
  line 321, col 45 to line 321, col 51 of module HybridProtocol_TLA: 5700
@!@!@ENDMSG 2221 @!@!@
@!@!@STARTMSG 2221:0 @!@!@
  line 321, col 54 to line 321, col 62 of module HybridProtocol_TLA: 5700
@!@!@ENDMSG 2221 @!@!@
@!@!@STARTMSG 2221:0 @!@!@
  line 321, col 65 to line 321, col 66 of module HybridProtocol_TLA: 5700
@!@!@ENDMSG 2221 @!@!@
@!@!@STARTMSG 2221:0 @!@!@
  line 321, col 68 to line 321, col 82 of module HybridProtocol_TLA: 5700
@!@!@ENDMSG 2221 @!@!@
@!@!@STARTMSG 2221:0 @!@!@
  line 321, col 84 to line 321, col 85 of module HybridProtocol_TLA: 5700
@!@!@ENDMSG 2221 @!@!@
@!@!@STARTMSG 2221:0 @!@!@
  line 321, col 87 to line 321, col 89 of module HybridProtocol_TLA: 5700
@!@!@ENDMSG 2221 @!@!@
@!@!@STARTMSG 2221:0 @!@!@
  line 320, col 22 to line 320, col 41 of module HybridProtocol_TLA: 950
@!@!@ENDMSG 2221 @!@!@
@!@!@STARTMSG 2775:0 @!@!@
  |line 23, col 20 to line 23, col 61 of module HybridProtocol_TLA: 950:6650
@!@!@ENDMSG 2775 @!@!@
@!@!@STARTMSG 2221:0 @!@!@
  ||line 23, col 21 to line 23, col 30 of module HybridProtocol_TLA: 5700
@!@!@ENDMSG 2221 @!@!@
@!@!@STARTMSG 2221:0 @!@!@
  ||line 23, col 40 to line 23, col 60 of module HybridProtocol_TLA: 950
@!@!@ENDMSG 2221 @!@!@
@!@!@STARTMSG 2775:0 @!@!@
  |||line 21, col 27 to line 21, col 78 of module HybridProtocol_TLA: 950:15200
@!@!@ENDMSG 2775 @!@!@
@!@!@STARTMSG 2221:0 @!@!@
  ||||line 21, col 60 to line 21, col 77 of module HybridProtocol_TLA: 15200
@!@!@ENDMSG 2221 @!@!@
@!@!@STARTMSG 2775:0 @!@!@
  ||||line 21, col 34 to line 21, col 56 of module HybridProtocol_TLA: 950:17100
@!@!@ENDMSG 2775 @!@!@
@!@!@STARTMSG 2221:0 @!@!@
  |||line 23, col 59 to line 23, col 59 of module HybridProtocol_TLA: 950
@!@!@ENDMSG 2221 @!@!@
@!@!@STARTMSG 2221:0 @!@!@
  |line 320, col 34 to line 320, col 40 of module HybridProtocol_TLA: 950
@!@!@ENDMSG 2221 @!@!@
@!@!@STARTMSG 2221:0 @!@!@
  line 322, col 12 to line 322, col 57 of module HybridProtocol_TLA: 5700
@!@!@ENDMSG 2221 @!@!@
@!@!@STARTMSG 2221:0 @!@!@
  line 323, col 12 to line 323, col 24 of module HybridProtocol_TLA: 5700
@!@!@ENDMSG 2221 @!@!@
@!@!@STARTMSG 2221:0 @!@!@
  line 324, col 12 to line 324, col 65 of module HybridProtocol_TLA: 5700
@!@!@ENDMSG 2221 @!@!@
@!@!@STARTMSG 2221:0 @!@!@
  line 617, col 55 to line 617, col 55 of module HybridProtocol_TLA: 950
@!@!@ENDMSG 2221 @!@!@
@!@!@STARTMSG 2221:0 @!@!@
  line 617, col 58 to line 617, col 64 of module HybridProtocol_TLA: 950
@!@!@ENDMSG 2221 @!@!@
@!@!@STARTMSG 2221:0 @!@!@
  line 617, col 66 to line 617, col 67 of module HybridProtocol_TLA: 950
@!@!@ENDMSG 2221 @!@!@
@!@!@STARTMSG 2221:0 @!@!@
  line 617, col 69 to line 617, col 71 of module HybridProtocol_TLA: 950
@!@!@ENDMSG 2221 @!@!@
@!@!@STARTMSG 2221:0 @!@!@
  line 617, col 36 to line 617, col 43 of module HybridProtocol_TLA: 190
@!@!@ENDMSG 2221 @!@!@
@!@!@STARTMSG 2221:0 @!@!@
  line 616, col 28 to line 616, col 33 of module HybridProtocol_TLA: 190
@!@!@ENDMSG 2221 @!@!@
@!@!@STARTMSG 2221:0 @!@!@
  line 615, col 23 to line 615, col 39 of module HybridProtocol_TLA: 190
@!@!@ENDMSG 2221 @!@!@
@!@!@STARTMSG 2221:0 @!@!@
  line 614, col 19 to line 614, col 37 of module HybridProtocol_TLA: 1694
@!@!@ENDMSG 2221 @!@!@
@!@!@STARTMSG 2772:0 @!@!@
<CommandLeaderAction line 613, col 1 to line 613, col 19 of module HybridProtocol_TLA (618 35 620 77)>: 3:13
@!@!@ENDMSG 2772 @!@!@
@!@!@STARTMSG 2221:0 @!@!@
  line 409, col 8 to line 409, col 34 of module HybridProtocol_TLA: 19192
@!@!@ENDMSG 2221 @!@!@
@!@!@STARTMSG 2221:0 @!@!@
  |line 409, col 8 to line 409, col 8 of module HybridProtocol_TLA: 19188
@!@!@ENDMSG 2221 @!@!@
@!@!@STARTMSG 2221:0 @!@!@
  |line 409, col 14 to line 409, col 34 of module HybridProtocol_TLA: 19188
@!@!@ENDMSG 2221 @!@!@
@!@!@STARTMSG 2221:0 @!@!@
  line 410, col 8 to line 410, col 33 of module HybridProtocol_TLA: 19192
@!@!@ENDMSG 2221 @!@!@
@!@!@STARTMSG 2221:0 @!@!@
  |line 410, col 8 to line 410, col 8 of module HybridProtocol_TLA: 19188
@!@!@ENDMSG 2221 @!@!@
@!@!@STARTMSG 2221:0 @!@!@
  |line 410, col 14 to line 410, col 33 of module HybridProtocol_TLA: 19188
@!@!@ENDMSG 2221 @!@!@
@!@!@STARTMSG 2221:0 @!@!@
  ||line 23, col 20 to line 23, col 61 of module HybridProtocol_TLA: 19188
@!@!@ENDMSG 2221 @!@!@
@!@!@STARTMSG 2221:0 @!@!@
  |||line 23, col 21 to line 23, col 30 of module HybridProtocol_TLA: 115128
@!@!@ENDMSG 2221 @!@!@
@!@!@STARTMSG 2221:0 @!@!@
  |||line 23, col 40 to line 23, col 60 of module HybridProtocol_TLA: 19188
@!@!@ENDMSG 2221 @!@!@
@!@!@STARTMSG 2775:0 @!@!@
  ||||line 21, col 27 to line 21, col 78 of module HybridProtocol_TLA: 19188:307008
@!@!@ENDMSG 2775 @!@!@
@!@!@STARTMSG 2221:0 @!@!@
  |||||line 21, col 60 to line 21, col 77 of module HybridProtocol_TLA: 307008
@!@!@ENDMSG 2221 @!@!@
@!@!@STARTMSG 2775:0 @!@!@
  |||||line 21, col 34 to line 21, col 56 of module HybridProtocol_TLA: 19188:345384
@!@!@ENDMSG 2775 @!@!@
@!@!@STARTMSG 2221:0 @!@!@
  ||||line 23, col 59 to line 23, col 59 of module HybridProtocol_TLA: 19188
@!@!@ENDMSG 2221 @!@!@
@!@!@STARTMSG 2221:0 @!@!@
  ||line 410, col 26 to line 410, col 32 of module HybridProtocol_TLA: 19188
@!@!@ENDMSG 2221 @!@!@
@!@!@STARTMSG 2221:0 @!@!@
  line 412, col 12 to line 412, col 26 of module HybridProtocol_TLA: 25384
@!@!@ENDMSG 2221 @!@!@
@!@!@STARTMSG 2221:0 @!@!@
  |line 412, col 12 to line 412, col 22 of module HybridProtocol_TLA: 25380
@!@!@ENDMSG 2221 @!@!@
@!@!@STARTMSG 2221:0 @!@!@
  |line 412, col 26 to line 412, col 26 of module HybridProtocol_TLA: 25380
@!@!@ENDMSG 2221 @!@!@
@!@!@STARTMSG 2221:0 @!@!@
  line 413, col 12 to line 413, col 41 of module HybridProtocol_TLA: 19192
@!@!@ENDMSG 2221 @!@!@
@!@!@STARTMSG 2221:0 @!@!@
  |line 413, col 12 to line 413, col 24 of module HybridProtocol_TLA: 19188
@!@!@ENDMSG 2221 @!@!@
@!@!@STARTMSG 2221:0 @!@!@
  line 414, col 12 to line 414, col 31 of module HybridProtocol_TLA: 19192
@!@!@ENDMSG 2221 @!@!@
@!@!@STARTMSG 2221:0 @!@!@
  |line 414, col 12 to line 414, col 27 of module HybridProtocol_TLA: 19188
@!@!@ENDMSG 2221 @!@!@
@!@!@STARTMSG 2221:0 @!@!@
  line 422, col 41 to line 422, col 57 of module HybridProtocol_TLA: 2628
@!@!@ENDMSG 2221 @!@!@
@!@!@STARTMSG 2221:0 @!@!@
  |line 422, col 41 to line 422, col 47 of module HybridProtocol_TLA: 2620
@!@!@ENDMSG 2221 @!@!@
@!@!@STARTMSG 2221:0 @!@!@
  |line 422, col 51 to line 422, col 57 of module HybridProtocol_TLA: 2620
@!@!@ENDMSG 2221 @!@!@
@!@!@STARTMSG 2221:0 @!@!@
  line 422, col 32 to line 422, col 38 of module HybridProtocol_TLA: 20139
@!@!@ENDMSG 2221 @!@!@
@!@!@STARTMSG 2775:0 @!@!@
  |line 415, col 27 to line 420, col 62 of module HybridProtocol_TLA: 20139:77924
@!@!@ENDMSG 2775 @!@!@
@!@!@STARTMSG 2221:0 @!@!@
  ||line 416, col 33 to line 420, col 61 of module HybridProtocol_TLA: 77924
@!@!@ENDMSG 2221 @!@!@
@!@!@STARTMSG 2221:0 @!@!@
  |||line 416, col 36 to line 416, col 47 of module HybridProtocol_TLA: 77924
@!@!@ENDMSG 2221 @!@!@
@!@!@STARTMSG 2221:0 @!@!@
  |||line 417, col 36 to line 417, col 64 of module HybridProtocol_TLA: 40278
@!@!@ENDMSG 2221 @!@!@
@!@!@STARTMSG 2221:0 @!@!@
  |||line 418, col 36 to line 418, col 52 of module HybridProtocol_TLA: 4298
@!@!@ENDMSG 2221 @!@!@
@!@!@STARTMSG 2221:0 @!@!@
  |||line 419, col 36 to line 419, col 48 of module HybridProtocol_TLA: 4298
@!@!@ENDMSG 2221 @!@!@
@!@!@STARTMSG 2221:0 @!@!@
  |||line 420, col 36 to line 420, col 61 of module HybridProtocol_TLA: 2620
@!@!@ENDMSG 2221 @!@!@
@!@!@STARTMSG 2221:0 @!@!@
  ||line 415, col 36 to line 415, col 42 of module HybridProtocol_TLA: 20139
@!@!@ENDMSG 2221 @!@!@
@!@!@STARTMSG 2221:0 @!@!@
  line 421, col 33 to line 421, col 45 of module HybridProtocol_TLA: 19188
@!@!@ENDMSG 2221 @!@!@
@!@!@STARTMSG 2221:0 @!@!@
  line 424, col 20 to line 424, col 36 of module HybridProtocol_TLA: 32
@!@!@ENDMSG 2221 @!@!@
@!@!@STARTMSG 2221:0 @!@!@
  |line 424, col 20 to line 424, col 26 of module HybridProtocol_TLA: 16
@!@!@ENDMSG 2221 @!@!@
@!@!@STARTMSG 2221:0 @!@!@
  |line 424, col 30 to line 424, col 36 of module HybridProtocol_TLA: 16
@!@!@ENDMSG 2221 @!@!@
@!@!@STARTMSG 2221:0 @!@!@
  line 425, col 20 to line 425, col 34 of module HybridProtocol_TLA: 32
@!@!@ENDMSG 2221 @!@!@
@!@!@STARTMSG 2221:0 @!@!@
  |line 425, col 20 to line 425, col 25 of module HybridProtocol_TLA: 16
@!@!@ENDMSG 2221 @!@!@
@!@!@STARTMSG 2221:0 @!@!@
  |line 425, col 29 to line 425, col 34 of module HybridProtocol_TLA: 16
@!@!@ENDMSG 2221 @!@!@
@!@!@STARTMSG 2221:0 @!@!@
  line 423, col 31 to line 423, col 37 of module HybridProtocol_TLA: 4
@!@!@ENDMSG 2221 @!@!@
@!@!@STARTMSG 2775:0 @!@!@
  |line 415, col 27 to line 420, col 62 of module HybridProtocol_TLA: 4:28
@!@!@ENDMSG 2775 @!@!@
@!@!@STARTMSG 2221:0 @!@!@
  ||line 416, col 33 to line 420, col 61 of module HybridProtocol_TLA: 28
@!@!@ENDMSG 2221 @!@!@
@!@!@STARTMSG 2221:0 @!@!@
  ||line 415, col 36 to line 415, col 42 of module HybridProtocol_TLA: 4
@!@!@ENDMSG 2221 @!@!@
@!@!@STARTMSG 2221:0 @!@!@
  line 431, col 25 to line 431, col 63 of module HybridProtocol_TLA: 8
@!@!@ENDMSG 2221 @!@!@
@!@!@STARTMSG 2221:0 @!@!@
  |line 431, col 25 to line 431, col 30 of module HybridProtocol_TLA: 4
@!@!@ENDMSG 2221 @!@!@
@!@!@STARTMSG 2221:0 @!@!@
  ||line 431, col 25 to line 431, col 25 of module HybridProtocol_TLA: 4
@!@!@ENDMSG 2221 @!@!@
@!@!@STARTMSG 2221:0 @!@!@
  |||line 426, col 25 to line 426, col 51 of module HybridProtocol_TLA: 4
@!@!@ENDMSG 2221 @!@!@
@!@!@STARTMSG 2221:0 @!@!@
  ||||line 426, col 48 to line 426, col 51 of module HybridProtocol_TLA: 4
@!@!@ENDMSG 2221 @!@!@
@!@!@STARTMSG 2221:0 @!@!@
  ||||line 426, col 38 to line 426, col 44 of module HybridProtocol_TLA: 4
@!@!@ENDMSG 2221 @!@!@
@!@!@STARTMSG 2775:0 @!@!@
  |||||line 415, col 27 to line 420, col 62 of module HybridProtocol_TLA: 4:20
@!@!@ENDMSG 2775 @!@!@
@!@!@STARTMSG 2221:0 @!@!@
  ||||||line 416, col 33 to line 420, col 61 of module HybridProtocol_TLA: 8
@!@!@ENDMSG 2221 @!@!@
@!@!@STARTMSG 2221:0 @!@!@
  ||||||line 415, col 36 to line 415, col 42 of module HybridProtocol_TLA: 4
@!@!@ENDMSG 2221 @!@!@
@!@!@STARTMSG 2221:0 @!@!@
  |line 431, col 43 to line 431, col 62 of module HybridProtocol_TLA: 4
@!@!@ENDMSG 2221 @!@!@
@!@!@STARTMSG 2221:0 @!@!@
  ||line 431, col 43 to line 431, col 50 of module HybridProtocol_TLA: 4
@!@!@ENDMSG 2221 @!@!@
@!@!@STARTMSG 2221:0 @!@!@
  ||line 431, col 57 to line 431, col 62 of module HybridProtocol_TLA: 4
@!@!@ENDMSG 2221 @!@!@
@!@!@STARTMSG 2221:0 @!@!@
  |||line 430, col 34 to line 430, col 71 of module HybridProtocol_TLA: 4
@!@!@ENDMSG 2221 @!@!@
@!@!@STARTMSG 2221:0 @!@!@
  ||||line 430, col 40 to line 430, col 71 of module HybridProtocol_TLA: 4
@!@!@ENDMSG 2221 @!@!@
@!@!@STARTMSG 2221:0 @!@!@
  |||||line 430, col 41 to line 430, col 53 of module HybridProtocol_TLA: 8
@!@!@ENDMSG 2221 @!@!@
@!@!@STARTMSG 2221:0 @!@!@
  |||||line 430, col 64 to line 430, col 70 of module HybridProtocol_TLA: 4
@!@!@ENDMSG 2221 @!@!@
@!@!@STARTMSG 2775:0 @!@!@
  ||||||line 415, col 27 to line 420, col 62 of module HybridProtocol_TLA: 4:8
@!@!@ENDMSG 2775 @!@!@
@!@!@STARTMSG 2221:0 @!@!@
  |||||||line 416, col 33 to line 420, col 61 of module HybridProtocol_TLA: 8
@!@!@ENDMSG 2221 @!@!@
@!@!@STARTMSG 2221:0 @!@!@
  |||||||line 415, col 36 to line 415, col 42 of module HybridProtocol_TLA: 4
@!@!@ENDMSG 2221 @!@!@
@!@!@STARTMSG 2221:0 @!@!@
  line 432, col 20 to line 441, col 67 of module HybridProtocol_TLA: 4
@!@!@ENDMSG 2221 @!@!@
@!@!@STARTMSG 2221:0 @!@!@
  |line 432, col 30 to line 441, col 67 of module HybridProtocol_TLA: 4
@!@!@ENDMSG 2221 @!@!@
@!@!@STARTMSG 2221:0 @!@!@
  ||line 432, col 31 to line 432, col 36 of module HybridProtocol_TLA: 4
@!@!@ENDMSG 2221 @!@!@
@!@!@STARTMSG 2221:0 @!@!@
  ||line 432, col 45 to line 441, col 66 of module HybridProtocol_TLA: 4
@!@!@ENDMSG 2221 @!@!@
@!@!@STARTMSG 2221:0 @!@!@
  ||line 432, col 58 to line 441, col 66 of module HybridProtocol_TLA: 4
@!@!@ENDMSG 2221 @!@!@
@!@!@STARTMSG 2221:0 @!@!@
  |||line 432, col 59 to line 432, col 70 of module HybridProtocol_TLA: 4
@!@!@ENDMSG 2221 @!@!@
@!@!@STARTMSG 2221:0 @!@!@
  |||line 433, col 41 to line 441, col 66 of module HybridProtocol_TLA: 4
@!@!@ENDMSG 2221 @!@!@
@!@!@STARTMSG 2221:0 @!@!@
  ||||line 433, col 42 to line 441, col 65 of module HybridProtocol_TLA: 4
@!@!@ENDMSG 2221 @!@!@
@!@!@STARTMSG 2221:0 @!@!@
  |||||line 433, col 43 to line 433, col 54 of module HybridProtocol_TLA: 4
@!@!@ENDMSG 2221 @!@!@
@!@!@STARTMSG 2221:0 @!@!@
  |||||line 436, col 43 to line 436, col 66 of module HybridProtocol_TLA: 4
@!@!@ENDMSG 2221 @!@!@
@!@!@STARTMSG 2221:0 @!@!@
  |||||line 437, col 43 to line 437, col 63 of module HybridProtocol_TLA: 4
@!@!@ENDMSG 2221 @!@!@
@!@!@STARTMSG 2221:0 @!@!@
  |||||line 438, col 54 to line 438, col 59 of module HybridProtocol_TLA: 4
@!@!@ENDMSG 2221 @!@!@
@!@!@STARTMSG 2221:0 @!@!@
  ||||||line 438, col 54 to line 438, col 54 of module HybridProtocol_TLA: 4
@!@!@ENDMSG 2221 @!@!@
@!@!@STARTMSG 2221:0 @!@!@
  |||||||line 426, col 25 to line 426, col 51 of module HybridProtocol_TLA: 4
@!@!@ENDMSG 2221 @!@!@
@!@!@STARTMSG 2221:0 @!@!@
  ||||||||line 426, col 48 to line 426, col 51 of module HybridProtocol_TLA: 4
@!@!@ENDMSG 2221 @!@!@
@!@!@STARTMSG 2221:0 @!@!@
  ||||||||line 426, col 38 to line 426, col 44 of module HybridProtocol_TLA: 4
@!@!@ENDMSG 2221 @!@!@
@!@!@STARTMSG 2775:0 @!@!@
  |||||||||line 415, col 27 to line 420, col 62 of module HybridProtocol_TLA: 4:20
@!@!@ENDMSG 2775 @!@!@
@!@!@STARTMSG 2221:0 @!@!@
  ||||||||||line 416, col 33 to line 420, col 61 of module HybridProtocol_TLA: 8
@!@!@ENDMSG 2221 @!@!@
@!@!@STARTMSG 2221:0 @!@!@
  ||||||||||line 415, col 36 to line 415, col 42 of module HybridProtocol_TLA: 4
@!@!@ENDMSG 2221 @!@!@
@!@!@STARTMSG 2221:0 @!@!@
  |||||line 439, col 54 to line 439, col 58 of module HybridProtocol_TLA: 4
@!@!@ENDMSG 2221 @!@!@
@!@!@STARTMSG 2221:0 @!@!@
  ||||||line 439, col 54 to line 439, col 54 of module HybridProtocol_TLA: 4
@!@!@ENDMSG 2221 @!@!@
@!@!@STARTMSG 2221:0 @!@!@
  |||||||line 426, col 25 to line 426, col 51 of module HybridProtocol_TLA: 4
@!@!@ENDMSG 2221 @!@!@
@!@!@STARTMSG 2221:0 @!@!@
  ||||||||line 426, col 48 to line 426, col 51 of module HybridProtocol_TLA: 4
@!@!@ENDMSG 2221 @!@!@
@!@!@STARTMSG 2221:0 @!@!@
  ||||||||line 426, col 38 to line 426, col 44 of module HybridProtocol_TLA: 4
@!@!@ENDMSG 2221 @!@!@
@!@!@STARTMSG 2775:0 @!@!@
  |||||||||line 415, col 27 to line 420, col 62 of module HybridProtocol_TLA: 4:20
@!@!@ENDMSG 2775 @!@!@
@!@!@STARTMSG 2221:0 @!@!@
  ||||||||||line 416, col 33 to line 420, col 61 of module HybridProtocol_TLA: 8
@!@!@ENDMSG 2221 @!@!@
@!@!@STARTMSG 2221:0 @!@!@
  ||||||||||line 415, col 36 to line 415, col 42 of module HybridProtocol_TLA: 4
@!@!@ENDMSG 2221 @!@!@
@!@!@STARTMSG 2221:0 @!@!@
  |||||line 440, col 43 to line 440, col 76 of module HybridProtocol_TLA: 4
@!@!@ENDMSG 2221 @!@!@
@!@!@STARTMSG 2221:0 @!@!@
  |||||line 441, col 43 to line 441, col 64 of module HybridProtocol_TLA: 4
@!@!@ENDMSG 2221 @!@!@
@!@!@STARTMSG 2221:0 @!@!@
  line 443, col 29 to line 452, col 53 of module HybridProtocol_TLA: 4
@!@!@ENDMSG 2221 @!@!@
@!@!@STARTMSG 2221:0 @!@!@
  |line 443, col 40 to line 452, col 53 of module HybridProtocol_TLA: 4
@!@!@ENDMSG 2221 @!@!@
@!@!@STARTMSG 2221:0 @!@!@
  ||line 443, col 41 to line 443, col 57 of module HybridProtocol_TLA: 4
@!@!@ENDMSG 2221 @!@!@
@!@!@STARTMSG 2775:0 @!@!@
  ||line 444, col 29 to line 452, col 53 of module HybridProtocol_TLA: 4:20
@!@!@ENDMSG 2775 @!@!@
@!@!@STARTMSG 2221:0 @!@!@
  |||line 444, col 30 to line 452, col 52 of module HybridProtocol_TLA: 4
@!@!@ENDMSG 2221 @!@!@
@!@!@STARTMSG 2221:0 @!@!@
  ||||line 445, col 29 to line 445, col 41 of module HybridProtocol_TLA: 4
@!@!@ENDMSG 2221 @!@!@
@!@!@STARTMSG 2221:0 @!@!@
  ||||line 446, col 29 to line 446, col 53 of module HybridProtocol_TLA: 4
@!@!@ENDMSG 2221 @!@!@
@!@!@STARTMSG 2221:0 @!@!@
  ||||line 447, col 29 to line 447, col 50 of module HybridProtocol_TLA: 4
@!@!@ENDMSG 2221 @!@!@
@!@!@STARTMSG 2221:0 @!@!@
  ||||line 448, col 41 to line 448, col 46 of module HybridProtocol_TLA: 4
@!@!@ENDMSG 2221 @!@!@
@!@!@STARTMSG 2221:0 @!@!@
  |||||line 448, col 41 to line 448, col 41 of module HybridProtocol_TLA: 4
@!@!@ENDMSG 2221 @!@!@
@!@!@STARTMSG 2221:0 @!@!@
  ||||||line 426, col 25 to line 426, col 51 of module HybridProtocol_TLA: 4
@!@!@ENDMSG 2221 @!@!@
@!@!@STARTMSG 2221:0 @!@!@
  |||||||line 426, col 48 to line 426, col 51 of module HybridProtocol_TLA: 4
@!@!@ENDMSG 2221 @!@!@
@!@!@STARTMSG 2221:0 @!@!@
  |||||||line 426, col 38 to line 426, col 44 of module HybridProtocol_TLA: 4
@!@!@ENDMSG 2221 @!@!@
@!@!@STARTMSG 2775:0 @!@!@
  ||||||||line 415, col 27 to line 420, col 62 of module HybridProtocol_TLA: 4:20
@!@!@ENDMSG 2775 @!@!@
@!@!@STARTMSG 2221:0 @!@!@
  |||||||||line 416, col 33 to line 420, col 61 of module HybridProtocol_TLA: 8
@!@!@ENDMSG 2221 @!@!@
@!@!@STARTMSG 2221:0 @!@!@
  |||||||||line 415, col 36 to line 415, col 42 of module HybridProtocol_TLA: 4
@!@!@ENDMSG 2221 @!@!@
@!@!@STARTMSG 2221:0 @!@!@
  ||||line 449, col 41 to line 449, col 45 of module HybridProtocol_TLA: 4
@!@!@ENDMSG 2221 @!@!@
@!@!@STARTMSG 2221:0 @!@!@
  |||||line 449, col 41 to line 449, col 41 of module HybridProtocol_TLA: 4
@!@!@ENDMSG 2221 @!@!@
@!@!@STARTMSG 2221:0 @!@!@
  ||||||line 426, col 25 to line 426, col 51 of module HybridProtocol_TLA: 4
@!@!@ENDMSG 2221 @!@!@
@!@!@STARTMSG 2221:0 @!@!@
  |||||||line 426, col 48 to line 426, col 51 of module HybridProtocol_TLA: 4
@!@!@ENDMSG 2221 @!@!@
@!@!@STARTMSG 2221:0 @!@!@
  |||||||line 426, col 38 to line 426, col 44 of module HybridProtocol_TLA: 4
@!@!@ENDMSG 2221 @!@!@
@!@!@STARTMSG 2775:0 @!@!@
  ||||||||line 415, col 27 to line 420, col 62 of module HybridProtocol_TLA: 4:20
@!@!@ENDMSG 2775 @!@!@
@!@!@STARTMSG 2221:0 @!@!@
  |||||||||line 416, col 33 to line 420, col 61 of module HybridProtocol_TLA: 8
@!@!@ENDMSG 2221 @!@!@
@!@!@STARTMSG 2221:0 @!@!@
  |||||||||line 415, col 36 to line 415, col 42 of module HybridProtocol_TLA: 4
@!@!@ENDMSG 2221 @!@!@
@!@!@STARTMSG 2221:0 @!@!@
  ||||line 450, col 45 to line 450, col 57 of module HybridProtocol_TLA: 4
@!@!@ENDMSG 2221 @!@!@
@!@!@STARTMSG 2221:0 @!@!@
  |||||line 450, col 45 to line 450, col 45 of module HybridProtocol_TLA: 4
@!@!@ENDMSG 2221 @!@!@
@!@!@STARTMSG 2221:0 @!@!@
  ||||||line 426, col 25 to line 426, col 51 of module HybridProtocol_TLA: 4
@!@!@ENDMSG 2221 @!@!@
@!@!@STARTMSG 2221:0 @!@!@
  |||||||line 426, col 48 to line 426, col 51 of module HybridProtocol_TLA: 4
@!@!@ENDMSG 2221 @!@!@
@!@!@STARTMSG 2221:0 @!@!@
  |||||||line 426, col 38 to line 426, col 44 of module HybridProtocol_TLA: 4
@!@!@ENDMSG 2221 @!@!@
@!@!@STARTMSG 2775:0 @!@!@
  ||||||||line 415, col 27 to line 420, col 62 of module HybridProtocol_TLA: 4:20
@!@!@ENDMSG 2775 @!@!@
@!@!@STARTMSG 2221:0 @!@!@
  |||||||||line 416, col 33 to line 420, col 61 of module HybridProtocol_TLA: 8
@!@!@ENDMSG 2221 @!@!@
@!@!@STARTMSG 2221:0 @!@!@
  |||||||||line 415, col 36 to line 415, col 42 of module HybridProtocol_TLA: 4
@!@!@ENDMSG 2221 @!@!@
@!@!@STARTMSG 2221:0 @!@!@
  ||||line 451, col 39 to line 451, col 45 of module HybridProtocol_TLA: 4
@!@!@ENDMSG 2221 @!@!@
@!@!@STARTMSG 2221:0 @!@!@
  |||||line 451, col 39 to line 451, col 39 of module HybridProtocol_TLA: 4
@!@!@ENDMSG 2221 @!@!@
@!@!@STARTMSG 2221:0 @!@!@
  ||||||line 426, col 25 to line 426, col 51 of module HybridProtocol_TLA: 4
@!@!@ENDMSG 2221 @!@!@
@!@!@STARTMSG 2221:0 @!@!@
  |||||||line 426, col 48 to line 426, col 51 of module HybridProtocol_TLA: 4
@!@!@ENDMSG 2221 @!@!@
@!@!@STARTMSG 2221:0 @!@!@
  |||||||line 426, col 38 to line 426, col 44 of module HybridProtocol_TLA: 4
@!@!@ENDMSG 2221 @!@!@
@!@!@STARTMSG 2775:0 @!@!@
  ||||||||line 415, col 27 to line 420, col 62 of module HybridProtocol_TLA: 4:20
@!@!@ENDMSG 2775 @!@!@
@!@!@STARTMSG 2221:0 @!@!@
  |||||||||line 416, col 33 to line 420, col 61 of module HybridProtocol_TLA: 8
@!@!@ENDMSG 2221 @!@!@
@!@!@STARTMSG 2221:0 @!@!@
  |||||||||line 415, col 36 to line 415, col 42 of module HybridProtocol_TLA: 4
@!@!@ENDMSG 2221 @!@!@
@!@!@STARTMSG 2221:0 @!@!@
  ||||line 452, col 29 to line 452, col 51 of module HybridProtocol_TLA: 4
@!@!@ENDMSG 2221 @!@!@
@!@!@STARTMSG 2221:0 @!@!@
  line 453, col 20 to line 453, col 77 of module HybridProtocol_TLA: 4
@!@!@ENDMSG 2221 @!@!@
@!@!@STARTMSG 2221:0 @!@!@
  line 454, col 20 to line 455, col 83 of module HybridProtocol_TLA: 4
@!@!@ENDMSG 2221 @!@!@
@!@!@STARTMSG 2221:0 @!@!@
  |line 454, col 33 to line 455, col 83 of module HybridProtocol_TLA: 4
@!@!@ENDMSG 2221 @!@!@
@!@!@STARTMSG 2221:0 @!@!@
  ||line 454, col 34 to line 454, col 42 of module HybridProtocol_TLA: 4
@!@!@ENDMSG 2221 @!@!@
@!@!@STARTMSG 2221:0 @!@!@
  ||line 454, col 51 to line 455, col 82 of module HybridProtocol_TLA: 4
@!@!@ENDMSG 2221 @!@!@
@!@!@STARTMSG 2221:0 @!@!@
  ||line 455, col 45 to line 455, col 82 of module HybridProtocol_TLA: 4
@!@!@ENDMSG 2221 @!@!@
@!@!@STARTMSG 2221:0 @!@!@
  |||line 455, col 52 to line 455, col 82 of module HybridProtocol_TLA: 4
@!@!@ENDMSG 2221 @!@!@
@!@!@STARTMSG 2221:0 @!@!@
  ||||line 455, col 53 to line 455, col 81 of module HybridProtocol_TLA: 4
@!@!@ENDMSG 2221 @!@!@
@!@!@STARTMSG 2221:0 @!@!@
  |||||line 455, col 55 to line 455, col 64 of module HybridProtocol_TLA: 4
@!@!@ENDMSG 2221 @!@!@
@!@!@STARTMSG 2221:0 @!@!@
  |||||line 455, col 67 to line 455, col 72 of module HybridProtocol_TLA: 4
@!@!@ENDMSG 2221 @!@!@
@!@!@STARTMSG 2221:0 @!@!@
  ||||||line 455, col 67 to line 455, col 67 of module HybridProtocol_TLA: 4
@!@!@ENDMSG 2221 @!@!@
@!@!@STARTMSG 2221:0 @!@!@
  |||||||line 426, col 25 to line 426, col 51 of module HybridProtocol_TLA: 4
@!@!@ENDMSG 2221 @!@!@
@!@!@STARTMSG 2221:0 @!@!@
  ||||||||line 426, col 48 to line 426, col 51 of module HybridProtocol_TLA: 4
@!@!@ENDMSG 2221 @!@!@
@!@!@STARTMSG 2221:0 @!@!@
  ||||||||line 426, col 38 to line 426, col 44 of module HybridProtocol_TLA: 4
@!@!@ENDMSG 2221 @!@!@
@!@!@STARTMSG 2775:0 @!@!@
  |||||||||line 415, col 27 to line 420, col 62 of module HybridProtocol_TLA: 4:20
@!@!@ENDMSG 2775 @!@!@
@!@!@STARTMSG 2221:0 @!@!@
  ||||||||||line 416, col 33 to line 420, col 61 of module HybridProtocol_TLA: 8
@!@!@ENDMSG 2221 @!@!@
@!@!@STARTMSG 2221:0 @!@!@
  ||||||||||line 415, col 36 to line 415, col 42 of module HybridProtocol_TLA: 4
@!@!@ENDMSG 2221 @!@!@
@!@!@STARTMSG 2221:0 @!@!@
  |||||line 455, col 75 to line 455, col 79 of module HybridProtocol_TLA: 4
@!@!@ENDMSG 2221 @!@!@
@!@!@STARTMSG 2221:0 @!@!@
  ||||||line 455, col 75 to line 455, col 75 of module HybridProtocol_TLA: 4
@!@!@ENDMSG 2221 @!@!@
@!@!@STARTMSG 2221:0 @!@!@
  |||||||line 426, col 25 to line 426, col 51 of module HybridProtocol_TLA: 4
@!@!@ENDMSG 2221 @!@!@
@!@!@STARTMSG 2221:0 @!@!@
  ||||||||line 426, col 48 to line 426, col 51 of module HybridProtocol_TLA: 4
@!@!@ENDMSG 2221 @!@!@
@!@!@STARTMSG 2221:0 @!@!@
  ||||||||line 426, col 38 to line 426, col 44 of module HybridProtocol_TLA: 4
@!@!@ENDMSG 2221 @!@!@
@!@!@STARTMSG 2775:0 @!@!@
  |||||||||line 415, col 27 to line 420, col 62 of module HybridProtocol_TLA: 4:20
@!@!@ENDMSG 2775 @!@!@
@!@!@STARTMSG 2221:0 @!@!@
  ||||||||||line 416, col 33 to line 420, col 61 of module HybridProtocol_TLA: 8
@!@!@ENDMSG 2221 @!@!@
@!@!@STARTMSG 2221:0 @!@!@
  ||||||||||line 415, col 36 to line 415, col 42 of module HybridProtocol_TLA: 4
@!@!@ENDMSG 2221 @!@!@
@!@!@STARTMSG 2221:0 @!@!@
  line 456, col 20 to line 456, col 55 of module HybridProtocol_TLA: 4
@!@!@ENDMSG 2221 @!@!@
@!@!@STARTMSG 2221:0 @!@!@
  line 457, col 20 to line 457, col 82 of module HybridProtocol_TLA: 4
@!@!@ENDMSG 2221 @!@!@
@!@!@STARTMSG 2221:0 @!@!@
  line 411, col 22 to line 411, col 36 of module HybridProtocol_TLA: 19188
@!@!@ENDMSG 2221 @!@!@
@!@!@STARTMSG 2221:0 @!@!@
  line 619, col 60 to line 619, col 66 of module HybridProtocol_TLA: 19188
@!@!@ENDMSG 2221 @!@!@
@!@!@STARTMSG 2221:0 @!@!@
  line 619, col 69 to line 619, col 72 of module HybridProtocol_TLA: 19188
@!@!@ENDMSG 2221 @!@!@
@!@!@STARTMSG 2221:0 @!@!@
  line 619, col 75 to line 619, col 75 of module HybridProtocol_TLA: 19188
@!@!@ENDMSG 2221 @!@!@
@!@!@STARTMSG 2221:0 @!@!@
  line 619, col 26 to line 619, col 45 of module HybridProtocol_TLA: 3198
@!@!@ENDMSG 2221 @!@!@
@!@!@STARTMSG 2775:0 @!@!@
  |line 23, col 20 to line 23, col 61 of module HybridProtocol_TLA: 3198:22386
@!@!@ENDMSG 2775 @!@!@
@!@!@STARTMSG 2221:0 @!@!@
  ||line 23, col 21 to line 23, col 30 of module HybridProtocol_TLA: 19188
@!@!@ENDMSG 2221 @!@!@
@!@!@STARTMSG 2221:0 @!@!@
  ||line 23, col 40 to line 23, col 60 of module HybridProtocol_TLA: 3198
@!@!@ENDMSG 2221 @!@!@
@!@!@STARTMSG 2775:0 @!@!@
  |||line 21, col 27 to line 21, col 78 of module HybridProtocol_TLA: 3198:51168
@!@!@ENDMSG 2775 @!@!@
@!@!@STARTMSG 2221:0 @!@!@
  ||||line 21, col 60 to line 21, col 77 of module HybridProtocol_TLA: 51168
@!@!@ENDMSG 2221 @!@!@
@!@!@STARTMSG 2775:0 @!@!@
  ||||line 21, col 34 to line 21, col 56 of module HybridProtocol_TLA: 3198:57564
@!@!@ENDMSG 2775 @!@!@
@!@!@STARTMSG 2221:0 @!@!@
  |||line 23, col 59 to line 23, col 59 of module HybridProtocol_TLA: 3198
@!@!@ENDMSG 2221 @!@!@
@!@!@STARTMSG 2221:0 @!@!@
  |line 619, col 38 to line 619, col 44 of module HybridProtocol_TLA: 3198
@!@!@ENDMSG 2221 @!@!@
@!@!@STARTMSG 2221:0 @!@!@
  line 461, col 8 to line 461, col 34 of module HybridProtocol_TLA: 19177
@!@!@ENDMSG 2221 @!@!@
@!@!@STARTMSG 2221:0 @!@!@
  |line 461, col 8 to line 461, col 8 of module HybridProtocol_TLA: 19176
@!@!@ENDMSG 2221 @!@!@
@!@!@STARTMSG 2221:0 @!@!@
  |line 461, col 14 to line 461, col 34 of module HybridProtocol_TLA: 19176
@!@!@ENDMSG 2221 @!@!@
@!@!@STARTMSG 2221:0 @!@!@
  line 462, col 8 to line 462, col 33 of module HybridProtocol_TLA: 19177
@!@!@ENDMSG 2221 @!@!@
@!@!@STARTMSG 2221:0 @!@!@
  |line 462, col 8 to line 462, col 8 of module HybridProtocol_TLA: 19176
@!@!@ENDMSG 2221 @!@!@
@!@!@STARTMSG 2221:0 @!@!@
  |line 462, col 14 to line 462, col 33 of module HybridProtocol_TLA: 19176
@!@!@ENDMSG 2221 @!@!@
@!@!@STARTMSG 2221:0 @!@!@
  ||line 22, col 20 to line 22, col 61 of module HybridProtocol_TLA: 19176
@!@!@ENDMSG 2221 @!@!@
@!@!@STARTMSG 2221:0 @!@!@
  |||line 22, col 21 to line 22, col 30 of module HybridProtocol_TLA: 115056
@!@!@ENDMSG 2221 @!@!@
@!@!@STARTMSG 2221:0 @!@!@
  |||line 22, col 40 to line 22, col 60 of module HybridProtocol_TLA: 19176
@!@!@ENDMSG 2221 @!@!@
@!@!@STARTMSG 2775:0 @!@!@
  ||||line 21, col 27 to line 21, col 78 of module HybridProtocol_TLA: 19176:306816
@!@!@ENDMSG 2775 @!@!@
@!@!@STARTMSG 2221:0 @!@!@
  |||||line 21, col 60 to line 21, col 77 of module HybridProtocol_TLA: 306816
@!@!@ENDMSG 2221 @!@!@
@!@!@STARTMSG 2775:0 @!@!@
  |||||line 21, col 34 to line 21, col 56 of module HybridProtocol_TLA: 19176:345168
@!@!@ENDMSG 2775 @!@!@
@!@!@STARTMSG 2221:0 @!@!@
  ||||line 22, col 59 to line 22, col 59 of module HybridProtocol_TLA: 19176
@!@!@ENDMSG 2221 @!@!@
@!@!@STARTMSG 2221:0 @!@!@
  ||line 462, col 26 to line 462, col 32 of module HybridProtocol_TLA: 19176
@!@!@ENDMSG 2221 @!@!@
@!@!@STARTMSG 2221:0 @!@!@
  line 464, col 12 to line 464, col 26 of module HybridProtocol_TLA: 25369
@!@!@ENDMSG 2221 @!@!@
@!@!@STARTMSG 2221:0 @!@!@
  |line 464, col 12 to line 464, col 22 of module HybridProtocol_TLA: 25368
@!@!@ENDMSG 2221 @!@!@
@!@!@STARTMSG 2221:0 @!@!@
  |line 464, col 26 to line 464, col 26 of module HybridProtocol_TLA: 25368
@!@!@ENDMSG 2221 @!@!@
@!@!@STARTMSG 2221:0 @!@!@
  line 465, col 12 to line 465, col 41 of module HybridProtocol_TLA: 19177
@!@!@ENDMSG 2221 @!@!@
@!@!@STARTMSG 2221:0 @!@!@
  |line 465, col 12 to line 465, col 24 of module HybridProtocol_TLA: 19176
@!@!@ENDMSG 2221 @!@!@
@!@!@STARTMSG 2221:0 @!@!@
  line 472, col 69 to line 472, col 85 of module HybridProtocol_TLA: 2604
@!@!@ENDMSG 2221 @!@!@
@!@!@STARTMSG 2221:0 @!@!@
  |line 472, col 69 to line 472, col 75 of module HybridProtocol_TLA: 2602
@!@!@ENDMSG 2221 @!@!@
@!@!@STARTMSG 2221:0 @!@!@
  |line 472, col 79 to line 472, col 85 of module HybridProtocol_TLA: 2602
@!@!@ENDMSG 2221 @!@!@
@!@!@STARTMSG 2221:0 @!@!@
  line 472, col 60 to line 472, col 66 of module HybridProtocol_TLA: 20121
@!@!@ENDMSG 2221 @!@!@
@!@!@STARTMSG 2775:0 @!@!@
  |line 466, col 27 to line 471, col 62 of module HybridProtocol_TLA: 20121:77888
@!@!@ENDMSG 2775 @!@!@
@!@!@STARTMSG 2221:0 @!@!@
  ||line 467, col 33 to line 471, col 61 of module HybridProtocol_TLA: 77888
@!@!@ENDMSG 2221 @!@!@
@!@!@STARTMSG 2221:0 @!@!@
  |||line 467, col 36 to line 467, col 47 of module HybridProtocol_TLA: 77888
@!@!@ENDMSG 2221 @!@!@
@!@!@STARTMSG 2221:0 @!@!@
  |||line 468, col 36 to line 468, col 64 of module HybridProtocol_TLA: 40242
@!@!@ENDMSG 2221 @!@!@
@!@!@STARTMSG 2221:0 @!@!@
  |||line 469, col 36 to line 469, col 52 of module HybridProtocol_TLA: 4262
@!@!@ENDMSG 2221 @!@!@
@!@!@STARTMSG 2221:0 @!@!@
  |||line 470, col 36 to line 470, col 48 of module HybridProtocol_TLA: 4262
@!@!@ENDMSG 2221 @!@!@
@!@!@STARTMSG 2221:0 @!@!@
  |||line 471, col 36 to line 471, col 61 of module HybridProtocol_TLA: 2605
@!@!@ENDMSG 2221 @!@!@
@!@!@STARTMSG 2221:0 @!@!@
  ||line 466, col 36 to line 466, col 42 of module HybridProtocol_TLA: 20121
@!@!@ENDMSG 2221 @!@!@
@!@!@STARTMSG 2221:0 @!@!@
  line 472, col 33 to line 472, col 45 of module HybridProtocol_TLA: 19176
@!@!@ENDMSG 2221 @!@!@
@!@!@STARTMSG 2221:0 @!@!@
  line 477, col 23 to line 477, col 50 of module HybridProtocol_TLA: 4
@!@!@ENDMSG 2221 @!@!@
@!@!@STARTMSG 2221:0 @!@!@
  line 478, col 28 to line 484, col 73 of module HybridProtocol_TLA: 1
@!@!@ENDMSG 2221 @!@!@
@!@!@STARTMSG 2221:0 @!@!@
  |line 478, col 38 to line 484, col 73 of module HybridProtocol_TLA: 4
@!@!@ENDMSG 2221 @!@!@
@!@!@STARTMSG 2221:0 @!@!@
  ||line 478, col 39 to line 478, col 44 of module HybridProtocol_TLA: 4
@!@!@ENDMSG 2221 @!@!@
@!@!@STARTMSG 2221:0 @!@!@
  ||line 478, col 53 to line 484, col 72 of module HybridProtocol_TLA: 4
@!@!@ENDMSG 2221 @!@!@
@!@!@STARTMSG 2221:0 @!@!@
  ||line 478, col 66 to line 484, col 72 of module HybridProtocol_TLA: 4
@!@!@ENDMSG 2221 @!@!@
@!@!@STARTMSG 2221:0 @!@!@
  |||line 478, col 67 to line 478, col 78 of module HybridProtocol_TLA: 4
@!@!@ENDMSG 2221 @!@!@
@!@!@STARTMSG 2221:0 @!@!@
  |||line 479, col 49 to line 484, col 72 of module HybridProtocol_TLA: 4
@!@!@ENDMSG 2221 @!@!@
@!@!@STARTMSG 2221:0 @!@!@
  ||||line 479, col 50 to line 484, col 71 of module HybridProtocol_TLA: 4
@!@!@ENDMSG 2221 @!@!@
@!@!@STARTMSG 2221:0 @!@!@
  |||||line 479, col 51 to line 479, col 62 of module HybridProtocol_TLA: 4
@!@!@ENDMSG 2221 @!@!@
@!@!@STARTMSG 2221:0 @!@!@
  |||||line 481, col 51 to line 481, col 74 of module HybridProtocol_TLA: 4
@!@!@ENDMSG 2221 @!@!@
@!@!@STARTMSG 2221:0 @!@!@
  |||||line 482, col 51 to line 482, col 71 of module HybridProtocol_TLA: 4
@!@!@ENDMSG 2221 @!@!@
@!@!@STARTMSG 2221:0 @!@!@
  |||||line 483, col 62 to line 483, col 70 of module HybridProtocol_TLA: 4
@!@!@ENDMSG 2221 @!@!@
@!@!@STARTMSG 2221:0 @!@!@
  ||||||line 473, col 33 to line 473, col 66 of module HybridProtocol_TLA: 4
@!@!@ENDMSG 2221 @!@!@
@!@!@STARTMSG 2221:0 @!@!@
  |||||||line 473, col 39 to line 473, col 66 of module HybridProtocol_TLA: 4
@!@!@ENDMSG 2221 @!@!@
@!@!@STARTMSG 2221:0 @!@!@
  ||||||||line 473, col 40 to line 473, col 47 of module HybridProtocol_TLA: 8
@!@!@ENDMSG 2221 @!@!@
@!@!@STARTMSG 2221:0 @!@!@
  ||||||||line 473, col 59 to line 473, col 65 of module HybridProtocol_TLA: 4
@!@!@ENDMSG 2221 @!@!@
@!@!@STARTMSG 2775:0 @!@!@
  |||||||||line 466, col 27 to line 471, col 62 of module HybridProtocol_TLA: 4:8
@!@!@ENDMSG 2775 @!@!@
@!@!@STARTMSG 2221:0 @!@!@
  ||||||||||line 467, col 33 to line 471, col 61 of module HybridProtocol_TLA: 8
@!@!@ENDMSG 2221 @!@!@
@!@!@STARTMSG 2221:0 @!@!@
  ||||||||||line 466, col 36 to line 466, col 42 of module HybridProtocol_TLA: 4
@!@!@ENDMSG 2221 @!@!@
@!@!@STARTMSG 2221:0 @!@!@
  |||||line 484, col 62 to line 484, col 69 of module HybridProtocol_TLA: 4
@!@!@ENDMSG 2221 @!@!@
@!@!@STARTMSG 2221:0 @!@!@
  ||||||line 474, col 32 to line 474, col 63 of module HybridProtocol_TLA: 4
@!@!@ENDMSG 2221 @!@!@
@!@!@STARTMSG 2221:0 @!@!@
  |||||||line 6, col 11 to line 6, col 68 of module HybridProtocol_TLA: 4
@!@!@ENDMSG 2221 @!@!@
@!@!@STARTMSG 2775:0 @!@!@
  |||||||line 474, col 36 to line 474, col 62 of module HybridProtocol_TLA: 4:12
@!@!@ENDMSG 2775 @!@!@
@!@!@STARTMSG 2221:0 @!@!@
  ||||||||line 474, col 37 to line 474, col 43 of module HybridProtocol_TLA: 8
@!@!@ENDMSG 2221 @!@!@
@!@!@STARTMSG 2221:0 @!@!@
  ||||||||line 474, col 55 to line 474, col 61 of module HybridProtocol_TLA: 4
@!@!@ENDMSG 2221 @!@!@
@!@!@STARTMSG 2775:0 @!@!@
  |||||||||line 466, col 27 to line 471, col 62 of module HybridProtocol_TLA: 4:8
@!@!@ENDMSG 2775 @!@!@
@!@!@STARTMSG 2221:0 @!@!@
  ||||||||||line 467, col 33 to line 471, col 61 of module HybridProtocol_TLA: 8
@!@!@ENDMSG 2221 @!@!@
@!@!@STARTMSG 2221:0 @!@!@
  ||||||||||line 466, col 36 to line 466, col 42 of module HybridProtocol_TLA: 4
@!@!@ENDMSG 2221 @!@!@
@!@!@STARTMSG 2221:0 @!@!@
  line 486, col 29 to line 494, col 53 of module HybridProtocol_TLA: 6
@!@!@ENDMSG 2221 @!@!@
@!@!@STARTMSG 2775:0 @!@!@
  |line 486, col 40 to line 494, col 53 of module HybridProtocol_TLA: 9:15
@!@!@ENDMSG 2775 @!@!@
@!@!@STARTMSG 2221:0 @!@!@
  ||line 486, col 41 to line 486, col 57 of module HybridProtocol_TLA: 9
@!@!@ENDMSG 2221 @!@!@
@!@!@STARTMSG 2775:0 @!@!@
  ||line 487, col 37 to line 494, col 53 of module HybridProtocol_TLA: 9:48
@!@!@ENDMSG 2775 @!@!@
@!@!@STARTMSG 2221:0 @!@!@
  |||line 487, col 38 to line 487, col 54 of module HybridProtocol_TLA: 9
@!@!@ENDMSG 2221 @!@!@
@!@!@STARTMSG 2221:0 @!@!@
  |||line 488, col 37 to line 488, col 51 of module HybridProtocol_TLA: 9
@!@!@ENDMSG 2221 @!@!@
@!@!@STARTMSG 2221:0 @!@!@
  |||line 489, col 37 to line 489, col 56 of module HybridProtocol_TLA: 9
@!@!@ENDMSG 2221 @!@!@
@!@!@STARTMSG 2221:0 @!@!@
  |||line 490, col 37 to line 490, col 46 of module HybridProtocol_TLA: 9
@!@!@ENDMSG 2221 @!@!@
@!@!@STARTMSG 2221:0 @!@!@
  |||line 491, col 37 to line 491, col 59 of module HybridProtocol_TLA: 9
@!@!@ENDMSG 2221 @!@!@
@!@!@STARTMSG 2221:0 @!@!@
  |||line 492, col 37 to line 492, col 54 of module HybridProtocol_TLA: 9
@!@!@ENDMSG 2221 @!@!@
@!@!@STARTMSG 2775:0 @!@!@
  |||line 493, col 44 to line 493, col 54 of module HybridProtocol_TLA: 9:15
@!@!@ENDMSG 2775 @!@!@
@!@!@STARTMSG 2221:0 @!@!@
  ||||line 493, col 45 to line 493, col 53 of module HybridProtocol_TLA: 9
@!@!@ENDMSG 2221 @!@!@
@!@!@STARTMSG 2221:0 @!@!@
  |||||line 473, col 33 to line 473, col 66 of module HybridProtocol_TLA: 9
@!@!@ENDMSG 2221 @!@!@
@!@!@STARTMSG 2221:0 @!@!@
  ||||||line 473, col 39 to line 473, col 66 of module HybridProtocol_TLA: 9
@!@!@ENDMSG 2221 @!@!@
@!@!@STARTMSG 2221:0 @!@!@
  |||||||line 473, col 40 to line 473, col 47 of module HybridProtocol_TLA: 18
@!@!@ENDMSG 2221 @!@!@
@!@!@STARTMSG 2221:0 @!@!@
  |||||||line 473, col 59 to line 473, col 65 of module HybridProtocol_TLA: 9
@!@!@ENDMSG 2221 @!@!@
@!@!@STARTMSG 2775:0 @!@!@
  ||||||||line 466, col 27 to line 471, col 62 of module HybridProtocol_TLA: 9:18
@!@!@ENDMSG 2775 @!@!@
@!@!@STARTMSG 2221:0 @!@!@
  |||||||||line 467, col 33 to line 471, col 61 of module HybridProtocol_TLA: 18
@!@!@ENDMSG 2221 @!@!@
@!@!@STARTMSG 2221:0 @!@!@
  |||||||||line 466, col 36 to line 466, col 42 of module HybridProtocol_TLA: 9
@!@!@ENDMSG 2221 @!@!@
@!@!@STARTMSG 2775:0 @!@!@
  |||line 494, col 43 to line 494, col 52 of module HybridProtocol_TLA: 9:15
@!@!@ENDMSG 2775 @!@!@
@!@!@STARTMSG 2221:0 @!@!@
  ||||line 494, col 44 to line 494, col 51 of module HybridProtocol_TLA: 9
@!@!@ENDMSG 2221 @!@!@
@!@!@STARTMSG 2221:0 @!@!@
  |||||line 474, col 32 to line 474, col 63 of module HybridProtocol_TLA: 9
@!@!@ENDMSG 2221 @!@!@
@!@!@STARTMSG 2221:0 @!@!@
  ||||||line 6, col 11 to line 6, col 68 of module HybridProtocol_TLA: 9
@!@!@ENDMSG 2221 @!@!@
@!@!@STARTMSG 2775:0 @!@!@
  ||||||line 474, col 36 to line 474, col 62 of module HybridProtocol_TLA: 9:27
@!@!@ENDMSG 2775 @!@!@
@!@!@STARTMSG 2221:0 @!@!@
  |||||||line 474, col 37 to line 474, col 43 of module HybridProtocol_TLA: 18
@!@!@ENDMSG 2221 @!@!@
@!@!@STARTMSG 2221:0 @!@!@
  |||||||line 474, col 55 to line 474, col 61 of module HybridProtocol_TLA: 9
@!@!@ENDMSG 2221 @!@!@
@!@!@STARTMSG 2775:0 @!@!@
  ||||||||line 466, col 27 to line 471, col 62 of module HybridProtocol_TLA: 9:18
@!@!@ENDMSG 2775 @!@!@
@!@!@STARTMSG 2221:0 @!@!@
  |||||||||line 467, col 33 to line 471, col 61 of module HybridProtocol_TLA: 18
@!@!@ENDMSG 2221 @!@!@
@!@!@STARTMSG 2221:0 @!@!@
  |||||||||line 466, col 36 to line 466, col 42 of module HybridProtocol_TLA: 9
@!@!@ENDMSG 2221 @!@!@
@!@!@STARTMSG 2221:0 @!@!@
  line 485, col 38 to line 485, col 57 of module HybridProtocol_TLA: 4
@!@!@ENDMSG 2221 @!@!@
@!@!@STARTMSG 2775:0 @!@!@
  |line 22, col 20 to line 22, col 61 of module HybridProtocol_TLA: 4:13
@!@!@ENDMSG 2775 @!@!@
@!@!@STARTMSG 2221:0 @!@!@
  ||line 22, col 21 to line 22, col 30 of module HybridProtocol_TLA: 24
@!@!@ENDMSG 2221 @!@!@
@!@!@STARTMSG 2221:0 @!@!@
  ||line 22, col 40 to line 22, col 60 of module HybridProtocol_TLA: 4
@!@!@ENDMSG 2221 @!@!@
@!@!@STARTMSG 2775:0 @!@!@
  |||line 21, col 27 to line 21, col 78 of module HybridProtocol_TLA: 4:64
@!@!@ENDMSG 2775 @!@!@
@!@!@STARTMSG 2221:0 @!@!@
  ||||line 21, col 60 to line 21, col 77 of module HybridProtocol_TLA: 64
@!@!@ENDMSG 2221 @!@!@
@!@!@STARTMSG 2775:0 @!@!@
  ||||line 21, col 34 to line 21, col 56 of module HybridProtocol_TLA: 4:72
@!@!@ENDMSG 2775 @!@!@
@!@!@STARTMSG 2221:0 @!@!@
  |||line 22, col 59 to line 22, col 59 of module HybridProtocol_TLA: 4
@!@!@ENDMSG 2221 @!@!@
@!@!@STARTMSG 2221:0 @!@!@
  |line 485, col 50 to line 485, col 56 of module HybridProtocol_TLA: 4
@!@!@ENDMSG 2221 @!@!@
@!@!@STARTMSG 2221:0 @!@!@
  line 495, col 28 to line 496, col 72 of module HybridProtocol_TLA: 6
@!@!@ENDMSG 2221 @!@!@
@!@!@STARTMSG 2221:0 @!@!@
  line 463, col 22 to line 463, col 36 of module HybridProtocol_TLA: 19176
@!@!@ENDMSG 2221 @!@!@
@!@!@STARTMSG 2221:0 @!@!@
  line 620, col 60 to line 620, col 66 of module HybridProtocol_TLA: 19176
@!@!@ENDMSG 2221 @!@!@
@!@!@STARTMSG 2221:0 @!@!@
  line 620, col 69 to line 620, col 72 of module HybridProtocol_TLA: 19176
@!@!@ENDMSG 2221 @!@!@
@!@!@STARTMSG 2221:0 @!@!@
  line 620, col 75 to line 620, col 75 of module HybridProtocol_TLA: 19176
@!@!@ENDMSG 2221 @!@!@
@!@!@STARTMSG 2221:0 @!@!@
  line 620, col 26 to line 620, col 45 of module HybridProtocol_TLA: 3198
@!@!@ENDMSG 2221 @!@!@
@!@!@STARTMSG 2775:0 @!@!@
  |line 22, col 20 to line 22, col 61 of module HybridProtocol_TLA: 3198:22374
@!@!@ENDMSG 2775 @!@!@
@!@!@STARTMSG 2221:0 @!@!@
  ||line 22, col 21 to line 22, col 30 of module HybridProtocol_TLA: 19188
@!@!@ENDMSG 2221 @!@!@
@!@!@STARTMSG 2221:0 @!@!@
  ||line 22, col 40 to line 22, col 60 of module HybridProtocol_TLA: 3198
@!@!@ENDMSG 2221 @!@!@
@!@!@STARTMSG 2775:0 @!@!@
  |||line 21, col 27 to line 21, col 78 of module HybridProtocol_TLA: 3198:51168
@!@!@ENDMSG 2775 @!@!@
@!@!@STARTMSG 2221:0 @!@!@
  ||||line 21, col 60 to line 21, col 77 of module HybridProtocol_TLA: 51168
@!@!@ENDMSG 2221 @!@!@
@!@!@STARTMSG 2775:0 @!@!@
  ||||line 21, col 34 to line 21, col 56 of module HybridProtocol_TLA: 3198:57564
@!@!@ENDMSG 2775 @!@!@
@!@!@STARTMSG 2221:0 @!@!@
  |||line 22, col 59 to line 22, col 59 of module HybridProtocol_TLA: 3198
@!@!@ENDMSG 2221 @!@!@
@!@!@STARTMSG 2221:0 @!@!@
  |line 620, col 38 to line 620, col 44 of module HybridProtocol_TLA: 3198
@!@!@ENDMSG 2221 @!@!@
@!@!@STARTMSG 2221:0 @!@!@
  line 618, col 47 to line 618, col 67 of module HybridProtocol_TLA: 8449
@!@!@ENDMSG 2221 @!@!@
@!@!@STARTMSG 2772:0 @!@!@
<ReplicaAction line 624, col 1 to line 624, col 13 of module HybridProtocol_TLA (627 13 627 81)>: 0:0
@!@!@ENDMSG 2772 @!@!@
@!@!@STARTMSG 2221:0 @!@!@
  line 627, col 36 to line 627, col 55 of module HybridProtocol_TLA: 31926
@!@!@ENDMSG 2221 @!@!@
@!@!@STARTMSG 2221:0 @!@!@
  line 510, col 20 to line 519, col 70 of module HybridProtocol_TLA: 0
@!@!@ENDMSG 2221 @!@!@
@!@!@STARTMSG 2221:0 @!@!@
  line 520, col 20 to line 521, col 75 of module HybridProtocol_TLA: 0
@!@!@ENDMSG 2221 @!@!@
@!@!@STARTMSG 2221:0 @!@!@
  line 522, col 20 to line 522, col 58 of module HybridProtocol_TLA: 0
@!@!@ENDMSG 2221 @!@!@
@!@!@STARTMSG 2221:0 @!@!@
  line 523, col 20 to line 524, col 61 of module HybridProtocol_TLA: 0
@!@!@ENDMSG 2221 @!@!@
@!@!@STARTMSG 2221:0 @!@!@
  line 528, col 20 to line 537, col 70 of module HybridProtocol_TLA: 0
@!@!@ENDMSG 2221 @!@!@
@!@!@STARTMSG 2221:0 @!@!@
  line 539, col 24 to line 548, col 74 of module HybridProtocol_TLA: 0
@!@!@ENDMSG 2221 @!@!@
@!@!@STARTMSG 2221:0 @!@!@
  line 549, col 24 to line 550, col 79 of module HybridProtocol_TLA: 0
@!@!@ENDMSG 2221 @!@!@
@!@!@STARTMSG 2221:0 @!@!@
  line 551, col 24 to line 551, col 62 of module HybridProtocol_TLA: 0
@!@!@ENDMSG 2221 @!@!@
@!@!@STARTMSG 2221:0 @!@!@
  line 552, col 24 to line 553, col 65 of module HybridProtocol_TLA: 0
@!@!@ENDMSG 2221 @!@!@
@!@!@STARTMSG 2221:0 @!@!@
  line 562, col 20 to line 571, col 70 of module HybridProtocol_TLA: 0
@!@!@ENDMSG 2221 @!@!@
@!@!@STARTMSG 2221:0 @!@!@
  line 572, col 20 to line 573, col 75 of module HybridProtocol_TLA: 0
@!@!@ENDMSG 2221 @!@!@
@!@!@STARTMSG 2221:0 @!@!@
  line 574, col 20 to line 574, col 58 of module HybridProtocol_TLA: 0
@!@!@ENDMSG 2221 @!@!@
@!@!@STARTMSG 2221:0 @!@!@
  line 575, col 20 to line 576, col 61 of module HybridProtocol_TLA: 0
@!@!@ENDMSG 2221 @!@!@
@!@!@STARTMSG 2221:0 @!@!@
  line 580, col 20 to line 589, col 70 of module HybridProtocol_TLA: 0
@!@!@ENDMSG 2221 @!@!@
@!@!@STARTMSG 2221:0 @!@!@
  line 591, col 24 to line 600, col 74 of module HybridProtocol_TLA: 0
@!@!@ENDMSG 2221 @!@!@
@!@!@STARTMSG 2221:0 @!@!@
  line 601, col 24 to line 602, col 79 of module HybridProtocol_TLA: 0
@!@!@ENDMSG 2221 @!@!@
@!@!@STARTMSG 2221:0 @!@!@
  line 603, col 24 to line 603, col 62 of module HybridProtocol_TLA: 0
@!@!@ENDMSG 2221 @!@!@
@!@!@STARTMSG 2221:0 @!@!@
  line 604, col 24 to line 605, col 65 of module HybridProtocol_TLA: 0
@!@!@ENDMSG 2221 @!@!@
@!@!@STARTMSG 2221:0 @!@!@
  line 627, col 25 to line 627, col 31 of module HybridProtocol_TLA: 8438
@!@!@ENDMSG 2221 @!@!@
@!@!@STARTMSG 2202:0 @!@!@
End of statistics.
@!@!@ENDMSG 2202 @!@!@
@!@!@STARTMSG 2200:0 @!@!@
Progress(5) at 2023-11-30 15:28:47: 11,395 states generated (157,461 s/min), 7,138 distinct states found (98,636 ds/min), 5,448 states left on queue.
@!@!@ENDMSG 2200 @!@!@
@!@!@STARTMSG 2199:0 @!@!@
11395 states generated, 7138 distinct states found, 5448 states left on queue.
@!@!@ENDMSG 2199 @!@!@
@!@!@STARTMSG 2194:0 @!@!@
The depth of the complete state graph search is 5.
@!@!@ENDMSG 2194 @!@!@
@!@!@STARTMSG 2268:0 @!@!@
The average outdegree of the complete state graph is 4 (minimum is 0, the maximum 31 and the 95th percentile is 7).
@!@!@ENDMSG 2268 @!@!@
@!@!@STARTMSG 2186:0 @!@!@
Finished in 4382ms at (2023-11-30 15:28:47)
@!@!@ENDMSG 2186 @!@!@
