@!@!@STARTMSG 2262:0 @!@!@
TLC2 Version 2.16 of 31 December 2020 (rev: cdddf55)
@!@!@ENDMSG 2262 @!@!@
@!@!@STARTMSG 2187:0 @!@!@
Running breadth-first search Model-Checking with fp 77 and seed -4157150452112375178 with 4 workers on 8 cores with 1214MB heap and 2730MB offheap memory [pid: 4783] (Mac OS X 10.16 x86_64, AdoptOpenJDK 14.0.1 x86_64, OffHeapDiskFPSet, DiskStateQueue).
@!@!@ENDMSG 2187 @!@!@
@!@!@STARTMSG 2220:0 @!@!@
Starting SANY...
@!@!@ENDMSG 2220 @!@!@
Parsing file /Volumes/StudyMaterials/Project/EESYSTEM_TOC/HybridProtocol_TLA.toolbox/Model_Strong_Causal/MC.tla
Parsing file /Volumes/StudyMaterials/Project/EESYSTEM_TOC/HybridProtocol_TLA.toolbox/Model_Strong_Causal/HybridProtocol_TLA.tla
Parsing file /Applications/TLA+ Toolbox.app/Contents/Eclipse/plugins/org.lamport.tlatools_1.0.0.202012311918/tla2sany/StandardModules/TLC.tla
Parsing file /Applications/TLA+ Toolbox.app/Contents/Eclipse/plugins/org.lamport.tlatools_1.0.0.202012311918/tla2sany/StandardModules/Naturals.tla
Parsing file /Applications/TLA+ Toolbox.app/Contents/Eclipse/plugins/org.lamport.tlatools_1.0.0.202012311918/tla2sany/StandardModules/FiniteSets.tla
Parsing file /Applications/TLA+ Toolbox.app/Contents/Eclipse/plugins/org.lamport.tlatools_1.0.0.202012311918/tla2sany/StandardModules/Sequences.tla
Semantic processing of module Naturals
Semantic processing of module Sequences
Semantic processing of module FiniteSets
Semantic processing of module HybridProtocol_TLA
Semantic processing of module TLC
Semantic processing of module MC
@!@!@STARTMSG 2219:0 @!@!@
SANY finished.
@!@!@ENDMSG 2219 @!@!@
@!@!@STARTMSG 2185:0 @!@!@
Starting... (2024-02-19 02:05:04)
@!@!@ENDMSG 2185 @!@!@
@!@!@STARTMSG 2189:0 @!@!@
Computing initial states...
@!@!@ENDMSG 2189 @!@!@
@!@!@STARTMSG 2190:0 @!@!@
Finished computing initial states: 1 distinct state generated at 2024-02-19 02:05:05.
@!@!@ENDMSG 2190 @!@!@
@!@!@STARTMSG 2200:0 @!@!@
Progress(5) at 2024-02-19 02:05:08: 7,378 states generated (7,378 s/min), 7,272 distinct states found (7,272 ds/min), 7,285 states left on queue.
@!@!@ENDMSG 2200 @!@!@
@!@!@STARTMSG 1000:1 @!@!@
TLC threw an unexpected exception.
This was probably caused by an error in the spec or model.
See the User Output or TLC Console for clues to what happened.
The exception was a java.lang.RuntimeException
: Attempted to select nonexistent field "ctx" from the record
[type |-> "pre-accept", inst |-> <<2, 1>>, ballot |-> <<0, 2>>, cmd |-> [op |-> [key |-> "x", type |-> "w"]], deps |-> {}, seq |-> 2, consistency |-> "strong", ctxid |-> 1, commit_order |-> 2, src |-> 2, dst |-> 1, clk |-> 1]
line 592, col 67 to line 592, col 73 of module HybridProtocol_TLA
@!@!@ENDMSG 1000 @!@!@
@!@!@STARTMSG 2121:1 @!@!@
The behavior up to this point is:
@!@!@ENDMSG 2121 @!@!@
@!@!@STARTMSG 2217:4 @!@!@
1: <Initial predicate>
/\ sentMsg = {}
/\ executed = <<{}, {}, {}, {}, {}>>
/\ crtInst = <<1, 1, 1, 1, 1>>
/\ clk = <<0, 0, 0, 0, 0>>
/\ ballots = 1
/\ cmdLog = <<{}, {}, {}, {}, {}>>
/\ leaderOfInst = <<{}, {}, {}, {}, {}>>
/\ committed = ( <<1, 1>> :> {} @@
  <<1, 2>> :> {} @@
  <<1, 3>> :> {} @@
  <<1, 4>> :> {} @@
  <<1, 5>> :> {} @@
  <<1, 6>> :> {} @@
  <<2, 1>> :> {} @@
  <<2, 2>> :> {} @@
  <<2, 3>> :> {} @@
  <<2, 4>> :> {} @@
  <<2, 5>> :> {} @@
  <<2, 6>> :> {} @@
  <<3, 1>> :> {} @@
  <<3, 2>> :> {} @@
  <<3, 3>> :> {} @@
  <<3, 4>> :> {} @@
  <<3, 5>> :> {} @@
  <<3, 6>> :> {} @@
  <<4, 1>> :> {} @@
  <<4, 2>> :> {} @@
  <<4, 3>> :> {} @@
  <<4, 4>> :> {} @@
  <<4, 5>> :> {} @@
  <<4, 6>> :> {} @@
  <<5, 1>> :> {} @@
  <<5, 2>> :> {} @@
  <<5, 3>> :> {} @@
  <<5, 4>> :> {} @@
  <<5, 5>> :> {} @@
  <<5, 6>> :> {} )
/\ proposed = {}
/\ preparing = <<{}, {}, {}, {}, {}>>

@!@!@ENDMSG 2217 @!@!@
@!@!@STARTMSG 2217:4 @!@!@
2: <CommandLeaderAction line 1754, col 9 to line 1757, col 72 of module HybridProtocol_TLA>
/\ sentMsg = {[type |-> "commit", inst |-> <<1, 1>>, ballot |-> <<0, 1>>, cmd |-> [op |-> [key |-> "x", type |-> "r"]], deps |-> {}, seq |-> 2, consistency |-> "causal", ctxid |-> 1, commit_order |-> 0, src |-> 1, dst |-> 2, clk |-> 1], [type |-> "commit", inst |-> <<1, 1>>, ballot |-> <<0, 1>>, cmd |-> [op |-> [key |-> "x", type |-> "r"]], deps |-> {}, seq |-> 2, consistency |-> "causal", ctxid |-> 1, commit_order |-> 0, src |-> 1, dst |-> 3, clk |-> 1]}
/\ executed = <<{}, {}, {}, {}, {}>>
/\ crtInst = <<2, 1, 1, 1, 1>>
/\ clk = <<1, 0, 0, 0, 0>>
/\ ballots = 1
/\ cmdLog = <<{[inst |-> <<1, 1>>, status |-> "causally-committed", state |-> "done", ballot |-> <<0, 1>>, cmd |-> [op |-> [key |-> "x", type |-> "r"]], deps |-> {}, seq |-> 2, consistency |-> "causal", ctxid |-> 1, execution_order |-> 0, execution_order_list |-> {}, commit_order |-> 0]}, {}, {}, {}, {}>>
/\ leaderOfInst = <<{<<1, 1>>}, {}, {}, {}, {}>>
/\ committed = ( <<1, 1>> :> {} @@
  <<1, 2>> :> {} @@
  <<1, 3>> :> {} @@
  <<1, 4>> :> {} @@
  <<1, 5>> :> {} @@
  <<1, 6>> :> {} @@
  <<2, 1>> :> {} @@
  <<2, 2>> :> {} @@
  <<2, 3>> :> {} @@
  <<2, 4>> :> {} @@
  <<2, 5>> :> {} @@
  <<2, 6>> :> {} @@
  <<3, 1>> :> {} @@
  <<3, 2>> :> {} @@
  <<3, 3>> :> {} @@
  <<3, 4>> :> {} @@
  <<3, 5>> :> {} @@
  <<3, 6>> :> {} @@
  <<4, 1>> :> {} @@
  <<4, 2>> :> {} @@
  <<4, 3>> :> {} @@
  <<4, 4>> :> {} @@
  <<4, 5>> :> {} @@
  <<4, 6>> :> {} @@
  <<5, 1>> :> {} @@
  <<5, 2>> :> {} @@
  <<5, 3>> :> {} @@
  <<5, 4>> :> {} @@
  <<5, 5>> :> {} @@
  <<5, 6>> :> {} )
/\ proposed = {[op |-> [key |-> "x", type |-> "r"]]}
/\ preparing = <<{}, {}, {}, {}, {}>>

@!@!@ENDMSG 2217 @!@!@
@!@!@STARTMSG 2217:4 @!@!@
3: <CommandLeaderAction line 1754, col 9 to line 1757, col 72 of module HybridProtocol_TLA>
/\ sentMsg = {[type |-> "pre-accept", inst |-> <<2, 1>>, ballot |-> <<0, 2>>, cmd |-> [op |-> [key |-> "x", type |-> "w"]], deps |-> {}, seq |-> 2, consistency |-> "strong", ctxid |-> 1, commit_order |-> 2, src |-> 2, dst |-> 1, clk |-> 1], [type |-> "pre-accept", inst |-> <<2, 1>>, ballot |-> <<0, 2>>, cmd |-> [op |-> [key |-> "x", type |-> "w"]], deps |-> {}, seq |-> 2, consistency |-> "strong", ctxid |-> 1, commit_order |-> 2, src |-> 2, dst |-> 3, clk |-> 1], [type |-> "commit", inst |-> <<1, 1>>, ballot |-> <<0, 1>>, cmd |-> [op |-> [key |-> "x", type |-> "r"]], deps |-> {}, seq |-> 2, consistency |-> "causal", ctxid |-> 1, commit_order |-> 0, src |-> 1, dst |-> 2, clk |-> 1], [type |-> "commit", inst |-> <<1, 1>>, ballot |-> <<0, 1>>, cmd |-> [op |-> [key |-> "x", type |-> "r"]], deps |-> {}, seq |-> 2, consistency |-> "causal", ctxid |-> 1, commit_order |-> 0, src |-> 1, dst |-> 3, clk |-> 1]}
/\ executed = <<{}, {}, {}, {}, {}>>
/\ crtInst = <<2, 2, 1, 1, 1>>
/\ clk = <<1, 1, 0, 0, 0>>
/\ ballots = 1
/\ cmdLog = <<{[inst |-> <<1, 1>>, status |-> "causally-committed", state |-> "done", ballot |-> <<0, 1>>, cmd |-> [op |-> [key |-> "x", type |-> "r"]], deps |-> {}, seq |-> 2, consistency |-> "causal", ctxid |-> 1, execution_order |-> 0, execution_order_list |-> {}, commit_order |-> 0]}, {[inst |-> <<2, 1>>, status |-> "pre-accepted", state |-> "done", ballot |-> <<0, 2>>, cmd |-> [op |-> [key |-> "x", type |-> "w"]], deps |-> {}, seq |-> 2, consistency |-> "strong", ctxid |-> 1, execution_order |-> 0, execution_order_list |-> {}, commit_order |-> 2]}, {}, {}, {}>>
/\ leaderOfInst = <<{<<1, 1>>}, {<<2, 1>>}, {}, {}, {}>>
/\ committed = ( <<1, 1>> :> {} @@
  <<1, 2>> :> {} @@
  <<1, 3>> :> {} @@
  <<1, 4>> :> {} @@
  <<1, 5>> :> {} @@
  <<1, 6>> :> {} @@
  <<2, 1>> :> {} @@
  <<2, 2>> :> {} @@
  <<2, 3>> :> {} @@
  <<2, 4>> :> {} @@
  <<2, 5>> :> {} @@
  <<2, 6>> :> {} @@
  <<3, 1>> :> {} @@
  <<3, 2>> :> {} @@
  <<3, 3>> :> {} @@
  <<3, 4>> :> {} @@
  <<3, 5>> :> {} @@
  <<3, 6>> :> {} @@
  <<4, 1>> :> {} @@
  <<4, 2>> :> {} @@
  <<4, 3>> :> {} @@
  <<4, 4>> :> {} @@
  <<4, 5>> :> {} @@
  <<4, 6>> :> {} @@
  <<5, 1>> :> {} @@
  <<5, 2>> :> {} @@
  <<5, 3>> :> {} @@
  <<5, 4>> :> {} @@
  <<5, 5>> :> {} @@
  <<5, 6>> :> {} )
/\ proposed = {[op |-> [key |-> "x", type |-> "r"]], [op |-> [key |-> "x", type |-> "w"]]}
/\ preparing = <<{}, {}, {}, {}, {}>>

@!@!@ENDMSG 2217 @!@!@
@!@!@STARTMSG 2103:1 @!@!@
The error occurred when TLC was evaluating the nested
expressions at the following positions:
0. Line 586, column 5 to line 690, column 72 in HybridProtocol_TLA
1. Line 587, column 9 to line 690, column 72 in HybridProtocol_TLA
2. Line 587, column 12 to line 587, column 34 in HybridProtocol_TLA
3. Line 588, column 12 to line 588, column 28 in HybridProtocol_TLA
4. Line 589, column 12 to line 690, column 72 in HybridProtocol_TLA
5. Line 590, column 13 to line 690, column 72 in HybridProtocol_TLA
6. Line 590, column 17 to line 591, column 74 in HybridProtocol_TLA
7. Line 592, column 16 to line 690, column 72 in HybridProtocol_TLA
8. Line 617, column 21 to line 690, column 72 in HybridProtocol_TLA
9. Line 618, column 25 to line 646, column 72 in HybridProtocol_TLA
10. Line 618, column 28 to line 630, column 82 in HybridProtocol_TLA
11. Line 618, column 38 to line 630, column 82 in HybridProtocol_TLA
12. Line 618, column 66 to line 630, column 81 in HybridProtocol_TLA
13. Line 619, column 45 to line 630, column 81 in HybridProtocol_TLA
14. Line 619, column 46 to line 630, column 80 in HybridProtocol_TLA
15. Line 624, column 58 to line 624, column 64 in HybridProtocol_TLA
16. Line 607, column 31 to line 607, column 71 in HybridProtocol_TLA
17. Line 607, column 31 to line 607, column 60 in HybridProtocol_TLA
18. Line 607, column 31 to line 607, column 49 in HybridProtocol_TLA
19. Line 607, column 45 to line 607, column 49 in HybridProtocol_TLA
20. Line 593, column 29 to line 593, column 53 in HybridProtocol_TLA
21. Line 593, column 48 to line 593, column 52 in HybridProtocol_TLA
22. Line 592, column 29 to line 592, column 74 in HybridProtocol_TLA
23. Line 592, column 55 to line 592, column 73 in HybridProtocol_TLA
24. Line 592, column 67 to line 592, column 73 in HybridProtocol_TLA


@!@!@ENDMSG 2103 @!@!@
@!@!@STARTMSG 2200:0 @!@!@
Progress(5) at 2024-02-19 02:05:27: 138,604 states generated (337,907 s/min), 136,595 distinct states found (333,009 ds/min), 136,318 states left on queue.
@!@!@ENDMSG 2200 @!@!@
@!@!@STARTMSG 2199:0 @!@!@
138604 states generated, 136595 distinct states found, 136318 states left on queue.
@!@!@ENDMSG 2199 @!@!@
@!@!@STARTMSG 2186:0 @!@!@
Finished in 24616ms at (2024-02-19 02:05:27)
@!@!@ENDMSG 2186 @!@!@
