@!@!@STARTMSG 2262:0 @!@!@
TLC2 Version 2.16 of 31 December 2020 (rev: cdddf55)
@!@!@ENDMSG 2262 @!@!@
@!@!@STARTMSG 2187:0 @!@!@
Running breadth-first search Model-Checking with fp 35 and seed 875982094488963934 with 4 workers on 8 cores with 1214MB heap and 2730MB offheap memory [pid: 4337] (Mac OS X 10.16 x86_64, AdoptOpenJDK 14.0.1 x86_64, OffHeapDiskFPSet, DiskStateQueue).
@!@!@ENDMSG 2187 @!@!@
@!@!@STARTMSG 2220:0 @!@!@
Starting SANY...
@!@!@ENDMSG 2220 @!@!@
Parsing file /Volumes/StudyMaterials/Project/EESYSTEM_TOC/HybridProtocol_TLA.toolbox/Model_Strong_Causal/MC.tla
Parsing file /Volumes/StudyMaterials/Project/EESYSTEM_TOC/HybridProtocol_TLA.toolbox/Model_Strong_Causal/HybridProtocol_TLA.tla
Parsing file /Applications/TLA+ Toolbox.app/Contents/Eclipse/plugins/org.lamport.tlatools_1.0.0.202012311918/tla2sany/StandardModules/TLC.tla
Parsing file /Applications/TLA+ Toolbox.app/Contents/Eclipse/plugins/org.lamport.tlatools_1.0.0.202012311918/tla2sany/StandardModules/Naturals.tla
Parsing file /Applications/TLA+ Toolbox.app/Contents/Eclipse/plugins/org.lamport.tlatools_1.0.0.202012311918/tla2sany/StandardModules/FiniteSets.tla
Parsing file /Applications/TLA+ Toolbox.app/Contents/Eclipse/plugins/org.lamport.tlatools_1.0.0.202012311918/tla2sany/StandardModules/Sequences.tla
Semantic processing of module Naturals
Semantic processing of module Sequences
Semantic processing of module FiniteSets
Semantic processing of module HybridProtocol_TLA
Semantic processing of module TLC
Semantic processing of module MC
@!@!@STARTMSG 2219:0 @!@!@
SANY finished.
@!@!@ENDMSG 2219 @!@!@
@!@!@STARTMSG 2185:0 @!@!@
Starting... (2023-12-27 10:28:32)
@!@!@ENDMSG 2185 @!@!@
@!@!@STARTMSG 2189:0 @!@!@
Computing initial states...
@!@!@ENDMSG 2189 @!@!@
@!@!@STARTMSG 2190:0 @!@!@
Finished computing initial states: 1 distinct state generated at 2023-12-27 10:28:34.
@!@!@ENDMSG 2190 @!@!@
@!@!@STARTMSG 2200:0 @!@!@
Progress(5) at 2023-12-27 10:28:37: 88,580 states generated (88,580 s/min), 38,588 distinct states found (38,588 ds/min), 32,717 states left on queue.
@!@!@ENDMSG 2200 @!@!@
@!@!@STARTMSG 2200:0 @!@!@
Progress(9) at 2023-12-27 10:29:37: 4,510,240 states generated (4,421,660 s/min), 1,161,319 distinct states found (1,122,731 ds/min), 660,730 states left on queue.
@!@!@ENDMSG 2200 @!@!@
@!@!@STARTMSG 2200:0 @!@!@
Progress(10) at 2023-12-27 10:30:37: 8,432,910 states generated (3,922,670 s/min), 2,352,081 distinct states found (1,190,762 ds/min), 1,286,021 states left on queue.
@!@!@ENDMSG 2200 @!@!@
@!@!@STARTMSG 2200:0 @!@!@
Progress(10) at 2023-12-27 10:31:37: 12,064,999 states generated (3,632,089 s/min), 3,432,837 distinct states found (1,080,756 ds/min), 1,773,382 states left on queue.
@!@!@ENDMSG 2200 @!@!@
@!@!@STARTMSG 2200:0 @!@!@
Progress(11) at 2023-12-27 10:32:37: 15,627,619 states generated (3,562,620 s/min), 4,482,986 distinct states found (1,050,149 ds/min), 2,229,797 states left on queue.
@!@!@ENDMSG 2200 @!@!@
@!@!@STARTMSG 2200:0 @!@!@
Progress(11) at 2023-12-27 10:33:37: 18,857,235 states generated (3,229,616 s/min), 5,356,802 distinct states found (873,816 ds/min), 2,483,638 states left on queue.
@!@!@ENDMSG 2200 @!@!@
@!@!@STARTMSG 2200:0 @!@!@
Progress(11) at 2023-12-27 10:34:37: 22,174,735 states generated (3,317,500 s/min), 6,621,360 distinct states found (1,264,558 ds/min), 3,120,863 states left on queue.
@!@!@ENDMSG 2200 @!@!@
@!@!@STARTMSG 2200:0 @!@!@
Progress(11) at 2023-12-27 10:35:37: 25,417,082 states generated (3,242,347 s/min), 7,667,737 distinct states found (1,046,377 ds/min), 3,546,235 states left on queue.
@!@!@ENDMSG 2200 @!@!@
@!@!@STARTMSG 2200:0 @!@!@
Progress(11) at 2023-12-27 10:36:37: 28,571,848 states generated (3,154,766 s/min), 8,658,795 distinct states found (991,058 ds/min), 3,892,971 states left on queue.
@!@!@ENDMSG 2200 @!@!@
@!@!@STARTMSG 2200:0 @!@!@
Progress(11) at 2023-12-27 10:37:37: 31,485,943 states generated (2,914,095 s/min), 9,708,317 distinct states found (1,049,522 ds/min), 4,265,400 states left on queue.
@!@!@ENDMSG 2200 @!@!@
@!@!@STARTMSG 2200:0 @!@!@
Progress(11) at 2023-12-27 10:38:37: 34,446,178 states generated (2,960,235 s/min), 10,976,764 distinct states found (1,268,447 ds/min), 4,848,127 states left on queue.
@!@!@ENDMSG 2200 @!@!@
@!@!@STARTMSG 2200:0 @!@!@
Progress(12) at 2023-12-27 10:39:37: 37,595,056 states generated (3,148,878 s/min), 12,283,776 distinct states found (1,307,012 ds/min), 5,444,586 states left on queue.
@!@!@ENDMSG 2200 @!@!@
@!@!@STARTMSG 2200:0 @!@!@
Progress(12) at 2023-12-27 10:40:37: 40,606,482 states generated (3,011,426 s/min), 13,349,914 distinct states found (1,066,138 ds/min), 5,823,759 states left on queue.
@!@!@ENDMSG 2200 @!@!@
@!@!@STARTMSG 2200:0 @!@!@
Progress(12) at 2023-12-27 10:41:37: 43,906,600 states generated (3,300,118 s/min), 14,651,855 distinct states found (1,301,941 ds/min), 6,424,067 states left on queue.
@!@!@ENDMSG 2200 @!@!@
@!@!@STARTMSG 2200:0 @!@!@
Progress(12) at 2023-12-27 10:42:37: 47,832,063 states generated (3,925,463 s/min), 15,795,485 distinct states found (1,143,630 ds/min), 6,834,197 states left on queue.
@!@!@ENDMSG 2200 @!@!@
@!@!@STARTMSG 2200:0 @!@!@
Progress(12) at 2023-12-27 10:43:37: 50,847,376 states generated (3,015,313 s/min), 16,961,353 distinct states found (1,165,868 ds/min), 7,244,934 states left on queue.
@!@!@ENDMSG 2200 @!@!@
@!@!@STARTMSG 2200:0 @!@!@
Progress(12) at 2023-12-27 10:44:37: 53,871,521 states generated (3,024,145 s/min), 18,114,756 distinct states found (1,153,403 ds/min), 7,652,060 states left on queue.
@!@!@ENDMSG 2200 @!@!@
@!@!@STARTMSG 2200:0 @!@!@
Progress(13) at 2023-12-27 10:45:37: 56,968,887 states generated (3,097,366 s/min), 19,268,242 distinct states found (1,153,486 ds/min), 8,057,372 states left on queue.
@!@!@ENDMSG 2200 @!@!@
@!@!@STARTMSG 2200:0 @!@!@
Progress(13) at 2023-12-27 10:46:37: 59,964,485 states generated (2,995,598 s/min), 20,404,847 distinct states found (1,136,605 ds/min), 8,457,162 states left on queue.
@!@!@ENDMSG 2200 @!@!@
@!@!@STARTMSG 2200:0 @!@!@
Progress(13) at 2023-12-27 10:47:37: 63,038,857 states generated (3,074,372 s/min), 21,552,001 distinct states found (1,147,154 ds/min), 8,858,812 states left on queue.
@!@!@ENDMSG 2200 @!@!@
@!@!@STARTMSG 2200:0 @!@!@
Progress(13) at 2023-12-27 10:48:37: 66,424,893 states generated (3,386,036 s/min), 22,659,663 distinct states found (1,107,662 ds/min), 9,234,331 states left on queue.
@!@!@ENDMSG 2200 @!@!@
@!@!@STARTMSG 2200:0 @!@!@
Progress(13) at 2023-12-27 10:49:37: 69,744,525 states generated (3,319,632 s/min), 23,834,493 distinct states found (1,174,830 ds/min), 9,665,820 states left on queue.
@!@!@ENDMSG 2200 @!@!@
@!@!@STARTMSG 2200:0 @!@!@
Progress(13) at 2023-12-27 10:50:37: 73,322,917 states generated (3,578,392 s/min), 24,998,078 distinct states found (1,163,585 ds/min), 10,079,875 states left on queue.
@!@!@ENDMSG 2200 @!@!@
@!@!@STARTMSG 2200:0 @!@!@
Progress(13) at 2023-12-27 10:51:37: 78,509,543 states generated (5,186,626 s/min), 26,161,091 distinct states found (1,163,013 ds/min), 10,453,442 states left on queue.
@!@!@ENDMSG 2200 @!@!@
@!@!@STARTMSG 2200:0 @!@!@
Progress(13) at 2023-12-27 10:52:37: 82,193,005 states generated (3,683,462 s/min), 27,594,683 distinct states found (1,433,592 ds/min), 11,106,002 states left on queue.
@!@!@ENDMSG 2200 @!@!@
@!@!@STARTMSG 2200:0 @!@!@
Progress(13) at 2023-12-27 10:53:37: 85,949,607 states generated (3,756,602 s/min), 29,070,201 distinct states found (1,475,518 ds/min), 11,771,655 states left on queue.
@!@!@ENDMSG 2200 @!@!@
@!@!@STARTMSG 2200:0 @!@!@
Progress(13) at 2023-12-27 10:54:37: 89,668,051 states generated (3,718,444 s/min), 30,545,182 distinct states found (1,474,981 ds/min), 12,438,381 states left on queue.
@!@!@ENDMSG 2200 @!@!@
@!@!@STARTMSG 2200:0 @!@!@
Progress(13) at 2023-12-27 10:55:37: 93,368,756 states generated (3,700,705 s/min), 32,032,050 distinct states found (1,486,868 ds/min), 13,113,955 states left on queue.
@!@!@ENDMSG 2200 @!@!@
@!@!@STARTMSG 2200:0 @!@!@
Progress(14) at 2023-12-27 10:56:37: 97,127,218 states generated (3,758,462 s/min), 33,473,826 distinct states found (1,441,776 ds/min), 13,756,921 states left on queue.
@!@!@ENDMSG 2200 @!@!@
@!@!@STARTMSG 2200:0 @!@!@
Progress(14) at 2023-12-27 10:57:37: 100,838,340 states generated (3,711,122 s/min), 34,894,208 distinct states found (1,420,382 ds/min), 14,383,442 states left on queue.
@!@!@ENDMSG 2200 @!@!@
@!@!@STARTMSG 2195:0 @!@!@
Checkpointing of run /Volumes/StudyMaterials/Project/EESYSTEM_TOC/HybridProtocol_TLA.toolbox/Model_Strong_Causal/23-12-27-10-28-31
@!@!@ENDMSG 2195 @!@!@
@!@!@STARTMSG 2196:0 @!@!@
Checkpointing completed at (2023-12-27 10:58:37)
@!@!@ENDMSG 2196 @!@!@
@!@!@STARTMSG 2200:0 @!@!@
Progress(14) at 2023-12-27 10:58:37: 104,511,367 states generated (3,673,027 s/min), 36,322,733 distinct states found (1,428,525 ds/min), 15,021,914 states left on queue.
@!@!@ENDMSG 2200 @!@!@
@!@!@STARTMSG 2200:0 @!@!@
Progress(14) at 2023-12-27 10:59:37: 108,755,056 states generated (4,243,689 s/min), 37,579,939 distinct states found (1,257,206 ds/min), 15,490,542 states left on queue.
@!@!@ENDMSG 2200 @!@!@
@!@!@STARTMSG 2200:0 @!@!@
Progress(14) at 2023-12-27 11:00:37: 112,704,505 states generated (3,949,449 s/min), 38,972,400 distinct states found (1,392,461 ds/min), 16,078,673 states left on queue.
@!@!@ENDMSG 2200 @!@!@
@!@!@STARTMSG 2200:0 @!@!@
Progress(14) at 2023-12-27 11:01:37: 116,511,902 states generated (3,807,397 s/min), 40,347,481 distinct states found (1,375,081 ds/min), 16,662,623 states left on queue.
@!@!@ENDMSG 2200 @!@!@
@!@!@STARTMSG 2200:0 @!@!@
Progress(14) at 2023-12-27 11:02:37: 120,489,237 states generated (3,977,335 s/min), 41,721,424 distinct states found (1,373,943 ds/min), 17,229,755 states left on queue.
@!@!@ENDMSG 2200 @!@!@
@!@!@STARTMSG 2200:0 @!@!@
Progress(14) at 2023-12-27 11:03:37: 124,903,094 states generated (4,413,857 s/min), 42,770,600 distinct states found (1,049,176 ds/min), 17,433,883 states left on queue.
@!@!@ENDMSG 2200 @!@!@
@!@!@STARTMSG 2200:0 @!@!@
Progress(14) at 2023-12-27 11:04:37: 129,693,014 states generated (4,789,920 s/min), 43,577,798 distinct states found (807,198 ds/min), 17,370,177 states left on queue.
@!@!@ENDMSG 2200 @!@!@
@!@!@STARTMSG 2200:0 @!@!@
Progress(14) at 2023-12-27 11:05:37: 133,978,932 states generated (4,285,918 s/min), 45,464,726 distinct states found (1,886,928 ds/min), 18,378,037 states left on queue.
@!@!@ENDMSG 2200 @!@!@
@!@!@STARTMSG 2200:0 @!@!@
Progress(14) at 2023-12-27 11:06:37: 138,280,596 states generated (4,301,664 s/min), 47,251,977 distinct states found (1,787,251 ds/min), 19,282,950 states left on queue.
@!@!@ENDMSG 2200 @!@!@
@!@!@STARTMSG 2200:0 @!@!@
Progress(14) at 2023-12-27 11:07:37: 142,432,431 states generated (4,151,835 s/min), 49,078,720 distinct states found (1,826,743 ds/min), 20,256,762 states left on queue.
@!@!@ENDMSG 2200 @!@!@
@!@!@STARTMSG 2200:0 @!@!@
Progress(14) at 2023-12-27 11:08:37: 146,767,972 states generated (4,335,541 s/min), 50,772,083 distinct states found (1,693,363 ds/min), 21,074,095 states left on queue.
@!@!@ENDMSG 2200 @!@!@
@!@!@STARTMSG 2200:0 @!@!@
Progress(14) at 2023-12-27 11:09:37: 150,984,827 states generated (4,216,855 s/min), 52,681,847 distinct states found (1,909,764 ds/min), 22,110,722 states left on queue.
@!@!@ENDMSG 2200 @!@!@
@!@!@STARTMSG 2200:0 @!@!@
Progress(14) at 2023-12-27 11:10:37: 155,316,985 states generated (4,332,158 s/min), 54,438,888 distinct states found (1,757,041 ds/min), 22,984,222 states left on queue.
@!@!@ENDMSG 2200 @!@!@
@!@!@STARTMSG 2200:0 @!@!@
Progress(14) at 2023-12-27 11:11:37: 159,559,227 states generated (4,242,242 s/min), 56,388,830 distinct states found (1,949,942 ds/min), 24,053,170 states left on queue.
@!@!@ENDMSG 2200 @!@!@
@!@!@STARTMSG 2200:0 @!@!@
Progress(15) at 2023-12-27 11:12:37: 164,018,495 states generated (4,459,268 s/min), 58,264,410 distinct states found (1,875,580 ds/min), 25,014,562 states left on queue.
@!@!@ENDMSG 2200 @!@!@
@!@!@STARTMSG 2200:0 @!@!@
Progress(15) at 2023-12-27 11:13:37: 168,418,191 states generated (4,399,696 s/min), 60,130,348 distinct states found (1,865,938 ds/min), 25,977,347 states left on queue.
@!@!@ENDMSG 2200 @!@!@
@!@!@STARTMSG 2200:0 @!@!@
Progress(15) at 2023-12-27 11:14:37: 172,766,180 states generated (4,347,989 s/min), 62,021,412 distinct states found (1,891,064 ds/min), 26,972,537 states left on queue.
@!@!@ENDMSG 2200 @!@!@
@!@!@STARTMSG 2200:0 @!@!@
Progress(15) at 2023-12-27 11:15:37: 177,127,485 states generated (4,361,305 s/min), 63,800,763 distinct states found (1,779,351 ds/min), 27,861,485 states left on queue.
@!@!@ENDMSG 2200 @!@!@
@!@!@STARTMSG 2200:0 @!@!@
Progress(15) at 2023-12-27 11:16:37: 181,506,799 states generated (4,379,314 s/min), 65,519,124 distinct states found (1,718,361 ds/min), 28,680,945 states left on queue.
@!@!@ENDMSG 2200 @!@!@
@!@!@STARTMSG 2200:0 @!@!@
Progress(15) at 2023-12-27 11:17:37: 186,046,575 states generated (4,539,776 s/min), 66,755,863 distinct states found (1,236,739 ds/min), 29,036,982 states left on queue.
@!@!@ENDMSG 2200 @!@!@
@!@!@STARTMSG 2200:0 @!@!@
Progress(15) at 2023-12-27 11:18:37: 190,441,399 states generated (4,394,824 s/min), 68,452,523 distinct states found (1,696,660 ds/min), 29,845,225 states left on queue.
@!@!@ENDMSG 2200 @!@!@
@!@!@STARTMSG 2200:0 @!@!@
Progress(15) at 2023-12-27 11:19:37: 194,900,704 states generated (4,459,305 s/min), 70,166,064 distinct states found (1,713,541 ds/min), 30,651,058 states left on queue.
@!@!@ENDMSG 2200 @!@!@
@!@!@STARTMSG 2200:0 @!@!@
Progress(15) at 2023-12-27 11:20:37: 199,346,962 states generated (4,446,258 s/min), 71,878,070 distinct states found (1,712,006 ds/min), 31,466,699 states left on queue.
@!@!@ENDMSG 2200 @!@!@
@!@!@STARTMSG 2200:0 @!@!@
Progress(15) at 2023-12-27 11:21:37: 203,726,690 states generated (4,379,728 s/min), 73,544,709 distinct states found (1,666,639 ds/min), 32,236,441 states left on queue.
@!@!@ENDMSG 2200 @!@!@
@!@!@STARTMSG 2200:0 @!@!@
Progress(15) at 2023-12-27 11:22:37: 208,056,501 states generated (4,329,811 s/min), 75,221,586 distinct states found (1,676,877 ds/min), 33,036,778 states left on queue.
@!@!@ENDMSG 2200 @!@!@
@!@!@STARTMSG 2200:0 @!@!@
Progress(15) at 2023-12-27 11:23:37: 211,934,379 states generated (3,877,878 s/min), 75,857,970 distinct states found (636,384 ds/min), 32,737,784 states left on queue.
@!@!@ENDMSG 2200 @!@!@
@!@!@STARTMSG 2200:0 @!@!@
Progress(15) at 2023-12-27 11:24:37: 215,866,685 states generated (3,932,306 s/min), 76,846,748 distinct states found (988,778 ds/min), 32,765,606 states left on queue.
@!@!@ENDMSG 2200 @!@!@
@!@!@STARTMSG 2200:0 @!@!@
Progress(15) at 2023-12-27 11:25:37: 219,916,845 states generated (4,050,160 s/min), 78,420,293 distinct states found (1,573,545 ds/min), 33,365,833 states left on queue.
@!@!@ENDMSG 2200 @!@!@
@!@!@STARTMSG 2200:0 @!@!@
Progress(15) at 2023-12-27 11:26:37: 223,948,915 states generated (4,032,070 s/min), 79,783,809 distinct states found (1,363,516 ds/min), 33,765,383 states left on queue.
@!@!@ENDMSG 2200 @!@!@
@!@!@STARTMSG 2200:0 @!@!@
Progress(15) at 2023-12-27 11:27:37: 227,950,308 states generated (4,001,393 s/min), 81,332,626 distinct states found (1,548,817 ds/min), 34,353,407 states left on queue.
@!@!@ENDMSG 2200 @!@!@
@!@!@STARTMSG 2195:0 @!@!@
Checkpointing of run /Volumes/StudyMaterials/Project/EESYSTEM_TOC/HybridProtocol_TLA.toolbox/Model_Strong_Causal/23-12-27-10-28-31
@!@!@ENDMSG 2195 @!@!@
@!@!@STARTMSG 2196:0 @!@!@
Checkpointing completed at (2023-12-27 11:28:38)
@!@!@ENDMSG 2196 @!@!@
@!@!@STARTMSG 2200:0 @!@!@
Progress(15) at 2023-12-27 11:28:38: 231,997,693 states generated (4,047,385 s/min), 82,731,181 distinct states found (1,398,555 ds/min), 34,780,790 states left on queue.
@!@!@ENDMSG 2200 @!@!@
@!@!@STARTMSG 2200:0 @!@!@
Progress(15) at 2023-12-27 11:29:38: 235,981,914 states generated (3,984,221 s/min), 84,280,331 distinct states found (1,549,150 ds/min), 35,373,756 states left on queue.
@!@!@ENDMSG 2200 @!@!@
@!@!@STARTMSG 2200:0 @!@!@
Progress(15) at 2023-12-27 11:30:38: 240,028,529 states generated (4,046,615 s/min), 85,739,752 distinct states found (1,459,421 ds/min), 35,865,312 states left on queue.
@!@!@ENDMSG 2200 @!@!@
@!@!@STARTMSG 2200:0 @!@!@
Progress(15) at 2023-12-27 11:31:38: 244,001,963 states generated (3,973,434 s/min), 87,130,581 distinct states found (1,390,829 ds/min), 36,299,440 states left on queue.
@!@!@ENDMSG 2200 @!@!@
@!@!@STARTMSG 2200:0 @!@!@
Progress(15) at 2023-12-27 11:32:38: 248,024,292 states generated (4,022,329 s/min), 88,612,007 distinct states found (1,481,426 ds/min), 36,817,705 states left on queue.
@!@!@ENDMSG 2200 @!@!@
@!@!@STARTMSG 2200:0 @!@!@
Progress(15) at 2023-12-27 11:33:38: 252,016,423 states generated (3,992,131 s/min), 90,118,636 distinct states found (1,506,629 ds/min), 37,364,794 states left on queue.
@!@!@ENDMSG 2200 @!@!@
@!@!@STARTMSG 2200:0 @!@!@
Progress(15) at 2023-12-27 11:34:38: 256,033,522 states generated (4,017,099 s/min), 91,564,749 distinct states found (1,446,113 ds/min), 37,848,944 states left on queue.
@!@!@ENDMSG 2200 @!@!@
@!@!@STARTMSG 2200:0 @!@!@
Progress(15) at 2023-12-27 11:35:38: 260,206,968 states generated (4,173,446 s/min), 93,092,006 distinct states found (1,527,257 ds/min), 38,373,866 states left on queue.
@!@!@ENDMSG 2200 @!@!@
@!@!@STARTMSG 2200:0 @!@!@
Progress(15) at 2023-12-27 11:36:38: 264,333,572 states generated (4,126,604 s/min), 94,673,602 distinct states found (1,581,596 ds/min), 38,965,271 states left on queue.
@!@!@ENDMSG 2200 @!@!@
@!@!@STARTMSG 2200:0 @!@!@
Progress(16) at 2023-12-27 11:37:38: 268,554,133 states generated (4,220,561 s/min), 96,111,423 distinct states found (1,437,821 ds/min), 39,393,841 states left on queue.
@!@!@ENDMSG 2200 @!@!@
@!@!@STARTMSG 2200:0 @!@!@
Progress(16) at 2023-12-27 11:38:38: 272,619,615 states generated (4,065,482 s/min), 97,652,251 distinct states found (1,540,828 ds/min), 39,954,737 states left on queue.
@!@!@ENDMSG 2200 @!@!@
@!@!@STARTMSG 2200:0 @!@!@
Progress(16) at 2023-12-27 11:39:38: 276,818,939 states generated (4,199,324 s/min), 99,206,091 distinct states found (1,553,840 ds/min), 40,504,567 states left on queue.
@!@!@ENDMSG 2200 @!@!@
@!@!@STARTMSG 2200:0 @!@!@
Progress(16) at 2023-12-27 11:40:38: 280,920,832 states generated (4,101,893 s/min), 100,677,005 distinct states found (1,470,914 ds/min), 40,991,428 states left on queue.
@!@!@ENDMSG 2200 @!@!@
@!@!@STARTMSG 2200:0 @!@!@
Progress(16) at 2023-12-27 11:41:38: 285,016,035 states generated (4,095,203 s/min), 102,171,998 distinct states found (1,494,993 ds/min), 41,502,436 states left on queue.
@!@!@ENDMSG 2200 @!@!@
@!@!@STARTMSG 2200:0 @!@!@
Progress(16) at 2023-12-27 11:42:38: 289,073,691 states generated (4,057,656 s/min), 103,671,520 distinct states found (1,499,522 ds/min), 42,027,255 states left on queue.
@!@!@ENDMSG 2200 @!@!@
@!@!@STARTMSG 2200:0 @!@!@
Progress(16) at 2023-12-27 11:43:38: 293,191,404 states generated (4,117,713 s/min), 105,164,369 distinct states found (1,492,849 ds/min), 42,535,367 states left on queue.
@!@!@ENDMSG 2200 @!@!@
@!@!@STARTMSG 2200:0 @!@!@
Progress(16) at 2023-12-27 11:44:38: 297,236,398 states generated (4,044,994 s/min), 106,671,757 distinct states found (1,507,388 ds/min), 43,070,325 states left on queue.
@!@!@ENDMSG 2200 @!@!@
@!@!@STARTMSG 2200:0 @!@!@
Progress(16) at 2023-12-27 11:45:38: 301,259,267 states generated (4,022,869 s/min), 108,152,994 distinct states found (1,481,237 ds/min), 43,583,714 states left on queue.
@!@!@ENDMSG 2200 @!@!@
@!@!@STARTMSG 2200:0 @!@!@
Progress(16) at 2023-12-27 11:46:38: 305,281,923 states generated (4,022,656 s/min), 109,483,209 distinct states found (1,330,215 ds/min), 43,940,527 states left on queue.
@!@!@ENDMSG 2200 @!@!@
@!@!@STARTMSG 2200:0 @!@!@
Progress(16) at 2023-12-27 11:47:38: 309,199,419 states generated (3,917,496 s/min), 110,486,834 distinct states found (1,003,625 ds/min), 43,978,978 states left on queue.
@!@!@ENDMSG 2200 @!@!@
@!@!@STARTMSG 2200:0 @!@!@
Progress(16) at 2023-12-27 11:48:38: 313,292,297 states generated (4,092,878 s/min), 111,848,115 distinct states found (1,361,281 ds/min), 44,366,341 states left on queue.
@!@!@ENDMSG 2200 @!@!@
@!@!@STARTMSG 2200:0 @!@!@
Progress(16) at 2023-12-27 11:49:38: 317,423,404 states generated (4,131,107 s/min), 113,272,713 distinct states found (1,424,598 ds/min), 44,807,209 states left on queue.
@!@!@ENDMSG 2200 @!@!@
@!@!@STARTMSG 2200:0 @!@!@
Progress(16) at 2023-12-27 11:50:38: 321,499,880 states generated (4,076,476 s/min), 114,651,443 distinct states found (1,378,730 ds/min), 45,214,254 states left on queue.
@!@!@ENDMSG 2200 @!@!@
@!@!@STARTMSG 2200:0 @!@!@
Progress(16) at 2023-12-27 11:51:38: 325,486,088 states generated (3,986,208 s/min), 116,021,376 distinct states found (1,369,933 ds/min), 45,635,046 states left on queue.
@!@!@ENDMSG 2200 @!@!@
@!@!@STARTMSG 2200:0 @!@!@
Progress(16) at 2023-12-27 11:52:38: 329,561,850 states generated (4,075,762 s/min), 117,407,927 distinct states found (1,386,551 ds/min), 46,048,819 states left on queue.
@!@!@ENDMSG 2200 @!@!@
@!@!@STARTMSG 2200:0 @!@!@
Progress(16) at 2023-12-27 11:53:38: 333,668,550 states generated (4,106,700 s/min), 118,823,425 distinct states found (1,415,498 ds/min), 46,485,610 states left on queue.
@!@!@ENDMSG 2200 @!@!@
@!@!@STARTMSG 2200:0 @!@!@
Progress(16) at 2023-12-27 11:54:38: 337,643,118 states generated (3,974,568 s/min), 120,161,856 distinct states found (1,338,431 ds/min), 46,871,386 states left on queue.
@!@!@ENDMSG 2200 @!@!@
@!@!@STARTMSG 2200:0 @!@!@
Progress(16) at 2023-12-27 11:55:38: 341,662,119 states generated (4,019,001 s/min), 121,537,892 distinct states found (1,376,036 ds/min), 47,287,607 states left on queue.
@!@!@ENDMSG 2200 @!@!@
@!@!@STARTMSG 2200:0 @!@!@
Progress(16) at 2023-12-27 11:56:39: 345,567,034 states generated (3,904,915 s/min), 122,864,016 distinct states found (1,326,124 ds/min), 47,686,555 states left on queue.
@!@!@ENDMSG 2200 @!@!@
@!@!@STARTMSG 2200:0 @!@!@
Progress(16) at 2023-12-27 11:57:39: 348,705,183 states generated (3,138,149 s/min), 123,479,689 distinct states found (615,673 ds/min), 47,309,391 states left on queue.
@!@!@ENDMSG 2200 @!@!@
@!@!@STARTMSG 2195:0 @!@!@
Checkpointing of run /Volumes/StudyMaterials/Project/EESYSTEM_TOC/HybridProtocol_TLA.toolbox/Model_Strong_Causal/23-12-27-10-28-31
@!@!@ENDMSG 2195 @!@!@
@!@!@STARTMSG 2196:0 @!@!@
Checkpointing completed at (2023-12-27 11:58:39)
@!@!@ENDMSG 2196 @!@!@
@!@!@STARTMSG 2200:0 @!@!@
Progress(16) at 2023-12-27 11:58:39: 352,470,679 states generated (3,765,496 s/min), 124,681,442 distinct states found (1,201,753 ds/min), 47,427,181 states left on queue.
@!@!@ENDMSG 2200 @!@!@
@!@!@STARTMSG 2200:0 @!@!@
Progress(16) at 2023-12-27 11:59:39: 356,166,106 states generated (3,695,427 s/min), 125,859,541 distinct states found (1,178,099 ds/min), 47,540,732 states left on queue.
@!@!@ENDMSG 2200 @!@!@
@!@!@STARTMSG 2200:0 @!@!@
Progress(16) at 2023-12-27 12:00:39: 359,984,106 states generated (3,818,000 s/min), 127,019,790 distinct states found (1,160,249 ds/min), 47,609,043 states left on queue.
@!@!@ENDMSG 2200 @!@!@
@!@!@STARTMSG 2200:0 @!@!@
Progress(16) at 2023-12-27 12:01:39: 363,741,755 states generated (3,757,649 s/min), 128,184,043 distinct states found (1,164,253 ds/min), 47,700,915 states left on queue.
@!@!@ENDMSG 2200 @!@!@
@!@!@STARTMSG 2200:0 @!@!@
Progress(16) at 2023-12-27 12:02:39: 367,555,599 states generated (3,813,844 s/min), 129,345,611 distinct states found (1,161,568 ds/min), 47,778,279 states left on queue.
@!@!@ENDMSG 2200 @!@!@
@!@!@STARTMSG 2200:0 @!@!@
Progress(16) at 2023-12-27 12:03:39: 371,241,864 states generated (3,686,265 s/min), 130,463,424 distinct states found (1,117,813 ds/min), 47,833,525 states left on queue.
@!@!@ENDMSG 2200 @!@!@
@!@!@STARTMSG 2200:0 @!@!@
Progress(16) at 2023-12-27 12:04:39: 374,956,852 states generated (3,714,988 s/min), 131,650,859 distinct states found (1,187,435 ds/min), 47,953,052 states left on queue.
@!@!@ENDMSG 2200 @!@!@
@!@!@STARTMSG 2200:0 @!@!@
Progress(16) at 2023-12-27 12:05:39: 378,769,142 states generated (3,812,290 s/min), 132,837,859 distinct states found (1,187,000 ds/min), 48,055,603 states left on queue.
@!@!@ENDMSG 2200 @!@!@
@!@!@STARTMSG 2200:0 @!@!@
Progress(16) at 2023-12-27 12:06:39: 382,492,940 states generated (3,723,798 s/min), 133,990,048 distinct states found (1,152,189 ds/min), 48,140,653 states left on queue.
@!@!@ENDMSG 2200 @!@!@
@!@!@STARTMSG 2200:0 @!@!@
Progress(16) at 2023-12-27 12:07:39: 386,191,004 states generated (3,698,064 s/min), 135,107,887 distinct states found (1,117,839 ds/min), 48,194,461 states left on queue.
@!@!@ENDMSG 2200 @!@!@
@!@!@STARTMSG 2200:0 @!@!@
Progress(16) at 2023-12-27 12:08:40: 389,895,597 states generated (3,704,593 s/min), 136,242,182 distinct states found (1,134,295 ds/min), 48,271,680 states left on queue.
@!@!@ENDMSG 2200 @!@!@
@!@!@STARTMSG 2200:0 @!@!@
Progress(16) at 2023-12-27 12:09:40: 393,516,764 states generated (3,621,167 s/min), 137,366,945 distinct states found (1,124,763 ds/min), 48,355,995 states left on queue.
@!@!@ENDMSG 2200 @!@!@
@!@!@STARTMSG 2200:0 @!@!@
Progress(16) at 2023-12-27 12:10:40: 397,119,963 states generated (3,603,199 s/min), 138,485,879 distinct states found (1,118,934 ds/min), 48,443,035 states left on queue.
@!@!@ENDMSG 2200 @!@!@
@!@!@STARTMSG 2200:0 @!@!@
Progress(16) at 2023-12-27 12:11:40: 400,736,131 states generated (3,616,168 s/min), 139,589,042 distinct states found (1,103,163 ds/min), 48,513,067 states left on queue.
@!@!@ENDMSG 2200 @!@!@
@!@!@STARTMSG 2200:0 @!@!@
Progress(16) at 2023-12-27 12:12:40: 404,359,693 states generated (3,623,562 s/min), 140,720,717 distinct states found (1,131,675 ds/min), 48,607,721 states left on queue.
@!@!@ENDMSG 2200 @!@!@
@!@!@STARTMSG 2200:0 @!@!@
Progress(16) at 2023-12-27 12:13:40: 407,965,192 states generated (3,605,499 s/min), 141,853,075 distinct states found (1,132,358 ds/min), 48,706,113 states left on queue.
@!@!@ENDMSG 2200 @!@!@
@!@!@STARTMSG 2200:0 @!@!@
Progress(16) at 2023-12-27 12:14:40: 411,567,702 states generated (3,602,510 s/min), 142,978,947 distinct states found (1,125,872 ds/min), 48,798,521 states left on queue.
@!@!@ENDMSG 2200 @!@!@
@!@!@STARTMSG 2200:0 @!@!@
Progress(16) at 2023-12-27 12:15:40: 415,265,839 states generated (3,698,137 s/min), 144,083,559 distinct states found (1,104,612 ds/min), 48,853,219 states left on queue.
@!@!@ENDMSG 2200 @!@!@
@!@!@STARTMSG 2200:0 @!@!@
Progress(17) at 2023-12-27 12:16:40: 418,969,015 states generated (3,703,176 s/min), 145,168,411 distinct states found (1,084,852 ds/min), 48,885,973 states left on queue.
@!@!@ENDMSG 2200 @!@!@
@!@!@STARTMSG 2200:0 @!@!@
Progress(17) at 2023-12-27 12:17:40: 422,567,821 states generated (3,598,806 s/min), 146,333,259 distinct states found (1,164,848 ds/min), 49,009,862 states left on queue.
@!@!@ENDMSG 2200 @!@!@
@!@!@STARTMSG 2200:0 @!@!@
Progress(17) at 2023-12-27 12:18:40: 426,227,196 states generated (3,659,375 s/min), 147,483,161 distinct states found (1,149,902 ds/min), 49,113,185 states left on queue.
@!@!@ENDMSG 2200 @!@!@
@!@!@STARTMSG 2200:0 @!@!@
Progress(17) at 2023-12-27 12:19:40: 429,884,787 states generated (3,657,591 s/min), 148,602,650 distinct states found (1,119,489 ds/min), 49,187,588 states left on queue.
@!@!@ENDMSG 2200 @!@!@
@!@!@STARTMSG 2200:0 @!@!@
Progress(17) at 2023-12-27 12:20:40: 433,656,591 states generated (3,771,804 s/min), 149,767,005 distinct states found (1,164,355 ds/min), 49,271,897 states left on queue.
@!@!@ENDMSG 2200 @!@!@
@!@!@STARTMSG 2200:0 @!@!@
Progress(17) at 2023-12-27 12:21:40: 437,472,105 states generated (3,815,514 s/min), 150,925,610 distinct states found (1,158,605 ds/min), 49,342,736 states left on queue.
@!@!@ENDMSG 2200 @!@!@
@!@!@STARTMSG 2200:0 @!@!@
Progress(17) at 2023-12-27 12:22:40: 441,188,059 states generated (3,715,954 s/min), 152,043,434 distinct states found (1,117,824 ds/min), 49,391,585 states left on queue.
@!@!@ENDMSG 2200 @!@!@
@!@!@STARTMSG 2200:0 @!@!@
Progress(17) at 2023-12-27 12:23:40: 444,931,558 states generated (3,743,499 s/min), 153,224,835 distinct states found (1,181,401 ds/min), 49,500,971 states left on queue.
@!@!@ENDMSG 2200 @!@!@
@!@!@STARTMSG 2200:0 @!@!@
Progress(17) at 2023-12-27 12:24:40: 448,717,899 states generated (3,786,341 s/min), 154,419,769 distinct states found (1,194,934 ds/min), 49,614,607 states left on queue.
@!@!@ENDMSG 2200 @!@!@
@!@!@STARTMSG 2200:0 @!@!@
Progress(17) at 2023-12-27 12:25:40: 452,448,327 states generated (3,730,428 s/min), 155,590,382 distinct states found (1,170,613 ds/min), 49,717,642 states left on queue.
@!@!@ENDMSG 2200 @!@!@
@!@!@STARTMSG 2200:0 @!@!@
Progress(17) at 2023-12-27 12:26:40: 456,146,213 states generated (3,697,886 s/min), 156,729,268 distinct states found (1,138,886 ds/min), 49,795,642 states left on queue.
@!@!@ENDMSG 2200 @!@!@
@!@!@STARTMSG 2200:0 @!@!@
Progress(17) at 2023-12-27 12:27:40: 459,852,576 states generated (3,706,363 s/min), 157,858,528 distinct states found (1,129,260 ds/min), 49,865,492 states left on queue.
@!@!@ENDMSG 2200 @!@!@
@!@!@STARTMSG 2195:0 @!@!@
Checkpointing of run /Volumes/StudyMaterials/Project/EESYSTEM_TOC/HybridProtocol_TLA.toolbox/Model_Strong_Causal/23-12-27-10-28-31
@!@!@ENDMSG 2195 @!@!@
@!@!@STARTMSG 2196:0 @!@!@
Checkpointing completed at (2023-12-27 12:28:41)
@!@!@ENDMSG 2196 @!@!@
@!@!@STARTMSG 2200:0 @!@!@
Progress(17) at 2023-12-27 12:28:41: 463,613,666 states generated (3,761,090 s/min), 158,982,466 distinct states found (1,123,938 ds/min), 49,916,670 states left on queue.
@!@!@ENDMSG 2200 @!@!@
@!@!@STARTMSG 2200:0 @!@!@
Progress(17) at 2023-12-27 12:29:41: 467,138,166 states generated (3,524,500 s/min), 159,857,871 distinct states found (875,405 ds/min), 49,721,493 states left on queue.
@!@!@ENDMSG 2200 @!@!@
@!@!@STARTMSG 2200:0 @!@!@
Progress(17) at 2023-12-27 12:30:41: 470,981,177 states generated (3,843,011 s/min), 161,005,092 distinct states found (1,147,221 ds/min), 49,785,586 states left on queue.
@!@!@ENDMSG 2200 @!@!@
@!@!@STARTMSG 2200:0 @!@!@
Progress(17) at 2023-12-27 12:31:41: 474,852,331 states generated (3,871,154 s/min), 162,147,627 distinct states found (1,142,535 ds/min), 49,841,408 states left on queue.
@!@!@ENDMSG 2200 @!@!@
@!@!@STARTMSG 2200:0 @!@!@
Progress(17) at 2023-12-27 12:32:41: 478,641,767 states generated (3,789,436 s/min), 163,265,656 distinct states found (1,118,029 ds/min), 49,891,057 states left on queue.
@!@!@ENDMSG 2200 @!@!@
@!@!@STARTMSG 2200:0 @!@!@
Progress(17) at 2023-12-27 12:33:41: 482,445,494 states generated (3,803,727 s/min), 164,378,680 distinct states found (1,113,024 ds/min), 49,933,795 states left on queue.
@!@!@ENDMSG 2200 @!@!@
@!@!@STARTMSG 2200:0 @!@!@
Progress(17) at 2023-12-27 12:34:41: 486,273,235 states generated (3,827,741 s/min), 165,510,440 distinct states found (1,131,760 ds/min), 49,989,254 states left on queue.
@!@!@ENDMSG 2200 @!@!@
@!@!@STARTMSG 2200:0 @!@!@
Progress(17) at 2023-12-27 12:35:41: 490,064,919 states generated (3,791,684 s/min), 166,634,608 distinct states found (1,124,168 ds/min), 50,047,615 states left on queue.
@!@!@ENDMSG 2200 @!@!@
@!@!@STARTMSG 2200:0 @!@!@
Progress(17) at 2023-12-27 12:36:41: 493,834,486 states generated (3,769,567 s/min), 167,743,066 distinct states found (1,108,458 ds/min), 50,097,046 states left on queue.
@!@!@ENDMSG 2200 @!@!@
@!@!@STARTMSG 2200:0 @!@!@
Progress(17) at 2023-12-27 12:37:41: 497,596,625 states generated (3,762,139 s/min), 168,868,584 distinct states found (1,125,518 ds/min), 50,159,100 states left on queue.
@!@!@ENDMSG 2200 @!@!@
@!@!@STARTMSG 2200:0 @!@!@
Progress(17) at 2023-12-27 12:38:41: 501,407,996 states generated (3,811,371 s/min), 169,994,256 distinct states found (1,125,672 ds/min), 50,212,711 states left on queue.
@!@!@ENDMSG 2200 @!@!@
@!@!@STARTMSG 2200:0 @!@!@
Progress(17) at 2023-12-27 12:39:41: 505,179,968 states generated (3,771,972 s/min), 171,073,369 distinct states found (1,079,113 ds/min), 50,234,864 states left on queue.
@!@!@ENDMSG 2200 @!@!@
@!@!@STARTMSG 2200:0 @!@!@
Progress(17) at 2023-12-27 12:40:41: 508,948,915 states generated (3,768,947 s/min), 172,210,036 distinct states found (1,136,667 ds/min), 50,305,549 states left on queue.
@!@!@ENDMSG 2200 @!@!@
@!@!@STARTMSG 2200:0 @!@!@
Progress(17) at 2023-12-27 12:41:41: 512,754,780 states generated (3,805,865 s/min), 173,316,917 distinct states found (1,106,881 ds/min), 50,346,378 states left on queue.
@!@!@ENDMSG 2200 @!@!@
@!@!@STARTMSG 2200:0 @!@!@
Progress(17) at 2023-12-27 12:42:41: 516,529,034 states generated (3,774,254 s/min), 174,476,765 distinct states found (1,159,848 ds/min), 50,344,644 states left on queue.
@!@!@ENDMSG 2200 @!@!@
@!@!@STARTMSG 2200:0 @!@!@
Progress(17) at 2023-12-27 12:43:41: 520,736,793 states generated (4,207,759 s/min), 175,877,904 distinct states found (1,401,139 ds/min), 50,534,513 states left on queue.
@!@!@ENDMSG 2200 @!@!@
@!@!@STARTMSG 2200:0 @!@!@
Progress(17) at 2023-12-27 12:44:41: 524,858,317 states generated (4,121,524 s/min), 177,247,540 distinct states found (1,369,636 ds/min), 50,710,297 states left on queue.
@!@!@ENDMSG 2200 @!@!@
@!@!@STARTMSG 2200:0 @!@!@
Progress(17) at 2023-12-27 12:45:41: 529,101,481 states generated (4,243,164 s/min), 178,599,157 distinct states found (1,351,617 ds/min), 50,858,339 states left on queue.
@!@!@ENDMSG 2200 @!@!@
@!@!@STARTMSG 2200:0 @!@!@
Progress(17) at 2023-12-27 12:46:41: 533,251,833 states generated (4,150,352 s/min), 179,982,650 distinct states found (1,383,493 ds/min), 51,057,896 states left on queue.
@!@!@ENDMSG 2200 @!@!@
@!@!@STARTMSG 2200:0 @!@!@
Progress(17) at 2023-12-27 12:47:41: 537,563,913 states generated (4,312,080 s/min), 181,340,968 distinct states found (1,358,318 ds/min), 51,223,259 states left on queue.
@!@!@ENDMSG 2200 @!@!@
@!@!@STARTMSG 2200:0 @!@!@
Progress(17) at 2023-12-27 12:48:41: 541,602,073 states generated (4,038,160 s/min), 182,708,045 distinct states found (1,367,077 ds/min), 51,417,119 states left on queue.
@!@!@ENDMSG 2200 @!@!@
@!@!@STARTMSG 2200:0 @!@!@
Progress(17) at 2023-12-27 12:49:41: 545,742,992 states generated (4,140,919 s/min), 184,057,081 distinct states found (1,349,036 ds/min), 51,583,829 states left on queue.
@!@!@ENDMSG 2200 @!@!@
@!@!@STARTMSG 2200:0 @!@!@
Progress(17) at 2023-12-27 12:50:41: 549,901,479 states generated (4,158,487 s/min), 185,408,172 distinct states found (1,351,091 ds/min), 51,752,598 states left on queue.
@!@!@ENDMSG 2200 @!@!@
@!@!@STARTMSG 2200:0 @!@!@
Progress(17) at 2023-12-27 12:51:41: 554,057,574 states generated (4,156,095 s/min), 186,765,948 distinct states found (1,357,776 ds/min), 51,919,660 states left on queue.
@!@!@ENDMSG 2200 @!@!@
@!@!@STARTMSG 2200:0 @!@!@
Progress(17) at 2023-12-27 12:52:41: 558,139,878 states generated (4,082,304 s/min), 188,102,884 distinct states found (1,336,936 ds/min), 52,081,468 states left on queue.
@!@!@ENDMSG 2200 @!@!@
@!@!@STARTMSG 2200:0 @!@!@
Progress(17) at 2023-12-27 12:53:41: 562,348,965 states generated (4,209,087 s/min), 189,464,333 distinct states found (1,361,449 ds/min), 52,260,466 states left on queue.
@!@!@ENDMSG 2200 @!@!@
@!@!@STARTMSG 2200:0 @!@!@
Progress(17) at 2023-12-27 12:54:41: 566,472,720 states generated (4,123,755 s/min), 190,819,084 distinct states found (1,354,751 ds/min), 52,440,081 states left on queue.
@!@!@ENDMSG 2200 @!@!@
@!@!@STARTMSG 2200:0 @!@!@
Progress(17) at 2023-12-27 12:55:41: 570,601,184 states generated (4,128,464 s/min), 192,172,247 distinct states found (1,353,163 ds/min), 52,621,533 states left on queue.
@!@!@ENDMSG 2200 @!@!@
@!@!@STARTMSG 2200:0 @!@!@
Progress(17) at 2023-12-27 12:56:41: 574,718,737 states generated (4,117,553 s/min), 193,526,136 distinct states found (1,353,889 ds/min), 52,786,524 states left on queue.
@!@!@ENDMSG 2200 @!@!@
@!@!@STARTMSG 2200:0 @!@!@
Progress(17) at 2023-12-27 12:57:41: 578,696,544 states generated (3,977,807 s/min), 194,829,358 distinct states found (1,303,222 ds/min), 52,954,373 states left on queue.
@!@!@ENDMSG 2200 @!@!@
@!@!@STARTMSG 2195:0 @!@!@
Checkpointing of run /Volumes/StudyMaterials/Project/EESYSTEM_TOC/HybridProtocol_TLA.toolbox/Model_Strong_Causal/23-12-27-10-28-31
@!@!@ENDMSG 2195 @!@!@
@!@!@STARTMSG 2196:0 @!@!@
Checkpointing completed at (2023-12-27 12:58:42)
@!@!@ENDMSG 2196 @!@!@
@!@!@STARTMSG 2200:0 @!@!@
Progress(17) at 2023-12-27 12:58:42: 582,769,745 states generated (4,073,201 s/min), 196,158,339 distinct states found (1,328,981 ds/min), 53,114,536 states left on queue.
@!@!@ENDMSG 2200 @!@!@
@!@!@STARTMSG 2200:0 @!@!@
Progress(17) at 2023-12-27 12:59:42: 586,961,260 states generated (4,191,515 s/min), 197,482,347 distinct states found (1,324,008 ds/min), 53,271,796 states left on queue.
@!@!@ENDMSG 2200 @!@!@
@!@!@STARTMSG 2200:0 @!@!@
Progress(17) at 2023-12-27 13:00:42: 590,978,737 states generated (4,017,477 s/min), 198,778,989 distinct states found (1,296,642 ds/min), 53,446,627 states left on queue.
@!@!@ENDMSG 2200 @!@!@
@!@!@STARTMSG 2200:0 @!@!@
Progress(17) at 2023-12-27 13:01:42: 594,872,443 states generated (3,893,706 s/min), 200,105,203 distinct states found (1,326,214 ds/min), 53,638,521 states left on queue.
@!@!@ENDMSG 2200 @!@!@
@!@!@STARTMSG 2200:0 @!@!@
Progress(17) at 2023-12-27 13:02:42: 598,931,881 states generated (4,059,438 s/min), 201,447,459 distinct states found (1,342,256 ds/min), 53,809,489 states left on queue.
@!@!@ENDMSG 2200 @!@!@
@!@!@STARTMSG 2200:0 @!@!@
Progress(17) at 2023-12-27 13:03:42: 603,112,493 states generated (4,180,612 s/min), 202,789,449 distinct states found (1,341,990 ds/min), 53,973,713 states left on queue.
@!@!@ENDMSG 2200 @!@!@
@!@!@STARTMSG 2200:0 @!@!@
Progress(17) at 2023-12-27 13:04:42: 607,192,229 states generated (4,079,736 s/min), 204,114,665 distinct states found (1,325,216 ds/min), 54,141,932 states left on queue.
@!@!@ENDMSG 2200 @!@!@
@!@!@STARTMSG 2200:0 @!@!@
Progress(17) at 2023-12-27 13:05:42: 611,295,247 states generated (4,103,018 s/min), 205,425,420 distinct states found (1,310,755 ds/min), 54,295,844 states left on queue.
@!@!@ENDMSG 2200 @!@!@
@!@!@STARTMSG 2200:0 @!@!@
Progress(17) at 2023-12-27 13:06:42: 615,435,659 states generated (4,140,412 s/min), 206,791,452 distinct states found (1,366,032 ds/min), 54,477,391 states left on queue.
@!@!@ENDMSG 2200 @!@!@
@!@!@STARTMSG 2200:0 @!@!@
Progress(17) at 2023-12-27 13:07:42: 619,549,267 states generated (4,113,608 s/min), 208,171,710 distinct states found (1,380,258 ds/min), 54,666,941 states left on queue.
@!@!@ENDMSG 2200 @!@!@
@!@!@STARTMSG 2200:0 @!@!@
Progress(17) at 2023-12-27 13:08:42: 623,882,903 states generated (4,333,636 s/min), 209,570,141 distinct states found (1,398,431 ds/min), 54,837,963 states left on queue.
@!@!@ENDMSG 2200 @!@!@
@!@!@STARTMSG 2200:0 @!@!@
Progress(17) at 2023-12-27 13:09:42: 628,134,873 states generated (4,251,970 s/min), 210,960,210 distinct states found (1,390,069 ds/min), 55,016,940 states left on queue.
@!@!@ENDMSG 2200 @!@!@
@!@!@STARTMSG 2200:0 @!@!@
Progress(17) at 2023-12-27 13:10:42: 632,270,503 states generated (4,135,630 s/min), 212,327,443 distinct states found (1,367,233 ds/min), 55,194,711 states left on queue.
@!@!@ENDMSG 2200 @!@!@
@!@!@STARTMSG 2200:0 @!@!@
Progress(17) at 2023-12-27 13:11:42: 636,508,275 states generated (4,237,772 s/min), 213,683,574 distinct states found (1,356,131 ds/min), 55,350,977 states left on queue.
@!@!@ENDMSG 2200 @!@!@
@!@!@STARTMSG 2200:0 @!@!@
Progress(17) at 2023-12-27 13:12:42: 640,768,423 states generated (4,260,148 s/min), 214,976,668 distinct states found (1,293,094 ds/min), 55,437,747 states left on queue.
@!@!@ENDMSG 2200 @!@!@
@!@!@STARTMSG 2200:0 @!@!@
Progress(17) at 2023-12-27 13:13:42: 645,187,245 states generated (4,418,822 s/min), 216,363,150 distinct states found (1,386,482 ds/min), 55,593,061 states left on queue.
@!@!@ENDMSG 2200 @!@!@
@!@!@STARTMSG 2200:0 @!@!@
Progress(17) at 2023-12-27 13:14:42: 649,504,141 states generated (4,316,896 s/min), 217,667,233 distinct states found (1,304,083 ds/min), 55,717,270 states left on queue.
@!@!@ENDMSG 2200 @!@!@
@!@!@STARTMSG 2200:0 @!@!@
Progress(17) at 2023-12-27 13:15:42: 653,932,827 states generated (4,428,686 s/min), 219,048,517 distinct states found (1,381,284 ds/min), 55,881,216 states left on queue.
@!@!@ENDMSG 2200 @!@!@
@!@!@STARTMSG 2200:0 @!@!@
Progress(17) at 2023-12-27 13:16:42: 658,366,969 states generated (4,434,142 s/min), 220,397,668 distinct states found (1,349,151 ds/min), 56,012,931 states left on queue.
@!@!@ENDMSG 2200 @!@!@
@!@!@STARTMSG 2200:0 @!@!@
Progress(17) at 2023-12-27 13:17:42: 662,802,610 states generated (4,435,641 s/min), 221,778,743 distinct states found (1,381,075 ds/min), 56,173,327 states left on queue.
@!@!@ENDMSG 2200 @!@!@
@!@!@STARTMSG 2200:0 @!@!@
Progress(17) at 2023-12-27 13:18:42: 667,234,907 states generated (4,432,297 s/min), 223,139,714 distinct states found (1,360,971 ds/min), 56,314,134 states left on queue.
@!@!@ENDMSG 2200 @!@!@
@!@!@STARTMSG 2200:0 @!@!@
Progress(17) at 2023-12-27 13:19:42: 671,667,872 states generated (4,432,965 s/min), 224,497,184 distinct states found (1,357,470 ds/min), 56,465,011 states left on queue.
@!@!@ENDMSG 2200 @!@!@
@!@!@STARTMSG 2200:0 @!@!@
Progress(17) at 2023-12-27 13:20:42: 675,907,655 states generated (4,239,783 s/min), 225,839,022 distinct states found (1,341,838 ds/min), 56,619,974 states left on queue.
@!@!@ENDMSG 2200 @!@!@
@!@!@STARTMSG 2200:0 @!@!@
Progress(17) at 2023-12-27 13:21:42: 680,309,545 states generated (4,401,890 s/min), 227,174,562 distinct states found (1,335,540 ds/min), 56,757,104 states left on queue.
@!@!@ENDMSG 2200 @!@!@
@!@!@STARTMSG 2200:0 @!@!@
Progress(17) at 2023-12-27 13:22:43: 684,618,205 states generated (4,308,660 s/min), 228,513,565 distinct states found (1,339,003 ds/min), 56,899,530 states left on queue.
@!@!@ENDMSG 2200 @!@!@
@!@!@STARTMSG 2200:0 @!@!@
Progress(17) at 2023-12-27 13:23:43: 689,035,270 states generated (4,417,065 s/min), 229,866,139 distinct states found (1,352,574 ds/min), 57,044,039 states left on queue.
@!@!@ENDMSG 2200 @!@!@
@!@!@STARTMSG 2200:0 @!@!@
Progress(18) at 2023-12-27 13:24:43: 694,253,250 states generated (5,217,980 s/min), 231,456,878 distinct states found (1,590,739 ds/min), 57,351,567 states left on queue.
@!@!@ENDMSG 2200 @!@!@
@!@!@STARTMSG 2200:0 @!@!@
Progress(18) at 2023-12-27 13:25:43: 700,951,516 states generated (6,698,266 s/min), 233,606,149 distinct states found (2,149,271 ds/min), 58,020,900 states left on queue.
@!@!@ENDMSG 2200 @!@!@
@!@!@STARTMSG 2200:0 @!@!@
Progress(18) at 2023-12-27 13:26:43: 707,764,378 states generated (6,812,862 s/min), 235,710,902 distinct states found (2,104,753 ds/min), 58,636,491 states left on queue.
@!@!@ENDMSG 2200 @!@!@
@!@!@STARTMSG 2200:0 @!@!@
Progress(18) at 2023-12-27 13:27:43: 714,590,754 states generated (6,826,376 s/min), 237,726,975 distinct states found (2,016,073 ds/min), 59,148,362 states left on queue.
@!@!@ENDMSG 2200 @!@!@
@!@!@STARTMSG 2195:0 @!@!@
Checkpointing of run /Volumes/StudyMaterials/Project/EESYSTEM_TOC/HybridProtocol_TLA.toolbox/Model_Strong_Causal/23-12-27-10-28-31
@!@!@ENDMSG 2195 @!@!@
@!@!@STARTMSG 2196:0 @!@!@
Checkpointing completed at (2023-12-27 13:28:44)
@!@!@ENDMSG 2196 @!@!@
@!@!@STARTMSG 2200:0 @!@!@
Progress(18) at 2023-12-27 13:28:44: 721,679,862 states generated (7,089,108 s/min), 239,873,155 distinct states found (2,146,180 ds/min), 59,780,498 states left on queue.
@!@!@ENDMSG 2200 @!@!@
@!@!@STARTMSG 2200:0 @!@!@
Progress(18) at 2023-12-27 13:29:44: 728,542,679 states generated (6,862,817 s/min), 241,882,276 distinct states found (2,009,121 ds/min), 60,325,756 states left on queue.
@!@!@ENDMSG 2200 @!@!@
@!@!@STARTMSG 2200:0 @!@!@
Progress(18) at 2023-12-27 13:30:44: 735,376,739 states generated (6,834,060 s/min), 243,976,409 distinct states found (2,094,133 ds/min), 60,935,702 states left on queue.
@!@!@ENDMSG 2200 @!@!@
@!@!@STARTMSG 2200:0 @!@!@
Progress(18) at 2023-12-27 13:31:44: 742,193,792 states generated (6,817,053 s/min), 246,107,918 distinct states found (2,131,509 ds/min), 61,566,954 states left on queue.
@!@!@ENDMSG 2200 @!@!@
@!@!@STARTMSG 2200:0 @!@!@
Progress(18) at 2023-12-27 13:32:44: 749,127,292 states generated (6,933,500 s/min), 248,213,911 distinct states found (2,105,993 ds/min), 62,165,301 states left on queue.
@!@!@ENDMSG 2200 @!@!@
@!@!@STARTMSG 2200:0 @!@!@
Progress(18) at 2023-12-27 13:33:44: 756,076,024 states generated (6,948,732 s/min), 250,301,226 distinct states found (2,087,315 ds/min), 62,739,862 states left on queue.
@!@!@ENDMSG 2200 @!@!@
@!@!@STARTMSG 2200:0 @!@!@
Progress(18) at 2023-12-27 13:34:44: 763,195,845 states generated (7,119,821 s/min), 252,395,475 distinct states found (2,094,249 ds/min), 63,316,059 states left on queue.
@!@!@ENDMSG 2200 @!@!@
@!@!@STARTMSG 2200:0 @!@!@
Progress(18) at 2023-12-27 13:35:44: 769,945,076 states generated (6,749,231 s/min), 254,444,828 distinct states found (2,049,353 ds/min), 63,908,449 states left on queue.
@!@!@ENDMSG 2200 @!@!@
@!@!@STARTMSG 2200:0 @!@!@
Progress(18) at 2023-12-27 13:36:44: 776,995,451 states generated (7,050,375 s/min), 256,558,725 distinct states found (2,113,897 ds/min), 64,505,476 states left on queue.
@!@!@ENDMSG 2200 @!@!@
@!@!@STARTMSG 2200:0 @!@!@
Progress(18) at 2023-12-27 13:37:44: 783,813,778 states generated (6,818,327 s/min), 258,682,494 distinct states found (2,123,769 ds/min), 65,120,420 states left on queue.
@!@!@ENDMSG 2200 @!@!@
@!@!@STARTMSG 2200:0 @!@!@
Progress(18) at 2023-12-27 13:38:44: 790,763,632 states generated (6,949,854 s/min), 260,791,091 distinct states found (2,108,597 ds/min), 65,723,638 states left on queue.
@!@!@ENDMSG 2200 @!@!@
@!@!@STARTMSG 2200:0 @!@!@
Progress(18) at 2023-12-27 13:39:44: 797,391,882 states generated (6,628,250 s/min), 262,727,559 distinct states found (1,936,468 ds/min), 66,223,490 states left on queue.
@!@!@ENDMSG 2200 @!@!@
@!@!@STARTMSG 2200:0 @!@!@
Progress(18) at 2023-12-27 13:40:44: 804,406,024 states generated (7,014,142 s/min), 264,730,955 distinct states found (2,003,396 ds/min), 66,748,882 states left on queue.
@!@!@ENDMSG 2200 @!@!@
@!@!@STARTMSG 2200:0 @!@!@
Progress(18) at 2023-12-27 13:41:44: 811,182,673 states generated (6,776,649 s/min), 266,836,279 distinct states found (2,105,324 ds/min), 67,394,991 states left on queue.
@!@!@ENDMSG 2200 @!@!@
@!@!@STARTMSG 2200:0 @!@!@
Progress(18) at 2023-12-27 13:42:44: 817,915,747 states generated (6,733,074 s/min), 268,957,826 distinct states found (2,121,547 ds/min), 68,031,259 states left on queue.
@!@!@ENDMSG 2200 @!@!@
@!@!@STARTMSG 2200:0 @!@!@
Progress(18) at 2023-12-27 13:43:44: 824,599,262 states generated (6,683,515 s/min), 270,982,237 distinct states found (2,024,411 ds/min), 68,594,852 states left on queue.
@!@!@ENDMSG 2200 @!@!@
@!@!@STARTMSG 2200:0 @!@!@
Progress(18) at 2023-12-27 13:44:44: 831,420,594 states generated (6,821,332 s/min), 273,051,038 distinct states found (2,068,801 ds/min), 69,186,016 states left on queue.
@!@!@ENDMSG 2200 @!@!@
@!@!@STARTMSG 2200:0 @!@!@
Progress(18) at 2023-12-27 13:45:44: 838,462,408 states generated (7,041,814 s/min), 275,082,278 distinct states found (2,031,240 ds/min), 69,714,409 states left on queue.
@!@!@ENDMSG 2200 @!@!@
@!@!@STARTMSG 2200:0 @!@!@
Progress(18) at 2023-12-27 13:46:44: 845,141,321 states generated (6,678,913 s/min), 277,085,204 distinct states found (2,002,926 ds/min), 70,291,177 states left on queue.
@!@!@ENDMSG 2200 @!@!@
@!@!@STARTMSG 2200:0 @!@!@
Progress(18) at 2023-12-27 13:47:44: 851,697,296 states generated (6,555,975 s/min), 279,186,970 distinct states found (2,101,766 ds/min), 70,945,741 states left on queue.
@!@!@ENDMSG 2200 @!@!@
@!@!@STARTMSG 2200:0 @!@!@
Progress(18) at 2023-12-27 13:48:44: 858,558,035 states generated (6,860,739 s/min), 281,247,790 distinct states found (2,060,820 ds/min), 71,503,830 states left on queue.
@!@!@ENDMSG 2200 @!@!@
@!@!@STARTMSG 2200:0 @!@!@
Progress(18) at 2023-12-27 13:49:44: 865,261,676 states generated (6,703,641 s/min), 283,290,229 distinct states found (2,042,439 ds/min), 72,082,789 states left on queue.
@!@!@ENDMSG 2200 @!@!@
@!@!@STARTMSG 2200:0 @!@!@
Progress(18) at 2023-12-27 13:50:44: 871,994,491 states generated (6,732,815 s/min), 285,304,080 distinct states found (2,013,851 ds/min), 72,652,983 states left on queue.
@!@!@ENDMSG 2200 @!@!@
@!@!@STARTMSG 2200:0 @!@!@
Progress(18) at 2023-12-27 13:51:44: 878,665,107 states generated (6,670,616 s/min), 287,223,340 distinct states found (1,919,260 ds/min), 73,147,097 states left on queue.
@!@!@ENDMSG 2200 @!@!@
@!@!@STARTMSG 2200:0 @!@!@
Progress(18) at 2023-12-27 13:52:44: 885,655,225 states generated (6,990,118 s/min), 289,166,955 distinct states found (1,943,615 ds/min), 73,609,364 states left on queue.
@!@!@ENDMSG 2200 @!@!@
@!@!@STARTMSG 2200:0 @!@!@
Progress(18) at 2023-12-27 13:53:44: 892,445,828 states generated (6,790,603 s/min), 291,015,177 distinct states found (1,848,222 ds/min), 73,990,671 states left on queue.
@!@!@ENDMSG 2200 @!@!@
@!@!@STARTMSG 2200:0 @!@!@
Progress(18) at 2023-12-27 13:54:44: 899,310,776 states generated (6,864,948 s/min), 292,919,610 distinct states found (1,904,433 ds/min), 74,446,107 states left on queue.
@!@!@ENDMSG 2200 @!@!@
@!@!@STARTMSG 2200:0 @!@!@
Progress(18) at 2023-12-27 13:55:44: 905,802,345 states generated (6,491,569 s/min), 294,772,538 distinct states found (1,852,928 ds/min), 74,891,701 states left on queue.
@!@!@ENDMSG 2200 @!@!@
@!@!@STARTMSG 2200:0 @!@!@
Progress(18) at 2023-12-27 13:56:44: 912,724,900 states generated (6,922,555 s/min), 296,690,515 distinct states found (1,917,977 ds/min), 75,340,948 states left on queue.
@!@!@ENDMSG 2200 @!@!@
@!@!@STARTMSG 2200:0 @!@!@
Progress(18) at 2023-12-27 13:57:45: 919,487,706 states generated (6,762,806 s/min), 298,571,104 distinct states found (1,880,589 ds/min), 75,768,941 states left on queue.
@!@!@ENDMSG 2200 @!@!@
@!@!@STARTMSG 2195:0 @!@!@
Checkpointing of run /Volumes/StudyMaterials/Project/EESYSTEM_TOC/HybridProtocol_TLA.toolbox/Model_Strong_Causal/23-12-27-10-28-31
@!@!@ENDMSG 2195 @!@!@
@!@!@STARTMSG 2196:0 @!@!@
Checkpointing completed at (2023-12-27 13:58:46)
@!@!@ENDMSG 2196 @!@!@
@!@!@STARTMSG 2200:0 @!@!@
Progress(18) at 2023-12-27 13:58:46: 926,572,801 states generated (7,085,095 s/min), 300,559,561 distinct states found (1,988,457 ds/min), 76,244,748 states left on queue.
@!@!@ENDMSG 2200 @!@!@
@!@!@STARTMSG 2200:0 @!@!@
Progress(18) at 2023-12-27 13:59:46: 933,389,041 states generated (6,816,240 s/min), 302,537,171 distinct states found (1,977,610 ds/min), 76,745,103 states left on queue.
@!@!@ENDMSG 2200 @!@!@
@!@!@STARTMSG 2200:0 @!@!@
Progress(18) at 2023-12-27 14:00:46: 940,449,797 states generated (7,060,756 s/min), 304,442,751 distinct states found (1,905,580 ds/min), 77,157,070 states left on queue.
@!@!@ENDMSG 2200 @!@!@
@!@!@STARTMSG 2200:0 @!@!@
Progress(18) at 2023-12-27 14:01:46: 947,283,741 states generated (6,833,944 s/min), 306,420,857 distinct states found (1,978,106 ds/min), 77,653,991 states left on queue.
@!@!@ENDMSG 2200 @!@!@
@!@!@STARTMSG 2200:0 @!@!@
Progress(18) at 2023-12-27 14:02:46: 954,167,651 states generated (6,883,910 s/min), 308,298,122 distinct states found (1,877,265 ds/min), 78,070,180 states left on queue.
@!@!@ENDMSG 2200 @!@!@
@!@!@STARTMSG 2200:0 @!@!@
Progress(19) at 2023-12-27 14:03:46: 960,089,416 states generated (5,921,765 s/min), 309,752,279 distinct states found (1,454,157 ds/min), 78,294,429 states left on queue.
@!@!@ENDMSG 2200 @!@!@
@!@!@STARTMSG 2200:0 @!@!@
Progress(19) at 2023-12-27 14:04:46: 966,365,780 states generated (6,276,364 s/min), 311,241,191 distinct states found (1,488,912 ds/min), 78,462,480 states left on queue.
@!@!@ENDMSG 2200 @!@!@
@!@!@STARTMSG 2200:0 @!@!@
Progress(19) at 2023-12-27 14:05:46: 973,338,463 states generated (6,972,683 s/min), 312,818,273 distinct states found (1,577,082 ds/min), 78,581,547 states left on queue.
@!@!@ENDMSG 2200 @!@!@
@!@!@STARTMSG 2200:0 @!@!@
Progress(19) at 2023-12-27 14:06:46: 980,549,570 states generated (7,211,107 s/min), 314,510,739 distinct states found (1,692,466 ds/min), 78,763,441 states left on queue.
@!@!@ENDMSG 2200 @!@!@
@!@!@STARTMSG 2200:0 @!@!@
Progress(19) at 2023-12-27 14:07:46: 988,198,123 states generated (7,648,553 s/min), 316,184,458 distinct states found (1,673,719 ds/min), 78,823,632 states left on queue.
@!@!@ENDMSG 2200 @!@!@
@!@!@STARTMSG 2200:0 @!@!@
Progress(19) at 2023-12-27 14:08:46: 995,681,364 states generated (7,483,241 s/min), 317,804,475 distinct states found (1,620,017 ds/min), 78,885,906 states left on queue.
@!@!@ENDMSG 2200 @!@!@
@!@!@STARTMSG 2200:0 @!@!@
Progress(19) at 2023-12-27 14:09:46: 1,003,191,010 states generated (7,509,646 s/min), 319,362,957 distinct states found (1,558,482 ds/min), 78,881,250 states left on queue.
@!@!@ENDMSG 2200 @!@!@
@!@!@STARTMSG 2200:0 @!@!@
Progress(19) at 2023-12-27 14:10:46: 1,010,539,167 states generated (7,348,157 s/min), 321,002,722 distinct states found (1,639,765 ds/min), 78,991,618 states left on queue.
@!@!@ENDMSG 2200 @!@!@
@!@!@STARTMSG 2200:0 @!@!@
Progress(19) at 2023-12-27 14:11:46: 1,018,652,468 states generated (8,113,301 s/min), 322,822,298 distinct states found (1,819,576 ds/min), 79,115,809 states left on queue.
@!@!@ENDMSG 2200 @!@!@
@!@!@STARTMSG 2200:0 @!@!@
Progress(19) at 2023-12-27 14:12:46: 1,026,837,917 states generated (8,185,449 s/min), 324,696,750 distinct states found (1,874,452 ds/min), 79,275,848 states left on queue.
@!@!@ENDMSG 2200 @!@!@
@!@!@STARTMSG 2200:0 @!@!@
Progress(19) at 2023-12-27 14:13:46: 1,034,402,925 states generated (7,565,008 s/min), 326,369,805 distinct states found (1,673,055 ds/min), 79,356,934 states left on queue.
@!@!@ENDMSG 2200 @!@!@
@!@!@STARTMSG 2200:0 @!@!@
Progress(19) at 2023-12-27 14:14:47: 1,042,283,324 states generated (7,880,399 s/min), 328,197,860 distinct states found (1,828,055 ds/min), 79,532,952 states left on queue.
@!@!@ENDMSG 2200 @!@!@
@!@!@STARTMSG 2200:0 @!@!@
Progress(19) at 2023-12-27 14:15:47: 1,050,400,866 states generated (8,117,542 s/min), 329,928,305 distinct states found (1,730,445 ds/min), 79,571,022 states left on queue.
@!@!@ENDMSG 2200 @!@!@
@!@!@STARTMSG 2200:0 @!@!@
Progress(19) at 2023-12-27 14:16:47: 1,058,322,733 states generated (7,921,867 s/min), 331,641,586 distinct states found (1,713,281 ds/min), 79,636,726 states left on queue.
@!@!@ENDMSG 2200 @!@!@
@!@!@STARTMSG 2200:0 @!@!@
Progress(19) at 2023-12-27 14:17:47: 1,066,325,445 states generated (8,002,712 s/min), 333,331,415 distinct states found (1,689,829 ds/min), 79,660,609 states left on queue.
@!@!@ENDMSG 2200 @!@!@
@!@!@STARTMSG 2200:0 @!@!@
Progress(19) at 2023-12-27 14:18:47: 1,073,817,569 states generated (7,492,124 s/min), 335,010,511 distinct states found (1,679,096 ds/min), 79,774,699 states left on queue.
@!@!@ENDMSG 2200 @!@!@
@!@!@STARTMSG 2200:0 @!@!@
Progress(19) at 2023-12-27 14:19:47: 1,081,616,496 states generated (7,798,927 s/min), 336,763,429 distinct states found (1,752,918 ds/min), 79,897,493 states left on queue.
@!@!@ENDMSG 2200 @!@!@
@!@!@STARTMSG 2200:0 @!@!@
Progress(19) at 2023-12-27 14:20:47: 1,089,956,008 states generated (8,339,512 s/min), 338,679,464 distinct states found (1,916,035 ds/min), 80,055,160 states left on queue.
@!@!@ENDMSG 2200 @!@!@
@!@!@STARTMSG 2200:0 @!@!@
Progress(19) at 2023-12-27 14:21:47: 1,098,038,162 states generated (8,082,154 s/min), 340,463,487 distinct states found (1,784,023 ds/min), 80,149,363 states left on queue.
@!@!@ENDMSG 2200 @!@!@
@!@!@STARTMSG 2200:0 @!@!@
Progress(19) at 2023-12-27 14:22:47: 1,105,354,837 states generated (7,316,675 s/min), 341,972,028 distinct states found (1,508,541 ds/min), 80,138,420 states left on queue.
@!@!@ENDMSG 2200 @!@!@
@!@!@STARTMSG 2200:0 @!@!@
Progress(19) at 2023-12-27 14:23:47: 1,112,452,856 states generated (7,098,019 s/min), 343,473,593 distinct states found (1,501,565 ds/min), 80,158,252 states left on queue.
@!@!@ENDMSG 2200 @!@!@
@!@!@STARTMSG 2200:0 @!@!@
Progress(19) at 2023-12-27 14:24:47: 1,120,143,812 states generated (7,690,956 s/min), 345,036,527 distinct states found (1,562,934 ds/min), 80,128,317 states left on queue.
@!@!@ENDMSG 2200 @!@!@
@!@!@STARTMSG 2200:0 @!@!@
Progress(19) at 2023-12-27 14:25:47: 1,128,180,038 states generated (8,036,226 s/min), 346,904,956 distinct states found (1,868,429 ds/min), 80,318,264 states left on queue.
@!@!@ENDMSG 2200 @!@!@
@!@!@STARTMSG 2200:0 @!@!@
Progress(19) at 2023-12-27 14:26:47: 1,136,246,194 states generated (8,066,156 s/min), 348,784,834 distinct states found (1,879,878 ds/min), 80,509,309 states left on queue.
@!@!@ENDMSG 2200 @!@!@
@!@!@STARTMSG 2200:0 @!@!@
Progress(19) at 2023-12-27 14:27:47: 1,143,792,736 states generated (7,546,542 s/min), 350,548,582 distinct states found (1,763,748 ds/min), 80,677,420 states left on queue.
@!@!@ENDMSG 2200 @!@!@
@!@!@STARTMSG 2195:0 @!@!@
Checkpointing of run /Volumes/StudyMaterials/Project/EESYSTEM_TOC/HybridProtocol_TLA.toolbox/Model_Strong_Causal/23-12-27-10-28-31
@!@!@ENDMSG 2195 @!@!@
@!@!@STARTMSG 2196:0 @!@!@
Checkpointing completed at (2023-12-27 14:28:48)
@!@!@ENDMSG 2196 @!@!@
@!@!@STARTMSG 2200:0 @!@!@
Progress(19) at 2023-12-27 14:28:48: 1,151,611,734 states generated (7,818,998 s/min), 352,270,388 distinct states found (1,721,806 ds/min), 80,763,883 states left on queue.
@!@!@ENDMSG 2200 @!@!@
@!@!@STARTMSG 2200:0 @!@!@
Progress(19) at 2023-12-27 14:29:48: 1,158,507,334 states generated (6,895,600 s/min), 353,772,994 distinct states found (1,502,606 ds/min), 80,828,595 states left on queue.
@!@!@ENDMSG 2200 @!@!@
@!@!@STARTMSG 2200:0 @!@!@
Progress(19) at 2023-12-27 14:30:48: 1,166,512,148 states generated (8,004,814 s/min), 355,437,450 distinct states found (1,664,456 ds/min), 80,826,857 states left on queue.
@!@!@ENDMSG 2200 @!@!@
@!@!@STARTMSG 2200:0 @!@!@
Progress(19) at 2023-12-27 14:31:48: 1,173,183,515 states generated (6,671,367 s/min), 356,787,129 distinct states found (1,349,679 ds/min), 80,791,481 states left on queue.
@!@!@ENDMSG 2200 @!@!@
@!@!@STARTMSG 2200:0 @!@!@
Progress(19) at 2023-12-27 14:32:48: 1,180,079,927 states generated (6,896,412 s/min), 358,373,577 distinct states found (1,586,448 ds/min), 80,942,465 states left on queue.
@!@!@ENDMSG 2200 @!@!@
@!@!@STARTMSG 2200:0 @!@!@
Progress(19) at 2023-12-27 14:33:48: 1,186,856,895 states generated (6,776,968 s/min), 359,955,889 distinct states found (1,582,312 ds/min), 81,106,228 states left on queue.
@!@!@ENDMSG 2200 @!@!@
@!@!@STARTMSG 2200:0 @!@!@
Progress(19) at 2023-12-27 14:34:48: 1,193,412,718 states generated (6,555,823 s/min), 361,440,117 distinct states found (1,484,228 ds/min), 81,211,532 states left on queue.
@!@!@ENDMSG 2200 @!@!@
@!@!@STARTMSG 2200:0 @!@!@
Progress(19) at 2023-12-27 14:35:48: 1,199,765,445 states generated (6,352,727 s/min), 362,882,944 distinct states found (1,442,827 ds/min), 81,315,805 states left on queue.
@!@!@ENDMSG 2200 @!@!@
@!@!@STARTMSG 2200:0 @!@!@
Progress(19) at 2023-12-27 14:36:49: 1,205,532,359 states generated (5,766,914 s/min), 364,170,920 distinct states found (1,287,976 ds/min), 81,399,445 states left on queue.
@!@!@ENDMSG 2200 @!@!@
@!@!@STARTMSG 2200:0 @!@!@
Progress(19) at 2023-12-27 14:37:49: 1,211,437,778 states generated (5,905,419 s/min), 365,486,384 distinct states found (1,315,464 ds/min), 81,480,914 states left on queue.
@!@!@ENDMSG 2200 @!@!@
@!@!@STARTMSG 2200:0 @!@!@
Progress(19) at 2023-12-27 14:38:49: 1,217,522,599 states generated (6,084,821 s/min), 366,760,628 distinct states found (1,274,244 ds/min), 81,488,049 states left on queue.
@!@!@ENDMSG 2200 @!@!@
@!@!@STARTMSG 2200:0 @!@!@
Progress(19) at 2023-12-27 14:39:49: 1,223,940,539 states generated (6,417,940 s/min), 368,072,143 distinct states found (1,311,515 ds/min), 81,462,609 states left on queue.
@!@!@ENDMSG 2200 @!@!@
@!@!@STARTMSG 2200:0 @!@!@
Progress(19) at 2023-12-27 14:40:49: 1,230,553,881 states generated (6,613,342 s/min), 369,367,338 distinct states found (1,295,195 ds/min), 81,390,062 states left on queue.
@!@!@ENDMSG 2200 @!@!@
@!@!@STARTMSG 2200:0 @!@!@
Progress(19) at 2023-12-27 14:41:49: 1,237,455,388 states generated (6,901,507 s/min), 370,845,400 distinct states found (1,478,062 ds/min), 81,424,845 states left on queue.
@!@!@ENDMSG 2200 @!@!@
@!@!@STARTMSG 2200:0 @!@!@
Progress(19) at 2023-12-27 14:42:49: 1,244,270,784 states generated (6,815,396 s/min), 372,187,185 distinct states found (1,341,785 ds/min), 81,330,892 states left on queue.
@!@!@ENDMSG 2200 @!@!@
@!@!@STARTMSG 2200:0 @!@!@
Progress(19) at 2023-12-27 14:43:49: 1,250,953,848 states generated (6,683,064 s/min), 373,566,216 distinct states found (1,379,031 ds/min), 81,318,901 states left on queue.
@!@!@ENDMSG 2200 @!@!@
@!@!@STARTMSG 2200:0 @!@!@
Progress(19) at 2023-12-27 14:44:49: 1,257,781,032 states generated (6,827,184 s/min), 375,018,193 distinct states found (1,451,977 ds/min), 81,336,794 states left on queue.
@!@!@ENDMSG 2200 @!@!@
@!@!@STARTMSG 2200:0 @!@!@
Progress(19) at 2023-12-27 14:45:49: 1,264,957,801 states generated (7,176,769 s/min), 376,473,083 distinct states found (1,454,890 ds/min), 81,293,593 states left on queue.
@!@!@ENDMSG 2200 @!@!@
@!@!@STARTMSG 2200:0 @!@!@
Progress(19) at 2023-12-27 14:46:49: 1,273,210,671 states generated (8,252,870 s/min), 378,191,835 distinct states found (1,718,752 ds/min), 81,290,766 states left on queue.
@!@!@ENDMSG 2200 @!@!@
@!@!@STARTMSG 2200:0 @!@!@
Progress(19) at 2023-12-27 14:47:49: 1,281,471,169 states generated (8,260,498 s/min), 379,878,211 distinct states found (1,686,376 ds/min), 81,241,519 states left on queue.
@!@!@ENDMSG 2200 @!@!@
@!@!@STARTMSG 2200:0 @!@!@
Progress(19) at 2023-12-27 14:48:49: 1,289,779,452 states generated (8,308,283 s/min), 381,624,432 distinct states found (1,746,221 ds/min), 81,252,992 states left on queue.
@!@!@ENDMSG 2200 @!@!@
@!@!@STARTMSG 2200:0 @!@!@
Progress(19) at 2023-12-27 14:49:49: 1,297,957,913 states generated (8,178,461 s/min), 383,412,506 distinct states found (1,788,074 ds/min), 81,323,903 states left on queue.
@!@!@ENDMSG 2200 @!@!@
@!@!@STARTMSG 2200:0 @!@!@
Progress(19) at 2023-12-27 14:50:49: 1,306,072,219 states generated (8,114,306 s/min), 385,061,378 distinct states found (1,648,872 ds/min), 81,276,384 states left on queue.
@!@!@ENDMSG 2200 @!@!@
@!@!@STARTMSG 2200:0 @!@!@
Progress(19) at 2023-12-27 14:51:49: 1,314,247,577 states generated (8,175,358 s/min), 386,675,178 distinct states found (1,613,800 ds/min), 81,188,117 states left on queue.
@!@!@ENDMSG 2200 @!@!@
@!@!@STARTMSG 2200:0 @!@!@
Progress(19) at 2023-12-27 14:52:49: 1,321,885,678 states generated (7,638,101 s/min), 388,333,405 distinct states found (1,658,227 ds/min), 81,238,139 states left on queue.
@!@!@ENDMSG 2200 @!@!@
@!@!@STARTMSG 2200:0 @!@!@
Progress(19) at 2023-12-27 14:53:49: 1,330,291,162 states generated (8,405,484 s/min), 389,996,732 distinct states found (1,663,327 ds/min), 81,153,289 states left on queue.
@!@!@ENDMSG 2200 @!@!@
@!@!@STARTMSG 2200:0 @!@!@
Progress(20) at 2023-12-27 14:54:49: 1,337,942,537 states generated (7,651,375 s/min), 391,353,243 distinct states found (1,356,511 ds/min), 80,609,265 states left on queue.
@!@!@ENDMSG 2200 @!@!@
@!@!@STARTMSG 2200:0 @!@!@
Progress(20) at 2023-12-27 14:55:49: 1,345,948,357 states generated (8,005,820 s/min), 392,665,145 distinct states found (1,311,902 ds/min), 79,911,969 states left on queue.
@!@!@ENDMSG 2200 @!@!@
@!@!@STARTMSG 2200:0 @!@!@
Progress(20) at 2023-12-27 14:56:49: 1,353,824,443 states generated (7,876,086 s/min), 394,010,870 distinct states found (1,345,725 ds/min), 79,277,570 states left on queue.
@!@!@ENDMSG 2200 @!@!@
@!@!@STARTMSG 2200:0 @!@!@
Progress(20) at 2023-12-27 14:57:49: 1,361,285,192 states generated (7,460,749 s/min), 395,234,965 distinct states found (1,224,095 ds/min), 78,626,805 states left on queue.
@!@!@ENDMSG 2200 @!@!@
@!@!@STARTMSG 2195:0 @!@!@
Checkpointing of run /Volumes/StudyMaterials/Project/EESYSTEM_TOC/HybridProtocol_TLA.toolbox/Model_Strong_Causal/23-12-27-10-28-31
@!@!@ENDMSG 2195 @!@!@
@!@!@STARTMSG 2196:0 @!@!@
Checkpointing completed at (2023-12-27 14:58:50)
@!@!@ENDMSG 2196 @!@!@
@!@!@STARTMSG 2200:0 @!@!@
Progress(20) at 2023-12-27 14:58:50: 1,369,189,059 states generated (7,903,867 s/min), 396,377,745 distinct states found (1,142,780 ds/min), 77,788,942 states left on queue.
@!@!@ENDMSG 2200 @!@!@
@!@!@STARTMSG 2200:0 @!@!@
Progress(20) at 2023-12-27 14:59:50: 1,376,144,670 states generated (6,955,611 s/min), 397,460,125 distinct states found (1,082,380 ds/min), 77,127,202 states left on queue.
@!@!@ENDMSG 2200 @!@!@
@!@!@STARTMSG 2200:0 @!@!@
Progress(20) at 2023-12-27 15:00:50: 1,383,041,949 states generated (6,897,279 s/min), 398,574,010 distinct states found (1,113,885 ds/min), 76,510,648 states left on queue.
@!@!@ENDMSG 2200 @!@!@
@!@!@STARTMSG 2200:0 @!@!@
Progress(20) at 2023-12-27 15:01:50: 1,389,373,728 states generated (6,331,779 s/min), 399,646,266 distinct states found (1,072,256 ds/min), 75,991,838 states left on queue.
@!@!@ENDMSG 2200 @!@!@
@!@!@STARTMSG 2200:0 @!@!@
Progress(20) at 2023-12-27 15:02:51: 1,396,949,846 states generated (7,576,118 s/min), 400,892,674 distinct states found (1,246,408 ds/min), 75,334,167 states left on queue.
@!@!@ENDMSG 2200 @!@!@
@!@!@STARTMSG 2200:0 @!@!@
Progress(20) at 2023-12-27 15:03:51: 1,403,677,738 states generated (6,727,892 s/min), 401,985,692 distinct states found (1,093,018 ds/min), 74,738,629 states left on queue.
@!@!@ENDMSG 2200 @!@!@
@!@!@STARTMSG 2200:0 @!@!@
Progress(20) at 2023-12-27 15:04:51: 1,409,619,384 states generated (5,941,646 s/min), 402,951,291 distinct states found (965,599 ds/min), 74,211,373 states left on queue.
@!@!@ENDMSG 2200 @!@!@
@!@!@STARTMSG 2200:0 @!@!@
Progress(20) at 2023-12-27 15:05:51: 1,416,568,432 states generated (6,949,048 s/min), 404,020,635 distinct states found (1,069,344 ds/min), 73,538,714 states left on queue.
@!@!@ENDMSG 2200 @!@!@
@!@!@STARTMSG 2200:0 @!@!@
Progress(20) at 2023-12-27 15:06:51: 1,424,455,722 states generated (7,887,290 s/min), 405,211,804 distinct states found (1,191,169 ds/min), 72,751,988 states left on queue.
@!@!@ENDMSG 2200 @!@!@
@!@!@STARTMSG 2200:0 @!@!@
Progress(20) at 2023-12-27 15:07:51: 1,432,074,545 states generated (7,618,823 s/min), 406,438,527 distinct states found (1,226,723 ds/min), 72,066,691 states left on queue.
@!@!@ENDMSG 2200 @!@!@
@!@!@STARTMSG 2200:0 @!@!@
Progress(20) at 2023-12-27 15:08:51: 1,439,342,633 states generated (7,268,088 s/min), 407,591,638 distinct states found (1,153,111 ds/min), 71,396,584 states left on queue.
@!@!@ENDMSG 2200 @!@!@
@!@!@STARTMSG 2200:0 @!@!@
Progress(20) at 2023-12-27 15:09:51: 1,445,730,867 states generated (6,388,234 s/min), 408,664,909 distinct states found (1,073,271 ds/min), 70,862,953 states left on queue.
@!@!@ENDMSG 2200 @!@!@
@!@!@STARTMSG 2200:0 @!@!@
Progress(20) at 2023-12-27 15:10:51: 1,453,646,783 states generated (7,915,916 s/min), 409,970,435 distinct states found (1,305,526 ds/min), 70,180,563 states left on queue.
@!@!@ENDMSG 2200 @!@!@
@!@!@STARTMSG 2200:0 @!@!@
Progress(20) at 2023-12-27 15:11:51: 1,461,025,834 states generated (7,379,051 s/min), 411,064,513 distinct states found (1,094,078 ds/min), 69,425,079 states left on queue.
@!@!@ENDMSG 2200 @!@!@
@!@!@STARTMSG 2200:0 @!@!@
Progress(20) at 2023-12-27 15:12:51: 1,468,986,986 states generated (7,961,152 s/min), 412,242,211 distinct states found (1,177,698 ds/min), 68,606,626 states left on queue.
@!@!@ENDMSG 2200 @!@!@
@!@!@STARTMSG 2200:0 @!@!@
Progress(20) at 2023-12-27 15:13:51: 1,476,287,894 states generated (7,300,908 s/min), 413,314,591 distinct states found (1,072,380 ds/min), 67,849,705 states left on queue.
@!@!@ENDMSG 2200 @!@!@
@!@!@STARTMSG 2200:0 @!@!@
Progress(20) at 2023-12-27 15:14:51: 1,483,678,642 states generated (7,390,748 s/min), 414,600,540 distinct states found (1,285,949 ds/min), 67,279,103 states left on queue.
@!@!@ENDMSG 2200 @!@!@
@!@!@STARTMSG 2200:0 @!@!@
Progress(20) at 2023-12-27 15:15:51: 1,489,753,066 states generated (6,074,424 s/min), 415,630,372 distinct states found (1,029,832 ds/min), 66,783,138 states left on queue.
@!@!@ENDMSG 2200 @!@!@
@!@!@STARTMSG 2200:0 @!@!@
Progress(20) at 2023-12-27 15:16:51: 1,496,960,826 states generated (7,207,760 s/min), 416,836,542 distinct states found (1,206,170 ds/min), 66,176,868 states left on queue.
@!@!@ENDMSG 2200 @!@!@
@!@!@STARTMSG 2200:0 @!@!@
Progress(20) at 2023-12-27 15:17:51: 1,504,861,977 states generated (7,901,151 s/min), 418,165,532 distinct states found (1,328,990 ds/min), 65,520,478 states left on queue.
@!@!@ENDMSG 2200 @!@!@
@!@!@STARTMSG 2200:0 @!@!@
Progress(20) at 2023-12-27 15:18:51: 1,512,939,100 states generated (8,077,123 s/min), 419,367,297 distinct states found (1,201,765 ds/min), 64,697,587 states left on queue.
@!@!@ENDMSG 2200 @!@!@
@!@!@STARTMSG 2200:0 @!@!@
Progress(20) at 2023-12-27 15:19:51: 1,520,878,578 states generated (7,939,478 s/min), 420,485,527 distinct states found (1,118,230 ds/min), 63,827,086 states left on queue.
@!@!@ENDMSG 2200 @!@!@
@!@!@STARTMSG 2200:0 @!@!@
Progress(20) at 2023-12-27 15:20:51: 1,528,797,738 states generated (7,919,160 s/min), 421,789,026 distinct states found (1,303,499 ds/min), 63,143,088 states left on queue.
@!@!@ENDMSG 2200 @!@!@
@!@!@STARTMSG 2200:0 @!@!@
Progress(20) at 2023-12-27 15:21:51: 1,536,740,634 states generated (7,942,896 s/min), 423,172,936 distinct states found (1,383,910 ds/min), 62,531,556 states left on queue.
@!@!@ENDMSG 2200 @!@!@
@!@!@STARTMSG 2200:0 @!@!@
Progress(20) at 2023-12-27 15:22:51: 1,544,697,944 states generated (7,957,310 s/min), 424,473,666 distinct states found (1,300,730 ds/min), 61,830,704 states left on queue.
@!@!@ENDMSG 2200 @!@!@
@!@!@STARTMSG 2200:0 @!@!@
Progress(20) at 2023-12-27 15:23:51: 1,552,541,484 states generated (7,843,540 s/min), 425,755,447 distinct states found (1,281,781 ds/min), 61,143,730 states left on queue.
@!@!@ENDMSG 2200 @!@!@
@!@!@STARTMSG 2200:0 @!@!@
Progress(20) at 2023-12-27 15:24:51: 1,560,663,737 states generated (8,122,253 s/min), 426,964,723 distinct states found (1,209,276 ds/min), 60,316,831 states left on queue.
@!@!@ENDMSG 2200 @!@!@
@!@!@STARTMSG 2200:0 @!@!@
Progress(20) at 2023-12-27 15:25:51: 1,568,614,236 states generated (7,950,499 s/min), 428,082,830 distinct states found (1,118,107 ds/min), 59,442,964 states left on queue.
@!@!@ENDMSG 2200 @!@!@
@!@!@STARTMSG 2200:0 @!@!@
Progress(20) at 2023-12-27 15:26:51: 1,576,402,964 states generated (7,788,728 s/min), 429,256,528 distinct states found (1,173,698 ds/min), 58,662,056 states left on queue.
@!@!@ENDMSG 2200 @!@!@
@!@!@STARTMSG 2195:0 @!@!@
Checkpointing of run /Volumes/StudyMaterials/Project/EESYSTEM_TOC/HybridProtocol_TLA.toolbox/Model_Strong_Causal/23-12-27-10-28-31
@!@!@ENDMSG 2195 @!@!@
@!@!@STARTMSG 2196:0 @!@!@
Checkpointing completed at (2023-12-27 15:45:18)
@!@!@ENDMSG 2196 @!@!@
@!@!@STARTMSG 2200:0 @!@!@
Progress(20) at 2023-12-27 15:45:18: 1,583,917,526 states generated (7,514,562 s/min), 430,420,411 distinct states found (1,163,883 ds/min), 57,937,289 states left on queue.
@!@!@ENDMSG 2200 @!@!@
@!@!@STARTMSG 2200:0 @!@!@
Progress(20) at 2023-12-27 15:46:18: 1,591,861,411 states generated (7,943,885 s/min), 431,612,662 distinct states found (1,192,251 ds/min), 57,136,681 states left on queue.
@!@!@ENDMSG 2200 @!@!@
@!@!@STARTMSG 2200:0 @!@!@
Progress(20) at 2023-12-27 15:47:18: 1,599,597,147 states generated (7,735,736 s/min), 432,820,983 distinct states found (1,208,321 ds/min), 56,401,282 states left on queue.
@!@!@ENDMSG 2200 @!@!@
@!@!@STARTMSG 2200:0 @!@!@
Progress(20) at 2023-12-27 15:48:19: 1,607,277,876 states generated (7,680,729 s/min), 434,012,887 distinct states found (1,191,904 ds/min), 55,665,724 states left on queue.
@!@!@ENDMSG 2200 @!@!@
@!@!@STARTMSG 2200:0 @!@!@
Progress(20) at 2023-12-27 15:49:19: 1,614,755,662 states generated (7,477,786 s/min), 435,193,518 distinct states found (1,180,631 ds/min), 54,965,745 states left on queue.
@!@!@ENDMSG 2200 @!@!@
@!@!@STARTMSG 2200:0 @!@!@
Progress(20) at 2023-12-27 15:50:19: 1,622,541,421 states generated (7,785,759 s/min), 436,328,818 distinct states found (1,135,300 ds/min), 54,149,049 states left on queue.
@!@!@ENDMSG 2200 @!@!@
@!@!@STARTMSG 2200:0 @!@!@
Progress(20) at 2023-12-27 15:51:19: 1,629,844,541 states generated (7,303,120 s/min), 437,554,874 distinct states found (1,226,056 ds/min), 53,537,695 states left on queue.
@!@!@ENDMSG 2200 @!@!@
@!@!@STARTMSG 2200:0 @!@!@
Progress(20) at 2023-12-27 15:52:19: 1,637,441,553 states generated (7,597,012 s/min), 438,657,510 distinct states found (1,102,636 ds/min), 52,735,669 states left on queue.
@!@!@ENDMSG 2200 @!@!@
@!@!@STARTMSG 2200:0 @!@!@
Progress(20) at 2023-12-27 15:53:19: 1,644,696,437 states generated (7,254,884 s/min), 439,848,746 distinct states found (1,191,236 ds/min), 52,100,951 states left on queue.
@!@!@ENDMSG 2200 @!@!@
@!@!@STARTMSG 2200:0 @!@!@
Progress(20) at 2023-12-27 15:54:19: 1,648,552,821 states generated (3,856,384 s/min), 440,437,509 distinct states found (588,763 ds/min), 51,721,974 states left on queue.
@!@!@ENDMSG 2200 @!@!@
@!@!@STARTMSG 2200:0 @!@!@
Progress(20) at 2023-12-27 15:55:19: 1,652,660,353 states generated (4,107,532 s/min), 441,014,864 distinct states found (577,355 ds/min), 51,270,284 states left on queue.
@!@!@ENDMSG 2200 @!@!@
@!@!@STARTMSG 2200:0 @!@!@
Progress(21) at 2023-12-27 15:56:19: 1,656,503,743 states generated (3,843,390 s/min), 441,542,613 distinct states found (527,749 ds/min), 50,632,511 states left on queue.
@!@!@ENDMSG 2200 @!@!@
@!@!@STARTMSG 2200:0 @!@!@
Progress(21) at 2023-12-27 15:57:19: 1,660,188,860 states generated (3,685,117 s/min), 442,028,838 distinct states found (486,225 ds/min), 49,891,576 states left on queue.
@!@!@ENDMSG 2200 @!@!@
@!@!@STARTMSG 2200:0 @!@!@
Progress(21) at 2023-12-27 15:58:19: 1,665,688,113 states generated (5,499,253 s/min), 442,703,607 distinct states found (674,769 ds/min), 48,735,776 states left on queue.
@!@!@ENDMSG 2200 @!@!@
@!@!@STARTMSG 2200:0 @!@!@
Progress(21) at 2023-12-27 15:59:19: 1,670,299,874 states generated (4,611,761 s/min), 443,265,872 distinct states found (562,265 ds/min), 47,762,890 states left on queue.
@!@!@ENDMSG 2200 @!@!@
@!@!@STARTMSG 2195:0 @!@!@
Checkpointing of run /Volumes/StudyMaterials/Project/EESYSTEM_TOC/HybridProtocol_TLA.toolbox/Model_Strong_Causal/23-12-27-10-28-31
@!@!@ENDMSG 2195 @!@!@
@!@!@STARTMSG 2196:0 @!@!@
Checkpointing completed at (2023-12-27 16:19:32)
@!@!@ENDMSG 2196 @!@!@
@!@!@STARTMSG 2200:0 @!@!@
Progress(21) at 2023-12-27 16:19:32: 1,676,818,896 states generated (6,519,022 s/min), 443,999,900 distinct states found (734,028 ds/min), 46,328,609 states left on queue.
@!@!@ENDMSG 2200 @!@!@
@!@!@STARTMSG 2200:0 @!@!@
Progress(21) at 2023-12-27 16:20:32: 1,684,024,198 states generated (7,205,302 s/min), 444,884,862 distinct states found (884,962 ds/min), 44,815,095 states left on queue.
@!@!@ENDMSG 2200 @!@!@
@!@!@STARTMSG 2200:0 @!@!@
Progress(21) at 2023-12-27 16:37:22: 1,691,365,294 states generated (7,341,096 s/min), 445,804,863 distinct states found (920,001 ds/min), 43,291,213 states left on queue.
@!@!@ENDMSG 2200 @!@!@
@!@!@STARTMSG 2195:0 @!@!@
Checkpointing of run /Volumes/StudyMaterials/Project/EESYSTEM_TOC/HybridProtocol_TLA.toolbox/Model_Strong_Causal/23-12-27-10-28-31
@!@!@ENDMSG 2195 @!@!@
@!@!@STARTMSG 2196:0 @!@!@
Checkpointing completed at (2023-12-27 16:53:50)
@!@!@ENDMSG 2196 @!@!@
@!@!@STARTMSG 2200:0 @!@!@
Progress(21) at 2023-12-27 16:53:50: 1,698,997,493 states generated (7,632,199 s/min), 446,663,317 distinct states found (858,454 ds/min), 41,610,593 states left on queue.
@!@!@ENDMSG 2200 @!@!@
@!@!@STARTMSG 2200:0 @!@!@
Progress(21) at 2023-12-27 17:11:04: 1,706,321,451 states generated (7,323,958 s/min), 447,532,175 distinct states found (868,858 ds/min), 40,042,296 states left on queue.
@!@!@ENDMSG 2200 @!@!@
@!@!@STARTMSG 2195:0 @!@!@
Checkpointing of run /Volumes/StudyMaterials/Project/EESYSTEM_TOC/HybridProtocol_TLA.toolbox/Model_Strong_Causal/23-12-27-10-28-31
@!@!@ENDMSG 2195 @!@!@
@!@!@STARTMSG 2196:0 @!@!@
Checkpointing completed at (2023-12-27 17:27:21)
@!@!@ENDMSG 2196 @!@!@
@!@!@STARTMSG 2200:0 @!@!@
Progress(21) at 2023-12-27 17:27:21: 1,713,574,674 states generated (7,253,223 s/min), 448,440,428 distinct states found (908,253 ds/min), 38,535,646 states left on queue.
@!@!@ENDMSG 2200 @!@!@
@!@!@STARTMSG 2200:0 @!@!@
Progress(21) at 2023-12-27 17:43:39: 1,720,688,703 states generated (7,114,029 s/min), 449,199,635 distinct states found (759,207 ds/min), 36,928,524 states left on queue.
@!@!@ENDMSG 2200 @!@!@
@!@!@STARTMSG 2195:0 @!@!@
Checkpointing of run /Volumes/StudyMaterials/Project/EESYSTEM_TOC/HybridProtocol_TLA.toolbox/Model_Strong_Causal/23-12-27-10-28-31
@!@!@ENDMSG 2195 @!@!@
@!@!@STARTMSG 2196:0 @!@!@
Checkpointing completed at (2023-12-27 18:00:42)
@!@!@ENDMSG 2196 @!@!@
@!@!@STARTMSG 2200:0 @!@!@
Progress(21) at 2023-12-27 18:00:42: 1,728,066,217 states generated (7,377,514 s/min), 450,112,399 distinct states found (912,764 ds/min), 35,386,519 states left on queue.
@!@!@ENDMSG 2200 @!@!@
@!@!@STARTMSG 2200:0 @!@!@
Progress(21) at 2023-12-27 18:16:51: 1,734,946,747 states generated (6,880,530 s/min), 450,971,339 distinct states found (858,940 ds/min), 33,954,538 states left on queue.
@!@!@ENDMSG 2200 @!@!@
@!@!@STARTMSG 2195:0 @!@!@
Checkpointing of run /Volumes/StudyMaterials/Project/EESYSTEM_TOC/HybridProtocol_TLA.toolbox/Model_Strong_Causal/23-12-27-10-28-31
@!@!@ENDMSG 2195 @!@!@
@!@!@STARTMSG 2196:0 @!@!@
Checkpointing completed at (2023-12-27 18:34:12)
@!@!@ENDMSG 2196 @!@!@
@!@!@STARTMSG 2200:0 @!@!@
Progress(21) at 2023-12-27 18:34:12: 1,742,020,918 states generated (7,074,171 s/min), 451,801,666 distinct states found (830,327 ds/min), 32,431,051 states left on queue.
@!@!@ENDMSG 2200 @!@!@
@!@!@STARTMSG 2195:0 @!@!@
Checkpointing of run /Volumes/StudyMaterials/Project/EESYSTEM_TOC/HybridProtocol_TLA.toolbox/Model_Strong_Causal/23-12-27-10-28-31
@!@!@ENDMSG 2195 @!@!@
@!@!@STARTMSG 2196:0 @!@!@
Checkpointing completed at (2023-12-27 19:05:54)
@!@!@ENDMSG 2196 @!@!@
@!@!@STARTMSG 2200:0 @!@!@
Progress(21) at 2023-12-27 19:05:54: 1,749,013,322 states generated (6,992,404 s/min), 452,588,116 distinct states found (786,450 ds/min), 30,891,612 states left on queue.
@!@!@ENDMSG 2200 @!@!@
@!@!@STARTMSG 2200:0 @!@!@
Progress(21) at 2023-12-27 19:23:53: 1,756,190,489 states generated (7,177,167 s/min), 453,525,839 distinct states found (937,723 ds/min), 29,439,291 states left on queue.
@!@!@ENDMSG 2200 @!@!@
@!@!@STARTMSG 2195:0 @!@!@
Checkpointing of run /Volumes/StudyMaterials/Project/EESYSTEM_TOC/HybridProtocol_TLA.toolbox/Model_Strong_Causal/23-12-27-10-28-31
@!@!@ENDMSG 2195 @!@!@
@!@!@STARTMSG 2196:0 @!@!@
Checkpointing completed at (2023-12-27 19:41:55)
@!@!@ENDMSG 2196 @!@!@
@!@!@STARTMSG 2200:0 @!@!@
Progress(21) at 2023-12-27 19:41:55: 1,763,405,821 states generated (7,215,332 s/min), 454,363,991 distinct states found (838,152 ds/min), 27,876,360 states left on queue.
@!@!@ENDMSG 2200 @!@!@
@!@!@STARTMSG 2200:0 @!@!@
Progress(21) at 2023-12-27 19:59:36: 1,770,606,650 states generated (7,200,829 s/min), 455,106,100 distinct states found (742,109 ds/min), 26,223,992 states left on queue.
@!@!@ENDMSG 2200 @!@!@
@!@!@STARTMSG 2195:0 @!@!@
Checkpointing of run /Volumes/StudyMaterials/Project/EESYSTEM_TOC/HybridProtocol_TLA.toolbox/Model_Strong_Causal/23-12-27-10-28-31
@!@!@ENDMSG 2195 @!@!@
@!@!@STARTMSG 2196:0 @!@!@
Checkpointing completed at (2023-12-27 20:33:03)
@!@!@ENDMSG 2196 @!@!@
@!@!@STARTMSG 2200:0 @!@!@
Progress(21) at 2023-12-27 20:33:03: 1,777,618,509 states generated (7,011,859 s/min), 455,949,307 distinct states found (843,207 ds/min), 24,734,167 states left on queue.
@!@!@ENDMSG 2200 @!@!@
@!@!@STARTMSG 2200:0 @!@!@
Progress(21) at 2023-12-27 20:50:25: 1,784,856,567 states generated (7,238,058 s/min), 456,828,194 distinct states found (878,887 ds/min), 23,204,459 states left on queue.
@!@!@ENDMSG 2200 @!@!@
@!@!@STARTMSG 2200:0 @!@!@
Progress(21) at 2023-12-27 20:59:01: 1,791,716,357 states generated (6,859,790 s/min), 457,664,777 distinct states found (836,583 ds/min), 21,758,304 states left on queue.
@!@!@ENDMSG 2200 @!@!@
@!@!@STARTMSG 2200:0 @!@!@
Progress(21) at 2023-12-27 21:00:01: 1,798,763,094 states generated (7,046,737 s/min), 458,517,124 distinct states found (852,347 ds/min), 20,265,825 states left on queue.
@!@!@ENDMSG 2200 @!@!@
@!@!@STARTMSG 2200:0 @!@!@
Progress(21) at 2023-12-27 21:01:01: 1,806,158,497 states generated (7,395,403 s/min), 459,406,424 distinct states found (889,300 ds/min), 18,694,377 states left on queue.
@!@!@ENDMSG 2200 @!@!@
@!@!@STARTMSG 2200:0 @!@!@
Progress(22) at 2023-12-27 21:02:01: 1,812,495,766 states generated (6,337,269 s/min), 460,021,770 distinct states found (615,346 ds/min), 16,440,975 states left on queue.
@!@!@ENDMSG 2200 @!@!@
@!@!@STARTMSG 2200:0 @!@!@
Progress(22) at 2023-12-27 21:03:01: 1,818,625,851 states generated (6,130,085 s/min), 460,591,272 distinct states found (569,502 ds/min), 14,009,736 states left on queue.
@!@!@ENDMSG 2200 @!@!@
@!@!@STARTMSG 2195:0 @!@!@
Checkpointing of run /Volumes/StudyMaterials/Project/EESYSTEM_TOC/HybridProtocol_TLA.toolbox/Model_Strong_Causal/23-12-27-10-28-31
@!@!@ENDMSG 2195 @!@!@
@!@!@STARTMSG 2196:0 @!@!@
Checkpointing completed at (2023-12-27 21:04:02)
@!@!@ENDMSG 2196 @!@!@
@!@!@STARTMSG 2200:0 @!@!@
Progress(22) at 2023-12-27 21:04:02: 1,824,788,009 states generated (6,162,158 s/min), 461,131,959 distinct states found (540,687 ds/min), 11,535,174 states left on queue.
@!@!@ENDMSG 2200 @!@!@
@!@!@STARTMSG 2200:0 @!@!@
Progress(22) at 2023-12-27 21:05:02: 1,830,843,204 states generated (6,055,195 s/min), 461,689,750 distinct states found (557,791 ds/min), 9,128,534 states left on queue.
@!@!@ENDMSG 2200 @!@!@
@!@!@STARTMSG 2200:0 @!@!@
Progress(22) at 2023-12-27 21:06:02: 1,836,681,896 states generated (5,838,692 s/min), 462,222,074 distinct states found (532,324 ds/min), 6,802,878 states left on queue.
@!@!@ENDMSG 2200 @!@!@
@!@!@STARTMSG 2200:0 @!@!@
Progress(22) at 2023-12-27 21:07:02: 1,842,637,155 states generated (5,955,259 s/min), 462,793,262 distinct states found (571,188 ds/min), 4,463,063 states left on queue.
@!@!@ENDMSG 2200 @!@!@
@!@!@STARTMSG 2200:0 @!@!@
Progress(23) at 2023-12-27 21:08:02: 1,847,759,306 states generated (5,122,151 s/min), 463,188,553 distinct states found (395,291 ds/min), 1,485,906 states left on queue.
@!@!@ENDMSG 2200 @!@!@
@!@!@STARTMSG 2193:0 @!@!@
Model checking completed. No error has been found.
  Estimates of the probability that TLC did not check all reachable states
  because two distinct states had the same fingerprint:
  calculated (optimistic):  val = .035
  based on the actual fingerprints:  val = -1.1E-19
@!@!@ENDMSG 2193 @!@!@
@!@!@STARTMSG 2200:0 @!@!@
Progress(23) at 2023-12-27 21:08:30: 1,849,639,002 states generated (2,890,177 s/min), 463,293,301 distinct states found (723,924 ds/min), 0 states left on queue.
@!@!@ENDMSG 2200 @!@!@
@!@!@STARTMSG 2199:0 @!@!@
1849639002 states generated, 463293301 distinct states found, 0 states left on queue.
@!@!@ENDMSG 2199 @!@!@
@!@!@STARTMSG 2194:0 @!@!@
The depth of the complete state graph search is 23.
@!@!@ENDMSG 2194 @!@!@
@!@!@STARTMSG 2268:0 @!@!@
The average outdegree of the complete state graph is 1 (minimum is 0, the maximum 31 and the 95th percentile is 4).
@!@!@ENDMSG 2268 @!@!@
@!@!@STARTMSG 2186:0 @!@!@
Finished in 38398993ms at (2023-12-27 21:08:30)
@!@!@ENDMSG 2186 @!@!@
