@!@!@STARTMSG 2262:0 @!@!@
TLC2 Version 2.16 of 31 December 2020 (rev: cdddf55)
@!@!@ENDMSG 2262 @!@!@
@!@!@STARTMSG 2187:0 @!@!@
Running breadth-first search Model-Checking with fp 65 and seed 7384736805272809939 with 4 workers on 8 cores with 1214MB heap and 2730MB offheap memory [pid: 1209] (Mac OS X 10.16 x86_64, AdoptOpenJDK 14.0.1 x86_64, OffHeapDiskFPSet, DiskStateQueue).
@!@!@ENDMSG 2187 @!@!@
@!@!@STARTMSG 2220:0 @!@!@
Starting SANY...
@!@!@ENDMSG 2220 @!@!@
Parsing file /Volumes/StudyMaterials/Project/EESYSTEM_TOC/HybridProtocol_TLA.toolbox/Model_Strong_Causal/MC.tla
Parsing file /Volumes/StudyMaterials/Project/EESYSTEM_TOC/HybridProtocol_TLA.toolbox/Model_Strong_Causal/HybridProtocol_TLA.tla
Parsing file /Applications/TLA+ Toolbox.app/Contents/Eclipse/plugins/org.lamport.tlatools_1.0.0.202012311918/tla2sany/StandardModules/TLC.tla
Parsing file /Applications/TLA+ Toolbox.app/Contents/Eclipse/plugins/org.lamport.tlatools_1.0.0.202012311918/tla2sany/StandardModules/Naturals.tla
Parsing file /Applications/TLA+ Toolbox.app/Contents/Eclipse/plugins/org.lamport.tlatools_1.0.0.202012311918/tla2sany/StandardModules/FiniteSets.tla
Parsing file /Applications/TLA+ Toolbox.app/Contents/Eclipse/plugins/org.lamport.tlatools_1.0.0.202012311918/tla2sany/StandardModules/Sequences.tla
Semantic processing of module Naturals
Semantic processing of module Sequences
Semantic processing of module FiniteSets
Semantic processing of module HybridProtocol_TLA
Semantic processing of module TLC
Semantic processing of module MC
@!@!@STARTMSG 2219:0 @!@!@
SANY finished.
@!@!@ENDMSG 2219 @!@!@
@!@!@STARTMSG 2185:0 @!@!@
Starting... (2024-02-06 16:20:58)
@!@!@ENDMSG 2185 @!@!@
<< "$!@$!@$!@$!@$!",
   { <<1, 1>>,
     <<1, 2>>,
     <<1, 3>>,
     <<1, 4>>,
     <<1, 5>>,
     <<1, 6>>,
     <<2, 1>>,
     <<2, 2>>,
     <<2, 3>>,
     <<2, 4>>,
     <<2, 5>>,
     <<2, 6>>,
     <<3, 1>>,
     <<3, 2>>,
     <<3, 3>>,
     <<3, 4>>,
     <<3, 5>>,
     <<3, 6>>,
     <<4, 1>>,
     <<4, 2>>,
     <<4, 3>>,
     <<4, 4>>,
     <<4, 5>>,
     <<4, 6>>,
     <<5, 1>>,
     <<5, 2>>,
     <<5, 3>>,
     <<5, 4>>,
     <<5, 5>>,
     <<5, 6>> } >>
@!@!@STARTMSG 2189:0 @!@!@
Computing initial states...
@!@!@ENDMSG 2189 @!@!@
@!@!@STARTMSG 2190:0 @!@!@
Finished computing initial states: 1 distinct state generated at 2024-02-06 16:20:59.
@!@!@ENDMSG 2190 @!@!@
@!@!@STARTMSG 2200:0 @!@!@
Progress(5) at 2024-02-06 16:21:02: 11,703 states generated (11,703 s/min), 11,498 distinct states found (11,498 ds/min), 11,536 states left on queue.
@!@!@ENDMSG 2200 @!@!@
@!@!@STARTMSG 2200:0 @!@!@
Progress(5) at 2024-02-06 16:22:02: 572,927 states generated (561,224 s/min), 482,725 distinct states found (471,227 ds/min), 481,574 states left on queue.
@!@!@ENDMSG 2200 @!@!@
