@!@!@STARTMSG 2262:0 @!@!@
TLC2 Version 2.16 of 31 December 2020 (rev: cdddf55)
@!@!@ENDMSG 2262 @!@!@
@!@!@STARTMSG 2187:0 @!@!@
Running breadth-first search Model-Checking with fp 54 and seed -5437501690461831882 with 6 workers on 8 cores with 1943MB heap and 4368MB offheap memory [pid: 6787] (Mac OS X 10.16 x86_64, AdoptOpenJDK 14.0.1 x86_64, OffHeapDiskFPSet, DiskStateQueue).
@!@!@ENDMSG 2187 @!@!@
@!@!@STARTMSG 2220:0 @!@!@
Starting SANY...
@!@!@ENDMSG 2220 @!@!@
Parsing file /Volumes/StudyMaterials/Project/EESYSTEM_TOC/HybridProtocol_TLA.toolbox/Model_Strong_Causal/MC.tla
Parsing file /Volumes/StudyMaterials/Project/EESYSTEM_TOC/HybridProtocol_TLA.toolbox/Model_Strong_Causal/HybridProtocol_TLA.tla
Parsing file /Applications/TLA+ Toolbox.app/Contents/Eclipse/plugins/org.lamport.tlatools_1.0.0.202012311918/tla2sany/StandardModules/TLC.tla
Parsing file /Applications/TLA+ Toolbox.app/Contents/Eclipse/plugins/org.lamport.tlatools_1.0.0.202012311918/tla2sany/StandardModules/Naturals.tla
Parsing file /Applications/TLA+ Toolbox.app/Contents/Eclipse/plugins/org.lamport.tlatools_1.0.0.202012311918/tla2sany/StandardModules/FiniteSets.tla
Parsing file /Applications/TLA+ Toolbox.app/Contents/Eclipse/plugins/org.lamport.tlatools_1.0.0.202012311918/tla2sany/StandardModules/Sequences.tla
Semantic processing of module Naturals
Semantic processing of module Sequences
Semantic processing of module FiniteSets
Semantic processing of module HybridProtocol_TLA
Semantic processing of module TLC
Semantic processing of module MC
@!@!@STARTMSG 2219:0 @!@!@
SANY finished.
@!@!@ENDMSG 2219 @!@!@
@!@!@STARTMSG 2185:0 @!@!@
Starting... (2024-03-01 20:32:32)
@!@!@ENDMSG 2185 @!@!@
@!@!@STARTMSG 2189:0 @!@!@
Computing initial states...
@!@!@ENDMSG 2189 @!@!@
@!@!@STARTMSG 2190:0 @!@!@
Finished computing initial states: 1 distinct state generated at 2024-03-01 20:32:33.
@!@!@ENDMSG 2190 @!@!@
@!@!@STARTMSG 2200:0 @!@!@
Progress(7) at 2024-03-01 20:32:36: 34,092 states generated (34,092 s/min), 23,073 distinct states found (23,073 ds/min), 20,577 states left on queue.
@!@!@ENDMSG 2200 @!@!@
@!@!@STARTMSG 2200:0 @!@!@
Progress(10) at 2024-03-01 20:33:36: 6,687,803 states generated (6,653,711 s/min), 3,178,465 distinct states found (3,155,392 ds/min), 2,424,212 states left on queue.
@!@!@ENDMSG 2200 @!@!@
@!@!@STARTMSG 2200:0 @!@!@
Progress(10) at 2024-03-01 20:34:37: 12,931,479 states generated (6,243,676 s/min), 6,063,843 distinct states found (2,885,378 ds/min), 4,549,291 states left on queue.
@!@!@ENDMSG 2200 @!@!@
@!@!@STARTMSG 2200:0 @!@!@
Progress(10) at 2024-03-01 20:35:37: 18,938,924 states generated (6,007,445 s/min), 8,783,529 distinct states found (2,719,686 ds/min), 6,490,571 states left on queue.
@!@!@ENDMSG 2200 @!@!@
@!@!@STARTMSG 2200:0 @!@!@
Progress(11) at 2024-03-01 20:36:37: 24,606,417 states generated (5,667,493 s/min), 11,206,040 distinct states found (2,422,511 ds/min), 8,060,306 states left on queue.
@!@!@ENDMSG 2200 @!@!@
@!@!@STARTMSG 2200:0 @!@!@
Progress(11) at 2024-03-01 20:37:37: 30,413,047 states generated (5,806,630 s/min), 13,743,037 distinct states found (2,536,997 ds/min), 9,788,080 states left on queue.
@!@!@ENDMSG 2200 @!@!@
@!@!@STARTMSG 2200:0 @!@!@
Progress(11) at 2024-03-01 20:38:37: 36,511,712 states generated (6,098,665 s/min), 16,503,547 distinct states found (2,760,510 ds/min), 11,774,815 states left on queue.
@!@!@ENDMSG 2200 @!@!@
@!@!@STARTMSG 2200:0 @!@!@
Progress(11) at 2024-03-01 20:39:37: 42,467,955 states generated (5,956,243 s/min), 19,187,872 distinct states found (2,684,325 ds/min), 13,678,016 states left on queue.
@!@!@ENDMSG 2200 @!@!@
@!@!@STARTMSG 2200:0 @!@!@
Progress(11) at 2024-03-01 20:40:37: 48,111,024 states generated (5,643,069 s/min), 21,726,660 distinct states found (2,538,788 ds/min), 15,402,582 states left on queue.
@!@!@ENDMSG 2200 @!@!@
@!@!@STARTMSG 2200:0 @!@!@
Progress(11) at 2024-03-01 20:41:37: 53,369,413 states generated (5,258,389 s/min), 24,081,133 distinct states found (2,354,473 ds/min), 16,991,323 states left on queue.
@!@!@ENDMSG 2200 @!@!@
@!@!@STARTMSG 2200:0 @!@!@
Progress(11) at 2024-03-01 20:42:37: 59,181,798 states generated (5,812,385 s/min), 26,804,054 distinct states found (2,722,921 ds/min), 18,917,230 states left on queue.
@!@!@ENDMSG 2200 @!@!@
@!@!@STARTMSG 2200:0 @!@!@
Progress(11) at 2024-03-01 20:43:37: 64,709,125 states generated (5,527,327 s/min), 29,188,185 distinct states found (2,384,131 ds/min), 20,420,671 states left on queue.
@!@!@ENDMSG 2200 @!@!@
@!@!@STARTMSG 2200:0 @!@!@
Progress(11) at 2024-03-01 20:44:37: 69,519,184 states generated (4,810,059 s/min), 31,162,776 distinct states found (1,974,591 ds/min), 21,460,590 states left on queue.
@!@!@ENDMSG 2200 @!@!@
@!@!@STARTMSG 2114:1 @!@!@
Deadlock reached.
@!@!@ENDMSG 2114 @!@!@
@!@!@STARTMSG 2121:1 @!@!@
The behavior up to this point is:
@!@!@ENDMSG 2121 @!@!@
@!@!@STARTMSG 2217:4 @!@!@
1: <Initial predicate>
/\ sentMsg = {}
/\ executed = <<{}, {}, {}>>
/\ crtInst = <<1, 1, 1>>
/\ clk = <<0, 0, 0>>
/\ ballots = 1
/\ cmdLog = <<{}, {}, {}>>
/\ leaderOfInst = <<{}, {}, {}>>
/\ committed = ( <<1, 1>> :> {} @@
  <<1, 2>> :> {} @@
  <<2, 1>> :> {} @@
  <<2, 2>> :> {} @@
  <<3, 1>> :> {} @@
  <<3, 2>> :> {} )
/\ proposed = {}
/\ preparing = <<{}, {}, {}>>

@!@!@ENDMSG 2217 @!@!@
@!@!@STARTMSG 2217:4 @!@!@
2: <CommandLeaderAction line 1816, col 9 to line 1819, col 72 of module HybridProtocol_TLA>
/\ sentMsg = {[type |-> "commit", inst |-> <<2, 1>>, ballot |-> <<0, 2>>, cmd |-> [op |-> [key |-> "x", type |-> "w"]], deps |-> {}, seq |-> 2, consistency |-> "causal", ctxid |-> 1, commit_order |-> 0, clk |-> 1]}
/\ executed = <<{}, {}, {}>>
/\ crtInst = <<1, 2, 1>>
/\ clk = <<0, 1, 0>>
/\ ballots = 1
/\ cmdLog = <<{}, {[inst |-> <<2, 1>>, status |-> "causally-committed", state |-> "done", ballot |-> <<0, 2>>, cmd |-> [op |-> [key |-> "x", type |-> "w"]], deps |-> {}, seq |-> 2, consistency |-> "causal", ctxid |-> 1, execution_order |-> 0, execution_order_list |-> {}, commit_order |-> 0]}, {}>>
/\ leaderOfInst = <<{}, {<<2, 1>>}, {}>>
/\ committed = ( <<1, 1>> :> {} @@
  <<1, 2>> :> {} @@
  <<2, 1>> :> {} @@
  <<2, 2>> :> {} @@
  <<3, 1>> :> {} @@
  <<3, 2>> :> {} )
/\ proposed = {[op |-> [key |-> "x", type |-> "w"]]}
/\ preparing = <<{}, {}, {}>>

@!@!@ENDMSG 2217 @!@!@
@!@!@STARTMSG 2217:4 @!@!@
3: <CommandLeaderAction line 1816, col 9 to line 1819, col 72 of module HybridProtocol_TLA>
/\ sentMsg = {[type |-> "commit", inst |-> <<1, 1>>, ballot |-> <<0, 1>>, cmd |-> [op |-> [key |-> "y", type |-> "r"]], deps |-> {}, seq |-> 2, consistency |-> "causal", ctxid |-> 1, commit_order |-> 0, clk |-> 1], [type |-> "commit", inst |-> <<2, 1>>, ballot |-> <<0, 2>>, cmd |-> [op |-> [key |-> "x", type |-> "w"]], deps |-> {}, seq |-> 2, consistency |-> "causal", ctxid |-> 1, commit_order |-> 0, clk |-> 1]}
/\ executed = <<{}, {}, {}>>
/\ crtInst = <<2, 2, 1>>
/\ clk = <<1, 1, 0>>
/\ ballots = 1
/\ cmdLog = <<{[inst |-> <<1, 1>>, status |-> "causally-committed", state |-> "done", ballot |-> <<0, 1>>, cmd |-> [op |-> [key |-> "y", type |-> "r"]], deps |-> {}, seq |-> 2, consistency |-> "causal", ctxid |-> 1, execution_order |-> 0, execution_order_list |-> {}, commit_order |-> 0]}, {[inst |-> <<2, 1>>, status |-> "causally-committed", state |-> "done", ballot |-> <<0, 2>>, cmd |-> [op |-> [key |-> "x", type |-> "w"]], deps |-> {}, seq |-> 2, consistency |-> "causal", ctxid |-> 1, execution_order |-> 0, execution_order_list |-> {}, commit_order |-> 0]}, {}>>
/\ leaderOfInst = <<{<<1, 1>>}, {<<2, 1>>}, {}>>
/\ committed = ( <<1, 1>> :> {} @@
  <<1, 2>> :> {} @@
  <<2, 1>> :> {} @@
  <<2, 2>> :> {} @@
  <<3, 1>> :> {} @@
  <<3, 2>> :> {} )
/\ proposed = {[op |-> [key |-> "x", type |-> "w"]], [op |-> [key |-> "y", type |-> "r"]]}
/\ preparing = <<{}, {}, {}>>

@!@!@ENDMSG 2217 @!@!@
@!@!@STARTMSG 2217:4 @!@!@
4: <ReplicaAction line 1836, col 13 to line 1836, col 81 of module HybridProtocol_TLA>
/\ sentMsg = {[type |-> "commit", inst |-> <<1, 1>>, ballot |-> <<0, 1>>, cmd |-> [op |-> [key |-> "y", type |-> "r"]], deps |-> {}, seq |-> 2, consistency |-> "causal", ctxid |-> 1, commit_order |-> 0, clk |-> 1], [type |-> "commit", inst |-> <<2, 1>>, ballot |-> <<0, 2>>, cmd |-> [op |-> [key |-> "x", type |-> "w"]], deps |-> {}, seq |-> 2, consistency |-> "causal", ctxid |-> 1, commit_order |-> 0, clk |-> 1]}
/\ executed = <<{}, {}, {}>>
/\ crtInst = <<2, 2, 1>>
/\ clk = <<2, 1, 0>>
/\ ballots = 1
/\ cmdLog = <<{[inst |-> <<1, 1>>, status |-> "causally-committed", state |-> "done", ballot |-> <<0, 1>>, cmd |-> [op |-> [key |-> "y", type |-> "r"]], deps |-> {}, seq |-> 2, consistency |-> "causal", ctxid |-> 1, execution_order |-> 0, execution_order_list |-> {}, commit_order |-> 0], [inst |-> <<2, 1>>, status |-> "causally-committed", state |-> "done", ballot |-> <<0, 2>>, cmd |-> [op |-> [key |-> "x", type |-> "w"]], deps |-> {}, seq |-> 2, consistency |-> "causal", ctxid |-> 1, execution_order |-> 0, execution_order_list |-> {}, commit_order |-> 0]}, {[inst |-> <<2, 1>>, status |-> "causally-committed", state |-> "done", ballot |-> <<0, 2>>, cmd |-> [op |-> [key |-> "x", type |-> "w"]], deps |-> {}, seq |-> 2, consistency |-> "causal", ctxid |-> 1, execution_order |-> 0, execution_order_list |-> {}, commit_order |-> 0]}, {}>>
/\ leaderOfInst = <<{<<1, 1>>}, {<<2, 1>>}, {}>>
/\ committed = ( <<1, 1>> :> {} @@
  <<1, 2>> :> {} @@
  <<2, 1>> :> {<<[op |-> [key |-> "x", type |-> "w"]], {}, 2>>} @@
  <<2, 2>> :> {} @@
  <<3, 1>> :> {} @@
  <<3, 2>> :> {} )
/\ proposed = {[op |-> [key |-> "x", type |-> "w"]], [op |-> [key |-> "y", type |-> "r"]]}
/\ preparing = <<{}, {}, {}>>

@!@!@ENDMSG 2217 @!@!@
@!@!@STARTMSG 2217:4 @!@!@
5: <ReplicaAction line 1839, col 13 to line 1840, col 73 of module HybridProtocol_TLA>
/\ sentMsg = {[type |-> "prepare", inst |-> <<1, 1>>, ballot |-> <<1, 2>>, src |-> 2, dst |-> 2], [type |-> "prepare", inst |-> <<1, 1>>, ballot |-> <<1, 2>>, src |-> 2, dst |-> 3], [type |-> "commit", inst |-> <<1, 1>>, ballot |-> <<0, 1>>, cmd |-> [op |-> [key |-> "y", type |-> "r"]], deps |-> {}, seq |-> 2, consistency |-> "causal", ctxid |-> 1, commit_order |-> 0, clk |-> 1], [type |-> "commit", inst |-> <<2, 1>>, ballot |-> <<0, 2>>, cmd |-> [op |-> [key |-> "x", type |-> "w"]], deps |-> {}, seq |-> 2, consistency |-> "causal", ctxid |-> 1, commit_order |-> 0, clk |-> 1]}
/\ executed = <<{}, {}, {}>>
/\ crtInst = <<2, 2, 1>>
/\ clk = <<2, 1, 0>>
/\ ballots = 2
/\ cmdLog = <<{[inst |-> <<1, 1>>, status |-> "causally-committed", state |-> "done", ballot |-> <<0, 1>>, cmd |-> [op |-> [key |-> "y", type |-> "r"]], deps |-> {}, seq |-> 2, consistency |-> "causal", ctxid |-> 1, execution_order |-> 0, execution_order_list |-> {}, commit_order |-> 0], [inst |-> <<2, 1>>, status |-> "causally-committed", state |-> "done", ballot |-> <<0, 2>>, cmd |-> [op |-> [key |-> "x", type |-> "w"]], deps |-> {}, seq |-> 2, consistency |-> "causal", ctxid |-> 1, execution_order |-> 0, execution_order_list |-> {}, commit_order |-> 0]}, {[inst |-> <<2, 1>>, status |-> "causally-committed", state |-> "done", ballot |-> <<0, 2>>, cmd |-> [op |-> [key |-> "x", type |-> "w"]], deps |-> {}, seq |-> 2, consistency |-> "causal", ctxid |-> 1, execution_order |-> 0, execution_order_list |-> {}, commit_order |-> 0]}, {}>>
/\ leaderOfInst = <<{<<1, 1>>}, {<<2, 1>>}, {}>>
/\ committed = ( <<1, 1>> :> {} @@
  <<1, 2>> :> {} @@
  <<2, 1>> :> {<<[op |-> [key |-> "x", type |-> "w"]], {}, 2>>} @@
  <<2, 2>> :> {} @@
  <<3, 1>> :> {} @@
  <<3, 2>> :> {} )
/\ proposed = {[op |-> [key |-> "x", type |-> "w"]], [op |-> [key |-> "y", type |-> "r"]]}
/\ preparing = <<{}, {<<1, 1>>}, {}>>

@!@!@ENDMSG 2217 @!@!@
@!@!@STARTMSG 2217:4 @!@!@
6: <ReplicaAction line 1839, col 13 to line 1840, col 73 of module HybridProtocol_TLA>
/\ sentMsg = {[type |-> "prepare", inst |-> <<1, 1>>, ballot |-> <<1, 2>>, src |-> 2, dst |-> 2], [type |-> "prepare", inst |-> <<1, 1>>, ballot |-> <<1, 2>>, src |-> 2, dst |-> 3], [type |-> "prepare", inst |-> <<1, 1>>, ballot |-> <<2, 2>>, src |-> 2, dst |-> 2], [type |-> "prepare", inst |-> <<1, 1>>, ballot |-> <<2, 2>>, src |-> 2, dst |-> 3], [type |-> "commit", inst |-> <<1, 1>>, ballot |-> <<0, 1>>, cmd |-> [op |-> [key |-> "y", type |-> "r"]], deps |-> {}, seq |-> 2, consistency |-> "causal", ctxid |-> 1, commit_order |-> 0, clk |-> 1], [type |-> "commit", inst |-> <<2, 1>>, ballot |-> <<0, 2>>, cmd |-> [op |-> [key |-> "x", type |-> "w"]], deps |-> {}, seq |-> 2, consistency |-> "causal", ctxid |-> 1, commit_order |-> 0, clk |-> 1]}
/\ executed = <<{}, {}, {}>>
/\ crtInst = <<2, 2, 1>>
/\ clk = <<2, 1, 0>>
/\ ballots = 3
/\ cmdLog = <<{[inst |-> <<1, 1>>, status |-> "causally-committed", state |-> "done", ballot |-> <<0, 1>>, cmd |-> [op |-> [key |-> "y", type |-> "r"]], deps |-> {}, seq |-> 2, consistency |-> "causal", ctxid |-> 1, execution_order |-> 0, execution_order_list |-> {}, commit_order |-> 0], [inst |-> <<2, 1>>, status |-> "causally-committed", state |-> "done", ballot |-> <<0, 2>>, cmd |-> [op |-> [key |-> "x", type |-> "w"]], deps |-> {}, seq |-> 2, consistency |-> "causal", ctxid |-> 1, execution_order |-> 0, execution_order_list |-> {}, commit_order |-> 0]}, {[inst |-> <<2, 1>>, status |-> "causally-committed", state |-> "done", ballot |-> <<0, 2>>, cmd |-> [op |-> [key |-> "x", type |-> "w"]], deps |-> {}, seq |-> 2, consistency |-> "causal", ctxid |-> 1, execution_order |-> 0, execution_order_list |-> {}, commit_order |-> 0]}, {}>>
/\ leaderOfInst = <<{<<1, 1>>}, {<<2, 1>>}, {}>>
/\ committed = ( <<1, 1>> :> {} @@
  <<1, 2>> :> {} @@
  <<2, 1>> :> {<<[op |-> [key |-> "x", type |-> "w"]], {}, 2>>} @@
  <<2, 2>> :> {} @@
  <<3, 1>> :> {} @@
  <<3, 2>> :> {} )
/\ proposed = {[op |-> [key |-> "x", type |-> "w"]], [op |-> [key |-> "y", type |-> "r"]]}
/\ preparing = <<{}, {<<1, 1>>}, {}>>

@!@!@ENDMSG 2217 @!@!@
@!@!@STARTMSG 2217:4 @!@!@
7: <ReplicaAction line 1839, col 13 to line 1840, col 73 of module HybridProtocol_TLA>
/\ sentMsg = {[type |-> "prepare", inst |-> <<1, 1>>, ballot |-> <<1, 2>>, src |-> 2, dst |-> 2], [type |-> "prepare", inst |-> <<1, 1>>, ballot |-> <<1, 2>>, src |-> 2, dst |-> 3], [type |-> "prepare", inst |-> <<1, 1>>, ballot |-> <<2, 2>>, src |-> 2, dst |-> 2], [type |-> "prepare", inst |-> <<1, 1>>, ballot |-> <<2, 2>>, src |-> 2, dst |-> 3], [type |-> "prepare", inst |-> <<1, 1>>, ballot |-> <<3, 2>>, src |-> 2, dst |-> 2], [type |-> "prepare", inst |-> <<1, 1>>, ballot |-> <<3, 2>>, src |-> 2, dst |-> 3], [type |-> "commit", inst |-> <<1, 1>>, ballot |-> <<0, 1>>, cmd |-> [op |-> [key |-> "y", type |-> "r"]], deps |-> {}, seq |-> 2, consistency |-> "causal", ctxid |-> 1, commit_order |-> 0, clk |-> 1], [type |-> "commit", inst |-> <<2, 1>>, ballot |-> <<0, 2>>, cmd |-> [op |-> [key |-> "x", type |-> "w"]], deps |-> {}, seq |-> 2, consistency |-> "causal", ctxid |-> 1, commit_order |-> 0, clk |-> 1]}
/\ executed = <<{}, {}, {}>>
/\ crtInst = <<2, 2, 1>>
/\ clk = <<2, 1, 0>>
/\ ballots = 4
/\ cmdLog = <<{[inst |-> <<1, 1>>, status |-> "causally-committed", state |-> "done", ballot |-> <<0, 1>>, cmd |-> [op |-> [key |-> "y", type |-> "r"]], deps |-> {}, seq |-> 2, consistency |-> "causal", ctxid |-> 1, execution_order |-> 0, execution_order_list |-> {}, commit_order |-> 0], [inst |-> <<2, 1>>, status |-> "causally-committed", state |-> "done", ballot |-> <<0, 2>>, cmd |-> [op |-> [key |-> "x", type |-> "w"]], deps |-> {}, seq |-> 2, consistency |-> "causal", ctxid |-> 1, execution_order |-> 0, execution_order_list |-> {}, commit_order |-> 0]}, {[inst |-> <<2, 1>>, status |-> "causally-committed", state |-> "done", ballot |-> <<0, 2>>, cmd |-> [op |-> [key |-> "x", type |-> "w"]], deps |-> {}, seq |-> 2, consistency |-> "causal", ctxid |-> 1, execution_order |-> 0, execution_order_list |-> {}, commit_order |-> 0]}, {}>>
/\ leaderOfInst = <<{<<1, 1>>}, {<<2, 1>>}, {}>>
/\ committed = ( <<1, 1>> :> {} @@
  <<1, 2>> :> {} @@
  <<2, 1>> :> {<<[op |-> [key |-> "x", type |-> "w"]], {}, 2>>} @@
  <<2, 2>> :> {} @@
  <<3, 1>> :> {} @@
  <<3, 2>> :> {} )
/\ proposed = {[op |-> [key |-> "x", type |-> "w"]], [op |-> [key |-> "y", type |-> "r"]]}
/\ preparing = <<{}, {<<1, 1>>}, {}>>

@!@!@ENDMSG 2217 @!@!@
@!@!@STARTMSG 2217:4 @!@!@
8: <ReplicaAction line 1836, col 13 to line 1836, col 81 of module HybridProtocol_TLA>
/\ sentMsg = {[type |-> "prepare", inst |-> <<1, 1>>, ballot |-> <<1, 2>>, src |-> 2, dst |-> 2], [type |-> "prepare", inst |-> <<1, 1>>, ballot |-> <<1, 2>>, src |-> 2, dst |-> 3], [type |-> "prepare", inst |-> <<1, 1>>, ballot |-> <<2, 2>>, src |-> 2, dst |-> 2], [type |-> "prepare", inst |-> <<1, 1>>, ballot |-> <<2, 2>>, src |-> 2, dst |-> 3], [type |-> "prepare", inst |-> <<1, 1>>, ballot |-> <<3, 2>>, src |-> 2, dst |-> 2], [type |-> "prepare", inst |-> <<1, 1>>, ballot |-> <<3, 2>>, src |-> 2, dst |-> 3], [type |-> "commit", inst |-> <<1, 1>>, ballot |-> <<0, 1>>, cmd |-> [op |-> [key |-> "y", type |-> "r"]], deps |-> {}, seq |-> 2, consistency |-> "causal", ctxid |-> 1, commit_order |-> 0, clk |-> 1], [type |-> "commit", inst |-> <<2, 1>>, ballot |-> <<0, 2>>, cmd |-> [op |-> [key |-> "x", type |-> "w"]], deps |-> {}, seq |-> 2, consistency |-> "causal", ctxid |-> 1, commit_order |-> 0, clk |-> 1]}
/\ executed = <<{}, {}, {}>>
/\ crtInst = <<2, 2, 1>>
/\ clk = <<2, 2, 0>>
/\ ballots = 4
/\ cmdLog = <<{[inst |-> <<1, 1>>, status |-> "causally-committed", state |-> "done", ballot |-> <<0, 1>>, cmd |-> [op |-> [key |-> "y", type |-> "r"]], deps |-> {}, seq |-> 2, consistency |-> "causal", ctxid |-> 1, execution_order |-> 0, execution_order_list |-> {}, commit_order |-> 0], [inst |-> <<2, 1>>, status |-> "causally-committed", state |-> "done", ballot |-> <<0, 2>>, cmd |-> [op |-> [key |-> "x", type |-> "w"]], deps |-> {}, seq |-> 2, consistency |-> "causal", ctxid |-> 1, execution_order |-> 0, execution_order_list |-> {}, commit_order |-> 0]}, {[inst |-> <<1, 1>>, status |-> "causally-committed", state |-> "done", ballot |-> <<0, 1>>, cmd |-> [op |-> [key |-> "y", type |-> "r"]], deps |-> {}, seq |-> 2, consistency |-> "causal", ctxid |-> 1, execution_order |-> 0, execution_order_list |-> {}, commit_order |-> 0], [inst |-> <<2, 1>>, status |-> "causally-committed", state |-> "done", ballot |-> <<0, 2>>, cmd |-> [op |-> [key |-> "x", type |-> "w"]], deps |-> {}, seq |-> 2, consistency |-> "causal", ctxid |-> 1, execution_order |-> 0, execution_order_list |-> {}, commit_order |-> 0]}, {}>>
/\ leaderOfInst = <<{<<1, 1>>}, {<<2, 1>>}, {}>>
/\ committed = ( <<1, 1>> :> {<<[op |-> [key |-> "y", type |-> "r"]], {}, 2>>} @@
  <<1, 2>> :> {} @@
  <<2, 1>> :> {<<[op |-> [key |-> "x", type |-> "w"]], {}, 2>>} @@
  <<2, 2>> :> {} @@
  <<3, 1>> :> {} @@
  <<3, 2>> :> {} )
/\ proposed = {[op |-> [key |-> "x", type |-> "w"]], [op |-> [key |-> "y", type |-> "r"]]}
/\ preparing = <<{}, {<<1, 1>>}, {}>>

@!@!@ENDMSG 2217 @!@!@
@!@!@STARTMSG 2217:4 @!@!@
9: <ReplyPrepare line 1233, col 5 to line 1307, col 55 of module HybridProtocol_TLA>
/\ sentMsg = {[type |-> "prepare", inst |-> <<1, 1>>, ballot |-> <<1, 2>>, src |-> 2, dst |-> 2], [type |-> "prepare", inst |-> <<1, 1>>, ballot |-> <<1, 2>>, src |-> 2, dst |-> 3], [type |-> "prepare", inst |-> <<1, 1>>, ballot |-> <<2, 2>>, src |-> 2, dst |-> 2], [type |-> "prepare", inst |-> <<1, 1>>, ballot |-> <<2, 2>>, src |-> 2, dst |-> 3], [type |-> "prepare", inst |-> <<1, 1>>, ballot |-> <<3, 2>>, src |-> 2, dst |-> 3], [type |-> "commit", inst |-> <<1, 1>>, ballot |-> <<0, 1>>, cmd |-> [op |-> [key |-> "y", type |-> "r"]], deps |-> {}, seq |-> 2, consistency |-> "causal", ctxid |-> 1, commit_order |-> 0, clk |-> 1], [type |-> "commit", inst |-> <<2, 1>>, ballot |-> <<0, 2>>, cmd |-> [op |-> [key |-> "x", type |-> "w"]], deps |-> {}, seq |-> 2, consistency |-> "causal", ctxid |-> 1, commit_order |-> 0, clk |-> 1], [type |-> "prepare-reply", inst |-> <<1, 1>>, status |-> "causally-committed", ballot |-> <<3, 2>>, cmd |-> [op |-> [key |-> "y", type |-> "r"]], deps |-> {}, seq |-> 2, consistency |-> "causal", ctxid |-> 1, commit_order |-> 0, src |-> 2, dst |-> 2, clk |-> 2, prev_ballot |-> <<0, 1>>]}
/\ executed = <<{}, {}, {}>>
/\ crtInst = <<2, 2, 1>>
/\ clk = <<2, 3, 0>>
/\ ballots = 4
/\ cmdLog = <<{[inst |-> <<1, 1>>, status |-> "causally-committed", state |-> "done", ballot |-> <<0, 1>>, cmd |-> [op |-> [key |-> "y", type |-> "r"]], deps |-> {}, seq |-> 2, consistency |-> "causal", ctxid |-> 1, execution_order |-> 0, execution_order_list |-> {}, commit_order |-> 0], [inst |-> <<2, 1>>, status |-> "causally-committed", state |-> "done", ballot |-> <<0, 2>>, cmd |-> [op |-> [key |-> "x", type |-> "w"]], deps |-> {}, seq |-> 2, consistency |-> "causal", ctxid |-> 1, execution_order |-> 0, execution_order_list |-> {}, commit_order |-> 0]}, {[inst |-> <<1, 1>>, status |-> "causally-committed", state |-> "done", ballot |-> <<3, 2>>, cmd |-> [op |-> [key |-> "y", type |-> "r"]], deps |-> {}, seq |-> 2, consistency |-> "causal", ctxid |-> 1, execution_order |-> 0, execution_order_list |-> {}, commit_order |-> 0], [inst |-> <<2, 1>>, status |-> "causally-committed", state |-> "done", ballot |-> <<0, 2>>, cmd |-> [op |-> [key |-> "x", type |-> "w"]], deps |-> {}, seq |-> 2, consistency |-> "causal", ctxid |-> 1, execution_order |-> 0, execution_order_list |-> {}, commit_order |-> 0]}, {}>>
/\ leaderOfInst = <<{<<1, 1>>}, {<<2, 1>>}, {}>>
/\ committed = ( <<1, 1>> :> {<<[op |-> [key |-> "y", type |-> "r"]], {}, 2>>} @@
  <<1, 2>> :> {} @@
  <<2, 1>> :> {<<[op |-> [key |-> "x", type |-> "w"]], {}, 2>>} @@
  <<2, 2>> :> {} @@
  <<3, 1>> :> {} @@
  <<3, 2>> :> {} )
/\ proposed = {[op |-> [key |-> "x", type |-> "w"]], [op |-> [key |-> "y", type |-> "r"]]}
/\ preparing = <<{}, {<<1, 1>>}, {}>>

@!@!@ENDMSG 2217 @!@!@
@!@!@STARTMSG 2217:4 @!@!@
10: <ReplicaAction line 1836, col 13 to line 1836, col 81 of module HybridProtocol_TLA>
/\ sentMsg = {[type |-> "prepare", inst |-> <<1, 1>>, ballot |-> <<1, 2>>, src |-> 2, dst |-> 2], [type |-> "prepare", inst |-> <<1, 1>>, ballot |-> <<1, 2>>, src |-> 2, dst |-> 3], [type |-> "prepare", inst |-> <<1, 1>>, ballot |-> <<2, 2>>, src |-> 2, dst |-> 2], [type |-> "prepare", inst |-> <<1, 1>>, ballot |-> <<2, 2>>, src |-> 2, dst |-> 3], [type |-> "prepare", inst |-> <<1, 1>>, ballot |-> <<3, 2>>, src |-> 2, dst |-> 3], [type |-> "commit", inst |-> <<1, 1>>, ballot |-> <<0, 1>>, cmd |-> [op |-> [key |-> "y", type |-> "r"]], deps |-> {}, seq |-> 2, consistency |-> "causal", ctxid |-> 1, commit_order |-> 0, clk |-> 1], [type |-> "commit", inst |-> <<2, 1>>, ballot |-> <<0, 2>>, cmd |-> [op |-> [key |-> "x", type |-> "w"]], deps |-> {}, seq |-> 2, consistency |-> "causal", ctxid |-> 1, commit_order |-> 0, clk |-> 1], [type |-> "prepare-reply", inst |-> <<1, 1>>, status |-> "causally-committed", ballot |-> <<3, 2>>, cmd |-> [op |-> [key |-> "y", type |-> "r"]], deps |-> {}, seq |-> 2, consistency |-> "causal", ctxid |-> 1, commit_order |-> 0, src |-> 2, dst |-> 2, clk |-> 2, prev_ballot |-> <<0, 1>>]}
/\ executed = <<{}, {}, {}>>
/\ crtInst = <<2, 2, 1>>
/\ clk = <<2, 3, 2>>
/\ ballots = 4
/\ cmdLog = <<{[inst |-> <<1, 1>>, status |-> "causally-committed", state |-> "done", ballot |-> <<0, 1>>, cmd |-> [op |-> [key |-> "y", type |-> "r"]], deps |-> {}, seq |-> 2, consistency |-> "causal", ctxid |-> 1, execution_order |-> 0, execution_order_list |-> {}, commit_order |-> 0], [inst |-> <<2, 1>>, status |-> "causally-committed", state |-> "done", ballot |-> <<0, 2>>, cmd |-> [op |-> [key |-> "x", type |-> "w"]], deps |-> {}, seq |-> 2, consistency |-> "causal", ctxid |-> 1, execution_order |-> 0, execution_order_list |-> {}, commit_order |-> 0]}, {[inst |-> <<1, 1>>, status |-> "causally-committed", state |-> "done", ballot |-> <<3, 2>>, cmd |-> [op |-> [key |-> "y", type |-> "r"]], deps |-> {}, seq |-> 2, consistency |-> "causal", ctxid |-> 1, execution_order |-> 0, execution_order_list |-> {}, commit_order |-> 0], [inst |-> <<2, 1>>, status |-> "causally-committed", state |-> "done", ballot |-> <<0, 2>>, cmd |-> [op |-> [key |-> "x", type |-> "w"]], deps |-> {}, seq |-> 2, consistency |-> "causal", ctxid |-> 1, execution_order |-> 0, execution_order_list |-> {}, commit_order |-> 0]}, {[inst |-> <<2, 1>>, status |-> "causally-committed", state |-> "done", ballot |-> <<0, 2>>, cmd |-> [op |-> [key |-> "x", type |-> "w"]], deps |-> {}, seq |-> 2, consistency |-> "causal", ctxid |-> 1, execution_order |-> 0, execution_order_list |-> {}, commit_order |-> 0]}>>
/\ leaderOfInst = <<{<<1, 1>>}, {<<2, 1>>}, {}>>
/\ committed = ( <<1, 1>> :> {<<[op |-> [key |-> "y", type |-> "r"]], {}, 2>>} @@
  <<1, 2>> :> {} @@
  <<2, 1>> :> {<<[op |-> [key |-> "x", type |-> "w"]], {}, 2>>} @@
  <<2, 2>> :> {} @@
  <<3, 1>> :> {} @@
  <<3, 2>> :> {} )
/\ proposed = {[op |-> [key |-> "x", type |-> "w"]], [op |-> [key |-> "y", type |-> "r"]]}
/\ preparing = <<{}, {<<1, 1>>}, {}>>

@!@!@ENDMSG 2217 @!@!@
@!@!@STARTMSG 2217:4 @!@!@
11: <ReplyPrepare line 1233, col 5 to line 1307, col 55 of module HybridProtocol_TLA>
/\ sentMsg = {[type |-> "prepare", inst |-> <<1, 1>>, ballot |-> <<1, 2>>, src |-> 2, dst |-> 2], [type |-> "prepare", inst |-> <<1, 1>>, ballot |-> <<1, 2>>, src |-> 2, dst |-> 3], [type |-> "prepare", inst |-> <<1, 1>>, ballot |-> <<2, 2>>, src |-> 2, dst |-> 2], [type |-> "prepare", inst |-> <<1, 1>>, ballot |-> <<2, 2>>, src |-> 2, dst |-> 3], [type |-> "commit", inst |-> <<1, 1>>, ballot |-> <<0, 1>>, cmd |-> [op |-> [key |-> "y", type |-> "r"]], deps |-> {}, seq |-> 2, consistency |-> "causal", ctxid |-> 1, commit_order |-> 0, clk |-> 1], [type |-> "commit", inst |-> <<2, 1>>, ballot |-> <<0, 2>>, cmd |-> [op |-> [key |-> "x", type |-> "w"]], deps |-> {}, seq |-> 2, consistency |-> "causal", ctxid |-> 1, commit_order |-> 0, clk |-> 1], [type |-> "prepare-reply", inst |-> <<1, 1>>, status |-> "not-seen", ballot |-> <<3, 2>>, cmd |-> [op |-> [key |-> "", type |-> ""]], deps |-> {}, seq |-> 0, consistency |-> "not-seen", ctxid |-> 0, commit_order |-> 0, src |-> 3, dst |-> 2, clk |-> 2, prev_ballot |-> <<0, 3>>], [type |-> "prepare-reply", inst |-> <<1, 1>>, status |-> "causally-committed", ballot |-> <<3, 2>>, cmd |-> [op |-> [key |-> "y", type |-> "r"]], deps |-> {}, seq |-> 2, consistency |-> "causal", ctxid |-> 1, commit_order |-> 0, src |-> 2, dst |-> 2, clk |-> 2, prev_ballot |-> <<0, 1>>]}
/\ executed = <<{}, {}, {}>>
/\ crtInst = <<2, 2, 1>>
/\ clk = <<2, 3, 3>>
/\ ballots = 4
/\ cmdLog = <<{[inst |-> <<1, 1>>, status |-> "causally-committed", state |-> "done", ballot |-> <<0, 1>>, cmd |-> [op |-> [key |-> "y", type |-> "r"]], deps |-> {}, seq |-> 2, consistency |-> "causal", ctxid |-> 1, execution_order |-> 0, execution_order_list |-> {}, commit_order |-> 0], [inst |-> <<2, 1>>, status |-> "causally-committed", state |-> "done", ballot |-> <<0, 2>>, cmd |-> [op |-> [key |-> "x", type |-> "w"]], deps |-> {}, seq |-> 2, consistency |-> "causal", ctxid |-> 1, execution_order |-> 0, execution_order_list |-> {}, commit_order |-> 0]}, {[inst |-> <<1, 1>>, status |-> "causally-committed", state |-> "done", ballot |-> <<3, 2>>, cmd |-> [op |-> [key |-> "y", type |-> "r"]], deps |-> {}, seq |-> 2, consistency |-> "causal", ctxid |-> 1, execution_order |-> 0, execution_order_list |-> {}, commit_order |-> 0], [inst |-> <<2, 1>>, status |-> "causally-committed", state |-> "done", ballot |-> <<0, 2>>, cmd |-> [op |-> [key |-> "x", type |-> "w"]], deps |-> {}, seq |-> 2, consistency |-> "causal", ctxid |-> 1, execution_order |-> 0, execution_order_list |-> {}, commit_order |-> 0]}, {[inst |-> <<1, 1>>, status |-> "not-seen", state |-> "not-seen", ballot |-> <<3, 2>>, cmd |-> [op |-> [key |-> "", type |-> ""]], deps |-> {}, seq |-> 0, consistency |-> "not-seen", ctxid |-> 0, execution_order |-> 0, execution_order_list |-> {}, commit_order |-> 0], [inst |-> <<2, 1>>, status |-> "causally-committed", state |-> "done", ballot |-> <<0, 2>>, cmd |-> [op |-> [key |-> "x", type |-> "w"]], deps |-> {}, seq |-> 2, consistency |-> "causal", ctxid |-> 1, execution_order |-> 0, execution_order_list |-> {}, commit_order |-> 0]}>>
/\ leaderOfInst = <<{<<1, 1>>}, {<<2, 1>>}, {}>>
/\ committed = ( <<1, 1>> :> {<<[op |-> [key |-> "y", type |-> "r"]], {}, 2>>} @@
  <<1, 2>> :> {} @@
  <<2, 1>> :> {<<[op |-> [key |-> "x", type |-> "w"]], {}, 2>>} @@
  <<2, 2>> :> {} @@
  <<3, 1>> :> {} @@
  <<3, 2>> :> {} )
/\ proposed = {[op |-> [key |-> "x", type |-> "w"]], [op |-> [key |-> "y", type |-> "r"]]}
/\ preparing = <<{}, {<<1, 1>>}, {}>>

@!@!@ENDMSG 2217 @!@!@
@!@!@STARTMSG 2200:0 @!@!@
Progress(12) at 2024-03-01 20:45:33: 74,448,193 states generated (5,711,290 s/min), 33,310,469 distinct states found (2,555,411 ds/min), 22,828,225 states left on queue.
@!@!@ENDMSG 2200 @!@!@
@!@!@STARTMSG 2199:0 @!@!@
74448193 states generated, 33310469 distinct states found, 22828225 states left on queue.
@!@!@ENDMSG 2199 @!@!@
@!@!@STARTMSG 2194:0 @!@!@
The depth of the complete state graph search is 12.
@!@!@ENDMSG 2194 @!@!@
@!@!@STARTMSG 2268:0 @!@!@
The average outdegree of the complete state graph is 3 (minimum is 0, the maximum 18 and the 95th percentile is 8).
@!@!@ENDMSG 2268 @!@!@
@!@!@STARTMSG 2186:0 @!@!@
Finished in 782679ms at (2024-03-01 20:45:33)
@!@!@ENDMSG 2186 @!@!@
