@!@!@STARTMSG 2262:0 @!@!@
TLC2 Version 2.16 of 31 December 2020 (rev: cdddf55)
@!@!@ENDMSG 2262 @!@!@
@!@!@STARTMSG 2187:0 @!@!@
Running breadth-first search Model-Checking with fp 98 and seed 6587082448259501768 with 4 workers on 8 cores with 1214MB heap and 2730MB offheap memory [pid: 13676] (Mac OS X 10.16 x86_64, AdoptOpenJDK 14.0.1 x86_64, OffHeapDiskFPSet, DiskStateQueue).
@!@!@ENDMSG 2187 @!@!@
@!@!@STARTMSG 2220:0 @!@!@
Starting SANY...
@!@!@ENDMSG 2220 @!@!@
Parsing file /Volumes/StudyMaterials/Project/EESYSTEM_TOC/HybridProtocol_TLA.toolbox/Model_Causal/MC.tla
Parsing file /Volumes/StudyMaterials/Project/EESYSTEM_TOC/HybridProtocol_TLA.toolbox/Model_Causal/HybridProtocol_TLA.tla
Parsing file /Applications/TLA+ Toolbox.app/Contents/Eclipse/plugins/org.lamport.tlatools_1.0.0.202012311918/tla2sany/StandardModules/TLC.tla
Parsing file /Applications/TLA+ Toolbox.app/Contents/Eclipse/plugins/org.lamport.tlatools_1.0.0.202012311918/tla2sany/StandardModules/Naturals.tla
Parsing file /Applications/TLA+ Toolbox.app/Contents/Eclipse/plugins/org.lamport.tlatools_1.0.0.202012311918/tla2sany/StandardModules/FiniteSets.tla
Parsing file /Applications/TLA+ Toolbox.app/Contents/Eclipse/plugins/org.lamport.tlatools_1.0.0.202012311918/tla2sany/StandardModules/Sequences.tla
Semantic processing of module Naturals
Semantic processing of module Sequences
Semantic processing of module FiniteSets
Semantic processing of module HybridProtocol_TLA
Semantic processing of module TLC
Semantic processing of module MC
@!@!@STARTMSG 2219:0 @!@!@
SANY finished.
@!@!@ENDMSG 2219 @!@!@
@!@!@STARTMSG 2185:0 @!@!@
Starting... (2023-12-11 09:52:56)
@!@!@ENDMSG 2185 @!@!@
@!@!@STARTMSG 2189:0 @!@!@
Computing initial states...
@!@!@ENDMSG 2189 @!@!@
@!@!@STARTMSG 2190:0 @!@!@
Finished computing initial states: 1 distinct state generated at 2023-12-11 09:52:57.
@!@!@ENDMSG 2190 @!@!@
@!@!@STARTMSG 2200:0 @!@!@
Progress(6) at 2023-12-11 09:53:00: 98,620 states generated (98,620 s/min), 29,790 distinct states found (29,790 ds/min), 23,424 states left on queue.
@!@!@ENDMSG 2200 @!@!@
@!@!@STARTMSG 2200:0 @!@!@
Progress(10) at 2023-12-11 09:54:00: 3,924,287 states generated (3,825,667 s/min), 626,935 distinct states found (597,145 ds/min), 159,284 states left on queue.
@!@!@ENDMSG 2200 @!@!@
@!@!@STARTMSG 2114:1 @!@!@
Deadlock reached.
@!@!@ENDMSG 2114 @!@!@
@!@!@STARTMSG 2121:1 @!@!@
The behavior up to this point is:
@!@!@ENDMSG 2121 @!@!@
@!@!@STARTMSG 2217:4 @!@!@
1: <Initial predicate>
/\ sentMsg = {}
/\ executed = <<{}, {}, {}, {}, {}>>
/\ crtInst = <<1, 1, 1, 1, 1>>
/\ clk = <<1, 1, 1, 1, 1>>
/\ ballots = 1
/\ cmdLog = <<{}, {}, {}, {}, {}>>
/\ leaderOfInst = <<{}, {}, {}, {}, {}>>
/\ committed = ( <<1, 1>> :> {} @@
  <<1, 2>> :> {} @@
  <<2, 1>> :> {} @@
  <<2, 2>> :> {} @@
  <<3, 1>> :> {} @@
  <<3, 2>> :> {} @@
  <<4, 1>> :> {} @@
  <<4, 2>> :> {} @@
  <<5, 1>> :> {} @@
  <<5, 2>> :> {} )
/\ proposed = {}
/\ preparing = <<{}, {}, {}, {}, {}>>

@!@!@ENDMSG 2217 @!@!@
@!@!@STARTMSG 2217:4 @!@!@
2: <CommandLeaderAction line 632, col 9 to line 635, col 72 of module HybridProtocol_TLA>
/\ sentMsg = { [ type |-> "commit",
    src |-> 1,
    dst |-> 2,
    inst |-> <<1, 1>>,
    ballot |-> <<0, 1>>,
    cmd |-> 1,
    deps |-> {},
    seq |-> 3,
    consistency |-> "causal",
    ctxid |-> 1,
    clk |-> 2 ],
  [ type |-> "commit",
    src |-> 1,
    dst |-> 4,
    inst |-> <<1, 1>>,
    ballot |-> <<0, 1>>,
    cmd |-> 1,
    deps |-> {},
    seq |-> 3,
    consistency |-> "causal",
    ctxid |-> 1,
    clk |-> 2 ] }
/\ executed = <<{}, {}, {}, {}, {}>>
/\ crtInst = <<2, 1, 1, 1, 1>>
/\ clk = <<2, 1, 1, 1, 1>>
/\ ballots = 1
/\ cmdLog = << { [ inst |-> <<1, 1>>,
       ballot |-> <<0, 1>>,
       cmd |-> 1,
       deps |-> {},
       seq |-> 3,
       consistency |-> "causal",
       ctxid |-> 1,
       status |-> "causally-committed",
       state |-> "done" ] },
   {},
   {},
   {},
   {} >>
/\ leaderOfInst = <<{<<1, 1>>}, {}, {}, {}, {}>>
/\ committed = ( <<1, 1>> :> {} @@
  <<1, 2>> :> {} @@
  <<2, 1>> :> {} @@
  <<2, 2>> :> {} @@
  <<3, 1>> :> {} @@
  <<3, 2>> :> {} @@
  <<4, 1>> :> {} @@
  <<4, 2>> :> {} @@
  <<5, 1>> :> {} @@
  <<5, 2>> :> {} )
/\ proposed = {1}
/\ preparing = <<{}, {}, {}, {}, {}>>

@!@!@ENDMSG 2217 @!@!@
@!@!@STARTMSG 2217:4 @!@!@
3: <CommandLeaderAction line 632, col 9 to line 635, col 72 of module HybridProtocol_TLA>
/\ sentMsg = { [ type |-> "commit",
    src |-> 1,
    dst |-> 2,
    inst |-> <<1, 1>>,
    ballot |-> <<0, 1>>,
    cmd |-> 1,
    deps |-> {},
    seq |-> 3,
    consistency |-> "causal",
    ctxid |-> 1,
    clk |-> 2 ],
  [ type |-> "commit",
    src |-> 1,
    dst |-> 2,
    inst |-> <<1, 2>>,
    ballot |-> <<0, 1>>,
    cmd |-> 2,
    deps |-> {<<1, 1>>},
    seq |-> 4,
    consistency |-> "causal",
    ctxid |-> 1,
    clk |-> 3 ],
  [ type |-> "commit",
    src |-> 1,
    dst |-> 3,
    inst |-> <<1, 2>>,
    ballot |-> <<0, 1>>,
    cmd |-> 2,
    deps |-> {<<1, 1>>},
    seq |-> 4,
    consistency |-> "causal",
    ctxid |-> 1,
    clk |-> 3 ],
  [ type |-> "commit",
    src |-> 1,
    dst |-> 4,
    inst |-> <<1, 1>>,
    ballot |-> <<0, 1>>,
    cmd |-> 1,
    deps |-> {},
    seq |-> 3,
    consistency |-> "causal",
    ctxid |-> 1,
    clk |-> 2 ] }
/\ executed = <<{}, {}, {}, {}, {}>>
/\ crtInst = <<3, 1, 1, 1, 1>>
/\ clk = <<3, 1, 1, 1, 1>>
/\ ballots = 1
/\ cmdLog = << { [ inst |-> <<1, 1>>,
       ballot |-> <<0, 1>>,
       cmd |-> 1,
       deps |-> {},
       seq |-> 3,
       consistency |-> "causal",
       ctxid |-> 1,
       status |-> "causally-committed",
       state |-> "done" ],
     [ inst |-> <<1, 2>>,
       ballot |-> <<0, 1>>,
       cmd |-> 2,
       deps |-> {<<1, 1>>},
       seq |-> 4,
       consistency |-> "causal",
       ctxid |-> 1,
       status |-> "causally-committed",
       state |-> "done" ] },
   {},
   {},
   {},
   {} >>
/\ leaderOfInst = <<{<<1, 1>>, <<1, 2>>}, {}, {}, {}, {}>>
/\ committed = ( <<1, 1>> :> {} @@
  <<1, 2>> :> {} @@
  <<2, 1>> :> {} @@
  <<2, 2>> :> {} @@
  <<3, 1>> :> {} @@
  <<3, 2>> :> {} @@
  <<4, 1>> :> {} @@
  <<4, 2>> :> {} @@
  <<5, 1>> :> {} @@
  <<5, 2>> :> {} )
/\ proposed = {1, 2}
/\ preparing = <<{}, {}, {}, {}, {}>>

@!@!@ENDMSG 2217 @!@!@
@!@!@STARTMSG 2217:4 @!@!@
4: <ReplicaAction line 645, col 13 to line 645, col 81 of module HybridProtocol_TLA>
/\ sentMsg = { [ type |-> "commit",
    src |-> 1,
    dst |-> 2,
    inst |-> <<1, 1>>,
    ballot |-> <<0, 1>>,
    cmd |-> 1,
    deps |-> {},
    seq |-> 3,
    consistency |-> "causal",
    ctxid |-> 1,
    clk |-> 2 ],
  [ type |-> "commit",
    src |-> 1,
    dst |-> 2,
    inst |-> <<1, 2>>,
    ballot |-> <<0, 1>>,
    cmd |-> 2,
    deps |-> {<<1, 1>>},
    seq |-> 4,
    consistency |-> "causal",
    ctxid |-> 1,
    clk |-> 3 ],
  [ type |-> "commit",
    src |-> 1,
    dst |-> 3,
    inst |-> <<1, 2>>,
    ballot |-> <<0, 1>>,
    cmd |-> 2,
    deps |-> {<<1, 1>>},
    seq |-> 4,
    consistency |-> "causal",
    ctxid |-> 1,
    clk |-> 3 ],
  [ type |-> "commit",
    src |-> 1,
    dst |-> 4,
    inst |-> <<1, 1>>,
    ballot |-> <<0, 1>>,
    cmd |-> 1,
    deps |-> {},
    seq |-> 3,
    consistency |-> "causal",
    ctxid |-> 1,
    clk |-> 2 ] }
/\ executed = <<{}, {}, {}, {}, {}>>
/\ crtInst = <<3, 1, 1, 1, 1>>
/\ clk = <<3, 3, 1, 1, 1>>
/\ ballots = 1
/\ cmdLog = << { [ inst |-> <<1, 1>>,
       ballot |-> <<0, 1>>,
       cmd |-> 1,
       deps |-> {},
       seq |-> 3,
       consistency |-> "causal",
       ctxid |-> 1,
       status |-> "causally-committed",
       state |-> "done" ],
     [ inst |-> <<1, 2>>,
       ballot |-> <<0, 1>>,
       cmd |-> 2,
       deps |-> {<<1, 1>>},
       seq |-> 4,
       consistency |-> "causal",
       ctxid |-> 1,
       status |-> "causally-committed",
       state |-> "done" ] },
   { [ inst |-> <<1, 1>>,
       ballot |-> <<0, 1>>,
       cmd |-> 1,
       deps |-> {},
       seq |-> 3,
       consistency |-> "causal",
       ctxid |-> 1,
       status |-> "causally-committed",
       state |-> "done" ] },
   {},
   {},
   {} >>
/\ leaderOfInst = <<{<<1, 1>>, <<1, 2>>}, {}, {}, {}, {}>>
/\ committed = ( <<1, 1>> :> {<<1, {}, 3>>} @@
  <<1, 2>> :> {} @@
  <<2, 1>> :> {} @@
  <<2, 2>> :> {} @@
  <<3, 1>> :> {} @@
  <<3, 2>> :> {} @@
  <<4, 1>> :> {} @@
  <<4, 2>> :> {} @@
  <<5, 1>> :> {} @@
  <<5, 2>> :> {} )
/\ proposed = {1, 2}
/\ preparing = <<{}, {}, {}, {}, {}>>

@!@!@ENDMSG 2217 @!@!@
@!@!@STARTMSG 2217:4 @!@!@
5: <ReplicaAction line 645, col 13 to line 645, col 81 of module HybridProtocol_TLA>
/\ sentMsg = { [ type |-> "commit",
    src |-> 1,
    dst |-> 2,
    inst |-> <<1, 1>>,
    ballot |-> <<0, 1>>,
    cmd |-> 1,
    deps |-> {},
    seq |-> 3,
    consistency |-> "causal",
    ctxid |-> 1,
    clk |-> 2 ],
  [ type |-> "commit",
    src |-> 1,
    dst |-> 2,
    inst |-> <<1, 2>>,
    ballot |-> <<0, 1>>,
    cmd |-> 2,
    deps |-> {<<1, 1>>},
    seq |-> 4,
    consistency |-> "causal",
    ctxid |-> 1,
    clk |-> 3 ],
  [ type |-> "commit",
    src |-> 1,
    dst |-> 3,
    inst |-> <<1, 2>>,
    ballot |-> <<0, 1>>,
    cmd |-> 2,
    deps |-> {<<1, 1>>},
    seq |-> 4,
    consistency |-> "causal",
    ctxid |-> 1,
    clk |-> 3 ],
  [ type |-> "commit",
    src |-> 1,
    dst |-> 4,
    inst |-> <<1, 1>>,
    ballot |-> <<0, 1>>,
    cmd |-> 1,
    deps |-> {},
    seq |-> 3,
    consistency |-> "causal",
    ctxid |-> 1,
    clk |-> 2 ] }
/\ executed = <<{}, {}, {}, {}, {}>>
/\ crtInst = <<3, 1, 1, 1, 1>>
/\ clk = <<3, 4, 1, 1, 1>>
/\ ballots = 1
/\ cmdLog = << { [ inst |-> <<1, 1>>,
       ballot |-> <<0, 1>>,
       cmd |-> 1,
       deps |-> {},
       seq |-> 3,
       consistency |-> "causal",
       ctxid |-> 1,
       status |-> "causally-committed",
       state |-> "done" ],
     [ inst |-> <<1, 2>>,
       ballot |-> <<0, 1>>,
       cmd |-> 2,
       deps |-> {<<1, 1>>},
       seq |-> 4,
       consistency |-> "causal",
       ctxid |-> 1,
       status |-> "causally-committed",
       state |-> "done" ] },
   { [ inst |-> <<1, 1>>,
       ballot |-> <<0, 1>>,
       cmd |-> 1,
       deps |-> {},
       seq |-> 3,
       consistency |-> "causal",
       ctxid |-> 1,
       status |-> "causally-committed",
       state |-> "done" ],
     [ inst |-> <<1, 2>>,
       ballot |-> <<0, 1>>,
       cmd |-> 2,
       deps |-> {<<1, 1>>},
       seq |-> 4,
       consistency |-> "causal",
       ctxid |-> 1,
       status |-> "causally-committed",
       state |-> "done" ] },
   {},
   {},
   {} >>
/\ leaderOfInst = <<{<<1, 1>>, <<1, 2>>}, {}, {}, {}, {}>>
/\ committed = ( <<1, 1>> :> {<<1, {}, 3>>} @@
  <<1, 2>> :> {<<2, {<<1, 1>>}, 4>>} @@
  <<2, 1>> :> {} @@
  <<2, 2>> :> {} @@
  <<3, 1>> :> {} @@
  <<3, 2>> :> {} @@
  <<4, 1>> :> {} @@
  <<4, 2>> :> {} @@
  <<5, 1>> :> {} @@
  <<5, 2>> :> {} )
/\ proposed = {1, 2}
/\ preparing = <<{}, {}, {}, {}, {}>>

@!@!@ENDMSG 2217 @!@!@
@!@!@STARTMSG 2217:4 @!@!@
6: <ReplicaAction line 645, col 13 to line 645, col 81 of module HybridProtocol_TLA>
/\ sentMsg = { [ type |-> "commit",
    src |-> 1,
    dst |-> 2,
    inst |-> <<1, 1>>,
    ballot |-> <<0, 1>>,
    cmd |-> 1,
    deps |-> {},
    seq |-> 3,
    consistency |-> "causal",
    ctxid |-> 1,
    clk |-> 2 ],
  [ type |-> "commit",
    src |-> 1,
    dst |-> 2,
    inst |-> <<1, 2>>,
    ballot |-> <<0, 1>>,
    cmd |-> 2,
    deps |-> {<<1, 1>>},
    seq |-> 4,
    consistency |-> "causal",
    ctxid |-> 1,
    clk |-> 3 ],
  [ type |-> "commit",
    src |-> 1,
    dst |-> 3,
    inst |-> <<1, 2>>,
    ballot |-> <<0, 1>>,
    cmd |-> 2,
    deps |-> {<<1, 1>>},
    seq |-> 4,
    consistency |-> "causal",
    ctxid |-> 1,
    clk |-> 3 ],
  [ type |-> "commit",
    src |-> 1,
    dst |-> 4,
    inst |-> <<1, 1>>,
    ballot |-> <<0, 1>>,
    cmd |-> 1,
    deps |-> {},
    seq |-> 3,
    consistency |-> "causal",
    ctxid |-> 1,
    clk |-> 2 ] }
/\ executed = <<{}, {}, {}, {}, {}>>
/\ crtInst = <<3, 1, 1, 1, 1>>
/\ clk = <<3, 4, 4, 1, 1>>
/\ ballots = 1
/\ cmdLog = << { [ inst |-> <<1, 1>>,
       ballot |-> <<0, 1>>,
       cmd |-> 1,
       deps |-> {},
       seq |-> 3,
       consistency |-> "causal",
       ctxid |-> 1,
       status |-> "causally-committed",
       state |-> "done" ],
     [ inst |-> <<1, 2>>,
       ballot |-> <<0, 1>>,
       cmd |-> 2,
       deps |-> {<<1, 1>>},
       seq |-> 4,
       consistency |-> "causal",
       ctxid |-> 1,
       status |-> "causally-committed",
       state |-> "done" ] },
   { [ inst |-> <<1, 1>>,
       ballot |-> <<0, 1>>,
       cmd |-> 1,
       deps |-> {},
       seq |-> 3,
       consistency |-> "causal",
       ctxid |-> 1,
       status |-> "causally-committed",
       state |-> "done" ],
     [ inst |-> <<1, 2>>,
       ballot |-> <<0, 1>>,
       cmd |-> 2,
       deps |-> {<<1, 1>>},
       seq |-> 4,
       consistency |-> "causal",
       ctxid |-> 1,
       status |-> "causally-committed",
       state |-> "done" ] },
   { [ inst |-> <<1, 2>>,
       ballot |-> <<0, 1>>,
       cmd |-> 2,
       deps |-> {<<1, 1>>},
       seq |-> 4,
       consistency |-> "causal",
       ctxid |-> 1,
       status |-> "causally-committed",
       state |-> "done" ] },
   {},
   {} >>
/\ leaderOfInst = <<{<<1, 1>>, <<1, 2>>}, {}, {}, {}, {}>>
/\ committed = ( <<1, 1>> :> {<<1, {}, 3>>} @@
  <<1, 2>> :> {<<2, {<<1, 1>>}, 4>>} @@
  <<2, 1>> :> {} @@
  <<2, 2>> :> {} @@
  <<3, 1>> :> {} @@
  <<3, 2>> :> {} @@
  <<4, 1>> :> {} @@
  <<4, 2>> :> {} @@
  <<5, 1>> :> {} @@
  <<5, 2>> :> {} )
/\ proposed = {1, 2}
/\ preparing = <<{}, {}, {}, {}, {}>>

@!@!@ENDMSG 2217 @!@!@
@!@!@STARTMSG 2217:4 @!@!@
7: <ReplicaAction line 645, col 13 to line 645, col 81 of module HybridProtocol_TLA>
/\ sentMsg = { [ type |-> "commit",
    src |-> 1,
    dst |-> 2,
    inst |-> <<1, 1>>,
    ballot |-> <<0, 1>>,
    cmd |-> 1,
    deps |-> {},
    seq |-> 3,
    consistency |-> "causal",
    ctxid |-> 1,
    clk |-> 2 ],
  [ type |-> "commit",
    src |-> 1,
    dst |-> 2,
    inst |-> <<1, 2>>,
    ballot |-> <<0, 1>>,
    cmd |-> 2,
    deps |-> {<<1, 1>>},
    seq |-> 4,
    consistency |-> "causal",
    ctxid |-> 1,
    clk |-> 3 ],
  [ type |-> "commit",
    src |-> 1,
    dst |-> 3,
    inst |-> <<1, 2>>,
    ballot |-> <<0, 1>>,
    cmd |-> 2,
    deps |-> {<<1, 1>>},
    seq |-> 4,
    consistency |-> "causal",
    ctxid |-> 1,
    clk |-> 3 ],
  [ type |-> "commit",
    src |-> 1,
    dst |-> 4,
    inst |-> <<1, 1>>,
    ballot |-> <<0, 1>>,
    cmd |-> 1,
    deps |-> {},
    seq |-> 3,
    consistency |-> "causal",
    ctxid |-> 1,
    clk |-> 2 ] }
/\ executed = <<{}, {}, {}, {}, {}>>
/\ crtInst = <<3, 1, 1, 1, 1>>
/\ clk = <<3, 4, 5, 1, 1>>
/\ ballots = 1
/\ cmdLog = << { [ inst |-> <<1, 1>>,
       ballot |-> <<0, 1>>,
       cmd |-> 1,
       deps |-> {},
       seq |-> 3,
       consistency |-> "causal",
       ctxid |-> 1,
       status |-> "causally-committed",
       state |-> "done" ],
     [ inst |-> <<1, 2>>,
       ballot |-> <<0, 1>>,
       cmd |-> 2,
       deps |-> {<<1, 1>>},
       seq |-> 4,
       consistency |-> "causal",
       ctxid |-> 1,
       status |-> "causally-committed",
       state |-> "done" ] },
   { [ inst |-> <<1, 1>>,
       ballot |-> <<0, 1>>,
       cmd |-> 1,
       deps |-> {},
       seq |-> 3,
       consistency |-> "causal",
       ctxid |-> 1,
       status |-> "causally-committed",
       state |-> "done" ],
     [ inst |-> <<1, 2>>,
       ballot |-> <<0, 1>>,
       cmd |-> 2,
       deps |-> {<<1, 1>>},
       seq |-> 4,
       consistency |-> "causal",
       ctxid |-> 1,
       status |-> "causally-committed",
       state |-> "done" ] },
   { [ inst |-> <<1, 1>>,
       ballot |-> <<0, 1>>,
       cmd |-> 1,
       deps |-> {},
       seq |-> 3,
       consistency |-> "causal",
       ctxid |-> 1,
       status |-> "causally-committed",
       state |-> "done" ],
     [ inst |-> <<1, 2>>,
       ballot |-> <<0, 1>>,
       cmd |-> 2,
       deps |-> {<<1, 1>>},
       seq |-> 4,
       consistency |-> "causal",
       ctxid |-> 1,
       status |-> "causally-committed",
       state |-> "done" ] },
   {},
   {} >>
/\ leaderOfInst = <<{<<1, 1>>, <<1, 2>>}, {}, {}, {}, {}>>
/\ committed = ( <<1, 1>> :> {<<1, {}, 3>>} @@
  <<1, 2>> :> {<<2, {<<1, 1>>}, 4>>} @@
  <<2, 1>> :> {} @@
  <<2, 2>> :> {} @@
  <<3, 1>> :> {} @@
  <<3, 2>> :> {} @@
  <<4, 1>> :> {} @@
  <<4, 2>> :> {} @@
  <<5, 1>> :> {} @@
  <<5, 2>> :> {} )
/\ proposed = {1, 2}
/\ preparing = <<{}, {}, {}, {}, {}>>

@!@!@ENDMSG 2217 @!@!@
@!@!@STARTMSG 2217:4 @!@!@
8: <ReplicaAction line 645, col 13 to line 645, col 81 of module HybridProtocol_TLA>
/\ sentMsg = { [ type |-> "commit",
    src |-> 1,
    dst |-> 2,
    inst |-> <<1, 1>>,
    ballot |-> <<0, 1>>,
    cmd |-> 1,
    deps |-> {},
    seq |-> 3,
    consistency |-> "causal",
    ctxid |-> 1,
    clk |-> 2 ],
  [ type |-> "commit",
    src |-> 1,
    dst |-> 2,
    inst |-> <<1, 2>>,
    ballot |-> <<0, 1>>,
    cmd |-> 2,
    deps |-> {<<1, 1>>},
    seq |-> 4,
    consistency |-> "causal",
    ctxid |-> 1,
    clk |-> 3 ],
  [ type |-> "commit",
    src |-> 1,
    dst |-> 3,
    inst |-> <<1, 2>>,
    ballot |-> <<0, 1>>,
    cmd |-> 2,
    deps |-> {<<1, 1>>},
    seq |-> 4,
    consistency |-> "causal",
    ctxid |-> 1,
    clk |-> 3 ],
  [ type |-> "commit",
    src |-> 1,
    dst |-> 4,
    inst |-> <<1, 1>>,
    ballot |-> <<0, 1>>,
    cmd |-> 1,
    deps |-> {},
    seq |-> 3,
    consistency |-> "causal",
    ctxid |-> 1,
    clk |-> 2 ] }
/\ executed = <<{}, {}, {}, {}, {}>>
/\ crtInst = <<3, 1, 1, 1, 1>>
/\ clk = <<3, 4, 5, 3, 1>>
/\ ballots = 1
/\ cmdLog = << { [ inst |-> <<1, 1>>,
       ballot |-> <<0, 1>>,
       cmd |-> 1,
       deps |-> {},
       seq |-> 3,
       consistency |-> "causal",
       ctxid |-> 1,
       status |-> "causally-committed",
       state |-> "done" ],
     [ inst |-> <<1, 2>>,
       ballot |-> <<0, 1>>,
       cmd |-> 2,
       deps |-> {<<1, 1>>},
       seq |-> 4,
       consistency |-> "causal",
       ctxid |-> 1,
       status |-> "causally-committed",
       state |-> "done" ] },
   { [ inst |-> <<1, 1>>,
       ballot |-> <<0, 1>>,
       cmd |-> 1,
       deps |-> {},
       seq |-> 3,
       consistency |-> "causal",
       ctxid |-> 1,
       status |-> "causally-committed",
       state |-> "done" ],
     [ inst |-> <<1, 2>>,
       ballot |-> <<0, 1>>,
       cmd |-> 2,
       deps |-> {<<1, 1>>},
       seq |-> 4,
       consistency |-> "causal",
       ctxid |-> 1,
       status |-> "causally-committed",
       state |-> "done" ] },
   { [ inst |-> <<1, 1>>,
       ballot |-> <<0, 1>>,
       cmd |-> 1,
       deps |-> {},
       seq |-> 3,
       consistency |-> "causal",
       ctxid |-> 1,
       status |-> "causally-committed",
       state |-> "done" ],
     [ inst |-> <<1, 2>>,
       ballot |-> <<0, 1>>,
       cmd |-> 2,
       deps |-> {<<1, 1>>},
       seq |-> 4,
       consistency |-> "causal",
       ctxid |-> 1,
       status |-> "causally-committed",
       state |-> "done" ] },
   { [ inst |-> <<1, 1>>,
       ballot |-> <<0, 1>>,
       cmd |-> 1,
       deps |-> {},
       seq |-> 3,
       consistency |-> "causal",
       ctxid |-> 1,
       status |-> "causally-committed",
       state |-> "done" ] },
   {} >>
/\ leaderOfInst = <<{<<1, 1>>, <<1, 2>>}, {}, {}, {}, {}>>
/\ committed = ( <<1, 1>> :> {<<1, {}, 3>>} @@
  <<1, 2>> :> {<<2, {<<1, 1>>}, 4>>} @@
  <<2, 1>> :> {} @@
  <<2, 2>> :> {} @@
  <<3, 1>> :> {} @@
  <<3, 2>> :> {} @@
  <<4, 1>> :> {} @@
  <<4, 2>> :> {} @@
  <<5, 1>> :> {} @@
  <<5, 2>> :> {} )
/\ proposed = {1, 2}
/\ preparing = <<{}, {}, {}, {}, {}>>

@!@!@ENDMSG 2217 @!@!@
@!@!@STARTMSG 2217:4 @!@!@
9: <ReplicaAction line 645, col 13 to line 645, col 81 of module HybridProtocol_TLA>
/\ sentMsg = { [ type |-> "commit",
    src |-> 1,
    dst |-> 2,
    inst |-> <<1, 1>>,
    ballot |-> <<0, 1>>,
    cmd |-> 1,
    deps |-> {},
    seq |-> 3,
    consistency |-> "causal",
    ctxid |-> 1,
    clk |-> 2 ],
  [ type |-> "commit",
    src |-> 1,
    dst |-> 2,
    inst |-> <<1, 2>>,
    ballot |-> <<0, 1>>,
    cmd |-> 2,
    deps |-> {<<1, 1>>},
    seq |-> 4,
    consistency |-> "causal",
    ctxid |-> 1,
    clk |-> 3 ],
  [ type |-> "commit",
    src |-> 1,
    dst |-> 3,
    inst |-> <<1, 2>>,
    ballot |-> <<0, 1>>,
    cmd |-> 2,
    deps |-> {<<1, 1>>},
    seq |-> 4,
    consistency |-> "causal",
    ctxid |-> 1,
    clk |-> 3 ],
  [ type |-> "commit",
    src |-> 1,
    dst |-> 4,
    inst |-> <<1, 1>>,
    ballot |-> <<0, 1>>,
    cmd |-> 1,
    deps |-> {},
    seq |-> 3,
    consistency |-> "causal",
    ctxid |-> 1,
    clk |-> 2 ] }
/\ executed = <<{}, {}, {}, {}, {}>>
/\ crtInst = <<3, 1, 1, 1, 1>>
/\ clk = <<3, 4, 5, 4, 1>>
/\ ballots = 1
/\ cmdLog = << { [ inst |-> <<1, 1>>,
       ballot |-> <<0, 1>>,
       cmd |-> 1,
       deps |-> {},
       seq |-> 3,
       consistency |-> "causal",
       ctxid |-> 1,
       status |-> "causally-committed",
       state |-> "done" ],
     [ inst |-> <<1, 2>>,
       ballot |-> <<0, 1>>,
       cmd |-> 2,
       deps |-> {<<1, 1>>},
       seq |-> 4,
       consistency |-> "causal",
       ctxid |-> 1,
       status |-> "causally-committed",
       state |-> "done" ] },
   { [ inst |-> <<1, 1>>,
       ballot |-> <<0, 1>>,
       cmd |-> 1,
       deps |-> {},
       seq |-> 3,
       consistency |-> "causal",
       ctxid |-> 1,
       status |-> "causally-committed",
       state |-> "done" ],
     [ inst |-> <<1, 2>>,
       ballot |-> <<0, 1>>,
       cmd |-> 2,
       deps |-> {<<1, 1>>},
       seq |-> 4,
       consistency |-> "causal",
       ctxid |-> 1,
       status |-> "causally-committed",
       state |-> "done" ] },
   { [ inst |-> <<1, 1>>,
       ballot |-> <<0, 1>>,
       cmd |-> 1,
       deps |-> {},
       seq |-> 3,
       consistency |-> "causal",
       ctxid |-> 1,
       status |-> "causally-committed",
       state |-> "done" ],
     [ inst |-> <<1, 2>>,
       ballot |-> <<0, 1>>,
       cmd |-> 2,
       deps |-> {<<1, 1>>},
       seq |-> 4,
       consistency |-> "causal",
       ctxid |-> 1,
       status |-> "causally-committed",
       state |-> "done" ] },
   { [ inst |-> <<1, 1>>,
       ballot |-> <<0, 1>>,
       cmd |-> 1,
       deps |-> {},
       seq |-> 3,
       consistency |-> "causal",
       ctxid |-> 1,
       status |-> "causally-committed",
       state |-> "done" ],
     [ inst |-> <<1, 2>>,
       ballot |-> <<0, 1>>,
       cmd |-> 2,
       deps |-> {<<1, 1>>},
       seq |-> 4,
       consistency |-> "causal",
       ctxid |-> 1,
       status |-> "causally-committed",
       state |-> "done" ] },
   {} >>
/\ leaderOfInst = <<{<<1, 1>>, <<1, 2>>}, {}, {}, {}, {}>>
/\ committed = ( <<1, 1>> :> {<<1, {}, 3>>} @@
  <<1, 2>> :> {<<2, {<<1, 1>>}, 4>>} @@
  <<2, 1>> :> {} @@
  <<2, 2>> :> {} @@
  <<3, 1>> :> {} @@
  <<3, 2>> :> {} @@
  <<4, 1>> :> {} @@
  <<4, 2>> :> {} @@
  <<5, 1>> :> {} @@
  <<5, 2>> :> {} )
/\ proposed = {1, 2}
/\ preparing = <<{}, {}, {}, {}, {}>>

@!@!@ENDMSG 2217 @!@!@
@!@!@STARTMSG 2217:4 @!@!@
10: <ReplicaAction line 645, col 13 to line 645, col 81 of module HybridProtocol_TLA>
/\ sentMsg = { [ type |-> "commit",
    src |-> 1,
    dst |-> 2,
    inst |-> <<1, 1>>,
    ballot |-> <<0, 1>>,
    cmd |-> 1,
    deps |-> {},
    seq |-> 3,
    consistency |-> "causal",
    ctxid |-> 1,
    clk |-> 2 ],
  [ type |-> "commit",
    src |-> 1,
    dst |-> 2,
    inst |-> <<1, 2>>,
    ballot |-> <<0, 1>>,
    cmd |-> 2,
    deps |-> {<<1, 1>>},
    seq |-> 4,
    consistency |-> "causal",
    ctxid |-> 1,
    clk |-> 3 ],
  [ type |-> "commit",
    src |-> 1,
    dst |-> 3,
    inst |-> <<1, 2>>,
    ballot |-> <<0, 1>>,
    cmd |-> 2,
    deps |-> {<<1, 1>>},
    seq |-> 4,
    consistency |-> "causal",
    ctxid |-> 1,
    clk |-> 3 ],
  [ type |-> "commit",
    src |-> 1,
    dst |-> 4,
    inst |-> <<1, 1>>,
    ballot |-> <<0, 1>>,
    cmd |-> 1,
    deps |-> {},
    seq |-> 3,
    consistency |-> "causal",
    ctxid |-> 1,
    clk |-> 2 ] }
/\ executed = <<{}, {}, {}, {}, {}>>
/\ crtInst = <<3, 1, 1, 1, 1>>
/\ clk = <<3, 4, 5, 4, 3>>
/\ ballots = 1
/\ cmdLog = << { [ inst |-> <<1, 1>>,
       ballot |-> <<0, 1>>,
       cmd |-> 1,
       deps |-> {},
       seq |-> 3,
       consistency |-> "causal",
       ctxid |-> 1,
       status |-> "causally-committed",
       state |-> "done" ],
     [ inst |-> <<1, 2>>,
       ballot |-> <<0, 1>>,
       cmd |-> 2,
       deps |-> {<<1, 1>>},
       seq |-> 4,
       consistency |-> "causal",
       ctxid |-> 1,
       status |-> "causally-committed",
       state |-> "done" ] },
   { [ inst |-> <<1, 1>>,
       ballot |-> <<0, 1>>,
       cmd |-> 1,
       deps |-> {},
       seq |-> 3,
       consistency |-> "causal",
       ctxid |-> 1,
       status |-> "causally-committed",
       state |-> "done" ],
     [ inst |-> <<1, 2>>,
       ballot |-> <<0, 1>>,
       cmd |-> 2,
       deps |-> {<<1, 1>>},
       seq |-> 4,
       consistency |-> "causal",
       ctxid |-> 1,
       status |-> "causally-committed",
       state |-> "done" ] },
   { [ inst |-> <<1, 1>>,
       ballot |-> <<0, 1>>,
       cmd |-> 1,
       deps |-> {},
       seq |-> 3,
       consistency |-> "causal",
       ctxid |-> 1,
       status |-> "causally-committed",
       state |-> "done" ],
     [ inst |-> <<1, 2>>,
       ballot |-> <<0, 1>>,
       cmd |-> 2,
       deps |-> {<<1, 1>>},
       seq |-> 4,
       consistency |-> "causal",
       ctxid |-> 1,
       status |-> "causally-committed",
       state |-> "done" ] },
   { [ inst |-> <<1, 1>>,
       ballot |-> <<0, 1>>,
       cmd |-> 1,
       deps |-> {},
       seq |-> 3,
       consistency |-> "causal",
       ctxid |-> 1,
       status |-> "causally-committed",
       state |-> "done" ],
     [ inst |-> <<1, 2>>,
       ballot |-> <<0, 1>>,
       cmd |-> 2,
       deps |-> {<<1, 1>>},
       seq |-> 4,
       consistency |-> "causal",
       ctxid |-> 1,
       status |-> "causally-committed",
       state |-> "done" ] },
   { [ inst |-> <<1, 1>>,
       ballot |-> <<0, 1>>,
       cmd |-> 1,
       deps |-> {},
       seq |-> 3,
       consistency |-> "causal",
       ctxid |-> 1,
       status |-> "causally-committed",
       state |-> "done" ] } >>
/\ leaderOfInst = <<{<<1, 1>>, <<1, 2>>}, {}, {}, {}, {}>>
/\ committed = ( <<1, 1>> :> {<<1, {}, 3>>} @@
  <<1, 2>> :> {<<2, {<<1, 1>>}, 4>>} @@
  <<2, 1>> :> {} @@
  <<2, 2>> :> {} @@
  <<3, 1>> :> {} @@
  <<3, 2>> :> {} @@
  <<4, 1>> :> {} @@
  <<4, 2>> :> {} @@
  <<5, 1>> :> {} @@
  <<5, 2>> :> {} )
/\ proposed = {1, 2}
/\ preparing = <<{}, {}, {}, {}, {}>>

@!@!@ENDMSG 2217 @!@!@
@!@!@STARTMSG 2217:4 @!@!@
11: <ReplicaAction line 645, col 13 to line 645, col 81 of module HybridProtocol_TLA>
/\ sentMsg = { [ type |-> "commit",
    src |-> 1,
    dst |-> 2,
    inst |-> <<1, 1>>,
    ballot |-> <<0, 1>>,
    cmd |-> 1,
    deps |-> {},
    seq |-> 3,
    consistency |-> "causal",
    ctxid |-> 1,
    clk |-> 2 ],
  [ type |-> "commit",
    src |-> 1,
    dst |-> 2,
    inst |-> <<1, 2>>,
    ballot |-> <<0, 1>>,
    cmd |-> 2,
    deps |-> {<<1, 1>>},
    seq |-> 4,
    consistency |-> "causal",
    ctxid |-> 1,
    clk |-> 3 ],
  [ type |-> "commit",
    src |-> 1,
    dst |-> 3,
    inst |-> <<1, 2>>,
    ballot |-> <<0, 1>>,
    cmd |-> 2,
    deps |-> {<<1, 1>>},
    seq |-> 4,
    consistency |-> "causal",
    ctxid |-> 1,
    clk |-> 3 ],
  [ type |-> "commit",
    src |-> 1,
    dst |-> 4,
    inst |-> <<1, 1>>,
    ballot |-> <<0, 1>>,
    cmd |-> 1,
    deps |-> {},
    seq |-> 3,
    consistency |-> "causal",
    ctxid |-> 1,
    clk |-> 2 ] }
/\ executed = <<{}, {}, {}, {}, {}>>
/\ crtInst = <<3, 1, 1, 1, 1>>
/\ clk = <<3, 4, 5, 4, 4>>
/\ ballots = 1
/\ cmdLog = << { [ inst |-> <<1, 1>>,
       ballot |-> <<0, 1>>,
       cmd |-> 1,
       deps |-> {},
       seq |-> 3,
       consistency |-> "causal",
       ctxid |-> 1,
       status |-> "causally-committed",
       state |-> "done" ],
     [ inst |-> <<1, 2>>,
       ballot |-> <<0, 1>>,
       cmd |-> 2,
       deps |-> {<<1, 1>>},
       seq |-> 4,
       consistency |-> "causal",
       ctxid |-> 1,
       status |-> "causally-committed",
       state |-> "done" ] },
   { [ inst |-> <<1, 1>>,
       ballot |-> <<0, 1>>,
       cmd |-> 1,
       deps |-> {},
       seq |-> 3,
       consistency |-> "causal",
       ctxid |-> 1,
       status |-> "causally-committed",
       state |-> "done" ],
     [ inst |-> <<1, 2>>,
       ballot |-> <<0, 1>>,
       cmd |-> 2,
       deps |-> {<<1, 1>>},
       seq |-> 4,
       consistency |-> "causal",
       ctxid |-> 1,
       status |-> "causally-committed",
       state |-> "done" ] },
   { [ inst |-> <<1, 1>>,
       ballot |-> <<0, 1>>,
       cmd |-> 1,
       deps |-> {},
       seq |-> 3,
       consistency |-> "causal",
       ctxid |-> 1,
       status |-> "causally-committed",
       state |-> "done" ],
     [ inst |-> <<1, 2>>,
       ballot |-> <<0, 1>>,
       cmd |-> 2,
       deps |-> {<<1, 1>>},
       seq |-> 4,
       consistency |-> "causal",
       ctxid |-> 1,
       status |-> "causally-committed",
       state |-> "done" ] },
   { [ inst |-> <<1, 1>>,
       ballot |-> <<0, 1>>,
       cmd |-> 1,
       deps |-> {},
       seq |-> 3,
       consistency |-> "causal",
       ctxid |-> 1,
       status |-> "causally-committed",
       state |-> "done" ],
     [ inst |-> <<1, 2>>,
       ballot |-> <<0, 1>>,
       cmd |-> 2,
       deps |-> {<<1, 1>>},
       seq |-> 4,
       consistency |-> "causal",
       ctxid |-> 1,
       status |-> "causally-committed",
       state |-> "done" ] },
   { [ inst |-> <<1, 1>>,
       ballot |-> <<0, 1>>,
       cmd |-> 1,
       deps |-> {},
       seq |-> 3,
       consistency |-> "causal",
       ctxid |-> 1,
       status |-> "causally-committed",
       state |-> "done" ],
     [ inst |-> <<1, 2>>,
       ballot |-> <<0, 1>>,
       cmd |-> 2,
       deps |-> {<<1, 1>>},
       seq |-> 4,
       consistency |-> "causal",
       ctxid |-> 1,
       status |-> "causally-committed",
       state |-> "done" ] } >>
/\ leaderOfInst = <<{<<1, 1>>, <<1, 2>>}, {}, {}, {}, {}>>
/\ committed = ( <<1, 1>> :> {<<1, {}, 3>>} @@
  <<1, 2>> :> {<<2, {<<1, 1>>}, 4>>} @@
  <<2, 1>> :> {} @@
  <<2, 2>> :> {} @@
  <<3, 1>> :> {} @@
  <<3, 2>> :> {} @@
  <<4, 1>> :> {} @@
  <<4, 2>> :> {} @@
  <<5, 1>> :> {} @@
  <<5, 2>> :> {} )
/\ proposed = {1, 2}
/\ preparing = <<{}, {}, {}, {}, {}>>

@!@!@ENDMSG 2217 @!@!@
@!@!@STARTMSG 2201:0 @!@!@
The coverage statistics at 2023-12-11 09:54:24
@!@!@ENDMSG 2201 @!@!@
@!@!@STARTMSG 2773:0 @!@!@
<Init line 157, col 1 to line 157, col 4 of module HybridProtocol_TLA>: 2:2
@!@!@ENDMSG 2773 @!@!@
@!@!@STARTMSG 2221:0 @!@!@
  line 158, col 3 to line 167, col 33 of module HybridProtocol_TLA: 2
@!@!@ENDMSG 2221 @!@!@
@!@!@STARTMSG 2772:0 @!@!@
<Phase1Reply line 338, col 1 to line 338, col 20 of module HybridProtocol_TLA>: 0:0
@!@!@ENDMSG 2772 @!@!@
@!@!@STARTMSG 2221:0 @!@!@
  line 340, col 12 to line 340, col 34 of module HybridProtocol_TLA: 13637632
@!@!@ENDMSG 2221 @!@!@
@!@!@STARTMSG 2221:0 @!@!@
  line 356, col 28 to line 365, col 69 of module HybridProtocol_TLA: 0
@!@!@ENDMSG 2221 @!@!@
@!@!@STARTMSG 2221:0 @!@!@
  line 366, col 28 to line 377, col 62 of module HybridProtocol_TLA: 0
@!@!@ENDMSG 2221 @!@!@
@!@!@STARTMSG 2221:0 @!@!@
  line 378, col 28 to line 378, col 66 of module HybridProtocol_TLA: 0
@!@!@ENDMSG 2221 @!@!@
@!@!@STARTMSG 2221:0 @!@!@
  line 379, col 28 to line 380, col 72 of module HybridProtocol_TLA: 0
@!@!@ENDMSG 2221 @!@!@
@!@!@STARTMSG 2221:0 @!@!@
  line 382, col 28 to line 391, col 69 of module HybridProtocol_TLA: 0
@!@!@ENDMSG 2221 @!@!@
@!@!@STARTMSG 2221:0 @!@!@
  line 393, col 32 to line 402, col 69 of module HybridProtocol_TLA: 0
@!@!@ENDMSG 2221 @!@!@
@!@!@STARTMSG 2221:0 @!@!@
  line 403, col 33 to line 414, col 62 of module HybridProtocol_TLA: 0
@!@!@ENDMSG 2221 @!@!@
@!@!@STARTMSG 2221:0 @!@!@
  line 415, col 33 to line 415, col 71 of module HybridProtocol_TLA: 0
@!@!@ENDMSG 2221 @!@!@
@!@!@STARTMSG 2221:0 @!@!@
  line 416, col 33 to line 417, col 72 of module HybridProtocol_TLA: 0
@!@!@ENDMSG 2221 @!@!@
@!@!@STARTMSG 2221:0 @!@!@
  line 339, col 16 to line 339, col 22 of module HybridProtocol_TLA: 3411813
@!@!@ENDMSG 2221 @!@!@
@!@!@STARTMSG 2772:0 @!@!@
<CommandLeaderAction line 631, col 1 to line 631, col 19 of module HybridProtocol_TLA (632 9 635 72)>: 4544:28950
@!@!@ENDMSG 2772 @!@!@
@!@!@STARTMSG 2221:0 @!@!@
  line 330, col 12 to line 330, col 40 of module HybridProtocol_TLA: 4825
@!@!@ENDMSG 2221 @!@!@
@!@!@STARTMSG 2221:0 @!@!@
  line 194, col 8 to line 194, col 20 of module HybridProtocol_TLA: 28950
@!@!@ENDMSG 2221 @!@!@
@!@!@STARTMSG 2221:0 @!@!@
  line 200, col 16 to line 200, col 43 of module HybridProtocol_TLA: 28950
@!@!@ENDMSG 2221 @!@!@
@!@!@STARTMSG 2221:0 @!@!@
  |line 200, col 16 to line 200, col 39 of module HybridProtocol_TLA: 28950
@!@!@ENDMSG 2221 @!@!@
@!@!@STARTMSG 2221:0 @!@!@
  ||line 200, col 28 to line 200, col 38 of module HybridProtocol_TLA: 28950
@!@!@ENDMSG 2221 @!@!@
@!@!@STARTMSG 2221:0 @!@!@
  |||line 199, col 26 to line 199, col 56 of module HybridProtocol_TLA: 28950
@!@!@ENDMSG 2221 @!@!@
@!@!@STARTMSG 2221:0 @!@!@
  ||||line 199, col 45 to line 199, col 55 of module HybridProtocol_TLA: 28950
@!@!@ENDMSG 2221 @!@!@
@!@!@STARTMSG 2775:0 @!@!@
  |||||line 198, col 27 to line 198, col 74 of module HybridProtocol_TLA: 28950:28950
@!@!@ENDMSG 2775 @!@!@
@!@!@STARTMSG 2221:0 @!@!@
  ||||||line 198, col 53 to line 198, col 73 of module HybridProtocol_TLA: 17286
@!@!@ENDMSG 2221 @!@!@
@!@!@STARTMSG 2221:0 @!@!@
  ||||||line 198, col 36 to line 198, col 50 of module HybridProtocol_TLA: 28950
@!@!@ENDMSG 2221 @!@!@
@!@!@STARTMSG 2221:0 @!@!@
  line 201, col 20 to line 210, col 59 of module HybridProtocol_TLA: 28950
@!@!@ENDMSG 2221 @!@!@
@!@!@STARTMSG 2221:0 @!@!@
  |line 201, col 30 to line 210, col 59 of module HybridProtocol_TLA: 28950
@!@!@ENDMSG 2221 @!@!@
@!@!@STARTMSG 2221:0 @!@!@
  ||line 201, col 31 to line 201, col 36 of module HybridProtocol_TLA: 28950
@!@!@ENDMSG 2221 @!@!@
@!@!@STARTMSG 2221:0 @!@!@
  ||line 201, col 45 to line 210, col 58 of module HybridProtocol_TLA: 28950
@!@!@ENDMSG 2221 @!@!@
@!@!@STARTMSG 2221:0 @!@!@
  ||line 201, col 58 to line 210, col 58 of module HybridProtocol_TLA: 28950
@!@!@ENDMSG 2221 @!@!@
@!@!@STARTMSG 2221:0 @!@!@
  |||line 201, col 59 to line 201, col 69 of module HybridProtocol_TLA: 28950
@!@!@ENDMSG 2221 @!@!@
@!@!@STARTMSG 2221:0 @!@!@
  ||||line 201, col 63 to line 201, col 69 of module HybridProtocol_TLA: 28950
@!@!@ENDMSG 2221 @!@!@
@!@!@STARTMSG 2221:0 @!@!@
  |||||line 197, col 24 to line 197, col 66 of module HybridProtocol_TLA: 28950
@!@!@ENDMSG 2221 @!@!@
@!@!@STARTMSG 2221:0 @!@!@
  ||||||line 197, col 51 to line 197, col 65 of module HybridProtocol_TLA: 17286
@!@!@ENDMSG 2221 @!@!@
@!@!@STARTMSG 2221:0 @!@!@
  ||||||line 197, col 33 to line 197, col 47 of module HybridProtocol_TLA: 28950
@!@!@ENDMSG 2221 @!@!@
@!@!@STARTMSG 2775:0 @!@!@
  |||line 202, col 41 to line 210, col 58 of module HybridProtocol_TLA: 28950:172308
@!@!@ENDMSG 2775 @!@!@
@!@!@STARTMSG 2221:0 @!@!@
  ||||line 202, col 42 to line 210, col 57 of module HybridProtocol_TLA: 28950
@!@!@ENDMSG 2221 @!@!@
@!@!@STARTMSG 2221:0 @!@!@
  |||||line 202, col 43 to line 202, col 57 of module HybridProtocol_TLA: 28950
@!@!@ENDMSG 2221 @!@!@
@!@!@STARTMSG 2221:0 @!@!@
  |||||line 205, col 43 to line 205, col 59 of module HybridProtocol_TLA: 28950
@!@!@ENDMSG 2221 @!@!@
@!@!@STARTMSG 2221:0 @!@!@
  |||||line 206, col 43 to line 206, col 54 of module HybridProtocol_TLA: 28950
@!@!@ENDMSG 2221 @!@!@
@!@!@STARTMSG 2221:0 @!@!@
  |||||line 207, col 54 to line 207, col 60 of module HybridProtocol_TLA: 28950
@!@!@ENDMSG 2221 @!@!@
@!@!@STARTMSG 2221:0 @!@!@
  ||||||line 195, col 24 to line 195, col 58 of module HybridProtocol_TLA: 28950
@!@!@ENDMSG 2221 @!@!@
@!@!@STARTMSG 2221:0 @!@!@
  |||||||line 195, col 25 to line 195, col 32 of module HybridProtocol_TLA: 17286
@!@!@ENDMSG 2221 @!@!@
@!@!@STARTMSG 2221:0 @!@!@
  |||||||line 195, col 43 to line 195, col 57 of module HybridProtocol_TLA: 28950
@!@!@ENDMSG 2221 @!@!@
@!@!@STARTMSG 2221:0 @!@!@
  |||||line 208, col 54 to line 208, col 59 of module HybridProtocol_TLA: 28950
@!@!@ENDMSG 2221 @!@!@
@!@!@STARTMSG 2221:0 @!@!@
  ||||||line 196, col 23 to line 196, col 75 of module HybridProtocol_TLA: 28950
@!@!@ENDMSG 2221 @!@!@
@!@!@STARTMSG 2221:0 @!@!@
  |||||||line 196, col 27 to line 196, col 75 of module HybridProtocol_TLA: 28950
@!@!@ENDMSG 2221 @!@!@
@!@!@STARTMSG 2221:0 @!@!@
  ||||||||line 6, col 11 to line 6, col 68 of module HybridProtocol_TLA: 28950
@!@!@ENDMSG 2221 @!@!@
@!@!@STARTMSG 2221:0 @!@!@
  |||||||||line 6, col 14 to line 6, col 19 of module HybridProtocol_TLA: 28950
@!@!@ENDMSG 2221 @!@!@
@!@!@STARTMSG 2221:0 @!@!@
  |||||||||line 6, col 33 to line 6, col 68 of module HybridProtocol_TLA: 28950
@!@!@ENDMSG 2221 @!@!@
@!@!@STARTMSG 2221:0 @!@!@
  ||||||||||line 6, col 50 to line 6, col 68 of module HybridProtocol_TLA: 40470
@!@!@ENDMSG 2221 @!@!@
@!@!@STARTMSG 2221:0 @!@!@
  |||||||||||line 6, col 63 to line 6, col 68 of module HybridProtocol_TLA: 63510
@!@!@ENDMSG 2221 @!@!@
@!@!@STARTMSG 2221:0 @!@!@
  |||||||||||line 6, col 59 to line 6, col 59 of module HybridProtocol_TLA: 40470
@!@!@ENDMSG 2221 @!@!@
@!@!@STARTMSG 2221:0 @!@!@
  ||||||||||line 6, col 46 to line 6, col 46 of module HybridProtocol_TLA: 28950
@!@!@ENDMSG 2221 @!@!@
@!@!@STARTMSG 2221:0 @!@!@
  ||||||||line 196, col 31 to line 196, col 74 of module HybridProtocol_TLA: 28950
@!@!@ENDMSG 2221 @!@!@
@!@!@STARTMSG 2221:0 @!@!@
  |||||||||line 196, col 31 to line 196, col 60 of module HybridProtocol_TLA: 28950
@!@!@ENDMSG 2221 @!@!@
@!@!@STARTMSG 2221:0 @!@!@
  ||||||||||line 196, col 32 to line 196, col 36 of module HybridProtocol_TLA: 17286
@!@!@ENDMSG 2221 @!@!@
@!@!@STARTMSG 2221:0 @!@!@
  ||||||||||line 196, col 45 to line 196, col 59 of module HybridProtocol_TLA: 28950
@!@!@ENDMSG 2221 @!@!@
@!@!@STARTMSG 2775:0 @!@!@
  |||||||||line 196, col 67 to line 196, col 74 of module HybridProtocol_TLA: 28950:69564
@!@!@ENDMSG 2775 @!@!@
@!@!@STARTMSG 2221:0 @!@!@
  |||||line 209, col 43 to line 209, col 60 of module HybridProtocol_TLA: 28950
@!@!@ENDMSG 2221 @!@!@
@!@!@STARTMSG 2221:0 @!@!@
  |||||line 210, col 43 to line 210, col 55 of module HybridProtocol_TLA: 28950
@!@!@ENDMSG 2221 @!@!@
@!@!@STARTMSG 2221:0 @!@!@
  line 211, col 20 to line 211, col 83 of module HybridProtocol_TLA: 28950
@!@!@ENDMSG 2221 @!@!@
@!@!@STARTMSG 2221:0 @!@!@
  line 212, col 20 to line 223, col 57 of module HybridProtocol_TLA: 28950
@!@!@ENDMSG 2221 @!@!@
@!@!@STARTMSG 2775:0 @!@!@
  |line 212, col 31 to line 223, col 57 of module HybridProtocol_TLA: 28950:167749
@!@!@ENDMSG 2775 @!@!@
@!@!@STARTMSG 2221:0 @!@!@
  ||line 212, col 32 to line 212, col 47 of module HybridProtocol_TLA: 28950
@!@!@ENDMSG 2221 @!@!@
@!@!@STARTMSG 2775:0 @!@!@
  ||line 213, col 41 to line 223, col 57 of module HybridProtocol_TLA: 28950:686955
@!@!@ENDMSG 2775 @!@!@
@!@!@STARTMSG 2221:0 @!@!@
  |||line 213, col 42 to line 213, col 59 of module HybridProtocol_TLA: 28950
@!@!@ENDMSG 2221 @!@!@
@!@!@STARTMSG 2221:0 @!@!@
  |||line 214, col 43 to line 214, col 59 of module HybridProtocol_TLA: 28950
@!@!@ENDMSG 2221 @!@!@
@!@!@STARTMSG 2221:0 @!@!@
  |||line 215, col 43 to line 215, col 63 of module HybridProtocol_TLA: 28950
@!@!@ENDMSG 2221 @!@!@
@!@!@STARTMSG 2221:0 @!@!@
  |||line 216, col 43 to line 216, col 56 of module HybridProtocol_TLA: 28950
@!@!@ENDMSG 2221 @!@!@
@!@!@STARTMSG 2221:0 @!@!@
  |||line 217, col 43 to line 217, col 58 of module HybridProtocol_TLA: 28950
@!@!@ENDMSG 2221 @!@!@
@!@!@STARTMSG 2221:0 @!@!@
  |||line 218, col 43 to line 218, col 53 of module HybridProtocol_TLA: 28950
@!@!@ENDMSG 2221 @!@!@
@!@!@STARTMSG 2775:0 @!@!@
  |||line 219, col 51 to line 219, col 59 of module HybridProtocol_TLA: 28950:144315
@!@!@ENDMSG 2775 @!@!@
@!@!@STARTMSG 2221:0 @!@!@
  ||||line 219, col 52 to line 219, col 58 of module HybridProtocol_TLA: 28950
@!@!@ENDMSG 2221 @!@!@
@!@!@STARTMSG 2221:0 @!@!@
  |||||line 195, col 24 to line 195, col 58 of module HybridProtocol_TLA: 28950
@!@!@ENDMSG 2221 @!@!@
@!@!@STARTMSG 2221:0 @!@!@
  ||||||line 195, col 25 to line 195, col 32 of module HybridProtocol_TLA: 17286
@!@!@ENDMSG 2221 @!@!@
@!@!@STARTMSG 2221:0 @!@!@
  ||||||line 195, col 43 to line 195, col 57 of module HybridProtocol_TLA: 28950
@!@!@ENDMSG 2221 @!@!@
@!@!@STARTMSG 2775:0 @!@!@
  |||line 220, col 51 to line 220, col 58 of module HybridProtocol_TLA: 28950:144315
@!@!@ENDMSG 2775 @!@!@
@!@!@STARTMSG 2221:0 @!@!@
  ||||line 220, col 52 to line 220, col 57 of module HybridProtocol_TLA: 28950
@!@!@ENDMSG 2221 @!@!@
@!@!@STARTMSG 2221:0 @!@!@
  |||||line 196, col 23 to line 196, col 75 of module HybridProtocol_TLA: 28950
@!@!@ENDMSG 2221 @!@!@
@!@!@STARTMSG 2221:0 @!@!@
  ||||||line 196, col 27 to line 196, col 75 of module HybridProtocol_TLA: 28950
@!@!@ENDMSG 2221 @!@!@
@!@!@STARTMSG 2221:0 @!@!@
  |||||||line 6, col 11 to line 6, col 68 of module HybridProtocol_TLA: 28950
@!@!@ENDMSG 2221 @!@!@
@!@!@STARTMSG 2221:0 @!@!@
  ||||||||line 6, col 14 to line 6, col 19 of module HybridProtocol_TLA: 28950
@!@!@ENDMSG 2221 @!@!@
@!@!@STARTMSG 2221:0 @!@!@
  ||||||||line 6, col 33 to line 6, col 68 of module HybridProtocol_TLA: 28950
@!@!@ENDMSG 2221 @!@!@
@!@!@STARTMSG 2221:0 @!@!@
  |||||||||line 6, col 50 to line 6, col 68 of module HybridProtocol_TLA: 40470
@!@!@ENDMSG 2221 @!@!@
@!@!@STARTMSG 2221:0 @!@!@
  ||||||||||line 6, col 63 to line 6, col 68 of module HybridProtocol_TLA: 63510
@!@!@ENDMSG 2221 @!@!@
@!@!@STARTMSG 2221:0 @!@!@
  ||||||||||line 6, col 59 to line 6, col 59 of module HybridProtocol_TLA: 40470
@!@!@ENDMSG 2221 @!@!@
@!@!@STARTMSG 2221:0 @!@!@
  |||||||||line 6, col 46 to line 6, col 46 of module HybridProtocol_TLA: 28950
@!@!@ENDMSG 2221 @!@!@
@!@!@STARTMSG 2221:0 @!@!@
  |||||||line 196, col 31 to line 196, col 74 of module HybridProtocol_TLA: 28950
@!@!@ENDMSG 2221 @!@!@
@!@!@STARTMSG 2221:0 @!@!@
  ||||||||line 196, col 31 to line 196, col 60 of module HybridProtocol_TLA: 28950
@!@!@ENDMSG 2221 @!@!@
@!@!@STARTMSG 2221:0 @!@!@
  |||||||||line 196, col 32 to line 196, col 36 of module HybridProtocol_TLA: 17286
@!@!@ENDMSG 2221 @!@!@
@!@!@STARTMSG 2221:0 @!@!@
  |||||||||line 196, col 45 to line 196, col 59 of module HybridProtocol_TLA: 28950
@!@!@ENDMSG 2221 @!@!@
@!@!@STARTMSG 2775:0 @!@!@
  ||||||||line 196, col 67 to line 196, col 74 of module HybridProtocol_TLA: 28950:69564
@!@!@ENDMSG 2775 @!@!@
@!@!@STARTMSG 2221:0 @!@!@
  |||line 221, col 43 to line 221, col 60 of module HybridProtocol_TLA: 28950
@!@!@ENDMSG 2221 @!@!@
@!@!@STARTMSG 2221:0 @!@!@
  |||line 222, col 43 to line 222, col 55 of module HybridProtocol_TLA: 28950
@!@!@ENDMSG 2221 @!@!@
@!@!@STARTMSG 2221:0 @!@!@
  |||line 223, col 43 to line 223, col 56 of module HybridProtocol_TLA: 28950
@!@!@ENDMSG 2221 @!@!@
@!@!@STARTMSG 2221:0 @!@!@
  line 225, col 21 to line 234, col 59 of module HybridProtocol_TLA: 0
@!@!@ENDMSG 2221 @!@!@
@!@!@STARTMSG 2221:0 @!@!@
  line 236, col 25 to line 245, col 43 of module HybridProtocol_TLA: 0
@!@!@ENDMSG 2221 @!@!@
@!@!@STARTMSG 2221:0 @!@!@
  line 246, col 24 to line 246, col 87 of module HybridProtocol_TLA: 0
@!@!@ENDMSG 2221 @!@!@
@!@!@STARTMSG 2221:0 @!@!@
  line 247, col 24 to line 258, col 61 of module HybridProtocol_TLA: 0
@!@!@ENDMSG 2221 @!@!@
@!@!@STARTMSG 2221:0 @!@!@
  line 267, col 20 to line 276, col 59 of module HybridProtocol_TLA: 0
@!@!@ENDMSG 2221 @!@!@
@!@!@STARTMSG 2221:0 @!@!@
  line 277, col 20 to line 277, col 83 of module HybridProtocol_TLA: 0
@!@!@ENDMSG 2221 @!@!@
@!@!@STARTMSG 2221:0 @!@!@
  line 278, col 20 to line 289, col 57 of module HybridProtocol_TLA: 0
@!@!@ENDMSG 2221 @!@!@
@!@!@STARTMSG 2221:0 @!@!@
  line 291, col 21 to line 300, col 59 of module HybridProtocol_TLA: 0
@!@!@ENDMSG 2221 @!@!@
@!@!@STARTMSG 2221:0 @!@!@
  line 302, col 25 to line 311, col 43 of module HybridProtocol_TLA: 0
@!@!@ENDMSG 2221 @!@!@
@!@!@STARTMSG 2221:0 @!@!@
  line 312, col 24 to line 312, col 87 of module HybridProtocol_TLA: 0
@!@!@ENDMSG 2221 @!@!@
@!@!@STARTMSG 2221:0 @!@!@
  line 313, col 24 to line 324, col 61 of module HybridProtocol_TLA: 0
@!@!@ENDMSG 2221 @!@!@
@!@!@STARTMSG 2221:0 @!@!@
  line 332, col 30 to line 332, col 30 of module HybridProtocol_TLA: 28950
@!@!@ENDMSG 2221 @!@!@
@!@!@STARTMSG 2221:0 @!@!@
  line 332, col 33 to line 332, col 39 of module HybridProtocol_TLA: 28950
@!@!@ENDMSG 2221 @!@!@
@!@!@STARTMSG 2221:0 @!@!@
  line 332, col 42 to line 332, col 42 of module HybridProtocol_TLA: 28950
@!@!@ENDMSG 2221 @!@!@
@!@!@STARTMSG 2221:0 @!@!@
  line 332, col 45 to line 332, col 51 of module HybridProtocol_TLA: 28950
@!@!@ENDMSG 2221 @!@!@
@!@!@STARTMSG 2221:0 @!@!@
  line 332, col 54 to line 332, col 62 of module HybridProtocol_TLA: 28950
@!@!@ENDMSG 2221 @!@!@
@!@!@STARTMSG 2221:0 @!@!@
  line 332, col 65 to line 332, col 66 of module HybridProtocol_TLA: 28950
@!@!@ENDMSG 2221 @!@!@
@!@!@STARTMSG 2221:0 @!@!@
  line 332, col 68 to line 332, col 82 of module HybridProtocol_TLA: 28950
@!@!@ENDMSG 2221 @!@!@
@!@!@STARTMSG 2221:0 @!@!@
  line 332, col 84 to line 332, col 85 of module HybridProtocol_TLA: 28950
@!@!@ENDMSG 2221 @!@!@
@!@!@STARTMSG 2221:0 @!@!@
  line 332, col 87 to line 332, col 89 of module HybridProtocol_TLA: 28950
@!@!@ENDMSG 2221 @!@!@
@!@!@STARTMSG 2221:0 @!@!@
  line 331, col 22 to line 331, col 41 of module HybridProtocol_TLA: 4825
@!@!@ENDMSG 2221 @!@!@
@!@!@STARTMSG 2775:0 @!@!@
  |line 23, col 20 to line 23, col 61 of module HybridProtocol_TLA: 4825:33775
@!@!@ENDMSG 2775 @!@!@
@!@!@STARTMSG 2221:0 @!@!@
  ||line 23, col 21 to line 23, col 30 of module HybridProtocol_TLA: 28950
@!@!@ENDMSG 2221 @!@!@
@!@!@STARTMSG 2221:0 @!@!@
  ||line 23, col 40 to line 23, col 60 of module HybridProtocol_TLA: 4825
@!@!@ENDMSG 2221 @!@!@
@!@!@STARTMSG 2775:0 @!@!@
  |||line 21, col 27 to line 21, col 78 of module HybridProtocol_TLA: 4825:77200
@!@!@ENDMSG 2775 @!@!@
@!@!@STARTMSG 2221:0 @!@!@
  ||||line 21, col 60 to line 21, col 77 of module HybridProtocol_TLA: 77200
@!@!@ENDMSG 2221 @!@!@
@!@!@STARTMSG 2775:0 @!@!@
  ||||line 21, col 34 to line 21, col 56 of module HybridProtocol_TLA: 4825:86850
@!@!@ENDMSG 2775 @!@!@
@!@!@STARTMSG 2221:0 @!@!@
  |||line 23, col 59 to line 23, col 59 of module HybridProtocol_TLA: 4825
@!@!@ENDMSG 2221 @!@!@
@!@!@STARTMSG 2221:0 @!@!@
  |line 331, col 34 to line 331, col 40 of module HybridProtocol_TLA: 4825
@!@!@ENDMSG 2221 @!@!@
@!@!@STARTMSG 2221:0 @!@!@
  line 333, col 12 to line 333, col 57 of module HybridProtocol_TLA: 28950
@!@!@ENDMSG 2221 @!@!@
@!@!@STARTMSG 2221:0 @!@!@
  line 334, col 12 to line 334, col 24 of module HybridProtocol_TLA: 28950
@!@!@ENDMSG 2221 @!@!@
@!@!@STARTMSG 2221:0 @!@!@
  line 335, col 12 to line 335, col 65 of module HybridProtocol_TLA: 28950
@!@!@ENDMSG 2221 @!@!@
@!@!@STARTMSG 2221:0 @!@!@
  line 635, col 55 to line 635, col 55 of module HybridProtocol_TLA: 4825
@!@!@ENDMSG 2221 @!@!@
@!@!@STARTMSG 2221:0 @!@!@
  line 635, col 58 to line 635, col 64 of module HybridProtocol_TLA: 4825
@!@!@ENDMSG 2221 @!@!@
@!@!@STARTMSG 2221:0 @!@!@
  line 635, col 66 to line 635, col 67 of module HybridProtocol_TLA: 4825
@!@!@ENDMSG 2221 @!@!@
@!@!@STARTMSG 2221:0 @!@!@
  line 635, col 69 to line 635, col 71 of module HybridProtocol_TLA: 4825
@!@!@ENDMSG 2221 @!@!@
@!@!@STARTMSG 2221:0 @!@!@
  line 635, col 36 to line 635, col 43 of module HybridProtocol_TLA: 965
@!@!@ENDMSG 2221 @!@!@
@!@!@STARTMSG 2221:0 @!@!@
  line 634, col 28 to line 634, col 33 of module HybridProtocol_TLA: 965
@!@!@ENDMSG 2221 @!@!@
@!@!@STARTMSG 2221:0 @!@!@
  line 633, col 23 to line 633, col 39 of module HybridProtocol_TLA: 965
@!@!@ENDMSG 2221 @!@!@
@!@!@STARTMSG 2221:0 @!@!@
  line 632, col 19 to line 632, col 37 of module HybridProtocol_TLA: 682367
@!@!@ENDMSG 2221 @!@!@
@!@!@STARTMSG 2772:0 @!@!@
<CommandLeaderAction line 631, col 1 to line 631, col 19 of module HybridProtocol_TLA (636 35 638 77)>: 0:0
@!@!@ENDMSG 2772 @!@!@
@!@!@STARTMSG 2221:0 @!@!@
  line 420, col 8 to line 420, col 34 of module HybridProtocol_TLA: 8182608
@!@!@ENDMSG 2221 @!@!@
@!@!@STARTMSG 2221:0 @!@!@
  line 421, col 8 to line 421, col 33 of module HybridProtocol_TLA: 8182608
@!@!@ENDMSG 2221 @!@!@
@!@!@STARTMSG 2221:0 @!@!@
  |line 421, col 8 to line 421, col 8 of module HybridProtocol_TLA: 8182608
@!@!@ENDMSG 2221 @!@!@
@!@!@STARTMSG 2221:0 @!@!@
  |line 421, col 14 to line 421, col 33 of module HybridProtocol_TLA: 8182608
@!@!@ENDMSG 2221 @!@!@
@!@!@STARTMSG 2221:0 @!@!@
  ||line 23, col 20 to line 23, col 61 of module HybridProtocol_TLA: 8182608
@!@!@ENDMSG 2221 @!@!@
@!@!@STARTMSG 2221:0 @!@!@
  |||line 23, col 21 to line 23, col 30 of module HybridProtocol_TLA: 49095648
@!@!@ENDMSG 2221 @!@!@
@!@!@STARTMSG 2221:0 @!@!@
  |||line 23, col 40 to line 23, col 60 of module HybridProtocol_TLA: 8182608
@!@!@ENDMSG 2221 @!@!@
@!@!@STARTMSG 2775:0 @!@!@
  ||||line 21, col 27 to line 21, col 78 of module HybridProtocol_TLA: 8182608:130921728
@!@!@ENDMSG 2775 @!@!@
@!@!@STARTMSG 2221:0 @!@!@
  |||||line 21, col 60 to line 21, col 77 of module HybridProtocol_TLA: 130921728
@!@!@ENDMSG 2221 @!@!@
@!@!@STARTMSG 2775:0 @!@!@
  |||||line 21, col 34 to line 21, col 56 of module HybridProtocol_TLA: 8182608:147286944
@!@!@ENDMSG 2775 @!@!@
@!@!@STARTMSG 2221:0 @!@!@
  ||||line 23, col 59 to line 23, col 59 of module HybridProtocol_TLA: 8182608
@!@!@ENDMSG 2221 @!@!@
@!@!@STARTMSG 2221:0 @!@!@
  ||line 421, col 26 to line 421, col 32 of module HybridProtocol_TLA: 8182608
@!@!@ENDMSG 2221 @!@!@
@!@!@STARTMSG 2221:0 @!@!@
  line 423, col 12 to line 423, col 26 of module HybridProtocol_TLA: 14246748
@!@!@ENDMSG 2221 @!@!@
@!@!@STARTMSG 2221:0 @!@!@
  line 424, col 12 to line 424, col 41 of module HybridProtocol_TLA: 8182608
@!@!@ENDMSG 2221 @!@!@
@!@!@STARTMSG 2221:0 @!@!@
  line 443, col 20 to line 452, col 67 of module HybridProtocol_TLA: 0
@!@!@ENDMSG 2221 @!@!@
@!@!@STARTMSG 2221:0 @!@!@
  line 454, col 29 to line 463, col 53 of module HybridProtocol_TLA: 0
@!@!@ENDMSG 2221 @!@!@
@!@!@STARTMSG 2221:0 @!@!@
  line 464, col 20 to line 464, col 77 of module HybridProtocol_TLA: 0
@!@!@ENDMSG 2221 @!@!@
@!@!@STARTMSG 2221:0 @!@!@
  line 465, col 20 to line 466, col 83 of module HybridProtocol_TLA: 0
@!@!@ENDMSG 2221 @!@!@
@!@!@STARTMSG 2221:0 @!@!@
  line 467, col 20 to line 467, col 55 of module HybridProtocol_TLA: 0
@!@!@ENDMSG 2221 @!@!@
@!@!@STARTMSG 2221:0 @!@!@
  line 468, col 20 to line 468, col 82 of module HybridProtocol_TLA: 0
@!@!@ENDMSG 2221 @!@!@
@!@!@STARTMSG 2221:0 @!@!@
  line 422, col 22 to line 422, col 36 of module HybridProtocol_TLA: 8182608
@!@!@ENDMSG 2221 @!@!@
@!@!@STARTMSG 2221:0 @!@!@
  line 637, col 60 to line 637, col 66 of module HybridProtocol_TLA: 8182608
@!@!@ENDMSG 2221 @!@!@
@!@!@STARTMSG 2221:0 @!@!@
  line 637, col 69 to line 637, col 72 of module HybridProtocol_TLA: 8182608
@!@!@ENDMSG 2221 @!@!@
@!@!@STARTMSG 2221:0 @!@!@
  line 637, col 75 to line 637, col 75 of module HybridProtocol_TLA: 8182608
@!@!@ENDMSG 2221 @!@!@
@!@!@STARTMSG 2221:0 @!@!@
  line 637, col 26 to line 637, col 45 of module HybridProtocol_TLA: 1363768
@!@!@ENDMSG 2221 @!@!@
@!@!@STARTMSG 2775:0 @!@!@
  |line 23, col 20 to line 23, col 61 of module HybridProtocol_TLA: 1363768:9546376
@!@!@ENDMSG 2775 @!@!@
@!@!@STARTMSG 2221:0 @!@!@
  ||line 23, col 21 to line 23, col 30 of module HybridProtocol_TLA: 8182608
@!@!@ENDMSG 2221 @!@!@
@!@!@STARTMSG 2221:0 @!@!@
  ||line 23, col 40 to line 23, col 60 of module HybridProtocol_TLA: 1363768
@!@!@ENDMSG 2221 @!@!@
@!@!@STARTMSG 2775:0 @!@!@
  |||line 21, col 27 to line 21, col 78 of module HybridProtocol_TLA: 1363768:21820288
@!@!@ENDMSG 2775 @!@!@
@!@!@STARTMSG 2221:0 @!@!@
  ||||line 21, col 60 to line 21, col 77 of module HybridProtocol_TLA: 21820288
@!@!@ENDMSG 2221 @!@!@
@!@!@STARTMSG 2775:0 @!@!@
  ||||line 21, col 34 to line 21, col 56 of module HybridProtocol_TLA: 1363768:24547824
@!@!@ENDMSG 2775 @!@!@
@!@!@STARTMSG 2221:0 @!@!@
  |||line 23, col 59 to line 23, col 59 of module HybridProtocol_TLA: 1363768
@!@!@ENDMSG 2221 @!@!@
@!@!@STARTMSG 2221:0 @!@!@
  |line 637, col 38 to line 637, col 44 of module HybridProtocol_TLA: 1363768
@!@!@ENDMSG 2221 @!@!@
@!@!@STARTMSG 2221:0 @!@!@
  line 472, col 8 to line 472, col 34 of module HybridProtocol_TLA: 8182608
@!@!@ENDMSG 2221 @!@!@
@!@!@STARTMSG 2221:0 @!@!@
  line 473, col 8 to line 473, col 33 of module HybridProtocol_TLA: 8182608
@!@!@ENDMSG 2221 @!@!@
@!@!@STARTMSG 2221:0 @!@!@
  |line 473, col 8 to line 473, col 8 of module HybridProtocol_TLA: 8182608
@!@!@ENDMSG 2221 @!@!@
@!@!@STARTMSG 2221:0 @!@!@
  |line 473, col 14 to line 473, col 33 of module HybridProtocol_TLA: 8182608
@!@!@ENDMSG 2221 @!@!@
@!@!@STARTMSG 2221:0 @!@!@
  ||line 22, col 20 to line 22, col 61 of module HybridProtocol_TLA: 8182608
@!@!@ENDMSG 2221 @!@!@
@!@!@STARTMSG 2221:0 @!@!@
  |||line 22, col 21 to line 22, col 30 of module HybridProtocol_TLA: 49095648
@!@!@ENDMSG 2221 @!@!@
@!@!@STARTMSG 2221:0 @!@!@
  |||line 22, col 40 to line 22, col 60 of module HybridProtocol_TLA: 8182608
@!@!@ENDMSG 2221 @!@!@
@!@!@STARTMSG 2775:0 @!@!@
  ||||line 21, col 27 to line 21, col 78 of module HybridProtocol_TLA: 8182608:130921728
@!@!@ENDMSG 2775 @!@!@
@!@!@STARTMSG 2221:0 @!@!@
  |||||line 21, col 60 to line 21, col 77 of module HybridProtocol_TLA: 130921728
@!@!@ENDMSG 2221 @!@!@
@!@!@STARTMSG 2775:0 @!@!@
  |||||line 21, col 34 to line 21, col 56 of module HybridProtocol_TLA: 8182608:147286944
@!@!@ENDMSG 2775 @!@!@
@!@!@STARTMSG 2221:0 @!@!@
  ||||line 22, col 59 to line 22, col 59 of module HybridProtocol_TLA: 8182608
@!@!@ENDMSG 2221 @!@!@
@!@!@STARTMSG 2221:0 @!@!@
  ||line 473, col 26 to line 473, col 32 of module HybridProtocol_TLA: 8182608
@!@!@ENDMSG 2221 @!@!@
@!@!@STARTMSG 2221:0 @!@!@
  line 475, col 12 to line 475, col 26 of module HybridProtocol_TLA: 14246748
@!@!@ENDMSG 2221 @!@!@
@!@!@STARTMSG 2221:0 @!@!@
  line 476, col 12 to line 476, col 41 of module HybridProtocol_TLA: 8182608
@!@!@ENDMSG 2221 @!@!@
@!@!@STARTMSG 2221:0 @!@!@
  line 488, col 32 to line 497, col 80 of module HybridProtocol_TLA: 0
@!@!@ENDMSG 2221 @!@!@
@!@!@STARTMSG 2221:0 @!@!@
  line 499, col 33 to line 510, col 64 of module HybridProtocol_TLA: 0
@!@!@ENDMSG 2221 @!@!@
@!@!@STARTMSG 2221:0 @!@!@
  line 511, col 32 to line 511, col 67 of module HybridProtocol_TLA: 0
@!@!@ENDMSG 2221 @!@!@
@!@!@STARTMSG 2221:0 @!@!@
  line 512, col 32 to line 513, col 76 of module HybridProtocol_TLA: 0
@!@!@ENDMSG 2221 @!@!@
@!@!@STARTMSG 2221:0 @!@!@
  line 474, col 22 to line 474, col 36 of module HybridProtocol_TLA: 8182608
@!@!@ENDMSG 2221 @!@!@
@!@!@STARTMSG 2221:0 @!@!@
  line 638, col 60 to line 638, col 66 of module HybridProtocol_TLA: 8182608
@!@!@ENDMSG 2221 @!@!@
@!@!@STARTMSG 2221:0 @!@!@
  line 638, col 69 to line 638, col 72 of module HybridProtocol_TLA: 8182608
@!@!@ENDMSG 2221 @!@!@
@!@!@STARTMSG 2221:0 @!@!@
  line 638, col 75 to line 638, col 75 of module HybridProtocol_TLA: 8182608
@!@!@ENDMSG 2221 @!@!@
@!@!@STARTMSG 2221:0 @!@!@
  line 638, col 26 to line 638, col 45 of module HybridProtocol_TLA: 1363768
@!@!@ENDMSG 2221 @!@!@
@!@!@STARTMSG 2775:0 @!@!@
  |line 22, col 20 to line 22, col 61 of module HybridProtocol_TLA: 1363768:9546376
@!@!@ENDMSG 2775 @!@!@
@!@!@STARTMSG 2221:0 @!@!@
  ||line 22, col 21 to line 22, col 30 of module HybridProtocol_TLA: 8182608
@!@!@ENDMSG 2221 @!@!@
@!@!@STARTMSG 2221:0 @!@!@
  ||line 22, col 40 to line 22, col 60 of module HybridProtocol_TLA: 1363768
@!@!@ENDMSG 2221 @!@!@
@!@!@STARTMSG 2775:0 @!@!@
  |||line 21, col 27 to line 21, col 78 of module HybridProtocol_TLA: 1363768:21820288
@!@!@ENDMSG 2775 @!@!@
@!@!@STARTMSG 2221:0 @!@!@
  ||||line 21, col 60 to line 21, col 77 of module HybridProtocol_TLA: 21820288
@!@!@ENDMSG 2221 @!@!@
@!@!@STARTMSG 2775:0 @!@!@
  ||||line 21, col 34 to line 21, col 56 of module HybridProtocol_TLA: 1363768:24547824
@!@!@ENDMSG 2775 @!@!@
@!@!@STARTMSG 2221:0 @!@!@
  |||line 22, col 59 to line 22, col 59 of module HybridProtocol_TLA: 1363768
@!@!@ENDMSG 2221 @!@!@
@!@!@STARTMSG 2221:0 @!@!@
  |line 638, col 38 to line 638, col 44 of module HybridProtocol_TLA: 1363768
@!@!@ENDMSG 2221 @!@!@
@!@!@STARTMSG 2221:0 @!@!@
  line 636, col 47 to line 636, col 67 of module HybridProtocol_TLA: 3411825
@!@!@ENDMSG 2221 @!@!@
@!@!@STARTMSG 2772:0 @!@!@
<ReplicaAction line 642, col 1 to line 642, col 13 of module HybridProtocol_TLA (645 13 645 81)>: 748883:4866568
@!@!@ENDMSG 2772 @!@!@
@!@!@STARTMSG 2221:0 @!@!@
  line 645, col 36 to line 645, col 55 of module HybridProtocol_TLA: 18504200
@!@!@ENDMSG 2221 @!@!@
@!@!@STARTMSG 2221:0 @!@!@
  |line 645, col 36 to line 645, col 44 of module HybridProtocol_TLA: 13637632
@!@!@ENDMSG 2221 @!@!@
@!@!@STARTMSG 2221:0 @!@!@
  line 520, col 8 to line 520, col 34 of module HybridProtocol_TLA: 13637632
@!@!@ENDMSG 2221 @!@!@
@!@!@STARTMSG 2221:0 @!@!@
  line 525, col 16 to line 525, col 43 of module HybridProtocol_TLA: 13637632
@!@!@ENDMSG 2221 @!@!@
@!@!@STARTMSG 2221:0 @!@!@
  |line 525, col 16 to line 525, col 39 of module HybridProtocol_TLA: 13637632
@!@!@ENDMSG 2221 @!@!@
@!@!@STARTMSG 2221:0 @!@!@
  ||line 525, col 28 to line 525, col 38 of module HybridProtocol_TLA: 13637632
@!@!@ENDMSG 2221 @!@!@
@!@!@STARTMSG 2221:0 @!@!@
  |||line 524, col 28 to line 524, col 58 of module HybridProtocol_TLA: 13637632
@!@!@ENDMSG 2221 @!@!@
@!@!@STARTMSG 2221:0 @!@!@
  ||||line 524, col 47 to line 524, col 57 of module HybridProtocol_TLA: 13637632
@!@!@ENDMSG 2221 @!@!@
@!@!@STARTMSG 2775:0 @!@!@
  |||||line 523, col 28 to line 523, col 75 of module HybridProtocol_TLA: 13637632:13637632
@!@!@ENDMSG 2775 @!@!@
@!@!@STARTMSG 2221:0 @!@!@
  ||||||line 523, col 54 to line 523, col 74 of module HybridProtocol_TLA: 17536368
@!@!@ENDMSG 2221 @!@!@
@!@!@STARTMSG 2221:0 @!@!@
  ||||||line 523, col 37 to line 523, col 51 of module HybridProtocol_TLA: 13637632
@!@!@ENDMSG 2221 @!@!@
@!@!@STARTMSG 2221:0 @!@!@
  line 526, col 20 to line 527, col 72 of module HybridProtocol_TLA: 4866568
@!@!@ENDMSG 2221 @!@!@
@!@!@STARTMSG 2221:0 @!@!@
  |line 526, col 41 to line 527, col 71 of module HybridProtocol_TLA: 8771064
@!@!@ENDMSG 2221 @!@!@
@!@!@STARTMSG 2221:0 @!@!@
  |line 526, col 31 to line 526, col 36 of module HybridProtocol_TLA: 13637632
@!@!@ENDMSG 2221 @!@!@
@!@!@STARTMSG 2775:0 @!@!@
  ||line 521, col 23 to line 521, col 70 of module HybridProtocol_TLA: 13637632:22408696
@!@!@ENDMSG 2775 @!@!@
@!@!@STARTMSG 2221:0 @!@!@
  |||line 521, col 50 to line 521, col 69 of module HybridProtocol_TLA: 17536368
@!@!@ENDMSG 2221 @!@!@
@!@!@STARTMSG 2221:0 @!@!@
  |||line 521, col 32 to line 521, col 46 of module HybridProtocol_TLA: 13637632
@!@!@ENDMSG 2221 @!@!@
@!@!@STARTMSG 2221:0 @!@!@
  line 528, col 20 to line 537, col 70 of module HybridProtocol_TLA: 4866568
@!@!@ENDMSG 2221 @!@!@
@!@!@STARTMSG 2221:0 @!@!@
  |line 528, col 30 to line 537, col 70 of module HybridProtocol_TLA: 4866568
@!@!@ENDMSG 2221 @!@!@
@!@!@STARTMSG 2221:0 @!@!@
  ||line 528, col 31 to line 528, col 36 of module HybridProtocol_TLA: 4866568
@!@!@ENDMSG 2221 @!@!@
@!@!@STARTMSG 2221:0 @!@!@
  ||line 528, col 45 to line 537, col 69 of module HybridProtocol_TLA: 4866568
@!@!@ENDMSG 2221 @!@!@
@!@!@STARTMSG 2221:0 @!@!@
  ||line 528, col 58 to line 537, col 69 of module HybridProtocol_TLA: 4866568
@!@!@ENDMSG 2221 @!@!@
@!@!@STARTMSG 2221:0 @!@!@
  |||line 528, col 59 to line 528, col 68 of module HybridProtocol_TLA: 4866568
@!@!@ENDMSG 2221 @!@!@
@!@!@STARTMSG 2221:0 @!@!@
  ||||line 528, col 63 to line 528, col 68 of module HybridProtocol_TLA: 4866568
@!@!@ENDMSG 2221 @!@!@
@!@!@STARTMSG 2221:0 @!@!@
  |||||line 521, col 23 to line 521, col 70 of module HybridProtocol_TLA: 4866568
@!@!@ENDMSG 2221 @!@!@
@!@!@STARTMSG 2221:0 @!@!@
  ||||||line 521, col 50 to line 521, col 69 of module HybridProtocol_TLA: 2725752
@!@!@ENDMSG 2221 @!@!@
@!@!@STARTMSG 2221:0 @!@!@
  ||||||line 521, col 32 to line 521, col 46 of module HybridProtocol_TLA: 4866568
@!@!@ENDMSG 2221 @!@!@
@!@!@STARTMSG 2775:0 @!@!@
  |||line 529, col 45 to line 537, col 69 of module HybridProtocol_TLA: 4866568:5481344
@!@!@ENDMSG 2775 @!@!@
@!@!@STARTMSG 2221:0 @!@!@
  line 538, col 20 to line 539, col 75 of module HybridProtocol_TLA: 4866568
@!@!@ENDMSG 2221 @!@!@
@!@!@STARTMSG 2221:0 @!@!@
  line 540, col 20 to line 540, col 58 of module HybridProtocol_TLA: 4866568
@!@!@ENDMSG 2221 @!@!@
@!@!@STARTMSG 2221:0 @!@!@
  |line 540, col 27 to line 540, col 58 of module HybridProtocol_TLA: 4866568
@!@!@ENDMSG 2221 @!@!@
@!@!@STARTMSG 2221:0 @!@!@
  ||line 540, col 28 to line 540, col 30 of module HybridProtocol_TLA: 4866568
@!@!@ENDMSG 2221 @!@!@
@!@!@STARTMSG 2221:0 @!@!@
  ||line 540, col 39 to line 540, col 57 of module HybridProtocol_TLA: 4866568
@!@!@ENDMSG 2221 @!@!@
@!@!@STARTMSG 2221:0 @!@!@
  ||line 540, col 52 to line 540, col 57 of module HybridProtocol_TLA: 4866568
@!@!@ENDMSG 2221 @!@!@
@!@!@STARTMSG 2221:0 @!@!@
  |||line 522, col 23 to line 522, col 61 of module HybridProtocol_TLA: 4866568
@!@!@ENDMSG 2221 @!@!@
@!@!@STARTMSG 2221:0 @!@!@
  ||||line 522, col 27 to line 522, col 61 of module HybridProtocol_TLA: 4866568
@!@!@ENDMSG 2221 @!@!@
@!@!@STARTMSG 2221:0 @!@!@
  |||||line 6, col 11 to line 6, col 68 of module HybridProtocol_TLA: 4866568
@!@!@ENDMSG 2221 @!@!@
@!@!@STARTMSG 2221:0 @!@!@
  ||||||line 6, col 14 to line 6, col 19 of module HybridProtocol_TLA: 4866568
@!@!@ENDMSG 2221 @!@!@
@!@!@STARTMSG 2221:0 @!@!@
  ||||||line 6, col 33 to line 6, col 68 of module HybridProtocol_TLA: 4866568
@!@!@ENDMSG 2221 @!@!@
@!@!@STARTMSG 2221:0 @!@!@
  |||||||line 6, col 50 to line 6, col 68 of module HybridProtocol_TLA: 9028126
@!@!@ENDMSG 2221 @!@!@
@!@!@STARTMSG 2221:0 @!@!@
  ||||||||line 6, col 63 to line 6, col 68 of module HybridProtocol_TLA: 17351242
@!@!@ENDMSG 2221 @!@!@
@!@!@STARTMSG 2221:0 @!@!@
  ||||||||line 6, col 59 to line 6, col 59 of module HybridProtocol_TLA: 9028126
@!@!@ENDMSG 2221 @!@!@
@!@!@STARTMSG 2221:0 @!@!@
  |||||||line 6, col 46 to line 6, col 46 of module HybridProtocol_TLA: 4866568
@!@!@ENDMSG 2221 @!@!@
@!@!@STARTMSG 2221:0 @!@!@
  |||||line 522, col 31 to line 522, col 60 of module HybridProtocol_TLA: 4866568
@!@!@ENDMSG 2221 @!@!@
@!@!@STARTMSG 2221:0 @!@!@
  line 541, col 20 to line 542, col 61 of module HybridProtocol_TLA: 4866568
@!@!@ENDMSG 2221 @!@!@
@!@!@STARTMSG 2221:0 @!@!@
  line 546, col 20 to line 555, col 70 of module HybridProtocol_TLA: 0
@!@!@ENDMSG 2221 @!@!@
@!@!@STARTMSG 2221:0 @!@!@
  line 557, col 24 to line 566, col 74 of module HybridProtocol_TLA: 0
@!@!@ENDMSG 2221 @!@!@
@!@!@STARTMSG 2221:0 @!@!@
  line 567, col 24 to line 568, col 79 of module HybridProtocol_TLA: 0
@!@!@ENDMSG 2221 @!@!@
@!@!@STARTMSG 2221:0 @!@!@
  line 569, col 24 to line 569, col 62 of module HybridProtocol_TLA: 0
@!@!@ENDMSG 2221 @!@!@
@!@!@STARTMSG 2221:0 @!@!@
  line 570, col 24 to line 571, col 65 of module HybridProtocol_TLA: 0
@!@!@ENDMSG 2221 @!@!@
@!@!@STARTMSG 2221:0 @!@!@
  line 580, col 20 to line 589, col 70 of module HybridProtocol_TLA: 0
@!@!@ENDMSG 2221 @!@!@
@!@!@STARTMSG 2221:0 @!@!@
  line 590, col 20 to line 591, col 75 of module HybridProtocol_TLA: 0
@!@!@ENDMSG 2221 @!@!@
@!@!@STARTMSG 2221:0 @!@!@
  line 592, col 20 to line 592, col 58 of module HybridProtocol_TLA: 0
@!@!@ENDMSG 2221 @!@!@
@!@!@STARTMSG 2221:0 @!@!@
  line 593, col 20 to line 594, col 61 of module HybridProtocol_TLA: 0
@!@!@ENDMSG 2221 @!@!@
@!@!@STARTMSG 2221:0 @!@!@
  line 598, col 20 to line 607, col 70 of module HybridProtocol_TLA: 0
@!@!@ENDMSG 2221 @!@!@
@!@!@STARTMSG 2221:0 @!@!@
  line 609, col 24 to line 618, col 74 of module HybridProtocol_TLA: 0
@!@!@ENDMSG 2221 @!@!@
@!@!@STARTMSG 2221:0 @!@!@
  line 619, col 24 to line 620, col 79 of module HybridProtocol_TLA: 0
@!@!@ENDMSG 2221 @!@!@
@!@!@STARTMSG 2221:0 @!@!@
  line 621, col 24 to line 621, col 62 of module HybridProtocol_TLA: 0
@!@!@ENDMSG 2221 @!@!@
@!@!@STARTMSG 2221:0 @!@!@
  line 622, col 24 to line 623, col 65 of module HybridProtocol_TLA: 0
@!@!@ENDMSG 2221 @!@!@
@!@!@STARTMSG 2221:0 @!@!@
  line 645, col 67 to line 645, col 73 of module HybridProtocol_TLA: 13637632
@!@!@ENDMSG 2221 @!@!@
@!@!@STARTMSG 2221:0 @!@!@
  line 645, col 76 to line 645, col 79 of module HybridProtocol_TLA: 13637632
@!@!@ENDMSG 2221 @!@!@
@!@!@STARTMSG 2221:0 @!@!@
  line 645, col 25 to line 645, col 31 of module HybridProtocol_TLA: 3411813
@!@!@ENDMSG 2221 @!@!@
@!@!@STARTMSG 2202:0 @!@!@
End of statistics.
@!@!@ENDMSG 2202 @!@!@
@!@!@STARTMSG 2200:0 @!@!@
Progress(11) at 2023-12-11 09:54:24: 4,895,405 states generated (3,265,635 s/min), 753,428 distinct states found (502,598 ds/min), 71,071 states left on queue.
@!@!@ENDMSG 2200 @!@!@
@!@!@STARTMSG 2199:0 @!@!@
4895405 states generated, 753428 distinct states found, 71071 states left on queue.
@!@!@ENDMSG 2199 @!@!@
@!@!@STARTMSG 2194:0 @!@!@
The depth of the complete state graph search is 11.
@!@!@ENDMSG 2194 @!@!@
@!@!@STARTMSG 2268:0 @!@!@
The average outdegree of the complete state graph is 1 (minimum is 0, the maximum 31 and the 95th percentile is 4).
@!@!@ENDMSG 2268 @!@!@
@!@!@STARTMSG 2186:0 @!@!@
Finished in 89957ms at (2023-12-11 09:54:24)
@!@!@ENDMSG 2186 @!@!@
