@!@!@STARTMSG 2262:0 @!@!@
TLC2 Version 2.16 of 31 December 2020 (rev: cdddf55)
@!@!@ENDMSG 2262 @!@!@
@!@!@STARTMSG 2187:0 @!@!@
Running breadth-first search Model-Checking with fp 0 and seed 3456584765845869948 with 4 workers on 8 cores with 1214MB heap and 2730MB offheap memory [pid: 3777] (Mac OS X 10.16 x86_64, AdoptOpenJDK 14.0.1 x86_64, OffHeapDiskFPSet, DiskStateQueue).
@!@!@ENDMSG 2187 @!@!@
@!@!@STARTMSG 2220:0 @!@!@
Starting SANY...
@!@!@ENDMSG 2220 @!@!@
Parsing file /Volumes/StudyMaterials/Project/EESYSTEM_TOC/HybridProtocol_TLA.toolbox/Model_Strong_Causal/MC.tla
Parsing file /Volumes/StudyMaterials/Project/EESYSTEM_TOC/HybridProtocol_TLA.toolbox/Model_Strong_Causal/HybridProtocol_TLA.tla
Parsing file /Applications/TLA+ Toolbox.app/Contents/Eclipse/plugins/org.lamport.tlatools_1.0.0.202012311918/tla2sany/StandardModules/TLC.tla
Parsing file /Applications/TLA+ Toolbox.app/Contents/Eclipse/plugins/org.lamport.tlatools_1.0.0.202012311918/tla2sany/StandardModules/Naturals.tla
Parsing file /Applications/TLA+ Toolbox.app/Contents/Eclipse/plugins/org.lamport.tlatools_1.0.0.202012311918/tla2sany/StandardModules/FiniteSets.tla
Parsing file /Applications/TLA+ Toolbox.app/Contents/Eclipse/plugins/org.lamport.tlatools_1.0.0.202012311918/tla2sany/StandardModules/Sequences.tla
Semantic processing of module Naturals
Semantic processing of module Sequences
Semantic processing of module FiniteSets
Semantic processing of module HybridProtocol_TLA
Semantic processing of module TLC
Semantic processing of module MC
@!@!@STARTMSG 2219:0 @!@!@
SANY finished.
@!@!@ENDMSG 2219 @!@!@
@!@!@STARTMSG 2185:0 @!@!@
Starting... (2024-02-05 14:27:19)
@!@!@ENDMSG 2185 @!@!@
@!@!@STARTMSG 2189:0 @!@!@
Computing initial states...
@!@!@ENDMSG 2189 @!@!@
@!@!@STARTMSG 2190:0 @!@!@
Finished computing initial states: 1 distinct state generated at 2024-02-05 14:27:20.
@!@!@ENDMSG 2190 @!@!@
@!@!@STARTMSG 2111:1 @!@!@
Evaluating invariant TypeOK failed.
Attempted to check if non-tuple
{}
is in the set of tuples:
{ <<1, 1>>,
  <<1, 2>>,
  <<1, 3>>,
  <<1, 4>>,
  <<1, 5>>,
  <<1, 6>>,
  <<2, 1>>,
  <<2, 2>>,
  <<2, 3>>,
  <<2, 4>>,
  <<2, 5>>,
  <<2, 6>>,
  <<3, 1>>,
  <<3, 2>>,
  <<3, 3>>,
  <<3, 4>>,
  <<3, 5>>,
  <<3, 6>>,
  <<4, 1>>,
  <<4, 2>>,
  <<4, 3>>,
  <<4, 4>>,
  <<4, 5>>,
  <<4, 6>>,
  <<5, 1>>,
  <<5, 2>>,
  <<5, 3>>,
  <<5, 4>>,
  <<5, 5>>,
  <<5, 6>> }
@!@!@ENDMSG 2111 @!@!@
@!@!@STARTMSG 2121:1 @!@!@
The behavior up to this point is:
@!@!@ENDMSG 2121 @!@!@
@!@!@STARTMSG 2217:4 @!@!@
1: <Initial predicate>
/\ sentMsg = {}
/\ executed = <<{}, {}, {}, {}, {}>>
/\ crtInst = <<1, 1, 1, 1, 1>>
/\ clk = <<1, 1, 1, 1, 1>>
/\ ballots = 1
/\ cmdLog = <<{}, {}, {}, {}, {}>>
/\ leaderOfInst = <<{}, {}, {}, {}, {}>>
/\ committed = ( <<1, 1>> :> {} @@
  <<1, 2>> :> {} @@
  <<1, 3>> :> {} @@
  <<1, 4>> :> {} @@
  <<1, 5>> :> {} @@
  <<1, 6>> :> {} @@
  <<2, 1>> :> {} @@
  <<2, 2>> :> {} @@
  <<2, 3>> :> {} @@
  <<2, 4>> :> {} @@
  <<2, 5>> :> {} @@
  <<2, 6>> :> {} @@
  <<3, 1>> :> {} @@
  <<3, 2>> :> {} @@
  <<3, 3>> :> {} @@
  <<3, 4>> :> {} @@
  <<3, 5>> :> {} @@
  <<3, 6>> :> {} @@
  <<4, 1>> :> {} @@
  <<4, 2>> :> {} @@
  <<4, 3>> :> {} @@
  <<4, 4>> :> {} @@
  <<4, 5>> :> {} @@
  <<4, 6>> :> {} @@
  <<5, 1>> :> {} @@
  <<5, 2>> :> {} @@
  <<5, 3>> :> {} @@
  <<5, 4>> :> {} @@
  <<5, 5>> :> {} @@
  <<5, 6>> :> {} )
/\ proposed = {}
/\ preparing = <<{}, {}, {}, {}, {}>>

@!@!@ENDMSG 2217 @!@!@
@!@!@STARTMSG 2103:1 @!@!@
The error occurred when TLC was evaluating the nested
expressions at the following positions:
0. Line 1635, column 9 to line 1638, column 72 in HybridProtocol_TLA
1. Line 1636, column 13 to line 1638, column 72 in HybridProtocol_TLA
2. Line 1637, column 17 to line 1638, column 72 in HybridProtocol_TLA
3. Line 1638, column 21 to line 1638, column 72 in HybridProtocol_TLA
4. Line 1638, column 47 to line 1638, column 72 in HybridProtocol_TLA
5. Line 557, column 5 to line 565, column 65 in HybridProtocol_TLA
6. Line 560, column 9 to line 565, column 65 in HybridProtocol_TLA
7. Line 560, column 12 to line 560, column 40 in HybridProtocol_TLA
8. Line 561, column 13 to line 562, column 90 in HybridProtocol_TLA
9. Line 562, column 18 to line 562, column 90 in HybridProtocol_TLA
10. Line 549, column 5 to line 553, column 78 in HybridProtocol_TLA
11. Line 553, column 10 to line 553, column 78 in HybridProtocol_TLA
12. Line 448, column 5 to line 545, column 75 in HybridProtocol_TLA
13. Line 476, column 13 to line 545, column 75 in HybridProtocol_TLA
14. Line 477, column 17 to line 503, column 71 in HybridProtocol_TLA
15. Line 477, column 20 to line 489, column 74 in HybridProtocol_TLA
16. Line 477, column 30 to line 489, column 74 in HybridProtocol_TLA
17. Line 477, column 58 to line 489, column 73 in HybridProtocol_TLA
18. Line 478, column 41 to line 489, column 73 in HybridProtocol_TLA
19. Line 478, column 42 to line 489, column 72 in HybridProtocol_TLA
20. Line 489, column 60 to line 489, column 70 in HybridProtocol_TLA
21. Line 489, column 60 to line 489, column 68 in HybridProtocol_TLA
22. Line 467, column 26 to line 467, column 39 in HybridProtocol_TLA
23. Line 332, column 6 to line 346, column 30 in HybridProtocol_TLA
24. Line 346, column 9 to line 346, column 30 in HybridProtocol_TLA
25. Line 335, column 13 to line 344, column 62 in HybridProtocol_TLA
26. Line 338, column 17 to line 344, column 62 in HybridProtocol_TLA
27. Line 341, column 21 to line 344, column 62 in HybridProtocol_TLA
28. Line 341, column 24 to line 341, column 47 in HybridProtocol_TLA
29. Line 341, column 24 to line 341, column 40 in HybridProtocol_TLA
30. Line 341, column 24 to line 341, column 27 in HybridProtocol_TLA
31. Line 340, column 29 to line 340, column 52 in HybridProtocol_TLA
32. Line 324, column 30 to line 328, column 99 in HybridProtocol_TLA
33. Line 325, column 25 to line 328, column 99 in HybridProtocol_TLA


@!@!@ENDMSG 2103 @!@!@
@!@!@STARTMSG 2200:0 @!@!@
Progress(2) at 2024-02-05 14:27:20: 2 states generated (42 s/min), 2 distinct states found (42 ds/min), 0 states left on queue.
@!@!@ENDMSG 2200 @!@!@
@!@!@STARTMSG 2199:0 @!@!@
2 states generated, 2 distinct states found, 0 states left on queue.
@!@!@ENDMSG 2199 @!@!@
@!@!@STARTMSG 2186:0 @!@!@
Finished in 2874ms at (2024-02-05 14:27:20)
@!@!@ENDMSG 2186 @!@!@
