@!@!@STARTMSG 2262:0 @!@!@
TLC2 Version 2.16 of 31 December 2020 (rev: cdddf55)
@!@!@ENDMSG 2262 @!@!@
@!@!@STARTMSG 2187:0 @!@!@
Running breadth-first search Model-Checking with fp 1 and seed -3625510728476628562 with 4 workers on 8 cores with 1214MB heap and 2730MB offheap memory [pid: 18032] (Mac OS X 10.16 x86_64, AdoptOpenJDK 14.0.1 x86_64, OffHeapDiskFPSet, DiskStateQueue).
@!@!@ENDMSG 2187 @!@!@
@!@!@STARTMSG 2220:0 @!@!@
Starting SANY...
@!@!@ENDMSG 2220 @!@!@
Parsing file /Volumes/StudyMaterials/Project/EESYSTEM_TOC/HybridProtocol_TLA.toolbox/Model_Strong_Causal/MC.tla
Parsing file /Volumes/StudyMaterials/Project/EESYSTEM_TOC/HybridProtocol_TLA.toolbox/Model_Strong_Causal/HybridProtocol_TLA.tla
Parsing file /Applications/TLA+ Toolbox.app/Contents/Eclipse/plugins/org.lamport.tlatools_1.0.0.202012311918/tla2sany/StandardModules/TLC.tla
Parsing file /Applications/TLA+ Toolbox.app/Contents/Eclipse/plugins/org.lamport.tlatools_1.0.0.202012311918/tla2sany/StandardModules/Naturals.tla
Parsing file /Applications/TLA+ Toolbox.app/Contents/Eclipse/plugins/org.lamport.tlatools_1.0.0.202012311918/tla2sany/StandardModules/FiniteSets.tla
Parsing file /Applications/TLA+ Toolbox.app/Contents/Eclipse/plugins/org.lamport.tlatools_1.0.0.202012311918/tla2sany/StandardModules/Sequences.tla
Semantic processing of module Naturals
Semantic processing of module Sequences
Semantic processing of module FiniteSets
Semantic processing of module HybridProtocol_TLA
Semantic processing of module TLC
Semantic processing of module MC
@!@!@STARTMSG 2219:0 @!@!@
SANY finished.
@!@!@ENDMSG 2219 @!@!@
@!@!@STARTMSG 2185:0 @!@!@
Starting... (2024-01-09 16:32:30)
@!@!@ENDMSG 2185 @!@!@
@!@!@STARTMSG 2189:0 @!@!@
Computing initial states...
@!@!@ENDMSG 2189 @!@!@
@!@!@STARTMSG 2190:0 @!@!@
Finished computing initial states: 1 distinct state generated at 2024-01-09 16:32:32.
@!@!@ENDMSG 2190 @!@!@
@!@!@STARTMSG 2200:0 @!@!@
Progress(5) at 2024-01-09 16:32:35: 87,735 states generated (87,735 s/min), 63,245 distinct states found (63,245 ds/min), 62,324 states left on queue.
@!@!@ENDMSG 2200 @!@!@
@!@!@STARTMSG 2200:0 @!@!@
Progress(6) at 2024-01-09 16:33:35: 10,392,089 states generated (10,304,354 s/min), 7,406,564 distinct states found (7,343,319 ds/min), 7,256,511 states left on queue.
@!@!@ENDMSG 2200 @!@!@
@!@!@STARTMSG 2200:0 @!@!@
Progress(6) at 2024-01-09 16:34:35: 20,716,984 states generated (10,324,895 s/min), 15,088,842 distinct states found (7,682,278 ds/min), 14,784,757 states left on queue.
@!@!@ENDMSG 2200 @!@!@
@!@!@STARTMSG 2200:0 @!@!@
Progress(6) at 2024-01-09 16:35:35: 31,209,007 states generated (10,492,023 s/min), 22,849,783 distinct states found (7,760,941 ds/min), 22,387,403 states left on queue.
@!@!@ENDMSG 2200 @!@!@
@!@!@STARTMSG 2200:0 @!@!@
Progress(6) at 2024-01-09 16:36:35: 41,546,143 states generated (10,337,136 s/min), 30,546,375 distinct states found (7,696,592 ds/min), 29,925,572 states left on queue.
@!@!@ENDMSG 2200 @!@!@
@!@!@STARTMSG 2200:0 @!@!@
Progress(6) at 2024-01-09 16:37:35: 51,668,525 states generated (10,122,382 s/min), 37,036,936 distinct states found (6,490,561 ds/min), 36,273,174 states left on queue.
@!@!@ENDMSG 2200 @!@!@
@!@!@STARTMSG 2200:0 @!@!@
Progress(6) at 2024-01-09 16:38:35: 61,693,254 states generated (10,024,729 s/min), 42,460,791 distinct states found (5,423,855 ds/min), 41,565,128 states left on queue.
@!@!@ENDMSG 2200 @!@!@
@!@!@STARTMSG 2200:0 @!@!@
Progress(7) at 2024-01-09 16:39:35: 71,731,489 states generated (10,038,235 s/min), 49,176,282 distinct states found (6,715,491 ds/min), 48,140,896 states left on queue.
@!@!@ENDMSG 2200 @!@!@
@!@!@STARTMSG 2200:0 @!@!@
Progress(7) at 2024-01-09 16:40:35: 81,474,315 states generated (9,742,826 s/min), 56,260,500 distinct states found (7,084,218 ds/min), 55,086,136 states left on queue.
@!@!@ENDMSG 2200 @!@!@
@!@!@STARTMSG 2200:0 @!@!@
Progress(7) at 2024-01-09 16:41:35: 91,233,840 states generated (9,759,525 s/min), 63,536,927 distinct states found (7,276,427 ds/min), 62,219,559 states left on queue.
@!@!@ENDMSG 2200 @!@!@
@!@!@STARTMSG 2200:0 @!@!@
Progress(7) at 2024-01-09 16:42:35: 100,891,144 states generated (9,657,304 s/min), 70,016,738 distinct states found (6,479,811 ds/min), 68,567,724 states left on queue.
@!@!@ENDMSG 2200 @!@!@
@!@!@STARTMSG 2200:0 @!@!@
Progress(7) at 2024-01-09 16:43:35: 110,508,629 states generated (9,617,485 s/min), 76,464,476 distinct states found (6,447,738 ds/min), 74,884,386 states left on queue.
@!@!@ENDMSG 2200 @!@!@
@!@!@STARTMSG 2200:0 @!@!@
Progress(7) at 2024-01-09 16:44:35: 120,209,048 states generated (9,700,419 s/min), 83,399,149 distinct states found (6,934,673 ds/min), 81,681,559 states left on queue.
@!@!@ENDMSG 2200 @!@!@
