@!@!@STARTMSG 2262:0 @!@!@
TLC2 Version 2.16 of 31 December 2020 (rev: cdddf55)
@!@!@ENDMSG 2262 @!@!@
@!@!@STARTMSG 2187:0 @!@!@
Running breadth-first search Model-Checking with fp 69 and seed -2862533983660034174 with 4 workers on 8 cores with 1214MB heap and 2730MB offheap memory [pid: 41106] (Mac OS X 10.16 x86_64, AdoptOpenJDK 14.0.1 x86_64, OffHeapDiskFPSet, DiskStateQueue).
@!@!@ENDMSG 2187 @!@!@
@!@!@STARTMSG 2220:0 @!@!@
Starting SANY...
@!@!@ENDMSG 2220 @!@!@
Parsing file /Volumes/StudyMaterials/Research/Energy Efficient Distributed System Design/TLA+ Verification/HybridProtocol.toolbox/HybridProtocol.toolbox/Model_1/MC.tla
Parsing file /Volumes/StudyMaterials/Research/Energy Efficient Distributed System Design/TLA+ Verification/HybridProtocol.toolbox/HybridProtocol.toolbox/Model_1/HybridProtocol.tla
Parsing file /Applications/TLA+ Toolbox.app/Contents/Eclipse/plugins/org.lamport.tlatools_1.0.0.202012311918/tla2sany/StandardModules/TLC.tla
Parsing file /Applications/TLA+ Toolbox.app/Contents/Eclipse/plugins/org.lamport.tlatools_1.0.0.202012311918/tla2sany/StandardModules/Naturals.tla
Parsing file /Applications/TLA+ Toolbox.app/Contents/Eclipse/plugins/org.lamport.tlatools_1.0.0.202012311918/tla2sany/StandardModules/FiniteSets.tla
Parsing file /Applications/TLA+ Toolbox.app/Contents/Eclipse/plugins/org.lamport.tlatools_1.0.0.202012311918/tla2sany/StandardModules/Sequences.tla
Semantic processing of module Naturals
Semantic processing of module Sequences
Semantic processing of module FiniteSets
Semantic processing of module HybridProtocol
Semantic processing of module TLC
Semantic processing of module MC
@!@!@STARTMSG 2219:0 @!@!@
SANY finished.
@!@!@ENDMSG 2219 @!@!@
@!@!@STARTMSG 2185:0 @!@!@
Starting... (2023-11-29 07:12:14)
@!@!@ENDMSG 2185 @!@!@
@!@!@STARTMSG 2189:0 @!@!@
Computing initial states...
@!@!@ENDMSG 2189 @!@!@
@!@!@STARTMSG 2190:0 @!@!@
Finished computing initial states: 1 distinct state generated at 2023-11-29 07:12:15.
@!@!@ENDMSG 2190 @!@!@
@!@!@STARTMSG 2143:3 @!@!@
The variable clk was changed while it is specified as UNCHANGED at
line 285, col 66 to line 285, col 68 of module HybridProtocol
@!@!@ENDMSG 2143 @!@!@
@!@!@STARTMSG 2114:1 @!@!@
Deadlock reached.
@!@!@ENDMSG 2114 @!@!@
@!@!@STARTMSG 2121:1 @!@!@
The behavior up to this point is:
@!@!@ENDMSG 2121 @!@!@
@!@!@STARTMSG 2217:4 @!@!@
1: <Initial predicate>
/\ sentMsg = {}
/\ leaderOfInst = <<{}, {}, {}, {}, {}>>
/\ clk = <<1, 1, 1, 1, 1>>
/\ cmdLog = <<{}, {}, {}, {}, {}>>
/\ proposed = {}
/\ crtInst = <<1, 1, 1, 1, 1>>
/\ committed = ( <<1, 1>> :> {} @@
  <<1, 2>> :> {} @@
  <<2, 1>> :> {} @@
  <<2, 2>> :> {} @@
  <<3, 1>> :> {} @@
  <<3, 2>> :> {} @@
  <<4, 1>> :> {} @@
  <<4, 2>> :> {} @@
  <<5, 1>> :> {} @@
  <<5, 2>> :> {} )
/\ executed = <<{}, {}, {}, {}, {}>>
/\ ballots = 1
/\ preparing = <<{}, {}, {}, {}, {}>>

@!@!@ENDMSG 2217 @!@!@
@!@!@STARTMSG 2201:0 @!@!@
The coverage statistics at 2023-11-29 07:12:15
@!@!@ENDMSG 2201 @!@!@
@!@!@STARTMSG 2773:0 @!@!@
<Init line 157, col 1 to line 157, col 4 of module HybridProtocol>: 1:1
@!@!@ENDMSG 2773 @!@!@
@!@!@STARTMSG 2221:0 @!@!@
  line 158, col 3 to line 167, col 33 of module HybridProtocol: 1
@!@!@ENDMSG 2221 @!@!@
@!@!@STARTMSG 2772:0 @!@!@
<CommandLeaderAction line 314, col 1 to line 314, col 19 of module HybridProtocol (315 9 318 72)>: 0:0
@!@!@ENDMSG 2772 @!@!@
@!@!@STARTMSG 2221:0 @!@!@
  line 280, col 12 to line 280, col 40 of module HybridProtocol: 0
@!@!@ENDMSG 2221 @!@!@
@!@!@STARTMSG 2221:0 @!@!@
  |line 280, col 24 to line 280, col 40 of module HybridProtocol: 10
@!@!@ENDMSG 2221 @!@!@
@!@!@STARTMSG 2221:0 @!@!@
  line 183, col 8 to line 183, col 20 of module HybridProtocol: 60
@!@!@ENDMSG 2221 @!@!@
@!@!@STARTMSG 2221:0 @!@!@
  line 189, col 16 to line 189, col 43 of module HybridProtocol: 60
@!@!@ENDMSG 2221 @!@!@
@!@!@STARTMSG 2221:0 @!@!@
  line 190, col 20 to line 199, col 59 of module HybridProtocol: 0
@!@!@ENDMSG 2221 @!@!@
@!@!@STARTMSG 2221:0 @!@!@
  |line 190, col 30 to line 199, col 59 of module HybridProtocol: 60
@!@!@ENDMSG 2221 @!@!@
@!@!@STARTMSG 2221:0 @!@!@
  line 200, col 20 to line 200, col 83 of module HybridProtocol: 0
@!@!@ENDMSG 2221 @!@!@
@!@!@STARTMSG 2221:0 @!@!@
  |line 200, col 36 to line 200, col 83 of module HybridProtocol: 60
@!@!@ENDMSG 2221 @!@!@
@!@!@STARTMSG 2221:0 @!@!@
  line 201, col 20 to line 212, col 57 of module HybridProtocol: 0
@!@!@ENDMSG 2221 @!@!@
@!@!@STARTMSG 2221:0 @!@!@
  |line 201, col 31 to line 212, col 57 of module HybridProtocol: 60
@!@!@ENDMSG 2221 @!@!@
@!@!@STARTMSG 2221:0 @!@!@
  line 214, col 21 to line 223, col 59 of module HybridProtocol: 0
@!@!@ENDMSG 2221 @!@!@
@!@!@STARTMSG 2221:0 @!@!@
  line 225, col 25 to line 234, col 43 of module HybridProtocol: 0
@!@!@ENDMSG 2221 @!@!@
@!@!@STARTMSG 2221:0 @!@!@
  line 235, col 24 to line 235, col 87 of module HybridProtocol: 0
@!@!@ENDMSG 2221 @!@!@
@!@!@STARTMSG 2221:0 @!@!@
  line 236, col 24 to line 247, col 61 of module HybridProtocol: 0
@!@!@ENDMSG 2221 @!@!@
@!@!@STARTMSG 2221:0 @!@!@
  line 282, col 30 to line 282, col 30 of module HybridProtocol: 60
@!@!@ENDMSG 2221 @!@!@
@!@!@STARTMSG 2221:0 @!@!@
  line 282, col 33 to line 282, col 39 of module HybridProtocol: 60
@!@!@ENDMSG 2221 @!@!@
@!@!@STARTMSG 2221:0 @!@!@
  line 282, col 42 to line 282, col 42 of module HybridProtocol: 60
@!@!@ENDMSG 2221 @!@!@
@!@!@STARTMSG 2221:0 @!@!@
  line 282, col 45 to line 282, col 51 of module HybridProtocol: 60
@!@!@ENDMSG 2221 @!@!@
@!@!@STARTMSG 2221:0 @!@!@
  line 282, col 54 to line 282, col 62 of module HybridProtocol: 60
@!@!@ENDMSG 2221 @!@!@
@!@!@STARTMSG 2221:0 @!@!@
  line 282, col 65 to line 282, col 66 of module HybridProtocol: 60
@!@!@ENDMSG 2221 @!@!@
@!@!@STARTMSG 2221:0 @!@!@
  line 282, col 68 to line 282, col 82 of module HybridProtocol: 60
@!@!@ENDMSG 2221 @!@!@
@!@!@STARTMSG 2221:0 @!@!@
  line 282, col 84 to line 282, col 85 of module HybridProtocol: 60
@!@!@ENDMSG 2221 @!@!@
@!@!@STARTMSG 2221:0 @!@!@
  line 282, col 87 to line 282, col 89 of module HybridProtocol: 60
@!@!@ENDMSG 2221 @!@!@
@!@!@STARTMSG 2221:0 @!@!@
  line 281, col 22 to line 281, col 41 of module HybridProtocol: 10
@!@!@ENDMSG 2221 @!@!@
@!@!@STARTMSG 2775:0 @!@!@
  |line 23, col 20 to line 23, col 61 of module HybridProtocol: 10:70
@!@!@ENDMSG 2775 @!@!@
@!@!@STARTMSG 2221:0 @!@!@
  ||line 23, col 21 to line 23, col 30 of module HybridProtocol: 60
@!@!@ENDMSG 2221 @!@!@
@!@!@STARTMSG 2221:0 @!@!@
  ||line 23, col 40 to line 23, col 60 of module HybridProtocol: 10
@!@!@ENDMSG 2221 @!@!@
@!@!@STARTMSG 2775:0 @!@!@
  |||line 21, col 27 to line 21, col 78 of module HybridProtocol: 10:160
@!@!@ENDMSG 2775 @!@!@
@!@!@STARTMSG 2221:0 @!@!@
  ||||line 21, col 60 to line 21, col 77 of module HybridProtocol: 160
@!@!@ENDMSG 2221 @!@!@
@!@!@STARTMSG 2775:0 @!@!@
  ||||line 21, col 34 to line 21, col 56 of module HybridProtocol: 10:180
@!@!@ENDMSG 2775 @!@!@
@!@!@STARTMSG 2221:0 @!@!@
  |||line 23, col 59 to line 23, col 59 of module HybridProtocol: 10
@!@!@ENDMSG 2221 @!@!@
@!@!@STARTMSG 2221:0 @!@!@
  |line 281, col 34 to line 281, col 40 of module HybridProtocol: 10
@!@!@ENDMSG 2221 @!@!@
@!@!@STARTMSG 2221:0 @!@!@
  line 283, col 12 to line 283, col 57 of module HybridProtocol: 0
@!@!@ENDMSG 2221 @!@!@
@!@!@STARTMSG 2221:0 @!@!@
  |line 283, col 23 to line 283, col 57 of module HybridProtocol: 60
@!@!@ENDMSG 2221 @!@!@
@!@!@STARTMSG 2221:0 @!@!@
  line 284, col 12 to line 284, col 24 of module HybridProtocol: 0
@!@!@ENDMSG 2221 @!@!@
@!@!@STARTMSG 2221:0 @!@!@
  |line 284, col 19 to line 284, col 24 of module HybridProtocol: 60
@!@!@ENDMSG 2221 @!@!@
@!@!@STARTMSG 2221:0 @!@!@
  line 285, col 12 to line 285, col 70 of module HybridProtocol: 0
@!@!@ENDMSG 2221 @!@!@
@!@!@STARTMSG 2221:0 @!@!@
  line 318, col 55 to line 318, col 55 of module HybridProtocol: 10
@!@!@ENDMSG 2221 @!@!@
@!@!@STARTMSG 2221:0 @!@!@
  line 318, col 58 to line 318, col 64 of module HybridProtocol: 10
@!@!@ENDMSG 2221 @!@!@
@!@!@STARTMSG 2221:0 @!@!@
  line 318, col 66 to line 318, col 67 of module HybridProtocol: 10
@!@!@ENDMSG 2221 @!@!@
@!@!@STARTMSG 2221:0 @!@!@
  line 318, col 69 to line 318, col 71 of module HybridProtocol: 10
@!@!@ENDMSG 2221 @!@!@
@!@!@STARTMSG 2221:0 @!@!@
  line 318, col 36 to line 318, col 43 of module HybridProtocol: 2
@!@!@ENDMSG 2221 @!@!@
@!@!@STARTMSG 2221:0 @!@!@
  line 317, col 28 to line 317, col 33 of module HybridProtocol: 2
@!@!@ENDMSG 2221 @!@!@
@!@!@STARTMSG 2221:0 @!@!@
  line 316, col 23 to line 316, col 39 of module HybridProtocol: 2
@!@!@ENDMSG 2221 @!@!@
@!@!@STARTMSG 2221:0 @!@!@
  line 315, col 19 to line 315, col 37 of module HybridProtocol: 1
@!@!@ENDMSG 2221 @!@!@
@!@!@STARTMSG 2772:0 @!@!@
<ReplicaAction line 321, col 1 to line 321, col 13 of module HybridProtocol (323 10 323 78)>: 0:0
@!@!@ENDMSG 2772 @!@!@
@!@!@STARTMSG 2221:0 @!@!@
  line 292, col 12 to line 301, col 62 of module HybridProtocol: 0
@!@!@ENDMSG 2221 @!@!@
@!@!@STARTMSG 2221:0 @!@!@
  line 302, col 12 to line 303, col 67 of module HybridProtocol: 0
@!@!@ENDMSG 2221 @!@!@
@!@!@STARTMSG 2221:0 @!@!@
  line 304, col 12 to line 304, col 24 of module HybridProtocol: 0
@!@!@ENDMSG 2221 @!@!@
@!@!@STARTMSG 2221:0 @!@!@
  line 305, col 12 to line 306, col 53 of module HybridProtocol: 0
@!@!@ENDMSG 2221 @!@!@
@!@!@STARTMSG 2221:0 @!@!@
  line 323, col 22 to line 323, col 28 of module HybridProtocol: 5
@!@!@ENDMSG 2221 @!@!@
@!@!@STARTMSG 2202:0 @!@!@
End of statistics.
@!@!@ENDMSG 2202 @!@!@
@!@!@STARTMSG 2200:0 @!@!@
Progress(1) at 2023-11-29 07:12:15: 1 states generated (27 s/min), 1 distinct states found (27 ds/min), 0 states left on queue.
@!@!@ENDMSG 2200 @!@!@
@!@!@STARTMSG 2199:0 @!@!@
1 states generated, 1 distinct states found, 0 states left on queue.
@!@!@ENDMSG 2199 @!@!@
@!@!@STARTMSG 2194:0 @!@!@
The depth of the complete state graph search is 1.
@!@!@ENDMSG 2194 @!@!@
@!@!@STARTMSG 2268:0 @!@!@
The average outdegree of the complete state graph is 0 (minimum is 0, the maximum 0 and the 95th percentile is 0).
@!@!@ENDMSG 2268 @!@!@
@!@!@STARTMSG 2186:0 @!@!@
Finished in 2173ms at (2023-11-29 07:12:15)
@!@!@ENDMSG 2186 @!@!@
