@!@!@STARTMSG 2262:0 @!@!@
TLC2 Version 2.16 of 31 December 2020 (rev: cdddf55)
@!@!@ENDMSG 2262 @!@!@
@!@!@STARTMSG 2187:0 @!@!@
Running breadth-first search Model-Checking with fp 112 and seed 5690125738307948511 with 64 workers on 8 cores with 1943MB heap and 4368MB offheap memory [pid: 19370] (Mac OS X 10.16 x86_64, AdoptOpenJDK 14.0.1 x86_64, OffHeapDiskFPSet, DiskStateQueue).
@!@!@ENDMSG 2187 @!@!@
@!@!@STARTMSG 2220:0 @!@!@
Starting SANY...
@!@!@ENDMSG 2220 @!@!@
Parsing file /Volumes/StudyMaterials/Project/EESYSTEM_TOC/HybridProtocol_TLA.toolbox/Model_Strong_Causal/MC.tla
Parsing file /Volumes/StudyMaterials/Project/EESYSTEM_TOC/HybridProtocol_TLA.toolbox/Model_Strong_Causal/HybridProtocol_TLA.tla
Parsing file /Applications/TLA+ Toolbox.app/Contents/Eclipse/plugins/org.lamport.tlatools_1.0.0.202012311918/tla2sany/StandardModules/TLC.tla
Parsing file /Applications/TLA+ Toolbox.app/Contents/Eclipse/plugins/org.lamport.tlatools_1.0.0.202012311918/tla2sany/StandardModules/Naturals.tla
Parsing file /Applications/TLA+ Toolbox.app/Contents/Eclipse/plugins/org.lamport.tlatools_1.0.0.202012311918/tla2sany/StandardModules/FiniteSets.tla
Parsing file /Applications/TLA+ Toolbox.app/Contents/Eclipse/plugins/org.lamport.tlatools_1.0.0.202012311918/tla2sany/StandardModules/Sequences.tla
Semantic processing of module Naturals
Semantic processing of module Sequences
Semantic processing of module FiniteSets
Semantic processing of module HybridProtocol_TLA
Semantic processing of module TLC
Semantic processing of module MC
@!@!@STARTMSG 2219:0 @!@!@
SANY finished.
@!@!@ENDMSG 2219 @!@!@
@!@!@STARTMSG 2185:0 @!@!@
Starting... (2024-02-28 00:42:31)
@!@!@ENDMSG 2185 @!@!@
@!@!@STARTMSG 2212:0 @!@!@
Implied-temporal checking--satisfiability problem has 1 branches.
@!@!@ENDMSG 2212 @!@!@
@!@!@STARTMSG 2189:0 @!@!@
Computing initial states...
@!@!@ENDMSG 2189 @!@!@
@!@!@STARTMSG 2190:0 @!@!@
Finished computing initial states: 1 distinct state generated at 2024-02-28 00:42:33.
@!@!@ENDMSG 2190 @!@!@
@!@!@STARTMSG 2200:0 @!@!@
Progress(8) at 2024-02-28 00:42:36: 965 states generated (965 s/min), 945 distinct states found (945 ds/min), 891 states left on queue.
@!@!@ENDMSG 2200 @!@!@
@!@!@STARTMSG 2192:0 @!@!@
Checking temporal properties for the current state space with 41230 total distinct states at (2024-02-28 00:43:37)
@!@!@ENDMSG 2192 @!@!@
@!@!@STARTMSG 2267:0 @!@!@
Finished checking temporal properties in 00s at 2024-02-28 00:43:37
@!@!@ENDMSG 2267 @!@!@
@!@!@STARTMSG 2200:0 @!@!@
Progress(10) at 2024-02-28 00:43:37: 1,601,151 states generated (1,600,186 s/min), 1,022,202 distinct states found (1,021,257 ds/min), 980,841 states left on queue.
@!@!@ENDMSG 2200 @!@!@
@!@!@STARTMSG 2192:0 @!@!@
Checking temporal properties for the current state space with 88901 total distinct states at (2024-02-28 00:44:37)
@!@!@ENDMSG 2192 @!@!@
@!@!@STARTMSG 2267:0 @!@!@
Finished checking temporal properties in 00s at 2024-02-28 00:44:37
@!@!@ENDMSG 2267 @!@!@
@!@!@STARTMSG 2200:0 @!@!@
Progress(10) at 2024-02-28 00:44:37: 3,588,425 states generated (1,987,274 s/min), 2,050,876 distinct states found (1,028,674 ds/min), 1,961,968 states left on queue.
@!@!@ENDMSG 2200 @!@!@
@!@!@STARTMSG 2192:0 @!@!@
Checking temporal properties for the current state space with 140733 total distinct states at (2024-02-28 00:45:37)
@!@!@ENDMSG 2192 @!@!@
@!@!@STARTMSG 2267:0 @!@!@
Finished checking temporal properties in 00s at 2024-02-28 00:45:37
@!@!@ENDMSG 2267 @!@!@
@!@!@STARTMSG 2200:0 @!@!@
Progress(10) at 2024-02-28 00:45:37: 5,451,421 states generated (1,862,996 s/min), 3,061,659 distinct states found (1,010,783 ds/min), 2,920,914 states left on queue.
@!@!@ENDMSG 2200 @!@!@
@!@!@STARTMSG 2192:0 @!@!@
Checking temporal properties for the current state space with 193233 total distinct states at (2024-02-28 00:46:37)
@!@!@ENDMSG 2192 @!@!@
@!@!@STARTMSG 2267:0 @!@!@
Finished checking temporal properties in 00s at 2024-02-28 00:46:37
@!@!@ENDMSG 2267 @!@!@
@!@!@STARTMSG 2200:0 @!@!@
Progress(10) at 2024-02-28 00:46:38: 7,290,189 states generated (1,838,768 s/min), 4,089,981 distinct states found (1,028,322 ds/min), 3,896,291 states left on queue.
@!@!@ENDMSG 2200 @!@!@
@!@!@STARTMSG 2110:1 @!@!@
Invariant TypeOK is violated.
@!@!@ENDMSG 2110 @!@!@
@!@!@STARTMSG 2121:1 @!@!@
The behavior up to this point is:
@!@!@ENDMSG 2121 @!@!@
@!@!@STARTMSG 2217:4 @!@!@
1: <Initial predicate>
/\ sentMsg = {}
/\ executed = <<{}, {}, {}>>
/\ crtInst = <<1, 1, 1>>
/\ clk = <<0, 0, 0>>
/\ ballots = 1
/\ cmdLog = <<{}, {}, {}>>
/\ leaderOfInst = <<{}, {}, {}>>
/\ committed = ( <<1, 1>> :> {} @@
  <<1, 2>> :> {} @@
  <<1, 3>> :> {} @@
  <<1, 4>> :> {} @@
  <<1, 5>> :> {} @@
  <<1, 6>> :> {} @@
  <<2, 1>> :> {} @@
  <<2, 2>> :> {} @@
  <<2, 3>> :> {} @@
  <<2, 4>> :> {} @@
  <<2, 5>> :> {} @@
  <<2, 6>> :> {} @@
  <<3, 1>> :> {} @@
  <<3, 2>> :> {} @@
  <<3, 3>> :> {} @@
  <<3, 4>> :> {} @@
  <<3, 5>> :> {} @@
  <<3, 6>> :> {} )
/\ proposed = {}
/\ preparing = <<{}, {}, {}>>

@!@!@ENDMSG 2217 @!@!@
@!@!@STARTMSG 2217:4 @!@!@
2: <CommandLeaderAction line 1763, col 9 to line 1766, col 72 of module HybridProtocol_TLA>
/\ sentMsg = {[type |-> "commit", inst |-> <<1, 1>>, ballot |-> <<0, 1>>, cmd |-> [op |-> [key |-> "x", type |-> "r"]], deps |-> {}, seq |-> 2, consistency |-> "causal", ctxid |-> 1, commit_order |-> 0, clk |-> 1]}
/\ executed = <<{}, {}, {}>>
/\ crtInst = <<2, 1, 1>>
/\ clk = <<1, 0, 0>>
/\ ballots = 1
/\ cmdLog = <<{[inst |-> <<1, 1>>, status |-> "causally-committed", state |-> "done", ballot |-> <<0, 1>>, cmd |-> [op |-> [key |-> "x", type |-> "r"]], deps |-> {}, seq |-> 2, consistency |-> "causal", ctxid |-> 1, execution_order |-> 0, execution_order_list |-> {}, commit_order |-> 0]}, {}, {}>>
/\ leaderOfInst = <<{<<1, 1>>}, {}, {}>>
/\ committed = ( <<1, 1>> :> {} @@
  <<1, 2>> :> {} @@
  <<1, 3>> :> {} @@
  <<1, 4>> :> {} @@
  <<1, 5>> :> {} @@
  <<1, 6>> :> {} @@
  <<2, 1>> :> {} @@
  <<2, 2>> :> {} @@
  <<2, 3>> :> {} @@
  <<2, 4>> :> {} @@
  <<2, 5>> :> {} @@
  <<2, 6>> :> {} @@
  <<3, 1>> :> {} @@
  <<3, 2>> :> {} @@
  <<3, 3>> :> {} @@
  <<3, 4>> :> {} @@
  <<3, 5>> :> {} @@
  <<3, 6>> :> {} )
/\ proposed = {[op |-> [key |-> "x", type |-> "r"]]}
/\ preparing = <<{}, {}, {}>>

@!@!@ENDMSG 2217 @!@!@
@!@!@STARTMSG 2217:4 @!@!@
3: <CommandLeaderAction line 1763, col 9 to line 1766, col 72 of module HybridProtocol_TLA>
/\ sentMsg = {[type |-> "commit", inst |-> <<1, 1>>, ballot |-> <<0, 1>>, cmd |-> [op |-> [key |-> "x", type |-> "r"]], deps |-> {}, seq |-> 2, consistency |-> "causal", ctxid |-> 1, commit_order |-> 0, clk |-> 1], [type |-> "commit", inst |-> <<1, 2>>, ballot |-> <<0, 1>>, cmd |-> [op |-> [key |-> "x", type |-> "w"]], deps |-> {<<1, 1>>}, seq |-> 3, consistency |-> "causal", ctxid |-> 1, commit_order |-> 0, clk |-> 2]}
/\ executed = <<{}, {}, {}>>
/\ crtInst = <<3, 1, 1>>
/\ clk = <<2, 0, 0>>
/\ ballots = 1
/\ cmdLog = <<{[inst |-> <<1, 1>>, status |-> "causally-committed", state |-> "done", ballot |-> <<0, 1>>, cmd |-> [op |-> [key |-> "x", type |-> "r"]], deps |-> {}, seq |-> 2, consistency |-> "causal", ctxid |-> 1, execution_order |-> 0, execution_order_list |-> {}, commit_order |-> 0], [inst |-> <<1, 2>>, status |-> "causally-committed", state |-> "done", ballot |-> <<0, 1>>, cmd |-> [op |-> [key |-> "x", type |-> "w"]], deps |-> {<<1, 1>>}, seq |-> 3, consistency |-> "causal", ctxid |-> 1, execution_order |-> 0, execution_order_list |-> {}, commit_order |-> 0]}, {}, {}>>
/\ leaderOfInst = <<{<<1, 1>>, <<1, 2>>}, {}, {}>>
/\ committed = ( <<1, 1>> :> {} @@
  <<1, 2>> :> {} @@
  <<1, 3>> :> {} @@
  <<1, 4>> :> {} @@
  <<1, 5>> :> {} @@
  <<1, 6>> :> {} @@
  <<2, 1>> :> {} @@
  <<2, 2>> :> {} @@
  <<2, 3>> :> {} @@
  <<2, 4>> :> {} @@
  <<2, 5>> :> {} @@
  <<2, 6>> :> {} @@
  <<3, 1>> :> {} @@
  <<3, 2>> :> {} @@
  <<3, 3>> :> {} @@
  <<3, 4>> :> {} @@
  <<3, 5>> :> {} @@
  <<3, 6>> :> {} )
/\ proposed = {[op |-> [key |-> "x", type |-> "r"]], [op |-> [key |-> "x", type |-> "w"]]}
/\ preparing = <<{}, {}, {}>>

@!@!@ENDMSG 2217 @!@!@
@!@!@STARTMSG 2217:4 @!@!@
4: <CommandLeaderAction line 1763, col 9 to line 1766, col 72 of module HybridProtocol_TLA>
/\ sentMsg = {[type |-> "commit", inst |-> <<1, 1>>, ballot |-> <<0, 1>>, cmd |-> [op |-> [key |-> "x", type |-> "r"]], deps |-> {}, seq |-> 2, consistency |-> "causal", ctxid |-> 1, commit_order |-> 0, clk |-> 1], [type |-> "commit", inst |-> <<1, 2>>, ballot |-> <<0, 1>>, cmd |-> [op |-> [key |-> "x", type |-> "w"]], deps |-> {<<1, 1>>}, seq |-> 3, consistency |-> "causal", ctxid |-> 1, commit_order |-> 0, clk |-> 2], [type |-> "commit", inst |-> <<1, 3>>, ballot |-> <<0, 1>>, cmd |-> [op |-> [key |-> "w", type |-> "w"]], deps |-> {<<1, 1>>, <<1, 2>>}, seq |-> 4, consistency |-> "causal", ctxid |-> 1, commit_order |-> 0, clk |-> 3]}
/\ executed = <<{}, {}, {}>>
/\ crtInst = <<4, 1, 1>>
/\ clk = <<3, 0, 0>>
/\ ballots = 1
/\ cmdLog = <<{[inst |-> <<1, 1>>, status |-> "causally-committed", state |-> "done", ballot |-> <<0, 1>>, cmd |-> [op |-> [key |-> "x", type |-> "r"]], deps |-> {}, seq |-> 2, consistency |-> "causal", ctxid |-> 1, execution_order |-> 0, execution_order_list |-> {}, commit_order |-> 0], [inst |-> <<1, 2>>, status |-> "causally-committed", state |-> "done", ballot |-> <<0, 1>>, cmd |-> [op |-> [key |-> "x", type |-> "w"]], deps |-> {<<1, 1>>}, seq |-> 3, consistency |-> "causal", ctxid |-> 1, execution_order |-> 0, execution_order_list |-> {}, commit_order |-> 0], [inst |-> <<1, 3>>, status |-> "causally-committed", state |-> "done", ballot |-> <<0, 1>>, cmd |-> [op |-> [key |-> "w", type |-> "w"]], deps |-> {<<1, 1>>, <<1, 2>>}, seq |-> 4, consistency |-> "causal", ctxid |-> 1, execution_order |-> 0, execution_order_list |-> {}, commit_order |-> 0]}, {}, {}>>
/\ leaderOfInst = <<{<<1, 1>>, <<1, 2>>, <<1, 3>>}, {}, {}>>
/\ committed = ( <<1, 1>> :> {} @@
  <<1, 2>> :> {} @@
  <<1, 3>> :> {} @@
  <<1, 4>> :> {} @@
  <<1, 5>> :> {} @@
  <<1, 6>> :> {} @@
  <<2, 1>> :> {} @@
  <<2, 2>> :> {} @@
  <<2, 3>> :> {} @@
  <<2, 4>> :> {} @@
  <<2, 5>> :> {} @@
  <<2, 6>> :> {} @@
  <<3, 1>> :> {} @@
  <<3, 2>> :> {} @@
  <<3, 3>> :> {} @@
  <<3, 4>> :> {} @@
  <<3, 5>> :> {} @@
  <<3, 6>> :> {} )
/\ proposed = { [op |-> [key |-> "x", type |-> "r"]],
  [op |-> [key |-> "x", type |-> "w"]],
  [op |-> [key |-> "w", type |-> "w"]] }
/\ preparing = <<{}, {}, {}>>

@!@!@ENDMSG 2217 @!@!@
@!@!@STARTMSG 2217:4 @!@!@
5: <CommandLeaderAction line 1763, col 9 to line 1766, col 72 of module HybridProtocol_TLA>
/\ sentMsg = {[type |-> "commit", inst |-> <<1, 1>>, ballot |-> <<0, 1>>, cmd |-> [op |-> [key |-> "x", type |-> "r"]], deps |-> {}, seq |-> 2, consistency |-> "causal", ctxid |-> 1, commit_order |-> 0, clk |-> 1], [type |-> "commit", inst |-> <<1, 2>>, ballot |-> <<0, 1>>, cmd |-> [op |-> [key |-> "x", type |-> "w"]], deps |-> {<<1, 1>>}, seq |-> 3, consistency |-> "causal", ctxid |-> 1, commit_order |-> 0, clk |-> 2], [type |-> "commit", inst |-> <<1, 3>>, ballot |-> <<0, 1>>, cmd |-> [op |-> [key |-> "w", type |-> "w"]], deps |-> {<<1, 1>>, <<1, 2>>}, seq |-> 4, consistency |-> "causal", ctxid |-> 1, commit_order |-> 0, clk |-> 3], [type |-> "commit", inst |-> <<2, 1>>, ballot |-> <<0, 2>>, cmd |-> [op |-> [key |-> "y", type |-> "r"]], deps |-> {}, seq |-> 2, consistency |-> "causal", ctxid |-> 1, commit_order |-> 0, clk |-> 1]}
/\ executed = <<{}, {}, {}>>
/\ crtInst = <<4, 2, 1>>
/\ clk = <<3, 1, 0>>
/\ ballots = 1
/\ cmdLog = <<{[inst |-> <<1, 1>>, status |-> "causally-committed", state |-> "done", ballot |-> <<0, 1>>, cmd |-> [op |-> [key |-> "x", type |-> "r"]], deps |-> {}, seq |-> 2, consistency |-> "causal", ctxid |-> 1, execution_order |-> 0, execution_order_list |-> {}, commit_order |-> 0], [inst |-> <<1, 2>>, status |-> "causally-committed", state |-> "done", ballot |-> <<0, 1>>, cmd |-> [op |-> [key |-> "x", type |-> "w"]], deps |-> {<<1, 1>>}, seq |-> 3, consistency |-> "causal", ctxid |-> 1, execution_order |-> 0, execution_order_list |-> {}, commit_order |-> 0], [inst |-> <<1, 3>>, status |-> "causally-committed", state |-> "done", ballot |-> <<0, 1>>, cmd |-> [op |-> [key |-> "w", type |-> "w"]], deps |-> {<<1, 1>>, <<1, 2>>}, seq |-> 4, consistency |-> "causal", ctxid |-> 1, execution_order |-> 0, execution_order_list |-> {}, commit_order |-> 0]}, {[inst |-> <<2, 1>>, status |-> "causally-committed", state |-> "done", ballot |-> <<0, 2>>, cmd |-> [op |-> [key |-> "y", type |-> "r"]], deps |-> {}, seq |-> 2, consistency |-> "causal", ctxid |-> 1, execution_order |-> 0, execution_order_list |-> {}, commit_order |-> 0]}, {}>>
/\ leaderOfInst = <<{<<1, 1>>, <<1, 2>>, <<1, 3>>}, {<<2, 1>>}, {}>>
/\ committed = ( <<1, 1>> :> {} @@
  <<1, 2>> :> {} @@
  <<1, 3>> :> {} @@
  <<1, 4>> :> {} @@
  <<1, 5>> :> {} @@
  <<1, 6>> :> {} @@
  <<2, 1>> :> {} @@
  <<2, 2>> :> {} @@
  <<2, 3>> :> {} @@
  <<2, 4>> :> {} @@
  <<2, 5>> :> {} @@
  <<2, 6>> :> {} @@
  <<3, 1>> :> {} @@
  <<3, 2>> :> {} @@
  <<3, 3>> :> {} @@
  <<3, 4>> :> {} @@
  <<3, 5>> :> {} @@
  <<3, 6>> :> {} )
/\ proposed = { [op |-> [key |-> "x", type |-> "r"]],
  [op |-> [key |-> "x", type |-> "w"]],
  [op |-> [key |-> "w", type |-> "w"]],
  [op |-> [key |-> "y", type |-> "r"]] }
/\ preparing = <<{}, {}, {}>>

@!@!@ENDMSG 2217 @!@!@
@!@!@STARTMSG 2217:4 @!@!@
6: <CommandLeaderAction line 1763, col 9 to line 1766, col 72 of module HybridProtocol_TLA>
/\ sentMsg = {[type |-> "commit", inst |-> <<1, 1>>, ballot |-> <<0, 1>>, cmd |-> [op |-> [key |-> "x", type |-> "r"]], deps |-> {}, seq |-> 2, consistency |-> "causal", ctxid |-> 1, commit_order |-> 0, clk |-> 1], [type |-> "commit", inst |-> <<1, 2>>, ballot |-> <<0, 1>>, cmd |-> [op |-> [key |-> "x", type |-> "w"]], deps |-> {<<1, 1>>}, seq |-> 3, consistency |-> "causal", ctxid |-> 1, commit_order |-> 0, clk |-> 2], [type |-> "commit", inst |-> <<1, 3>>, ballot |-> <<0, 1>>, cmd |-> [op |-> [key |-> "w", type |-> "w"]], deps |-> {<<1, 1>>, <<1, 2>>}, seq |-> 4, consistency |-> "causal", ctxid |-> 1, commit_order |-> 0, clk |-> 3], [type |-> "commit", inst |-> <<2, 1>>, ballot |-> <<0, 2>>, cmd |-> [op |-> [key |-> "y", type |-> "r"]], deps |-> {}, seq |-> 2, consistency |-> "causal", ctxid |-> 1, commit_order |-> 0, clk |-> 1], [type |-> "commit", inst |-> <<2, 2>>, ballot |-> <<0, 2>>, cmd |-> [op |-> [key |-> "y", type |-> "w"]], deps |-> {<<2, 1>>}, seq |-> 3, consistency |-> "causal", ctxid |-> 1, commit_order |-> 0, clk |-> 2]}
/\ executed = <<{}, {}, {}>>
/\ crtInst = <<4, 3, 1>>
/\ clk = <<3, 2, 0>>
/\ ballots = 1
/\ cmdLog = <<{[inst |-> <<1, 1>>, status |-> "causally-committed", state |-> "done", ballot |-> <<0, 1>>, cmd |-> [op |-> [key |-> "x", type |-> "r"]], deps |-> {}, seq |-> 2, consistency |-> "causal", ctxid |-> 1, execution_order |-> 0, execution_order_list |-> {}, commit_order |-> 0], [inst |-> <<1, 2>>, status |-> "causally-committed", state |-> "done", ballot |-> <<0, 1>>, cmd |-> [op |-> [key |-> "x", type |-> "w"]], deps |-> {<<1, 1>>}, seq |-> 3, consistency |-> "causal", ctxid |-> 1, execution_order |-> 0, execution_order_list |-> {}, commit_order |-> 0], [inst |-> <<1, 3>>, status |-> "causally-committed", state |-> "done", ballot |-> <<0, 1>>, cmd |-> [op |-> [key |-> "w", type |-> "w"]], deps |-> {<<1, 1>>, <<1, 2>>}, seq |-> 4, consistency |-> "causal", ctxid |-> 1, execution_order |-> 0, execution_order_list |-> {}, commit_order |-> 0]}, {[inst |-> <<2, 1>>, status |-> "causally-committed", state |-> "done", ballot |-> <<0, 2>>, cmd |-> [op |-> [key |-> "y", type |-> "r"]], deps |-> {}, seq |-> 2, consistency |-> "causal", ctxid |-> 1, execution_order |-> 0, execution_order_list |-> {}, commit_order |-> 0], [inst |-> <<2, 2>>, status |-> "causally-committed", state |-> "done", ballot |-> <<0, 2>>, cmd |-> [op |-> [key |-> "y", type |-> "w"]], deps |-> {<<2, 1>>}, seq |-> 3, consistency |-> "causal", ctxid |-> 1, execution_order |-> 0, execution_order_list |-> {}, commit_order |-> 0]}, {}>>
/\ leaderOfInst = <<{<<1, 1>>, <<1, 2>>, <<1, 3>>}, {<<2, 1>>, <<2, 2>>}, {}>>
/\ committed = ( <<1, 1>> :> {} @@
  <<1, 2>> :> {} @@
  <<1, 3>> :> {} @@
  <<1, 4>> :> {} @@
  <<1, 5>> :> {} @@
  <<1, 6>> :> {} @@
  <<2, 1>> :> {} @@
  <<2, 2>> :> {} @@
  <<2, 3>> :> {} @@
  <<2, 4>> :> {} @@
  <<2, 5>> :> {} @@
  <<2, 6>> :> {} @@
  <<3, 1>> :> {} @@
  <<3, 2>> :> {} @@
  <<3, 3>> :> {} @@
  <<3, 4>> :> {} @@
  <<3, 5>> :> {} @@
  <<3, 6>> :> {} )
/\ proposed = { [op |-> [key |-> "x", type |-> "r"]],
  [op |-> [key |-> "x", type |-> "w"]],
  [op |-> [key |-> "w", type |-> "w"]],
  [op |-> [key |-> "y", type |-> "r"]],
  [op |-> [key |-> "y", type |-> "w"]] }
/\ preparing = <<{}, {}, {}>>

@!@!@ENDMSG 2217 @!@!@
@!@!@STARTMSG 2217:4 @!@!@
7: <CommandLeaderAction line 1763, col 9 to line 1766, col 72 of module HybridProtocol_TLA>
/\ sentMsg = {[type |-> "commit", inst |-> <<1, 1>>, ballot |-> <<0, 1>>, cmd |-> [op |-> [key |-> "x", type |-> "r"]], deps |-> {}, seq |-> 2, consistency |-> "causal", ctxid |-> 1, commit_order |-> 0, clk |-> 1], [type |-> "commit", inst |-> <<1, 2>>, ballot |-> <<0, 1>>, cmd |-> [op |-> [key |-> "x", type |-> "w"]], deps |-> {<<1, 1>>}, seq |-> 3, consistency |-> "causal", ctxid |-> 1, commit_order |-> 0, clk |-> 2], [type |-> "commit", inst |-> <<1, 3>>, ballot |-> <<0, 1>>, cmd |-> [op |-> [key |-> "w", type |-> "w"]], deps |-> {<<1, 1>>, <<1, 2>>}, seq |-> 4, consistency |-> "causal", ctxid |-> 1, commit_order |-> 0, clk |-> 3], [type |-> "commit", inst |-> <<2, 1>>, ballot |-> <<0, 2>>, cmd |-> [op |-> [key |-> "y", type |-> "r"]], deps |-> {}, seq |-> 2, consistency |-> "causal", ctxid |-> 1, commit_order |-> 0, clk |-> 1], [type |-> "commit", inst |-> <<2, 2>>, ballot |-> <<0, 2>>, cmd |-> [op |-> [key |-> "y", type |-> "w"]], deps |-> {<<2, 1>>}, seq |-> 3, consistency |-> "causal", ctxid |-> 1, commit_order |-> 0, clk |-> 2], [type |-> "pre-accept", inst |-> <<1, 4>>, ballot |-> <<0, 1>>, cmd |-> [op |-> [key |-> "z", type |-> "r"]], deps |-> {<<1, 1>>, <<1, 2>>, <<1, 3>>}, seq |-> 5, consistency |-> "strong", ctxid |-> 1, commit_order |-> 2, src |-> 1, dst |-> 2, clk |-> 4], [type |-> "pre-accept", inst |-> <<1, 4>>, ballot |-> <<0, 1>>, cmd |-> [op |-> [key |-> "z", type |-> "r"]], deps |-> {<<1, 1>>, <<1, 2>>, <<1, 3>>}, seq |-> 5, consistency |-> "strong", ctxid |-> 1, commit_order |-> 2, src |-> 1, dst |-> 3, clk |-> 4]}
/\ executed = <<{}, {}, {}>>
/\ crtInst = <<5, 3, 1>>
/\ clk = <<4, 2, 0>>
/\ ballots = 1
/\ cmdLog = <<{[inst |-> <<1, 1>>, status |-> "causally-committed", state |-> "done", ballot |-> <<0, 1>>, cmd |-> [op |-> [key |-> "x", type |-> "r"]], deps |-> {}, seq |-> 2, consistency |-> "causal", ctxid |-> 1, execution_order |-> 0, execution_order_list |-> {}, commit_order |-> 0], [inst |-> <<1, 2>>, status |-> "causally-committed", state |-> "done", ballot |-> <<0, 1>>, cmd |-> [op |-> [key |-> "x", type |-> "w"]], deps |-> {<<1, 1>>}, seq |-> 3, consistency |-> "causal", ctxid |-> 1, execution_order |-> 0, execution_order_list |-> {}, commit_order |-> 0], [inst |-> <<1, 3>>, status |-> "causally-committed", state |-> "done", ballot |-> <<0, 1>>, cmd |-> [op |-> [key |-> "w", type |-> "w"]], deps |-> {<<1, 1>>, <<1, 2>>}, seq |-> 4, consistency |-> "causal", ctxid |-> 1, execution_order |-> 0, execution_order_list |-> {}, commit_order |-> 0], [inst |-> <<1, 4>>, status |-> "pre-accepted", state |-> "done", ballot |-> <<0, 1>>, cmd |-> [op |-> [key |-> "z", type |-> "r"]], deps |-> {<<1, 1>>, <<1, 2>>, <<1, 3>>}, seq |-> 5, consistency |-> "strong", ctxid |-> 1, execution_order |-> 0, execution_order_list |-> {}, commit_order |-> 2]}, {[inst |-> <<2, 1>>, status |-> "causally-committed", state |-> "done", ballot |-> <<0, 2>>, cmd |-> [op |-> [key |-> "y", type |-> "r"]], deps |-> {}, seq |-> 2, consistency |-> "causal", ctxid |-> 1, execution_order |-> 0, execution_order_list |-> {}, commit_order |-> 0], [inst |-> <<2, 2>>, status |-> "causally-committed", state |-> "done", ballot |-> <<0, 2>>, cmd |-> [op |-> [key |-> "y", type |-> "w"]], deps |-> {<<2, 1>>}, seq |-> 3, consistency |-> "causal", ctxid |-> 1, execution_order |-> 0, execution_order_list |-> {}, commit_order |-> 0]}, {}>>
/\ leaderOfInst = <<{<<1, 1>>, <<1, 2>>, <<1, 3>>, <<1, 4>>}, {<<2, 1>>, <<2, 2>>}, {}>>
/\ committed = ( <<1, 1>> :> {} @@
  <<1, 2>> :> {} @@
  <<1, 3>> :> {} @@
  <<1, 4>> :> {} @@
  <<1, 5>> :> {} @@
  <<1, 6>> :> {} @@
  <<2, 1>> :> {} @@
  <<2, 2>> :> {} @@
  <<2, 3>> :> {} @@
  <<2, 4>> :> {} @@
  <<2, 5>> :> {} @@
  <<2, 6>> :> {} @@
  <<3, 1>> :> {} @@
  <<3, 2>> :> {} @@
  <<3, 3>> :> {} @@
  <<3, 4>> :> {} @@
  <<3, 5>> :> {} @@
  <<3, 6>> :> {} )
/\ proposed = { [op |-> [key |-> "x", type |-> "r"]],
  [op |-> [key |-> "x", type |-> "w"]],
  [op |-> [key |-> "w", type |-> "w"]],
  [op |-> [key |-> "y", type |-> "r"]],
  [op |-> [key |-> "y", type |-> "w"]],
  [op |-> [key |-> "z", type |-> "r"]] }
/\ preparing = <<{}, {}, {}>>

@!@!@ENDMSG 2217 @!@!@
@!@!@STARTMSG 2217:4 @!@!@
8: <Phase1Reply line 587, col 5 to line 691, col 72 of module HybridProtocol_TLA>
/\ sentMsg = {[type |-> "commit", inst |-> <<1, 1>>, ballot |-> <<0, 1>>, cmd |-> [op |-> [key |-> "x", type |-> "r"]], deps |-> {}, seq |-> 2, consistency |-> "causal", ctxid |-> 1, commit_order |-> 0, clk |-> 1], [type |-> "commit", inst |-> <<1, 2>>, ballot |-> <<0, 1>>, cmd |-> [op |-> [key |-> "x", type |-> "w"]], deps |-> {<<1, 1>>}, seq |-> 3, consistency |-> "causal", ctxid |-> 1, commit_order |-> 0, clk |-> 2], [type |-> "commit", inst |-> <<1, 3>>, ballot |-> <<0, 1>>, cmd |-> [op |-> [key |-> "w", type |-> "w"]], deps |-> {<<1, 1>>, <<1, 2>>}, seq |-> 4, consistency |-> "causal", ctxid |-> 1, commit_order |-> 0, clk |-> 3], [type |-> "commit", inst |-> <<2, 1>>, ballot |-> <<0, 2>>, cmd |-> [op |-> [key |-> "y", type |-> "r"]], deps |-> {}, seq |-> 2, consistency |-> "causal", ctxid |-> 1, commit_order |-> 0, clk |-> 1], [type |-> "commit", inst |-> <<2, 2>>, ballot |-> <<0, 2>>, cmd |-> [op |-> [key |-> "y", type |-> "w"]], deps |-> {<<2, 1>>}, seq |-> 3, consistency |-> "causal", ctxid |-> 1, commit_order |-> 0, clk |-> 2], [type |-> "pre-accept", inst |-> <<1, 4>>, ballot |-> <<0, 1>>, cmd |-> [op |-> [key |-> "z", type |-> "r"]], deps |-> {<<1, 1>>, <<1, 2>>, <<1, 3>>}, seq |-> 5, consistency |-> "strong", ctxid |-> 1, commit_order |-> 2, src |-> 1, dst |-> 3, clk |-> 4], [type |-> "pre-accept-reply", inst |-> <<1, 4>>, ballot |-> <<0, 1>>, deps |-> {<<1, 1>>, <<1, 2>>, <<1, 3>>}, seq |-> 6, consistency |-> "strong", ctxid |-> 1, commit_order |-> 2, src |-> 2, dst |-> 1, clk |-> 6, committed |-> {<<2, 1>>, <<2, 2>>}]}
/\ executed = <<{}, {}, {}>>
/\ crtInst = <<5, 3, 1>>
/\ clk = <<4, 6, 0>>
/\ ballots = 1
/\ cmdLog = <<{[inst |-> <<1, 1>>, status |-> "causally-committed", state |-> "done", ballot |-> <<0, 1>>, cmd |-> [op |-> [key |-> "x", type |-> "r"]], deps |-> {}, seq |-> 2, consistency |-> "causal", ctxid |-> 1, execution_order |-> 0, execution_order_list |-> {}, commit_order |-> 0], [inst |-> <<1, 2>>, status |-> "causally-committed", state |-> "done", ballot |-> <<0, 1>>, cmd |-> [op |-> [key |-> "x", type |-> "w"]], deps |-> {<<1, 1>>}, seq |-> 3, consistency |-> "causal", ctxid |-> 1, execution_order |-> 0, execution_order_list |-> {}, commit_order |-> 0], [inst |-> <<1, 3>>, status |-> "causally-committed", state |-> "done", ballot |-> <<0, 1>>, cmd |-> [op |-> [key |-> "w", type |-> "w"]], deps |-> {<<1, 1>>, <<1, 2>>}, seq |-> 4, consistency |-> "causal", ctxid |-> 1, execution_order |-> 0, execution_order_list |-> {}, commit_order |-> 0], [inst |-> <<1, 4>>, status |-> "pre-accepted", state |-> "done", ballot |-> <<0, 1>>, cmd |-> [op |-> [key |-> "z", type |-> "r"]], deps |-> {<<1, 1>>, <<1, 2>>, <<1, 3>>}, seq |-> 5, consistency |-> "strong", ctxid |-> 1, execution_order |-> 0, execution_order_list |-> {}, commit_order |-> 2]}, {[inst |-> <<1, 4>>, status |-> "pre-accepted", state |-> "done", ballot |-> <<0, 1>>, cmd |-> [op |-> [key |-> "z", type |-> "r"]], deps |-> {<<1, 1>>, <<1, 2>>, <<1, 3>>}, seq |-> 6, consistency |-> "strong", ctxid |-> 1, execution_order |-> 0, execution_order_list |-> {}, commit_order |-> 2], [inst |-> <<2, 1>>, status |-> "causally-committed", state |-> "done", ballot |-> <<0, 2>>, cmd |-> [op |-> [key |-> "y", type |-> "r"]], deps |-> {}, seq |-> 2, consistency |-> "causal", ctxid |-> 1, execution_order |-> 0, execution_order_list |-> {}, commit_order |-> 0], [inst |-> <<2, 2>>, status |-> "causally-committed", state |-> "done", ballot |-> <<0, 2>>, cmd |-> [op |-> [key |-> "y", type |-> "w"]], deps |-> {<<2, 1>>}, seq |-> 3, consistency |-> "causal", ctxid |-> 1, execution_order |-> 0, execution_order_list |-> {}, commit_order |-> 0]}, {}>>
/\ leaderOfInst = <<{<<1, 1>>, <<1, 2>>, <<1, 3>>, <<1, 4>>}, {<<2, 1>>, <<2, 2>>}, {}>>
/\ committed = ( <<1, 1>> :> {} @@
  <<1, 2>> :> {} @@
  <<1, 3>> :> {} @@
  <<1, 4>> :> {} @@
  <<1, 5>> :> {} @@
  <<1, 6>> :> {} @@
  <<2, 1>> :> {} @@
  <<2, 2>> :> {} @@
  <<2, 3>> :> {} @@
  <<2, 4>> :> {} @@
  <<2, 5>> :> {} @@
  <<2, 6>> :> {} @@
  <<3, 1>> :> {} @@
  <<3, 2>> :> {} @@
  <<3, 3>> :> {} @@
  <<3, 4>> :> {} @@
  <<3, 5>> :> {} @@
  <<3, 6>> :> {} )
/\ proposed = { [op |-> [key |-> "x", type |-> "r"]],
  [op |-> [key |-> "x", type |-> "w"]],
  [op |-> [key |-> "w", type |-> "w"]],
  [op |-> [key |-> "y", type |-> "r"]],
  [op |-> [key |-> "y", type |-> "w"]],
  [op |-> [key |-> "z", type |-> "r"]] }
/\ preparing = <<{}, {}, {}>>

@!@!@ENDMSG 2217 @!@!@
@!@!@STARTMSG 2217:4 @!@!@
9: <Phase1Reply line 587, col 5 to line 691, col 72 of module HybridProtocol_TLA>
/\ sentMsg = {[type |-> "commit", inst |-> <<1, 1>>, ballot |-> <<0, 1>>, cmd |-> [op |-> [key |-> "x", type |-> "r"]], deps |-> {}, seq |-> 2, consistency |-> "causal", ctxid |-> 1, commit_order |-> 0, clk |-> 1], [type |-> "commit", inst |-> <<1, 2>>, ballot |-> <<0, 1>>, cmd |-> [op |-> [key |-> "x", type |-> "w"]], deps |-> {<<1, 1>>}, seq |-> 3, consistency |-> "causal", ctxid |-> 1, commit_order |-> 0, clk |-> 2], [type |-> "commit", inst |-> <<1, 3>>, ballot |-> <<0, 1>>, cmd |-> [op |-> [key |-> "w", type |-> "w"]], deps |-> {<<1, 1>>, <<1, 2>>}, seq |-> 4, consistency |-> "causal", ctxid |-> 1, commit_order |-> 0, clk |-> 3], [type |-> "commit", inst |-> <<2, 1>>, ballot |-> <<0, 2>>, cmd |-> [op |-> [key |-> "y", type |-> "r"]], deps |-> {}, seq |-> 2, consistency |-> "causal", ctxid |-> 1, commit_order |-> 0, clk |-> 1], [type |-> "commit", inst |-> <<2, 2>>, ballot |-> <<0, 2>>, cmd |-> [op |-> [key |-> "y", type |-> "w"]], deps |-> {<<2, 1>>}, seq |-> 3, consistency |-> "causal", ctxid |-> 1, commit_order |-> 0, clk |-> 2], [type |-> "pre-accept-reply", inst |-> <<1, 4>>, ballot |-> <<0, 1>>, deps |-> {<<1, 1>>, <<1, 2>>, <<1, 3>>}, seq |-> 6, consistency |-> "strong", ctxid |-> 1, commit_order |-> 2, src |-> 2, dst |-> 1, clk |-> 6, committed |-> {<<2, 1>>, <<2, 2>>}], [type |-> "pre-accept-reply", inst |-> <<1, 4>>, ballot |-> <<0, 1>>, deps |-> {<<1, 1>>, <<1, 2>>, <<1, 3>>}, seq |-> 6, consistency |-> "strong", ctxid |-> 1, commit_order |-> 2, src |-> 3, dst |-> 1, clk |-> 6, committed |-> {}]}
/\ executed = <<{}, {}, {}>>
/\ crtInst = <<5, 3, 1>>
/\ clk = <<4, 6, 6>>
/\ ballots = 1
/\ cmdLog = <<{[inst |-> <<1, 1>>, status |-> "causally-committed", state |-> "done", ballot |-> <<0, 1>>, cmd |-> [op |-> [key |-> "x", type |-> "r"]], deps |-> {}, seq |-> 2, consistency |-> "causal", ctxid |-> 1, execution_order |-> 0, execution_order_list |-> {}, commit_order |-> 0], [inst |-> <<1, 2>>, status |-> "causally-committed", state |-> "done", ballot |-> <<0, 1>>, cmd |-> [op |-> [key |-> "x", type |-> "w"]], deps |-> {<<1, 1>>}, seq |-> 3, consistency |-> "causal", ctxid |-> 1, execution_order |-> 0, execution_order_list |-> {}, commit_order |-> 0], [inst |-> <<1, 3>>, status |-> "causally-committed", state |-> "done", ballot |-> <<0, 1>>, cmd |-> [op |-> [key |-> "w", type |-> "w"]], deps |-> {<<1, 1>>, <<1, 2>>}, seq |-> 4, consistency |-> "causal", ctxid |-> 1, execution_order |-> 0, execution_order_list |-> {}, commit_order |-> 0], [inst |-> <<1, 4>>, status |-> "pre-accepted", state |-> "done", ballot |-> <<0, 1>>, cmd |-> [op |-> [key |-> "z", type |-> "r"]], deps |-> {<<1, 1>>, <<1, 2>>, <<1, 3>>}, seq |-> 5, consistency |-> "strong", ctxid |-> 1, execution_order |-> 0, execution_order_list |-> {}, commit_order |-> 2]}, {[inst |-> <<1, 4>>, status |-> "pre-accepted", state |-> "done", ballot |-> <<0, 1>>, cmd |-> [op |-> [key |-> "z", type |-> "r"]], deps |-> {<<1, 1>>, <<1, 2>>, <<1, 3>>}, seq |-> 6, consistency |-> "strong", ctxid |-> 1, execution_order |-> 0, execution_order_list |-> {}, commit_order |-> 2], [inst |-> <<2, 1>>, status |-> "causally-committed", state |-> "done", ballot |-> <<0, 2>>, cmd |-> [op |-> [key |-> "y", type |-> "r"]], deps |-> {}, seq |-> 2, consistency |-> "causal", ctxid |-> 1, execution_order |-> 0, execution_order_list |-> {}, commit_order |-> 0], [inst |-> <<2, 2>>, status |-> "causally-committed", state |-> "done", ballot |-> <<0, 2>>, cmd |-> [op |-> [key |-> "y", type |-> "w"]], deps |-> {<<2, 1>>}, seq |-> 3, consistency |-> "causal", ctxid |-> 1, execution_order |-> 0, execution_order_list |-> {}, commit_order |-> 0]}, {[inst |-> <<1, 4>>, status |-> "pre-accepted", state |-> "done", ballot |-> <<0, 1>>, cmd |-> [op |-> [key |-> "z", type |-> "r"]], deps |-> {<<1, 1>>, <<1, 2>>, <<1, 3>>}, seq |-> 6, consistency |-> "strong", ctxid |-> 1, execution_order |-> 0, execution_order_list |-> {}, commit_order |-> 2]}>>
/\ leaderOfInst = <<{<<1, 1>>, <<1, 2>>, <<1, 3>>, <<1, 4>>}, {<<2, 1>>, <<2, 2>>}, {}>>
/\ committed = ( <<1, 1>> :> {} @@
  <<1, 2>> :> {} @@
  <<1, 3>> :> {} @@
  <<1, 4>> :> {} @@
  <<1, 5>> :> {} @@
  <<1, 6>> :> {} @@
  <<2, 1>> :> {} @@
  <<2, 2>> :> {} @@
  <<2, 3>> :> {} @@
  <<2, 4>> :> {} @@
  <<2, 5>> :> {} @@
  <<2, 6>> :> {} @@
  <<3, 1>> :> {} @@
  <<3, 2>> :> {} @@
  <<3, 3>> :> {} @@
  <<3, 4>> :> {} @@
  <<3, 5>> :> {} @@
  <<3, 6>> :> {} )
/\ proposed = { [op |-> [key |-> "x", type |-> "r"]],
  [op |-> [key |-> "x", type |-> "w"]],
  [op |-> [key |-> "w", type |-> "w"]],
  [op |-> [key |-> "y", type |-> "r"]],
  [op |-> [key |-> "y", type |-> "w"]],
  [op |-> [key |-> "z", type |-> "r"]] }
/\ preparing = <<{}, {}, {}>>

@!@!@ENDMSG 2217 @!@!@
@!@!@STARTMSG 2217:4 @!@!@
10: <CommandLeaderAction line 1767, col 35 to line 1771, col 87 of module HybridProtocol_TLA>
/\ sentMsg = {[type |-> "commit", inst |-> <<1, 1>>, ballot |-> <<0, 1>>, cmd |-> [op |-> [key |-> "x", type |-> "r"]], deps |-> {}, seq |-> 2, consistency |-> "causal", ctxid |-> 1, commit_order |-> 0, clk |-> 1], [type |-> "commit", inst |-> <<1, 2>>, ballot |-> <<0, 1>>, cmd |-> [op |-> [key |-> "x", type |-> "w"]], deps |-> {<<1, 1>>}, seq |-> 3, consistency |-> "causal", ctxid |-> 1, commit_order |-> 0, clk |-> 2], [type |-> "commit", inst |-> <<1, 3>>, ballot |-> <<0, 1>>, cmd |-> [op |-> [key |-> "w", type |-> "w"]], deps |-> {<<1, 1>>, <<1, 2>>}, seq |-> 4, consistency |-> "causal", ctxid |-> 1, commit_order |-> 0, clk |-> 3], [type |-> "commit", inst |-> <<1, 4>>, ballot |-> <<0, 1>>, cmd |-> [op |-> [key |-> "z", type |-> "r"]], deps |-> {<<1, 1>>, <<1, 2>>, <<1, 3>>}, seq |-> 6, consistency |-> "strong", ctxid |-> 1, commit_order |-> 2, clk |-> 7], [type |-> "commit", inst |-> <<2, 1>>, ballot |-> <<0, 2>>, cmd |-> [op |-> [key |-> "y", type |-> "r"]], deps |-> {}, seq |-> 2, consistency |-> "causal", ctxid |-> 1, commit_order |-> 0, clk |-> 1], [type |-> "commit", inst |-> <<2, 2>>, ballot |-> <<0, 2>>, cmd |-> [op |-> [key |-> "y", type |-> "w"]], deps |-> {<<2, 1>>}, seq |-> 3, consistency |-> "causal", ctxid |-> 1, commit_order |-> 0, clk |-> 2]}
/\ executed = <<{}, {}, {}>>
/\ crtInst = <<5, 3, 1>>
/\ clk = <<7, 6, 6>>
/\ ballots = 1
/\ cmdLog = <<{[inst |-> <<1, 1>>, status |-> "causally-committed", state |-> "done", ballot |-> <<0, 1>>, cmd |-> [op |-> [key |-> "x", type |-> "r"]], deps |-> {}, seq |-> 2, consistency |-> "causal", ctxid |-> 1, execution_order |-> 0, execution_order_list |-> {}, commit_order |-> 0], [inst |-> <<1, 2>>, status |-> "causally-committed", state |-> "done", ballot |-> <<0, 1>>, cmd |-> [op |-> [key |-> "x", type |-> "w"]], deps |-> {<<1, 1>>}, seq |-> 3, consistency |-> "causal", ctxid |-> 1, execution_order |-> 0, execution_order_list |-> {}, commit_order |-> 0], [inst |-> <<1, 3>>, status |-> "causally-committed", state |-> "done", ballot |-> <<0, 1>>, cmd |-> [op |-> [key |-> "w", type |-> "w"]], deps |-> {<<1, 1>>, <<1, 2>>}, seq |-> 4, consistency |-> "causal", ctxid |-> 1, execution_order |-> 0, execution_order_list |-> {}, commit_order |-> 0], [inst |-> <<1, 4>>, status |-> "strongly-committed", state |-> "done", ballot |-> <<0, 1>>, cmd |-> [op |-> [key |-> "z", type |-> "r"]], deps |-> {<<1, 1>>, <<1, 2>>, <<1, 3>>}, seq |-> 6, consistency |-> "strong", ctxid |-> 1, execution_order |-> 0, execution_order_list |-> {}, commit_order |-> 2]}, {[inst |-> <<1, 4>>, status |-> "pre-accepted", state |-> "done", ballot |-> <<0, 1>>, cmd |-> [op |-> [key |-> "z", type |-> "r"]], deps |-> {<<1, 1>>, <<1, 2>>, <<1, 3>>}, seq |-> 6, consistency |-> "strong", ctxid |-> 1, execution_order |-> 0, execution_order_list |-> {}, commit_order |-> 2], [inst |-> <<2, 1>>, status |-> "causally-committed", state |-> "done", ballot |-> <<0, 2>>, cmd |-> [op |-> [key |-> "y", type |-> "r"]], deps |-> {}, seq |-> 2, consistency |-> "causal", ctxid |-> 1, execution_order |-> 0, execution_order_list |-> {}, commit_order |-> 0], [inst |-> <<2, 2>>, status |-> "causally-committed", state |-> "done", ballot |-> <<0, 2>>, cmd |-> [op |-> [key |-> "y", type |-> "w"]], deps |-> {<<2, 1>>}, seq |-> 3, consistency |-> "causal", ctxid |-> 1, execution_order |-> 0, execution_order_list |-> {}, commit_order |-> 0]}, {[inst |-> <<1, 4>>, status |-> "pre-accepted", state |-> "done", ballot |-> <<0, 1>>, cmd |-> [op |-> [key |-> "z", type |-> "r"]], deps |-> {<<1, 1>>, <<1, 2>>, <<1, 3>>}, seq |-> 6, consistency |-> "strong", ctxid |-> 1, execution_order |-> 0, execution_order_list |-> {}, commit_order |-> 2]}>>
/\ leaderOfInst = <<{<<1, 1>>, <<1, 2>>, <<1, 3>>}, {<<2, 1>>, <<2, 2>>}, {}>>
/\ committed = ( <<1, 1>> :> {} @@
  <<1, 2>> :> {} @@
  <<1, 3>> :> {} @@
  <<1, 4>> :>
      { << [op |-> [key |-> "z", type |-> "r"]],
           {<<1, 1>>, <<1, 2>>, <<1, 3>>},
           6 >> } @@
  <<1, 5>> :> {} @@
  <<1, 6>> :> {} @@
  <<2, 1>> :> {} @@
  <<2, 2>> :> {} @@
  <<2, 3>> :> {} @@
  <<2, 4>> :> {} @@
  <<2, 5>> :> {} @@
  <<2, 6>> :> {} @@
  <<3, 1>> :> {} @@
  <<3, 2>> :> {} @@
  <<3, 3>> :> {} @@
  <<3, 4>> :> {} @@
  <<3, 5>> :> {} @@
  <<3, 6>> :> {} )
/\ proposed = { [op |-> [key |-> "x", type |-> "r"]],
  [op |-> [key |-> "x", type |-> "w"]],
  [op |-> [key |-> "w", type |-> "w"]],
  [op |-> [key |-> "y", type |-> "r"]],
  [op |-> [key |-> "y", type |-> "w"]],
  [op |-> [key |-> "z", type |-> "r"]] }
/\ preparing = <<{}, {}, {}>>

@!@!@ENDMSG 2217 @!@!@
@!@!@STARTMSG 2200:0 @!@!@
Progress(10) at 2024-02-28 00:47:12: 8,313,705 states generated (1,761,533 s/min), 4,640,065 distinct states found (983,151 ds/min), 4,417,707 states left on queue.
@!@!@ENDMSG 2200 @!@!@
@!@!@STARTMSG 2199:0 @!@!@
8313705 states generated, 4640065 distinct states found, 4417707 states left on queue.
@!@!@ENDMSG 2199 @!@!@
@!@!@STARTMSG 2194:0 @!@!@
The depth of the complete state graph search is 10.
@!@!@ENDMSG 2194 @!@!@
@!@!@STARTMSG 2268:0 @!@!@
The average outdegree of the complete state graph is 20 (minimum is 0, the maximum 31 and the 95th percentile is 31).
@!@!@ENDMSG 2268 @!@!@
@!@!@STARTMSG 2186:0 @!@!@
Finished in 283265ms at (2024-02-28 00:47:12)
@!@!@ENDMSG 2186 @!@!@
