@!@!@STARTMSG 2262:0 @!@!@
TLC2 Version 2.16 of 31 December 2020 (rev: cdddf55)
@!@!@ENDMSG 2262 @!@!@
@!@!@STARTMSG 2187:0 @!@!@
Running breadth-first search Model-Checking with fp 6 and seed -7413640742397959645 with 4 workers on 8 cores with 1214MB heap and 2730MB offheap memory [pid: 41494] (Mac OS X 10.16 x86_64, AdoptOpenJDK 14.0.1 x86_64, OffHeapDiskFPSet, DiskStateQueue).
@!@!@ENDMSG 2187 @!@!@
@!@!@STARTMSG 2220:0 @!@!@
Starting SANY...
@!@!@ENDMSG 2220 @!@!@
Parsing file /Volumes/StudyMaterials/Research/Energy Efficient Distributed System Design/TLA+ Verification/HybridProtocol.toolbox/HybridProtocol.toolbox/Model_1/MC.tla
Parsing file /Volumes/StudyMaterials/Research/Energy Efficient Distributed System Design/TLA+ Verification/HybridProtocol.toolbox/HybridProtocol.toolbox/Model_1/HybridProtocol.tla
Parsing file /Applications/TLA+ Toolbox.app/Contents/Eclipse/plugins/org.lamport.tlatools_1.0.0.202012311918/tla2sany/StandardModules/TLC.tla
Parsing file /Applications/TLA+ Toolbox.app/Contents/Eclipse/plugins/org.lamport.tlatools_1.0.0.202012311918/tla2sany/StandardModules/Naturals.tla
Parsing file /Applications/TLA+ Toolbox.app/Contents/Eclipse/plugins/org.lamport.tlatools_1.0.0.202012311918/tla2sany/StandardModules/FiniteSets.tla
Parsing file /Applications/TLA+ Toolbox.app/Contents/Eclipse/plugins/org.lamport.tlatools_1.0.0.202012311918/tla2sany/StandardModules/Sequences.tla
Semantic processing of module Naturals
Semantic processing of module Sequences
Semantic processing of module FiniteSets
Semantic processing of module HybridProtocol
Semantic processing of module TLC
Semantic processing of module MC
@!@!@STARTMSG 2219:0 @!@!@
SANY finished.
@!@!@ENDMSG 2219 @!@!@
@!@!@STARTMSG 2185:0 @!@!@
Starting... (2023-11-29 07:36:28)
@!@!@ENDMSG 2185 @!@!@
@!@!@STARTMSG 2189:0 @!@!@
Computing initial states...
@!@!@ENDMSG 2189 @!@!@
@!@!@STARTMSG 2190:0 @!@!@
Finished computing initial states: 1 distinct state generated at 2023-11-29 07:36:29.
@!@!@ENDMSG 2190 @!@!@
@!@!@STARTMSG 2200:0 @!@!@
Progress(6) at 2023-11-29 07:36:32: 124,862 states generated (124,862 s/min), 35,701 distinct states found (35,701 ds/min), 27,354 states left on queue.
@!@!@ENDMSG 2200 @!@!@
@!@!@STARTMSG 2114:1 @!@!@
Deadlock reached.
@!@!@ENDMSG 2114 @!@!@
@!@!@STARTMSG 2121:1 @!@!@
The behavior up to this point is:
@!@!@ENDMSG 2121 @!@!@
@!@!@STARTMSG 2217:4 @!@!@
1: <Initial predicate>
/\ sentMsg = {}
/\ leaderOfInst = <<{}, {}, {}, {}, {}>>
/\ clk = <<1, 1, 1, 1, 1>>
/\ cmdLog = <<{}, {}, {}, {}, {}>>
/\ proposed = {}
/\ crtInst = <<1, 1, 1, 1, 1>>
/\ committed = ( <<1, 1>> :> {} @@
  <<1, 2>> :> {} @@
  <<2, 1>> :> {} @@
  <<2, 2>> :> {} @@
  <<3, 1>> :> {} @@
  <<3, 2>> :> {} @@
  <<4, 1>> :> {} @@
  <<4, 2>> :> {} @@
  <<5, 1>> :> {} @@
  <<5, 2>> :> {} )
/\ executed = <<{}, {}, {}, {}, {}>>
/\ ballots = 1
/\ preparing = <<{}, {}, {}, {}, {}>>

@!@!@ENDMSG 2217 @!@!@
@!@!@STARTMSG 2217:4 @!@!@
2: <CommandLeaderAction line 350, col 9 to line 353, col 72 of module HybridProtocol>
/\ sentMsg = { [ type |-> "commit",
    src |-> 1,
    dst |-> 2,
    inst |-> <<1, 1>>,
    ballot |-> <<0, 1>>,
    cmd |-> 1,
    deps |-> {},
    seq |-> 3,
    consistency |-> "causal",
    ctxid |-> 1,
    clk |-> 2 ],
  [ type |-> "commit",
    src |-> 1,
    dst |-> 3,
    inst |-> <<1, 1>>,
    ballot |-> <<0, 1>>,
    cmd |-> 1,
    deps |-> {},
    seq |-> 3,
    consistency |-> "causal",
    ctxid |-> 1,
    clk |-> 2 ] }
/\ leaderOfInst = <<{<<1, 1>>}, {}, {}, {}, {}>>
/\ clk = <<2, 1, 1, 1, 1>>
/\ cmdLog = << { [ inst |-> <<1, 1>>,
       ballot |-> <<0, 1>>,
       cmd |-> 1,
       deps |-> {},
       seq |-> 3,
       consistency |-> "causal",
       ctxid |-> 1,
       status |-> "committed",
       state |-> "done" ] },
   {},
   {},
   {},
   {} >>
/\ proposed = {1}
/\ crtInst = <<2, 1, 1, 1, 1>>
/\ committed = ( <<1, 1>> :> {} @@
  <<1, 2>> :> {} @@
  <<2, 1>> :> {} @@
  <<2, 2>> :> {} @@
  <<3, 1>> :> {} @@
  <<3, 2>> :> {} @@
  <<4, 1>> :> {} @@
  <<4, 2>> :> {} @@
  <<5, 1>> :> {} @@
  <<5, 2>> :> {} )
/\ executed = <<{}, {}, {}, {}, {}>>
/\ ballots = 1
/\ preparing = <<{}, {}, {}, {}, {}>>

@!@!@ENDMSG 2217 @!@!@
@!@!@STARTMSG 2217:4 @!@!@
3: <CommandLeaderAction line 350, col 9 to line 353, col 72 of module HybridProtocol>
/\ sentMsg = { [ type |-> "commit",
    src |-> 1,
    dst |-> 2,
    inst |-> <<1, 1>>,
    ballot |-> <<0, 1>>,
    cmd |-> 1,
    deps |-> {},
    seq |-> 3,
    consistency |-> "causal",
    ctxid |-> 1,
    clk |-> 2 ],
  [ type |-> "commit",
    src |-> 1,
    dst |-> 2,
    inst |-> <<1, 2>>,
    ballot |-> <<0, 1>>,
    cmd |-> 2,
    deps |-> {<<1, 1>>},
    seq |-> 4,
    consistency |-> "causal",
    ctxid |-> 1,
    clk |-> 3 ],
  [ type |-> "commit",
    src |-> 1,
    dst |-> 3,
    inst |-> <<1, 1>>,
    ballot |-> <<0, 1>>,
    cmd |-> 1,
    deps |-> {},
    seq |-> 3,
    consistency |-> "causal",
    ctxid |-> 1,
    clk |-> 2 ],
  [ type |-> "commit",
    src |-> 1,
    dst |-> 3,
    inst |-> <<1, 2>>,
    ballot |-> <<0, 1>>,
    cmd |-> 2,
    deps |-> {<<1, 1>>},
    seq |-> 4,
    consistency |-> "causal",
    ctxid |-> 1,
    clk |-> 3 ] }
/\ leaderOfInst = <<{<<1, 1>>, <<1, 2>>}, {}, {}, {}, {}>>
/\ clk = <<3, 1, 1, 1, 1>>
/\ cmdLog = << { [ inst |-> <<1, 1>>,
       ballot |-> <<0, 1>>,
       cmd |-> 1,
       deps |-> {},
       seq |-> 3,
       consistency |-> "causal",
       ctxid |-> 1,
       status |-> "committed",
       state |-> "done" ],
     [ inst |-> <<1, 2>>,
       ballot |-> <<0, 1>>,
       cmd |-> 2,
       deps |-> {<<1, 1>>},
       seq |-> 4,
       consistency |-> "causal",
       ctxid |-> 1,
       status |-> "committed",
       state |-> "done" ] },
   {},
   {},
   {},
   {} >>
/\ proposed = {1, 2}
/\ crtInst = <<3, 1, 1, 1, 1>>
/\ committed = ( <<1, 1>> :> {} @@
  <<1, 2>> :> {} @@
  <<2, 1>> :> {} @@
  <<2, 2>> :> {} @@
  <<3, 1>> :> {} @@
  <<3, 2>> :> {} @@
  <<4, 1>> :> {} @@
  <<4, 2>> :> {} @@
  <<5, 1>> :> {} @@
  <<5, 2>> :> {} )
/\ executed = <<{}, {}, {}, {}, {}>>
/\ ballots = 1
/\ preparing = <<{}, {}, {}, {}, {}>>

@!@!@ENDMSG 2217 @!@!@
@!@!@STARTMSG 2217:4 @!@!@
4: <ReplicaAction line 358, col 10 to line 358, col 78 of module HybridProtocol>
/\ sentMsg = { [ type |-> "commit",
    src |-> 1,
    dst |-> 2,
    inst |-> <<1, 1>>,
    ballot |-> <<0, 1>>,
    cmd |-> 1,
    deps |-> {},
    seq |-> 3,
    consistency |-> "causal",
    ctxid |-> 1,
    clk |-> 2 ],
  [ type |-> "commit",
    src |-> 1,
    dst |-> 2,
    inst |-> <<1, 2>>,
    ballot |-> <<0, 1>>,
    cmd |-> 2,
    deps |-> {<<1, 1>>},
    seq |-> 4,
    consistency |-> "causal",
    ctxid |-> 1,
    clk |-> 3 ],
  [ type |-> "commit",
    src |-> 1,
    dst |-> 3,
    inst |-> <<1, 1>>,
    ballot |-> <<0, 1>>,
    cmd |-> 1,
    deps |-> {},
    seq |-> 3,
    consistency |-> "causal",
    ctxid |-> 1,
    clk |-> 2 ],
  [ type |-> "commit",
    src |-> 1,
    dst |-> 3,
    inst |-> <<1, 2>>,
    ballot |-> <<0, 1>>,
    cmd |-> 2,
    deps |-> {<<1, 1>>},
    seq |-> 4,
    consistency |-> "causal",
    ctxid |-> 1,
    clk |-> 3 ] }
/\ leaderOfInst = <<{<<1, 1>>, <<1, 2>>}, {}, {}, {}, {}>>
/\ clk = <<3, 3, 1, 1, 1>>
/\ cmdLog = << { [ inst |-> <<1, 1>>,
       ballot |-> <<0, 1>>,
       cmd |-> 1,
       deps |-> {},
       seq |-> 3,
       consistency |-> "causal",
       ctxid |-> 1,
       status |-> "committed",
       state |-> "done" ],
     [ inst |-> <<1, 2>>,
       ballot |-> <<0, 1>>,
       cmd |-> 2,
       deps |-> {<<1, 1>>},
       seq |-> 4,
       consistency |-> "causal",
       ctxid |-> 1,
       status |-> "committed",
       state |-> "done" ] },
   { [ inst |-> <<1, 1>>,
       ballot |-> <<0, 1>>,
       cmd |-> 1,
       deps |-> {},
       seq |-> 3,
       consistency |-> "causal",
       ctxid |-> 1,
       status |-> "committed",
       state |-> "done" ] },
   {},
   {},
   {} >>
/\ proposed = {1, 2}
/\ crtInst = <<3, 1, 1, 1, 1>>
/\ committed = ( <<1, 1>> :> {<<1, {}, 3>>} @@
  <<1, 2>> :> {} @@
  <<2, 1>> :> {} @@
  <<2, 2>> :> {} @@
  <<3, 1>> :> {} @@
  <<3, 2>> :> {} @@
  <<4, 1>> :> {} @@
  <<4, 2>> :> {} @@
  <<5, 1>> :> {} @@
  <<5, 2>> :> {} )
/\ executed = <<{}, {}, {}, {}, {}>>
/\ ballots = 1
/\ preparing = <<{}, {}, {}, {}, {}>>

@!@!@ENDMSG 2217 @!@!@
@!@!@STARTMSG 2217:4 @!@!@
5: <ReplicaAction line 358, col 10 to line 358, col 78 of module HybridProtocol>
/\ sentMsg = { [ type |-> "commit",
    src |-> 1,
    dst |-> 2,
    inst |-> <<1, 1>>,
    ballot |-> <<0, 1>>,
    cmd |-> 1,
    deps |-> {},
    seq |-> 3,
    consistency |-> "causal",
    ctxid |-> 1,
    clk |-> 2 ],
  [ type |-> "commit",
    src |-> 1,
    dst |-> 2,
    inst |-> <<1, 2>>,
    ballot |-> <<0, 1>>,
    cmd |-> 2,
    deps |-> {<<1, 1>>},
    seq |-> 4,
    consistency |-> "causal",
    ctxid |-> 1,
    clk |-> 3 ],
  [ type |-> "commit",
    src |-> 1,
    dst |-> 3,
    inst |-> <<1, 1>>,
    ballot |-> <<0, 1>>,
    cmd |-> 1,
    deps |-> {},
    seq |-> 3,
    consistency |-> "causal",
    ctxid |-> 1,
    clk |-> 2 ],
  [ type |-> "commit",
    src |-> 1,
    dst |-> 3,
    inst |-> <<1, 2>>,
    ballot |-> <<0, 1>>,
    cmd |-> 2,
    deps |-> {<<1, 1>>},
    seq |-> 4,
    consistency |-> "causal",
    ctxid |-> 1,
    clk |-> 3 ] }
/\ leaderOfInst = <<{<<1, 1>>, <<1, 2>>}, {}, {}, {}, {}>>
/\ clk = <<3, 4, 1, 1, 1>>
/\ cmdLog = << { [ inst |-> <<1, 1>>,
       ballot |-> <<0, 1>>,
       cmd |-> 1,
       deps |-> {},
       seq |-> 3,
       consistency |-> "causal",
       ctxid |-> 1,
       status |-> "committed",
       state |-> "done" ],
     [ inst |-> <<1, 2>>,
       ballot |-> <<0, 1>>,
       cmd |-> 2,
       deps |-> {<<1, 1>>},
       seq |-> 4,
       consistency |-> "causal",
       ctxid |-> 1,
       status |-> "committed",
       state |-> "done" ] },
   { [ inst |-> <<1, 1>>,
       ballot |-> <<0, 1>>,
       cmd |-> 1,
       deps |-> {},
       seq |-> 3,
       consistency |-> "causal",
       ctxid |-> 1,
       status |-> "committed",
       state |-> "done" ],
     [ inst |-> <<1, 2>>,
       ballot |-> <<0, 1>>,
       cmd |-> 2,
       deps |-> {<<1, 1>>},
       seq |-> 4,
       consistency |-> "causal",
       ctxid |-> 1,
       status |-> "committed",
       state |-> "done" ] },
   {},
   {},
   {} >>
/\ proposed = {1, 2}
/\ crtInst = <<3, 1, 1, 1, 1>>
/\ committed = ( <<1, 1>> :> {<<1, {}, 3>>} @@
  <<1, 2>> :> {<<2, {<<1, 1>>}, 4>>} @@
  <<2, 1>> :> {} @@
  <<2, 2>> :> {} @@
  <<3, 1>> :> {} @@
  <<3, 2>> :> {} @@
  <<4, 1>> :> {} @@
  <<4, 2>> :> {} @@
  <<5, 1>> :> {} @@
  <<5, 2>> :> {} )
/\ executed = <<{}, {}, {}, {}, {}>>
/\ ballots = 1
/\ preparing = <<{}, {}, {}, {}, {}>>

@!@!@ENDMSG 2217 @!@!@
@!@!@STARTMSG 2217:4 @!@!@
6: <ReplicaAction line 358, col 10 to line 358, col 78 of module HybridProtocol>
/\ sentMsg = { [ type |-> "commit",
    src |-> 1,
    dst |-> 2,
    inst |-> <<1, 1>>,
    ballot |-> <<0, 1>>,
    cmd |-> 1,
    deps |-> {},
    seq |-> 3,
    consistency |-> "causal",
    ctxid |-> 1,
    clk |-> 2 ],
  [ type |-> "commit",
    src |-> 1,
    dst |-> 2,
    inst |-> <<1, 2>>,
    ballot |-> <<0, 1>>,
    cmd |-> 2,
    deps |-> {<<1, 1>>},
    seq |-> 4,
    consistency |-> "causal",
    ctxid |-> 1,
    clk |-> 3 ],
  [ type |-> "commit",
    src |-> 1,
    dst |-> 3,
    inst |-> <<1, 1>>,
    ballot |-> <<0, 1>>,
    cmd |-> 1,
    deps |-> {},
    seq |-> 3,
    consistency |-> "causal",
    ctxid |-> 1,
    clk |-> 2 ],
  [ type |-> "commit",
    src |-> 1,
    dst |-> 3,
    inst |-> <<1, 2>>,
    ballot |-> <<0, 1>>,
    cmd |-> 2,
    deps |-> {<<1, 1>>},
    seq |-> 4,
    consistency |-> "causal",
    ctxid |-> 1,
    clk |-> 3 ] }
/\ leaderOfInst = <<{<<1, 1>>, <<1, 2>>}, {}, {}, {}, {}>>
/\ clk = <<3, 4, 3, 1, 1>>
/\ cmdLog = << { [ inst |-> <<1, 1>>,
       ballot |-> <<0, 1>>,
       cmd |-> 1,
       deps |-> {},
       seq |-> 3,
       consistency |-> "causal",
       ctxid |-> 1,
       status |-> "committed",
       state |-> "done" ],
     [ inst |-> <<1, 2>>,
       ballot |-> <<0, 1>>,
       cmd |-> 2,
       deps |-> {<<1, 1>>},
       seq |-> 4,
       consistency |-> "causal",
       ctxid |-> 1,
       status |-> "committed",
       state |-> "done" ] },
   { [ inst |-> <<1, 1>>,
       ballot |-> <<0, 1>>,
       cmd |-> 1,
       deps |-> {},
       seq |-> 3,
       consistency |-> "causal",
       ctxid |-> 1,
       status |-> "committed",
       state |-> "done" ],
     [ inst |-> <<1, 2>>,
       ballot |-> <<0, 1>>,
       cmd |-> 2,
       deps |-> {<<1, 1>>},
       seq |-> 4,
       consistency |-> "causal",
       ctxid |-> 1,
       status |-> "committed",
       state |-> "done" ] },
   { [ inst |-> <<1, 1>>,
       ballot |-> <<0, 1>>,
       cmd |-> 1,
       deps |-> {},
       seq |-> 3,
       consistency |-> "causal",
       ctxid |-> 1,
       status |-> "committed",
       state |-> "done" ] },
   {},
   {} >>
/\ proposed = {1, 2}
/\ crtInst = <<3, 1, 1, 1, 1>>
/\ committed = ( <<1, 1>> :> {<<1, {}, 3>>} @@
  <<1, 2>> :> {<<2, {<<1, 1>>}, 4>>} @@
  <<2, 1>> :> {} @@
  <<2, 2>> :> {} @@
  <<3, 1>> :> {} @@
  <<3, 2>> :> {} @@
  <<4, 1>> :> {} @@
  <<4, 2>> :> {} @@
  <<5, 1>> :> {} @@
  <<5, 2>> :> {} )
/\ executed = <<{}, {}, {}, {}, {}>>
/\ ballots = 1
/\ preparing = <<{}, {}, {}, {}, {}>>

@!@!@ENDMSG 2217 @!@!@
@!@!@STARTMSG 2217:4 @!@!@
7: <ReplicaAction line 358, col 10 to line 358, col 78 of module HybridProtocol>
/\ sentMsg = { [ type |-> "commit",
    src |-> 1,
    dst |-> 2,
    inst |-> <<1, 1>>,
    ballot |-> <<0, 1>>,
    cmd |-> 1,
    deps |-> {},
    seq |-> 3,
    consistency |-> "causal",
    ctxid |-> 1,
    clk |-> 2 ],
  [ type |-> "commit",
    src |-> 1,
    dst |-> 2,
    inst |-> <<1, 2>>,
    ballot |-> <<0, 1>>,
    cmd |-> 2,
    deps |-> {<<1, 1>>},
    seq |-> 4,
    consistency |-> "causal",
    ctxid |-> 1,
    clk |-> 3 ],
  [ type |-> "commit",
    src |-> 1,
    dst |-> 3,
    inst |-> <<1, 1>>,
    ballot |-> <<0, 1>>,
    cmd |-> 1,
    deps |-> {},
    seq |-> 3,
    consistency |-> "causal",
    ctxid |-> 1,
    clk |-> 2 ],
  [ type |-> "commit",
    src |-> 1,
    dst |-> 3,
    inst |-> <<1, 2>>,
    ballot |-> <<0, 1>>,
    cmd |-> 2,
    deps |-> {<<1, 1>>},
    seq |-> 4,
    consistency |-> "causal",
    ctxid |-> 1,
    clk |-> 3 ] }
/\ leaderOfInst = <<{<<1, 1>>, <<1, 2>>}, {}, {}, {}, {}>>
/\ clk = <<3, 4, 4, 1, 1>>
/\ cmdLog = << { [ inst |-> <<1, 1>>,
       ballot |-> <<0, 1>>,
       cmd |-> 1,
       deps |-> {},
       seq |-> 3,
       consistency |-> "causal",
       ctxid |-> 1,
       status |-> "committed",
       state |-> "done" ],
     [ inst |-> <<1, 2>>,
       ballot |-> <<0, 1>>,
       cmd |-> 2,
       deps |-> {<<1, 1>>},
       seq |-> 4,
       consistency |-> "causal",
       ctxid |-> 1,
       status |-> "committed",
       state |-> "done" ] },
   { [ inst |-> <<1, 1>>,
       ballot |-> <<0, 1>>,
       cmd |-> 1,
       deps |-> {},
       seq |-> 3,
       consistency |-> "causal",
       ctxid |-> 1,
       status |-> "committed",
       state |-> "done" ],
     [ inst |-> <<1, 2>>,
       ballot |-> <<0, 1>>,
       cmd |-> 2,
       deps |-> {<<1, 1>>},
       seq |-> 4,
       consistency |-> "causal",
       ctxid |-> 1,
       status |-> "committed",
       state |-> "done" ] },
   { [ inst |-> <<1, 1>>,
       ballot |-> <<0, 1>>,
       cmd |-> 1,
       deps |-> {},
       seq |-> 3,
       consistency |-> "causal",
       ctxid |-> 1,
       status |-> "committed",
       state |-> "done" ],
     [ inst |-> <<1, 2>>,
       ballot |-> <<0, 1>>,
       cmd |-> 2,
       deps |-> {<<1, 1>>},
       seq |-> 4,
       consistency |-> "causal",
       ctxid |-> 1,
       status |-> "committed",
       state |-> "done" ] },
   {},
   {} >>
/\ proposed = {1, 2}
/\ crtInst = <<3, 1, 1, 1, 1>>
/\ committed = ( <<1, 1>> :> {<<1, {}, 3>>} @@
  <<1, 2>> :> {<<2, {<<1, 1>>}, 4>>} @@
  <<2, 1>> :> {} @@
  <<2, 2>> :> {} @@
  <<3, 1>> :> {} @@
  <<3, 2>> :> {} @@
  <<4, 1>> :> {} @@
  <<4, 2>> :> {} @@
  <<5, 1>> :> {} @@
  <<5, 2>> :> {} )
/\ executed = <<{}, {}, {}, {}, {}>>
/\ ballots = 1
/\ preparing = <<{}, {}, {}, {}, {}>>

@!@!@ENDMSG 2217 @!@!@
@!@!@STARTMSG 2217:4 @!@!@
8: <ReplicaAction line 358, col 10 to line 358, col 78 of module HybridProtocol>
/\ sentMsg = { [ type |-> "commit",
    src |-> 1,
    dst |-> 2,
    inst |-> <<1, 1>>,
    ballot |-> <<0, 1>>,
    cmd |-> 1,
    deps |-> {},
    seq |-> 3,
    consistency |-> "causal",
    ctxid |-> 1,
    clk |-> 2 ],
  [ type |-> "commit",
    src |-> 1,
    dst |-> 2,
    inst |-> <<1, 2>>,
    ballot |-> <<0, 1>>,
    cmd |-> 2,
    deps |-> {<<1, 1>>},
    seq |-> 4,
    consistency |-> "causal",
    ctxid |-> 1,
    clk |-> 3 ],
  [ type |-> "commit",
    src |-> 1,
    dst |-> 3,
    inst |-> <<1, 1>>,
    ballot |-> <<0, 1>>,
    cmd |-> 1,
    deps |-> {},
    seq |-> 3,
    consistency |-> "causal",
    ctxid |-> 1,
    clk |-> 2 ],
  [ type |-> "commit",
    src |-> 1,
    dst |-> 3,
    inst |-> <<1, 2>>,
    ballot |-> <<0, 1>>,
    cmd |-> 2,
    deps |-> {<<1, 1>>},
    seq |-> 4,
    consistency |-> "causal",
    ctxid |-> 1,
    clk |-> 3 ] }
/\ leaderOfInst = <<{<<1, 1>>, <<1, 2>>}, {}, {}, {}, {}>>
/\ clk = <<3, 4, 4, 4, 1>>
/\ cmdLog = << { [ inst |-> <<1, 1>>,
       ballot |-> <<0, 1>>,
       cmd |-> 1,
       deps |-> {},
       seq |-> 3,
       consistency |-> "causal",
       ctxid |-> 1,
       status |-> "committed",
       state |-> "done" ],
     [ inst |-> <<1, 2>>,
       ballot |-> <<0, 1>>,
       cmd |-> 2,
       deps |-> {<<1, 1>>},
       seq |-> 4,
       consistency |-> "causal",
       ctxid |-> 1,
       status |-> "committed",
       state |-> "done" ] },
   { [ inst |-> <<1, 1>>,
       ballot |-> <<0, 1>>,
       cmd |-> 1,
       deps |-> {},
       seq |-> 3,
       consistency |-> "causal",
       ctxid |-> 1,
       status |-> "committed",
       state |-> "done" ],
     [ inst |-> <<1, 2>>,
       ballot |-> <<0, 1>>,
       cmd |-> 2,
       deps |-> {<<1, 1>>},
       seq |-> 4,
       consistency |-> "causal",
       ctxid |-> 1,
       status |-> "committed",
       state |-> "done" ] },
   { [ inst |-> <<1, 1>>,
       ballot |-> <<0, 1>>,
       cmd |-> 1,
       deps |-> {},
       seq |-> 3,
       consistency |-> "causal",
       ctxid |-> 1,
       status |-> "committed",
       state |-> "done" ],
     [ inst |-> <<1, 2>>,
       ballot |-> <<0, 1>>,
       cmd |-> 2,
       deps |-> {<<1, 1>>},
       seq |-> 4,
       consistency |-> "causal",
       ctxid |-> 1,
       status |-> "committed",
       state |-> "done" ] },
   { [ inst |-> <<1, 2>>,
       ballot |-> <<0, 1>>,
       cmd |-> 2,
       deps |-> {<<1, 1>>},
       seq |-> 4,
       consistency |-> "causal",
       ctxid |-> 1,
       status |-> "committed",
       state |-> "done" ] },
   {} >>
/\ proposed = {1, 2}
/\ crtInst = <<3, 1, 1, 1, 1>>
/\ committed = ( <<1, 1>> :> {<<1, {}, 3>>} @@
  <<1, 2>> :> {<<2, {<<1, 1>>}, 4>>} @@
  <<2, 1>> :> {} @@
  <<2, 2>> :> {} @@
  <<3, 1>> :> {} @@
  <<3, 2>> :> {} @@
  <<4, 1>> :> {} @@
  <<4, 2>> :> {} @@
  <<5, 1>> :> {} @@
  <<5, 2>> :> {} )
/\ executed = <<{}, {}, {}, {}, {}>>
/\ ballots = 1
/\ preparing = <<{}, {}, {}, {}, {}>>

@!@!@ENDMSG 2217 @!@!@
@!@!@STARTMSG 2217:4 @!@!@
9: <ReplicaAction line 358, col 10 to line 358, col 78 of module HybridProtocol>
/\ sentMsg = { [ type |-> "commit",
    src |-> 1,
    dst |-> 2,
    inst |-> <<1, 1>>,
    ballot |-> <<0, 1>>,
    cmd |-> 1,
    deps |-> {},
    seq |-> 3,
    consistency |-> "causal",
    ctxid |-> 1,
    clk |-> 2 ],
  [ type |-> "commit",
    src |-> 1,
    dst |-> 2,
    inst |-> <<1, 2>>,
    ballot |-> <<0, 1>>,
    cmd |-> 2,
    deps |-> {<<1, 1>>},
    seq |-> 4,
    consistency |-> "causal",
    ctxid |-> 1,
    clk |-> 3 ],
  [ type |-> "commit",
    src |-> 1,
    dst |-> 3,
    inst |-> <<1, 1>>,
    ballot |-> <<0, 1>>,
    cmd |-> 1,
    deps |-> {},
    seq |-> 3,
    consistency |-> "causal",
    ctxid |-> 1,
    clk |-> 2 ],
  [ type |-> "commit",
    src |-> 1,
    dst |-> 3,
    inst |-> <<1, 2>>,
    ballot |-> <<0, 1>>,
    cmd |-> 2,
    deps |-> {<<1, 1>>},
    seq |-> 4,
    consistency |-> "causal",
    ctxid |-> 1,
    clk |-> 3 ] }
/\ leaderOfInst = <<{<<1, 1>>, <<1, 2>>}, {}, {}, {}, {}>>
/\ clk = <<3, 4, 4, 5, 1>>
/\ cmdLog = << { [ inst |-> <<1, 1>>,
       ballot |-> <<0, 1>>,
       cmd |-> 1,
       deps |-> {},
       seq |-> 3,
       consistency |-> "causal",
       ctxid |-> 1,
       status |-> "committed",
       state |-> "done" ],
     [ inst |-> <<1, 2>>,
       ballot |-> <<0, 1>>,
       cmd |-> 2,
       deps |-> {<<1, 1>>},
       seq |-> 4,
       consistency |-> "causal",
       ctxid |-> 1,
       status |-> "committed",
       state |-> "done" ] },
   { [ inst |-> <<1, 1>>,
       ballot |-> <<0, 1>>,
       cmd |-> 1,
       deps |-> {},
       seq |-> 3,
       consistency |-> "causal",
       ctxid |-> 1,
       status |-> "committed",
       state |-> "done" ],
     [ inst |-> <<1, 2>>,
       ballot |-> <<0, 1>>,
       cmd |-> 2,
       deps |-> {<<1, 1>>},
       seq |-> 4,
       consistency |-> "causal",
       ctxid |-> 1,
       status |-> "committed",
       state |-> "done" ] },
   { [ inst |-> <<1, 1>>,
       ballot |-> <<0, 1>>,
       cmd |-> 1,
       deps |-> {},
       seq |-> 3,
       consistency |-> "causal",
       ctxid |-> 1,
       status |-> "committed",
       state |-> "done" ],
     [ inst |-> <<1, 2>>,
       ballot |-> <<0, 1>>,
       cmd |-> 2,
       deps |-> {<<1, 1>>},
       seq |-> 4,
       consistency |-> "causal",
       ctxid |-> 1,
       status |-> "committed",
       state |-> "done" ] },
   { [ inst |-> <<1, 1>>,
       ballot |-> <<0, 1>>,
       cmd |-> 1,
       deps |-> {},
       seq |-> 3,
       consistency |-> "causal",
       ctxid |-> 1,
       status |-> "committed",
       state |-> "done" ],
     [ inst |-> <<1, 2>>,
       ballot |-> <<0, 1>>,
       cmd |-> 2,
       deps |-> {<<1, 1>>},
       seq |-> 4,
       consistency |-> "causal",
       ctxid |-> 1,
       status |-> "committed",
       state |-> "done" ] },
   {} >>
/\ proposed = {1, 2}
/\ crtInst = <<3, 1, 1, 1, 1>>
/\ committed = ( <<1, 1>> :> {<<1, {}, 3>>} @@
  <<1, 2>> :> {<<2, {<<1, 1>>}, 4>>} @@
  <<2, 1>> :> {} @@
  <<2, 2>> :> {} @@
  <<3, 1>> :> {} @@
  <<3, 2>> :> {} @@
  <<4, 1>> :> {} @@
  <<4, 2>> :> {} @@
  <<5, 1>> :> {} @@
  <<5, 2>> :> {} )
/\ executed = <<{}, {}, {}, {}, {}>>
/\ ballots = 1
/\ preparing = <<{}, {}, {}, {}, {}>>

@!@!@ENDMSG 2217 @!@!@
@!@!@STARTMSG 2217:4 @!@!@
10: <ReplicaAction line 358, col 10 to line 358, col 78 of module HybridProtocol>
/\ sentMsg = { [ type |-> "commit",
    src |-> 1,
    dst |-> 2,
    inst |-> <<1, 1>>,
    ballot |-> <<0, 1>>,
    cmd |-> 1,
    deps |-> {},
    seq |-> 3,
    consistency |-> "causal",
    ctxid |-> 1,
    clk |-> 2 ],
  [ type |-> "commit",
    src |-> 1,
    dst |-> 2,
    inst |-> <<1, 2>>,
    ballot |-> <<0, 1>>,
    cmd |-> 2,
    deps |-> {<<1, 1>>},
    seq |-> 4,
    consistency |-> "causal",
    ctxid |-> 1,
    clk |-> 3 ],
  [ type |-> "commit",
    src |-> 1,
    dst |-> 3,
    inst |-> <<1, 1>>,
    ballot |-> <<0, 1>>,
    cmd |-> 1,
    deps |-> {},
    seq |-> 3,
    consistency |-> "causal",
    ctxid |-> 1,
    clk |-> 2 ],
  [ type |-> "commit",
    src |-> 1,
    dst |-> 3,
    inst |-> <<1, 2>>,
    ballot |-> <<0, 1>>,
    cmd |-> 2,
    deps |-> {<<1, 1>>},
    seq |-> 4,
    consistency |-> "causal",
    ctxid |-> 1,
    clk |-> 3 ] }
/\ leaderOfInst = <<{<<1, 1>>, <<1, 2>>}, {}, {}, {}, {}>>
/\ clk = <<3, 4, 4, 5, 3>>
/\ cmdLog = << { [ inst |-> <<1, 1>>,
       ballot |-> <<0, 1>>,
       cmd |-> 1,
       deps |-> {},
       seq |-> 3,
       consistency |-> "causal",
       ctxid |-> 1,
       status |-> "committed",
       state |-> "done" ],
     [ inst |-> <<1, 2>>,
       ballot |-> <<0, 1>>,
       cmd |-> 2,
       deps |-> {<<1, 1>>},
       seq |-> 4,
       consistency |-> "causal",
       ctxid |-> 1,
       status |-> "committed",
       state |-> "done" ] },
   { [ inst |-> <<1, 1>>,
       ballot |-> <<0, 1>>,
       cmd |-> 1,
       deps |-> {},
       seq |-> 3,
       consistency |-> "causal",
       ctxid |-> 1,
       status |-> "committed",
       state |-> "done" ],
     [ inst |-> <<1, 2>>,
       ballot |-> <<0, 1>>,
       cmd |-> 2,
       deps |-> {<<1, 1>>},
       seq |-> 4,
       consistency |-> "causal",
       ctxid |-> 1,
       status |-> "committed",
       state |-> "done" ] },
   { [ inst |-> <<1, 1>>,
       ballot |-> <<0, 1>>,
       cmd |-> 1,
       deps |-> {},
       seq |-> 3,
       consistency |-> "causal",
       ctxid |-> 1,
       status |-> "committed",
       state |-> "done" ],
     [ inst |-> <<1, 2>>,
       ballot |-> <<0, 1>>,
       cmd |-> 2,
       deps |-> {<<1, 1>>},
       seq |-> 4,
       consistency |-> "causal",
       ctxid |-> 1,
       status |-> "committed",
       state |-> "done" ] },
   { [ inst |-> <<1, 1>>,
       ballot |-> <<0, 1>>,
       cmd |-> 1,
       deps |-> {},
       seq |-> 3,
       consistency |-> "causal",
       ctxid |-> 1,
       status |-> "committed",
       state |-> "done" ],
     [ inst |-> <<1, 2>>,
       ballot |-> <<0, 1>>,
       cmd |-> 2,
       deps |-> {<<1, 1>>},
       seq |-> 4,
       consistency |-> "causal",
       ctxid |-> 1,
       status |-> "committed",
       state |-> "done" ] },
   { [ inst |-> <<1, 1>>,
       ballot |-> <<0, 1>>,
       cmd |-> 1,
       deps |-> {},
       seq |-> 3,
       consistency |-> "causal",
       ctxid |-> 1,
       status |-> "committed",
       state |-> "done" ] } >>
/\ proposed = {1, 2}
/\ crtInst = <<3, 1, 1, 1, 1>>
/\ committed = ( <<1, 1>> :> {<<1, {}, 3>>} @@
  <<1, 2>> :> {<<2, {<<1, 1>>}, 4>>} @@
  <<2, 1>> :> {} @@
  <<2, 2>> :> {} @@
  <<3, 1>> :> {} @@
  <<3, 2>> :> {} @@
  <<4, 1>> :> {} @@
  <<4, 2>> :> {} @@
  <<5, 1>> :> {} @@
  <<5, 2>> :> {} )
/\ executed = <<{}, {}, {}, {}, {}>>
/\ ballots = 1
/\ preparing = <<{}, {}, {}, {}, {}>>

@!@!@ENDMSG 2217 @!@!@
@!@!@STARTMSG 2217:4 @!@!@
11: <ReplicaAction line 358, col 10 to line 358, col 78 of module HybridProtocol>
/\ sentMsg = { [ type |-> "commit",
    src |-> 1,
    dst |-> 2,
    inst |-> <<1, 1>>,
    ballot |-> <<0, 1>>,
    cmd |-> 1,
    deps |-> {},
    seq |-> 3,
    consistency |-> "causal",
    ctxid |-> 1,
    clk |-> 2 ],
  [ type |-> "commit",
    src |-> 1,
    dst |-> 2,
    inst |-> <<1, 2>>,
    ballot |-> <<0, 1>>,
    cmd |-> 2,
    deps |-> {<<1, 1>>},
    seq |-> 4,
    consistency |-> "causal",
    ctxid |-> 1,
    clk |-> 3 ],
  [ type |-> "commit",
    src |-> 1,
    dst |-> 3,
    inst |-> <<1, 1>>,
    ballot |-> <<0, 1>>,
    cmd |-> 1,
    deps |-> {},
    seq |-> 3,
    consistency |-> "causal",
    ctxid |-> 1,
    clk |-> 2 ],
  [ type |-> "commit",
    src |-> 1,
    dst |-> 3,
    inst |-> <<1, 2>>,
    ballot |-> <<0, 1>>,
    cmd |-> 2,
    deps |-> {<<1, 1>>},
    seq |-> 4,
    consistency |-> "causal",
    ctxid |-> 1,
    clk |-> 3 ] }
/\ leaderOfInst = <<{<<1, 1>>, <<1, 2>>}, {}, {}, {}, {}>>
/\ clk = <<3, 4, 4, 5, 4>>
/\ cmdLog = << { [ inst |-> <<1, 1>>,
       ballot |-> <<0, 1>>,
       cmd |-> 1,
       deps |-> {},
       seq |-> 3,
       consistency |-> "causal",
       ctxid |-> 1,
       status |-> "committed",
       state |-> "done" ],
     [ inst |-> <<1, 2>>,
       ballot |-> <<0, 1>>,
       cmd |-> 2,
       deps |-> {<<1, 1>>},
       seq |-> 4,
       consistency |-> "causal",
       ctxid |-> 1,
       status |-> "committed",
       state |-> "done" ] },
   { [ inst |-> <<1, 1>>,
       ballot |-> <<0, 1>>,
       cmd |-> 1,
       deps |-> {},
       seq |-> 3,
       consistency |-> "causal",
       ctxid |-> 1,
       status |-> "committed",
       state |-> "done" ],
     [ inst |-> <<1, 2>>,
       ballot |-> <<0, 1>>,
       cmd |-> 2,
       deps |-> {<<1, 1>>},
       seq |-> 4,
       consistency |-> "causal",
       ctxid |-> 1,
       status |-> "committed",
       state |-> "done" ] },
   { [ inst |-> <<1, 1>>,
       ballot |-> <<0, 1>>,
       cmd |-> 1,
       deps |-> {},
       seq |-> 3,
       consistency |-> "causal",
       ctxid |-> 1,
       status |-> "committed",
       state |-> "done" ],
     [ inst |-> <<1, 2>>,
       ballot |-> <<0, 1>>,
       cmd |-> 2,
       deps |-> {<<1, 1>>},
       seq |-> 4,
       consistency |-> "causal",
       ctxid |-> 1,
       status |-> "committed",
       state |-> "done" ] },
   { [ inst |-> <<1, 1>>,
       ballot |-> <<0, 1>>,
       cmd |-> 1,
       deps |-> {},
       seq |-> 3,
       consistency |-> "causal",
       ctxid |-> 1,
       status |-> "committed",
       state |-> "done" ],
     [ inst |-> <<1, 2>>,
       ballot |-> <<0, 1>>,
       cmd |-> 2,
       deps |-> {<<1, 1>>},
       seq |-> 4,
       consistency |-> "causal",
       ctxid |-> 1,
       status |-> "committed",
       state |-> "done" ] },
   { [ inst |-> <<1, 1>>,
       ballot |-> <<0, 1>>,
       cmd |-> 1,
       deps |-> {},
       seq |-> 3,
       consistency |-> "causal",
       ctxid |-> 1,
       status |-> "committed",
       state |-> "done" ],
     [ inst |-> <<1, 2>>,
       ballot |-> <<0, 1>>,
       cmd |-> 2,
       deps |-> {<<1, 1>>},
       seq |-> 4,
       consistency |-> "causal",
       ctxid |-> 1,
       status |-> "committed",
       state |-> "done" ] } >>
/\ proposed = {1, 2}
/\ crtInst = <<3, 1, 1, 1, 1>>
/\ committed = ( <<1, 1>> :> {<<1, {}, 3>>} @@
  <<1, 2>> :> {<<2, {<<1, 1>>}, 4>>} @@
  <<2, 1>> :> {} @@
  <<2, 2>> :> {} @@
  <<3, 1>> :> {} @@
  <<3, 2>> :> {} @@
  <<4, 1>> :> {} @@
  <<4, 2>> :> {} @@
  <<5, 1>> :> {} @@
  <<5, 2>> :> {} )
/\ executed = <<{}, {}, {}, {}, {}>>
/\ ballots = 1
/\ preparing = <<{}, {}, {}, {}, {}>>

@!@!@ENDMSG 2217 @!@!@
@!@!@STARTMSG 2201:0 @!@!@
The coverage statistics at 2023-11-29 07:37:15
@!@!@ENDMSG 2201 @!@!@
@!@!@STARTMSG 2773:0 @!@!@
<Init line 157, col 1 to line 157, col 4 of module HybridProtocol>: 2:2
@!@!@ENDMSG 2773 @!@!@
@!@!@STARTMSG 2221:0 @!@!@
  line 158, col 3 to line 167, col 33 of module HybridProtocol: 2
@!@!@ENDMSG 2221 @!@!@
@!@!@STARTMSG 2772:0 @!@!@
<CommandLeaderAction line 349, col 1 to line 349, col 19 of module HybridProtocol (350 9 353 72)>: 4709:28950
@!@!@ENDMSG 2772 @!@!@
@!@!@STARTMSG 2221:0 @!@!@
  line 280, col 12 to line 280, col 40 of module HybridProtocol: 4825
@!@!@ENDMSG 2221 @!@!@
@!@!@STARTMSG 2221:0 @!@!@
  line 183, col 8 to line 183, col 20 of module HybridProtocol: 28950
@!@!@ENDMSG 2221 @!@!@
@!@!@STARTMSG 2221:0 @!@!@
  line 189, col 16 to line 189, col 43 of module HybridProtocol: 28950
@!@!@ENDMSG 2221 @!@!@
@!@!@STARTMSG 2221:0 @!@!@
  |line 189, col 16 to line 189, col 39 of module HybridProtocol: 28950
@!@!@ENDMSG 2221 @!@!@
@!@!@STARTMSG 2221:0 @!@!@
  ||line 189, col 28 to line 189, col 38 of module HybridProtocol: 28950
@!@!@ENDMSG 2221 @!@!@
@!@!@STARTMSG 2221:0 @!@!@
  |||line 188, col 26 to line 188, col 56 of module HybridProtocol: 28950
@!@!@ENDMSG 2221 @!@!@
@!@!@STARTMSG 2221:0 @!@!@
  ||||line 188, col 45 to line 188, col 55 of module HybridProtocol: 28950
@!@!@ENDMSG 2221 @!@!@
@!@!@STARTMSG 2775:0 @!@!@
  |||||line 187, col 27 to line 187, col 74 of module HybridProtocol: 28950:28950
@!@!@ENDMSG 2775 @!@!@
@!@!@STARTMSG 2221:0 @!@!@
  ||||||line 187, col 53 to line 187, col 73 of module HybridProtocol: 17286
@!@!@ENDMSG 2221 @!@!@
@!@!@STARTMSG 2221:0 @!@!@
  ||||||line 187, col 36 to line 187, col 50 of module HybridProtocol: 28950
@!@!@ENDMSG 2221 @!@!@
@!@!@STARTMSG 2221:0 @!@!@
  line 190, col 20 to line 199, col 59 of module HybridProtocol: 28950
@!@!@ENDMSG 2221 @!@!@
@!@!@STARTMSG 2221:0 @!@!@
  |line 190, col 30 to line 199, col 59 of module HybridProtocol: 28950
@!@!@ENDMSG 2221 @!@!@
@!@!@STARTMSG 2221:0 @!@!@
  ||line 190, col 31 to line 190, col 36 of module HybridProtocol: 28950
@!@!@ENDMSG 2221 @!@!@
@!@!@STARTMSG 2221:0 @!@!@
  ||line 190, col 45 to line 199, col 58 of module HybridProtocol: 28950
@!@!@ENDMSG 2221 @!@!@
@!@!@STARTMSG 2221:0 @!@!@
  ||line 190, col 58 to line 199, col 58 of module HybridProtocol: 28950
@!@!@ENDMSG 2221 @!@!@
@!@!@STARTMSG 2221:0 @!@!@
  |||line 190, col 59 to line 190, col 69 of module HybridProtocol: 28950
@!@!@ENDMSG 2221 @!@!@
@!@!@STARTMSG 2221:0 @!@!@
  ||||line 190, col 63 to line 190, col 69 of module HybridProtocol: 28950
@!@!@ENDMSG 2221 @!@!@
@!@!@STARTMSG 2221:0 @!@!@
  |||||line 186, col 24 to line 186, col 66 of module HybridProtocol: 28950
@!@!@ENDMSG 2221 @!@!@
@!@!@STARTMSG 2221:0 @!@!@
  ||||||line 186, col 51 to line 186, col 65 of module HybridProtocol: 17286
@!@!@ENDMSG 2221 @!@!@
@!@!@STARTMSG 2221:0 @!@!@
  ||||||line 186, col 33 to line 186, col 47 of module HybridProtocol: 28950
@!@!@ENDMSG 2221 @!@!@
@!@!@STARTMSG 2775:0 @!@!@
  |||line 191, col 41 to line 199, col 58 of module HybridProtocol: 28950:104044
@!@!@ENDMSG 2775 @!@!@
@!@!@STARTMSG 2221:0 @!@!@
  ||||line 191, col 42 to line 199, col 57 of module HybridProtocol: 28950
@!@!@ENDMSG 2221 @!@!@
@!@!@STARTMSG 2221:0 @!@!@
  |||||line 191, col 43 to line 191, col 57 of module HybridProtocol: 28950
@!@!@ENDMSG 2221 @!@!@
@!@!@STARTMSG 2221:0 @!@!@
  |||||line 194, col 43 to line 194, col 59 of module HybridProtocol: 28950
@!@!@ENDMSG 2221 @!@!@
@!@!@STARTMSG 2221:0 @!@!@
  |||||line 195, col 43 to line 195, col 54 of module HybridProtocol: 28950
@!@!@ENDMSG 2221 @!@!@
@!@!@STARTMSG 2221:0 @!@!@
  |||||line 196, col 54 to line 196, col 60 of module HybridProtocol: 28950
@!@!@ENDMSG 2221 @!@!@
@!@!@STARTMSG 2221:0 @!@!@
  ||||||line 184, col 24 to line 184, col 58 of module HybridProtocol: 28950
@!@!@ENDMSG 2221 @!@!@
@!@!@STARTMSG 2221:0 @!@!@
  |||||||line 184, col 25 to line 184, col 32 of module HybridProtocol: 17286
@!@!@ENDMSG 2221 @!@!@
@!@!@STARTMSG 2221:0 @!@!@
  |||||||line 184, col 43 to line 184, col 57 of module HybridProtocol: 28950
@!@!@ENDMSG 2221 @!@!@
@!@!@STARTMSG 2221:0 @!@!@
  |||||line 197, col 54 to line 197, col 59 of module HybridProtocol: 28950
@!@!@ENDMSG 2221 @!@!@
@!@!@STARTMSG 2221:0 @!@!@
  ||||||line 185, col 23 to line 185, col 75 of module HybridProtocol: 28950
@!@!@ENDMSG 2221 @!@!@
@!@!@STARTMSG 2221:0 @!@!@
  |||||||line 185, col 27 to line 185, col 75 of module HybridProtocol: 28950
@!@!@ENDMSG 2221 @!@!@
@!@!@STARTMSG 2221:0 @!@!@
  ||||||||line 6, col 11 to line 6, col 68 of module HybridProtocol: 28950
@!@!@ENDMSG 2221 @!@!@
@!@!@STARTMSG 2221:0 @!@!@
  |||||||||line 6, col 14 to line 6, col 19 of module HybridProtocol: 28950
@!@!@ENDMSG 2221 @!@!@
@!@!@STARTMSG 2221:0 @!@!@
  |||||||||line 6, col 33 to line 6, col 68 of module HybridProtocol: 28950
@!@!@ENDMSG 2221 @!@!@
@!@!@STARTMSG 2221:0 @!@!@
  ||||||||||line 6, col 50 to line 6, col 68 of module HybridProtocol: 40470
@!@!@ENDMSG 2221 @!@!@
@!@!@STARTMSG 2221:0 @!@!@
  |||||||||||line 6, col 63 to line 6, col 68 of module HybridProtocol: 63510
@!@!@ENDMSG 2221 @!@!@
@!@!@STARTMSG 2221:0 @!@!@
  |||||||||||line 6, col 59 to line 6, col 59 of module HybridProtocol: 40470
@!@!@ENDMSG 2221 @!@!@
@!@!@STARTMSG 2221:0 @!@!@
  ||||||||||line 6, col 46 to line 6, col 46 of module HybridProtocol: 28950
@!@!@ENDMSG 2221 @!@!@
@!@!@STARTMSG 2221:0 @!@!@
  ||||||||line 185, col 31 to line 185, col 74 of module HybridProtocol: 28950
@!@!@ENDMSG 2221 @!@!@
@!@!@STARTMSG 2221:0 @!@!@
  |||||||||line 185, col 31 to line 185, col 60 of module HybridProtocol: 28950
@!@!@ENDMSG 2221 @!@!@
@!@!@STARTMSG 2221:0 @!@!@
  ||||||||||line 185, col 32 to line 185, col 36 of module HybridProtocol: 17286
@!@!@ENDMSG 2221 @!@!@
@!@!@STARTMSG 2221:0 @!@!@
  ||||||||||line 185, col 45 to line 185, col 59 of module HybridProtocol: 28950
@!@!@ENDMSG 2221 @!@!@
@!@!@STARTMSG 2775:0 @!@!@
  |||||||||line 185, col 67 to line 185, col 74 of module HybridProtocol: 28950:69564
@!@!@ENDMSG 2775 @!@!@
@!@!@STARTMSG 2221:0 @!@!@
  |||||line 198, col 43 to line 198, col 60 of module HybridProtocol: 28950
@!@!@ENDMSG 2221 @!@!@
@!@!@STARTMSG 2221:0 @!@!@
  |||||line 199, col 43 to line 199, col 55 of module HybridProtocol: 28950
@!@!@ENDMSG 2221 @!@!@
@!@!@STARTMSG 2221:0 @!@!@
  line 200, col 20 to line 200, col 83 of module HybridProtocol: 28950
@!@!@ENDMSG 2221 @!@!@
@!@!@STARTMSG 2221:0 @!@!@
  line 201, col 20 to line 212, col 57 of module HybridProtocol: 28950
@!@!@ENDMSG 2221 @!@!@
@!@!@STARTMSG 2775:0 @!@!@
  |line 201, col 31 to line 212, col 57 of module HybridProtocol: 28950:109139
@!@!@ENDMSG 2775 @!@!@
@!@!@STARTMSG 2221:0 @!@!@
  ||line 201, col 32 to line 201, col 47 of module HybridProtocol: 28950
@!@!@ENDMSG 2221 @!@!@
@!@!@STARTMSG 2775:0 @!@!@
  ||line 202, col 41 to line 212, col 57 of module HybridProtocol: 28950:675021
@!@!@ENDMSG 2775 @!@!@
@!@!@STARTMSG 2221:0 @!@!@
  |||line 202, col 42 to line 202, col 59 of module HybridProtocol: 28950
@!@!@ENDMSG 2221 @!@!@
@!@!@STARTMSG 2221:0 @!@!@
  |||line 203, col 43 to line 203, col 59 of module HybridProtocol: 28950
@!@!@ENDMSG 2221 @!@!@
@!@!@STARTMSG 2221:0 @!@!@
  |||line 204, col 43 to line 204, col 63 of module HybridProtocol: 28950
@!@!@ENDMSG 2221 @!@!@
@!@!@STARTMSG 2221:0 @!@!@
  |||line 205, col 43 to line 205, col 56 of module HybridProtocol: 28950
@!@!@ENDMSG 2221 @!@!@
@!@!@STARTMSG 2221:0 @!@!@
  |||line 206, col 43 to line 206, col 58 of module HybridProtocol: 28950
@!@!@ENDMSG 2221 @!@!@
@!@!@STARTMSG 2221:0 @!@!@
  |||line 207, col 43 to line 207, col 53 of module HybridProtocol: 28950
@!@!@ENDMSG 2221 @!@!@
@!@!@STARTMSG 2775:0 @!@!@
  |||line 208, col 51 to line 208, col 59 of module HybridProtocol: 28950:144310
@!@!@ENDMSG 2775 @!@!@
@!@!@STARTMSG 2221:0 @!@!@
  ||||line 208, col 52 to line 208, col 58 of module HybridProtocol: 28950
@!@!@ENDMSG 2221 @!@!@
@!@!@STARTMSG 2221:0 @!@!@
  |||||line 184, col 24 to line 184, col 58 of module HybridProtocol: 28950
@!@!@ENDMSG 2221 @!@!@
@!@!@STARTMSG 2221:0 @!@!@
  ||||||line 184, col 25 to line 184, col 32 of module HybridProtocol: 17286
@!@!@ENDMSG 2221 @!@!@
@!@!@STARTMSG 2221:0 @!@!@
  ||||||line 184, col 43 to line 184, col 57 of module HybridProtocol: 28950
@!@!@ENDMSG 2221 @!@!@
@!@!@STARTMSG 2775:0 @!@!@
  |||line 209, col 51 to line 209, col 58 of module HybridProtocol: 28950:144310
@!@!@ENDMSG 2775 @!@!@
@!@!@STARTMSG 2221:0 @!@!@
  ||||line 209, col 52 to line 209, col 57 of module HybridProtocol: 28950
@!@!@ENDMSG 2221 @!@!@
@!@!@STARTMSG 2221:0 @!@!@
  |||||line 185, col 23 to line 185, col 75 of module HybridProtocol: 28950
@!@!@ENDMSG 2221 @!@!@
@!@!@STARTMSG 2221:0 @!@!@
  ||||||line 185, col 27 to line 185, col 75 of module HybridProtocol: 28950
@!@!@ENDMSG 2221 @!@!@
@!@!@STARTMSG 2221:0 @!@!@
  |||||||line 6, col 11 to line 6, col 68 of module HybridProtocol: 28950
@!@!@ENDMSG 2221 @!@!@
@!@!@STARTMSG 2221:0 @!@!@
  ||||||||line 6, col 14 to line 6, col 19 of module HybridProtocol: 28950
@!@!@ENDMSG 2221 @!@!@
@!@!@STARTMSG 2221:0 @!@!@
  ||||||||line 6, col 33 to line 6, col 68 of module HybridProtocol: 28950
@!@!@ENDMSG 2221 @!@!@
@!@!@STARTMSG 2221:0 @!@!@
  |||||||||line 6, col 50 to line 6, col 68 of module HybridProtocol: 40470
@!@!@ENDMSG 2221 @!@!@
@!@!@STARTMSG 2221:0 @!@!@
  ||||||||||line 6, col 63 to line 6, col 68 of module HybridProtocol: 63510
@!@!@ENDMSG 2221 @!@!@
@!@!@STARTMSG 2221:0 @!@!@
  ||||||||||line 6, col 59 to line 6, col 59 of module HybridProtocol: 40470
@!@!@ENDMSG 2221 @!@!@
@!@!@STARTMSG 2221:0 @!@!@
  |||||||||line 6, col 46 to line 6, col 46 of module HybridProtocol: 28950
@!@!@ENDMSG 2221 @!@!@
@!@!@STARTMSG 2221:0 @!@!@
  |||||||line 185, col 31 to line 185, col 74 of module HybridProtocol: 28950
@!@!@ENDMSG 2221 @!@!@
@!@!@STARTMSG 2221:0 @!@!@
  ||||||||line 185, col 31 to line 185, col 60 of module HybridProtocol: 28950
@!@!@ENDMSG 2221 @!@!@
@!@!@STARTMSG 2221:0 @!@!@
  |||||||||line 185, col 32 to line 185, col 36 of module HybridProtocol: 17286
@!@!@ENDMSG 2221 @!@!@
@!@!@STARTMSG 2221:0 @!@!@
  |||||||||line 185, col 45 to line 185, col 59 of module HybridProtocol: 28950
@!@!@ENDMSG 2221 @!@!@
@!@!@STARTMSG 2775:0 @!@!@
  ||||||||line 185, col 67 to line 185, col 74 of module HybridProtocol: 28950:69564
@!@!@ENDMSG 2775 @!@!@
@!@!@STARTMSG 2221:0 @!@!@
  |||line 210, col 43 to line 210, col 60 of module HybridProtocol: 28950
@!@!@ENDMSG 2221 @!@!@
@!@!@STARTMSG 2221:0 @!@!@
  |||line 211, col 43 to line 211, col 55 of module HybridProtocol: 28950
@!@!@ENDMSG 2221 @!@!@
@!@!@STARTMSG 2221:0 @!@!@
  |||line 212, col 43 to line 212, col 56 of module HybridProtocol: 28950
@!@!@ENDMSG 2221 @!@!@
@!@!@STARTMSG 2221:0 @!@!@
  line 214, col 21 to line 223, col 59 of module HybridProtocol: 0
@!@!@ENDMSG 2221 @!@!@
@!@!@STARTMSG 2221:0 @!@!@
  line 225, col 25 to line 234, col 43 of module HybridProtocol: 0
@!@!@ENDMSG 2221 @!@!@
@!@!@STARTMSG 2221:0 @!@!@
  line 235, col 24 to line 235, col 87 of module HybridProtocol: 0
@!@!@ENDMSG 2221 @!@!@
@!@!@STARTMSG 2221:0 @!@!@
  line 236, col 24 to line 247, col 61 of module HybridProtocol: 0
@!@!@ENDMSG 2221 @!@!@
@!@!@STARTMSG 2221:0 @!@!@
  line 282, col 30 to line 282, col 30 of module HybridProtocol: 28950
@!@!@ENDMSG 2221 @!@!@
@!@!@STARTMSG 2221:0 @!@!@
  line 282, col 33 to line 282, col 39 of module HybridProtocol: 28950
@!@!@ENDMSG 2221 @!@!@
@!@!@STARTMSG 2221:0 @!@!@
  line 282, col 42 to line 282, col 42 of module HybridProtocol: 28950
@!@!@ENDMSG 2221 @!@!@
@!@!@STARTMSG 2221:0 @!@!@
  line 282, col 45 to line 282, col 51 of module HybridProtocol: 28950
@!@!@ENDMSG 2221 @!@!@
@!@!@STARTMSG 2221:0 @!@!@
  line 282, col 54 to line 282, col 62 of module HybridProtocol: 28950
@!@!@ENDMSG 2221 @!@!@
@!@!@STARTMSG 2221:0 @!@!@
  line 282, col 65 to line 282, col 66 of module HybridProtocol: 28950
@!@!@ENDMSG 2221 @!@!@
@!@!@STARTMSG 2221:0 @!@!@
  line 282, col 68 to line 282, col 82 of module HybridProtocol: 28950
@!@!@ENDMSG 2221 @!@!@
@!@!@STARTMSG 2221:0 @!@!@
  line 282, col 84 to line 282, col 85 of module HybridProtocol: 28950
@!@!@ENDMSG 2221 @!@!@
@!@!@STARTMSG 2221:0 @!@!@
  line 282, col 87 to line 282, col 89 of module HybridProtocol: 28950
@!@!@ENDMSG 2221 @!@!@
@!@!@STARTMSG 2221:0 @!@!@
  line 281, col 22 to line 281, col 41 of module HybridProtocol: 4825
@!@!@ENDMSG 2221 @!@!@
@!@!@STARTMSG 2775:0 @!@!@
  |line 23, col 20 to line 23, col 61 of module HybridProtocol: 4825:33775
@!@!@ENDMSG 2775 @!@!@
@!@!@STARTMSG 2221:0 @!@!@
  ||line 23, col 21 to line 23, col 30 of module HybridProtocol: 28950
@!@!@ENDMSG 2221 @!@!@
@!@!@STARTMSG 2221:0 @!@!@
  ||line 23, col 40 to line 23, col 60 of module HybridProtocol: 4825
@!@!@ENDMSG 2221 @!@!@
@!@!@STARTMSG 2775:0 @!@!@
  |||line 21, col 27 to line 21, col 78 of module HybridProtocol: 4825:77200
@!@!@ENDMSG 2775 @!@!@
@!@!@STARTMSG 2221:0 @!@!@
  ||||line 21, col 60 to line 21, col 77 of module HybridProtocol: 77200
@!@!@ENDMSG 2221 @!@!@
@!@!@STARTMSG 2775:0 @!@!@
  ||||line 21, col 34 to line 21, col 56 of module HybridProtocol: 4825:86850
@!@!@ENDMSG 2775 @!@!@
@!@!@STARTMSG 2221:0 @!@!@
  |||line 23, col 59 to line 23, col 59 of module HybridProtocol: 4825
@!@!@ENDMSG 2221 @!@!@
@!@!@STARTMSG 2221:0 @!@!@
  |line 281, col 34 to line 281, col 40 of module HybridProtocol: 4825
@!@!@ENDMSG 2221 @!@!@
@!@!@STARTMSG 2221:0 @!@!@
  line 283, col 12 to line 283, col 57 of module HybridProtocol: 28950
@!@!@ENDMSG 2221 @!@!@
@!@!@STARTMSG 2221:0 @!@!@
  line 284, col 12 to line 284, col 24 of module HybridProtocol: 28950
@!@!@ENDMSG 2221 @!@!@
@!@!@STARTMSG 2221:0 @!@!@
  line 285, col 12 to line 285, col 65 of module HybridProtocol: 28950
@!@!@ENDMSG 2221 @!@!@
@!@!@STARTMSG 2221:0 @!@!@
  line 353, col 55 to line 353, col 55 of module HybridProtocol: 4825
@!@!@ENDMSG 2221 @!@!@
@!@!@STARTMSG 2221:0 @!@!@
  line 353, col 58 to line 353, col 64 of module HybridProtocol: 4825
@!@!@ENDMSG 2221 @!@!@
@!@!@STARTMSG 2221:0 @!@!@
  line 353, col 66 to line 353, col 67 of module HybridProtocol: 4825
@!@!@ENDMSG 2221 @!@!@
@!@!@STARTMSG 2221:0 @!@!@
  line 353, col 69 to line 353, col 71 of module HybridProtocol: 4825
@!@!@ENDMSG 2221 @!@!@
@!@!@STARTMSG 2221:0 @!@!@
  line 353, col 36 to line 353, col 43 of module HybridProtocol: 965
@!@!@ENDMSG 2221 @!@!@
@!@!@STARTMSG 2221:0 @!@!@
  line 352, col 28 to line 352, col 33 of module HybridProtocol: 965
@!@!@ENDMSG 2221 @!@!@
@!@!@STARTMSG 2221:0 @!@!@
  line 351, col 23 to line 351, col 39 of module HybridProtocol: 965
@!@!@ENDMSG 2221 @!@!@
@!@!@STARTMSG 2221:0 @!@!@
  line 350, col 19 to line 350, col 37 of module HybridProtocol: 642446
@!@!@ENDMSG 2221 @!@!@
@!@!@STARTMSG 2772:0 @!@!@
<ReplicaAction line 356, col 1 to line 356, col 13 of module HybridProtocol (358 10 358 78)>: 728149:4708774
@!@!@ENDMSG 2772 @!@!@
@!@!@STARTMSG 2221:0 @!@!@
  line 358, col 33 to line 358, col 52 of module HybridProtocol: 17547986
@!@!@ENDMSG 2221 @!@!@
@!@!@STARTMSG 2221:0 @!@!@
  |line 358, col 33 to line 358, col 41 of module HybridProtocol: 12839212
@!@!@ENDMSG 2221 @!@!@
@!@!@STARTMSG 2221:0 @!@!@
  line 288, col 8 to line 288, col 34 of module HybridProtocol: 12839212
@!@!@ENDMSG 2221 @!@!@
@!@!@STARTMSG 2221:0 @!@!@
  line 293, col 16 to line 293, col 43 of module HybridProtocol: 12839212
@!@!@ENDMSG 2221 @!@!@
@!@!@STARTMSG 2221:0 @!@!@
  |line 293, col 16 to line 293, col 39 of module HybridProtocol: 12839212
@!@!@ENDMSG 2221 @!@!@
@!@!@STARTMSG 2221:0 @!@!@
  ||line 293, col 28 to line 293, col 38 of module HybridProtocol: 12839212
@!@!@ENDMSG 2221 @!@!@
@!@!@STARTMSG 2221:0 @!@!@
  |||line 292, col 28 to line 292, col 58 of module HybridProtocol: 12839212
@!@!@ENDMSG 2221 @!@!@
@!@!@STARTMSG 2221:0 @!@!@
  ||||line 292, col 47 to line 292, col 57 of module HybridProtocol: 12839212
@!@!@ENDMSG 2221 @!@!@
@!@!@STARTMSG 2775:0 @!@!@
  |||||line 291, col 28 to line 291, col 75 of module HybridProtocol: 12839212:12839212
@!@!@ENDMSG 2775 @!@!@
@!@!@STARTMSG 2221:0 @!@!@
  ||||||line 291, col 54 to line 291, col 74 of module HybridProtocol: 16255116
@!@!@ENDMSG 2221 @!@!@
@!@!@STARTMSG 2221:0 @!@!@
  ||||||line 291, col 37 to line 291, col 51 of module HybridProtocol: 12839212
@!@!@ENDMSG 2221 @!@!@
@!@!@STARTMSG 2221:0 @!@!@
  line 294, col 20 to line 295, col 72 of module HybridProtocol: 4708774
@!@!@ENDMSG 2221 @!@!@
@!@!@STARTMSG 2221:0 @!@!@
  |line 294, col 41 to line 295, col 71 of module HybridProtocol: 8130438
@!@!@ENDMSG 2221 @!@!@
@!@!@STARTMSG 2221:0 @!@!@
  |line 294, col 31 to line 294, col 36 of module HybridProtocol: 12839212
@!@!@ENDMSG 2221 @!@!@
@!@!@STARTMSG 2775:0 @!@!@
  ||line 289, col 23 to line 289, col 70 of module HybridProtocol: 12839212:20969650
@!@!@ENDMSG 2775 @!@!@
@!@!@STARTMSG 2221:0 @!@!@
  |||line 289, col 50 to line 289, col 69 of module HybridProtocol: 16255116
@!@!@ENDMSG 2221 @!@!@
@!@!@STARTMSG 2221:0 @!@!@
  |||line 289, col 32 to line 289, col 46 of module HybridProtocol: 12839212
@!@!@ENDMSG 2221 @!@!@
@!@!@STARTMSG 2221:0 @!@!@
  line 296, col 20 to line 305, col 70 of module HybridProtocol: 4708774
@!@!@ENDMSG 2221 @!@!@
@!@!@STARTMSG 2221:0 @!@!@
  |line 296, col 30 to line 305, col 70 of module HybridProtocol: 4708774
@!@!@ENDMSG 2221 @!@!@
@!@!@STARTMSG 2221:0 @!@!@
  ||line 296, col 31 to line 296, col 36 of module HybridProtocol: 4708774
@!@!@ENDMSG 2221 @!@!@
@!@!@STARTMSG 2221:0 @!@!@
  ||line 296, col 45 to line 305, col 69 of module HybridProtocol: 4708774
@!@!@ENDMSG 2221 @!@!@
@!@!@STARTMSG 2221:0 @!@!@
  ||line 296, col 58 to line 305, col 69 of module HybridProtocol: 4708774
@!@!@ENDMSG 2221 @!@!@
@!@!@STARTMSG 2221:0 @!@!@
  |||line 296, col 59 to line 296, col 68 of module HybridProtocol: 4708774
@!@!@ENDMSG 2221 @!@!@
@!@!@STARTMSG 2221:0 @!@!@
  ||||line 296, col 63 to line 296, col 68 of module HybridProtocol: 4708774
@!@!@ENDMSG 2221 @!@!@
@!@!@STARTMSG 2221:0 @!@!@
  |||||line 289, col 23 to line 289, col 70 of module HybridProtocol: 4708774
@!@!@ENDMSG 2221 @!@!@
@!@!@STARTMSG 2221:0 @!@!@
  ||||||line 289, col 50 to line 289, col 69 of module HybridProtocol: 2601750
@!@!@ENDMSG 2221 @!@!@
@!@!@STARTMSG 2221:0 @!@!@
  ||||||line 289, col 32 to line 289, col 46 of module HybridProtocol: 4708774
@!@!@ENDMSG 2221 @!@!@
@!@!@STARTMSG 2775:0 @!@!@
  |||line 297, col 45 to line 305, col 69 of module HybridProtocol: 4708774:5231100
@!@!@ENDMSG 2775 @!@!@
@!@!@STARTMSG 2221:0 @!@!@
  line 306, col 20 to line 307, col 75 of module HybridProtocol: 4708774
@!@!@ENDMSG 2221 @!@!@
@!@!@STARTMSG 2221:0 @!@!@
  line 308, col 20 to line 308, col 58 of module HybridProtocol: 4708774
@!@!@ENDMSG 2221 @!@!@
@!@!@STARTMSG 2221:0 @!@!@
  |line 308, col 27 to line 308, col 58 of module HybridProtocol: 4708774
@!@!@ENDMSG 2221 @!@!@
@!@!@STARTMSG 2221:0 @!@!@
  ||line 308, col 28 to line 308, col 30 of module HybridProtocol: 4708774
@!@!@ENDMSG 2221 @!@!@
@!@!@STARTMSG 2221:0 @!@!@
  ||line 308, col 39 to line 308, col 57 of module HybridProtocol: 4708774
@!@!@ENDMSG 2221 @!@!@
@!@!@STARTMSG 2221:0 @!@!@
  ||line 308, col 52 to line 308, col 57 of module HybridProtocol: 4708774
@!@!@ENDMSG 2221 @!@!@
@!@!@STARTMSG 2221:0 @!@!@
  |||line 290, col 23 to line 290, col 61 of module HybridProtocol: 4708774
@!@!@ENDMSG 2221 @!@!@
@!@!@STARTMSG 2221:0 @!@!@
  ||||line 290, col 27 to line 290, col 61 of module HybridProtocol: 4708774
@!@!@ENDMSG 2221 @!@!@
@!@!@STARTMSG 2221:0 @!@!@
  |||||line 6, col 11 to line 6, col 68 of module HybridProtocol: 4708774
@!@!@ENDMSG 2221 @!@!@
@!@!@STARTMSG 2221:0 @!@!@
  ||||||line 6, col 14 to line 6, col 19 of module HybridProtocol: 4708774
@!@!@ENDMSG 2221 @!@!@
@!@!@STARTMSG 2221:0 @!@!@
  ||||||line 6, col 33 to line 6, col 68 of module HybridProtocol: 4708774
@!@!@ENDMSG 2221 @!@!@
@!@!@STARTMSG 2221:0 @!@!@
  |||||||line 6, col 50 to line 6, col 68 of module HybridProtocol: 8732966
@!@!@ENDMSG 2221 @!@!@
@!@!@STARTMSG 2221:0 @!@!@
  ||||||||line 6, col 63 to line 6, col 68 of module HybridProtocol: 16781350
@!@!@ENDMSG 2221 @!@!@
@!@!@STARTMSG 2221:0 @!@!@
  ||||||||line 6, col 59 to line 6, col 59 of module HybridProtocol: 8732966
@!@!@ENDMSG 2221 @!@!@
@!@!@STARTMSG 2221:0 @!@!@
  |||||||line 6, col 46 to line 6, col 46 of module HybridProtocol: 4708774
@!@!@ENDMSG 2221 @!@!@
@!@!@STARTMSG 2221:0 @!@!@
  |||||line 290, col 31 to line 290, col 60 of module HybridProtocol: 4708774
@!@!@ENDMSG 2221 @!@!@
@!@!@STARTMSG 2221:0 @!@!@
  line 309, col 20 to line 310, col 61 of module HybridProtocol: 4708774
@!@!@ENDMSG 2221 @!@!@
@!@!@STARTMSG 2221:0 @!@!@
  line 314, col 20 to line 323, col 70 of module HybridProtocol: 0
@!@!@ENDMSG 2221 @!@!@
@!@!@STARTMSG 2221:0 @!@!@
  line 325, col 24 to line 334, col 74 of module HybridProtocol: 0
@!@!@ENDMSG 2221 @!@!@
@!@!@STARTMSG 2221:0 @!@!@
  line 335, col 24 to line 336, col 79 of module HybridProtocol: 0
@!@!@ENDMSG 2221 @!@!@
@!@!@STARTMSG 2221:0 @!@!@
  line 337, col 24 to line 337, col 62 of module HybridProtocol: 0
@!@!@ENDMSG 2221 @!@!@
@!@!@STARTMSG 2221:0 @!@!@
  line 338, col 24 to line 339, col 65 of module HybridProtocol: 0
@!@!@ENDMSG 2221 @!@!@
@!@!@STARTMSG 2221:0 @!@!@
  line 358, col 64 to line 358, col 70 of module HybridProtocol: 12839212
@!@!@ENDMSG 2221 @!@!@
@!@!@STARTMSG 2221:0 @!@!@
  line 358, col 73 to line 358, col 76 of module HybridProtocol: 12839212
@!@!@ENDMSG 2221 @!@!@
@!@!@STARTMSG 2221:0 @!@!@
  line 358, col 22 to line 358, col 28 of module HybridProtocol: 3212208
@!@!@ENDMSG 2221 @!@!@
@!@!@STARTMSG 2202:0 @!@!@
End of statistics.
@!@!@ENDMSG 2202 @!@!@
@!@!@STARTMSG 2200:0 @!@!@
Progress(11) at 2023-11-29 07:37:15: 4,737,611 states generated (5,967,390 s/min), 732,859 distinct states found (923,093 ds/min), 90,423 states left on queue.
@!@!@ENDMSG 2200 @!@!@
@!@!@STARTMSG 2199:0 @!@!@
4737611 states generated, 732859 distinct states found, 90423 states left on queue.
@!@!@ENDMSG 2199 @!@!@
@!@!@STARTMSG 2194:0 @!@!@
The depth of the complete state graph search is 11.
@!@!@ENDMSG 2194 @!@!@
@!@!@STARTMSG 2268:0 @!@!@
The average outdegree of the complete state graph is 1 (minimum is 0, the maximum 31 and the 95th percentile is 4).
@!@!@ENDMSG 2268 @!@!@
@!@!@STARTMSG 2186:0 @!@!@
Finished in 47648ms at (2023-11-29 07:37:15)
@!@!@ENDMSG 2186 @!@!@
