@!@!@STARTMSG 2262:0 @!@!@
TLC2 Version 2.16 of 31 December 2020 (rev: cdddf55)
@!@!@ENDMSG 2262 @!@!@
@!@!@STARTMSG 2187:0 @!@!@
Running breadth-first search Model-Checking with fp 8 and seed 2819161135625246881 with 4 workers on 8 cores with 1214MB heap and 2730MB offheap memory [pid: 42840] (Mac OS X 10.16 x86_64, AdoptOpenJDK 14.0.1 x86_64, OffHeapDiskFPSet, DiskStateQueue).
@!@!@ENDMSG 2187 @!@!@
@!@!@STARTMSG 2220:0 @!@!@
Starting SANY...
@!@!@ENDMSG 2220 @!@!@
Parsing file /Volumes/StudyMaterials/Research/Energy Efficient Distributed System Design/TLA+ Verification/HybridProtocol.toolbox/HybridProtocol.toolbox/Model_Causal/MC.tla
Parsing file /Volumes/StudyMaterials/Research/Energy Efficient Distributed System Design/TLA+ Verification/HybridProtocol.toolbox/HybridProtocol.toolbox/Model_Causal/HybridProtocol.tla
Parsing file /Applications/TLA+ Toolbox.app/Contents/Eclipse/plugins/org.lamport.tlatools_1.0.0.202012311918/tla2sany/StandardModules/TLC.tla
Parsing file /Applications/TLA+ Toolbox.app/Contents/Eclipse/plugins/org.lamport.tlatools_1.0.0.202012311918/tla2sany/StandardModules/Naturals.tla
Parsing file /Applications/TLA+ Toolbox.app/Contents/Eclipse/plugins/org.lamport.tlatools_1.0.0.202012311918/tla2sany/StandardModules/FiniteSets.tla
Parsing file /Applications/TLA+ Toolbox.app/Contents/Eclipse/plugins/org.lamport.tlatools_1.0.0.202012311918/tla2sany/StandardModules/Sequences.tla
Semantic processing of module Naturals
Semantic processing of module Sequences
Semantic processing of module FiniteSets
Semantic processing of module HybridProtocol
Semantic processing of module TLC
Semantic processing of module MC
@!@!@STARTMSG 2219:0 @!@!@
SANY finished.
@!@!@ENDMSG 2219 @!@!@
@!@!@STARTMSG 2185:0 @!@!@
Starting... (2023-11-29 11:51:56)
@!@!@ENDMSG 2185 @!@!@
@!@!@STARTMSG 2189:0 @!@!@
Computing initial states...
@!@!@ENDMSG 2189 @!@!@
@!@!@STARTMSG 2190:0 @!@!@
Finished computing initial states: 1 distinct state generated at 2023-11-29 11:51:58.
@!@!@ENDMSG 2190 @!@!@
@!@!@STARTMSG 2200:0 @!@!@
Progress(6) at 2023-11-29 11:52:01: 115,512 states generated (115,512 s/min), 33,368 distinct states found (33,368 ds/min), 25,724 states left on queue.
@!@!@ENDMSG 2200 @!@!@
@!@!@STARTMSG 2200:0 @!@!@
Progress(11) at 2023-11-29 11:53:01: 4,605,449 states generated (4,489,937 s/min), 715,721 distinct states found (682,353 ds/min), 107,480 states left on queue.
@!@!@ENDMSG 2200 @!@!@
@!@!@STARTMSG 2114:1 @!@!@
Deadlock reached.
@!@!@ENDMSG 2114 @!@!@
@!@!@STARTMSG 2121:1 @!@!@
The behavior up to this point is:
@!@!@ENDMSG 2121 @!@!@
@!@!@STARTMSG 2217:4 @!@!@
1: <Initial predicate>
/\ sentMsg = {}
/\ executed = <<{}, {}, {}, {}, {}>>
/\ crtInst = <<1, 1, 1, 1, 1>>
/\ clk = <<1, 1, 1, 1, 1>>
/\ ballots = 1
/\ cmdLog = <<{}, {}, {}, {}, {}>>
/\ leaderOfInst = <<{}, {}, {}, {}, {}>>
/\ committed = ( <<1, 1>> :> {} @@
  <<1, 2>> :> {} @@
  <<2, 1>> :> {} @@
  <<2, 2>> :> {} @@
  <<3, 1>> :> {} @@
  <<3, 2>> :> {} @@
  <<4, 1>> :> {} @@
  <<4, 2>> :> {} @@
  <<5, 1>> :> {} @@
  <<5, 2>> :> {} )
/\ proposed = {}
/\ preparing = <<{}, {}, {}, {}, {}>>

@!@!@ENDMSG 2217 @!@!@
@!@!@STARTMSG 2217:4 @!@!@
2: <CommandLeaderAction line 573, col 9 to line 576, col 72 of module HybridProtocol>
/\ sentMsg = { [ type |-> "commit",
    src |-> 1,
    dst |-> 2,
    inst |-> <<1, 1>>,
    ballot |-> <<0, 1>>,
    cmd |-> 1,
    deps |-> {},
    seq |-> 3,
    consistency |-> "causal",
    ctxid |-> 1,
    clk |-> 2 ],
  [ type |-> "commit",
    src |-> 1,
    dst |-> 3,
    inst |-> <<1, 1>>,
    ballot |-> <<0, 1>>,
    cmd |-> 1,
    deps |-> {},
    seq |-> 3,
    consistency |-> "causal",
    ctxid |-> 1,
    clk |-> 2 ] }
/\ executed = <<{}, {}, {}, {}, {}>>
/\ crtInst = <<2, 1, 1, 1, 1>>
/\ clk = <<2, 1, 1, 1, 1>>
/\ ballots = 1
/\ cmdLog = << { [ inst |-> <<1, 1>>,
       ballot |-> <<0, 1>>,
       cmd |-> 1,
       deps |-> {},
       seq |-> 3,
       consistency |-> "causal",
       ctxid |-> 1,
       status |-> "causally-committed",
       state |-> "done" ] },
   {},
   {},
   {},
   {} >>
/\ leaderOfInst = <<{<<1, 1>>}, {}, {}, {}, {}>>
/\ committed = ( <<1, 1>> :> {} @@
  <<1, 2>> :> {} @@
  <<2, 1>> :> {} @@
  <<2, 2>> :> {} @@
  <<3, 1>> :> {} @@
  <<3, 2>> :> {} @@
  <<4, 1>> :> {} @@
  <<4, 2>> :> {} @@
  <<5, 1>> :> {} @@
  <<5, 2>> :> {} )
/\ proposed = {1}
/\ preparing = <<{}, {}, {}, {}, {}>>

@!@!@ENDMSG 2217 @!@!@
@!@!@STARTMSG 2217:4 @!@!@
3: <CommandLeaderAction line 573, col 9 to line 576, col 72 of module HybridProtocol>
/\ sentMsg = { [ type |-> "commit",
    src |-> 1,
    dst |-> 2,
    inst |-> <<1, 1>>,
    ballot |-> <<0, 1>>,
    cmd |-> 1,
    deps |-> {},
    seq |-> 3,
    consistency |-> "causal",
    ctxid |-> 1,
    clk |-> 2 ],
  [ type |-> "commit",
    src |-> 1,
    dst |-> 2,
    inst |-> <<1, 2>>,
    ballot |-> <<0, 1>>,
    cmd |-> 2,
    deps |-> {<<1, 1>>},
    seq |-> 4,
    consistency |-> "causal",
    ctxid |-> 1,
    clk |-> 3 ],
  [ type |-> "commit",
    src |-> 1,
    dst |-> 3,
    inst |-> <<1, 1>>,
    ballot |-> <<0, 1>>,
    cmd |-> 1,
    deps |-> {},
    seq |-> 3,
    consistency |-> "causal",
    ctxid |-> 1,
    clk |-> 2 ],
  [ type |-> "commit",
    src |-> 1,
    dst |-> 3,
    inst |-> <<1, 2>>,
    ballot |-> <<0, 1>>,
    cmd |-> 2,
    deps |-> {<<1, 1>>},
    seq |-> 4,
    consistency |-> "causal",
    ctxid |-> 1,
    clk |-> 3 ] }
/\ executed = <<{}, {}, {}, {}, {}>>
/\ crtInst = <<3, 1, 1, 1, 1>>
/\ clk = <<3, 1, 1, 1, 1>>
/\ ballots = 1
/\ cmdLog = << { [ inst |-> <<1, 1>>,
       ballot |-> <<0, 1>>,
       cmd |-> 1,
       deps |-> {},
       seq |-> 3,
       consistency |-> "causal",
       ctxid |-> 1,
       status |-> "causally-committed",
       state |-> "done" ],
     [ inst |-> <<1, 2>>,
       ballot |-> <<0, 1>>,
       cmd |-> 2,
       deps |-> {<<1, 1>>},
       seq |-> 4,
       consistency |-> "causal",
       ctxid |-> 1,
       status |-> "causally-committed",
       state |-> "done" ] },
   {},
   {},
   {},
   {} >>
/\ leaderOfInst = <<{<<1, 1>>, <<1, 2>>}, {}, {}, {}, {}>>
/\ committed = ( <<1, 1>> :> {} @@
  <<1, 2>> :> {} @@
  <<2, 1>> :> {} @@
  <<2, 2>> :> {} @@
  <<3, 1>> :> {} @@
  <<3, 2>> :> {} @@
  <<4, 1>> :> {} @@
  <<4, 2>> :> {} @@
  <<5, 1>> :> {} @@
  <<5, 2>> :> {} )
/\ proposed = {1, 2}
/\ preparing = <<{}, {}, {}, {}, {}>>

@!@!@ENDMSG 2217 @!@!@
@!@!@STARTMSG 2217:4 @!@!@
4: <ReplicaAction line 584, col 13 to line 584, col 81 of module HybridProtocol>
/\ sentMsg = { [ type |-> "commit",
    src |-> 1,
    dst |-> 2,
    inst |-> <<1, 1>>,
    ballot |-> <<0, 1>>,
    cmd |-> 1,
    deps |-> {},
    seq |-> 3,
    consistency |-> "causal",
    ctxid |-> 1,
    clk |-> 2 ],
  [ type |-> "commit",
    src |-> 1,
    dst |-> 2,
    inst |-> <<1, 2>>,
    ballot |-> <<0, 1>>,
    cmd |-> 2,
    deps |-> {<<1, 1>>},
    seq |-> 4,
    consistency |-> "causal",
    ctxid |-> 1,
    clk |-> 3 ],
  [ type |-> "commit",
    src |-> 1,
    dst |-> 3,
    inst |-> <<1, 1>>,
    ballot |-> <<0, 1>>,
    cmd |-> 1,
    deps |-> {},
    seq |-> 3,
    consistency |-> "causal",
    ctxid |-> 1,
    clk |-> 2 ],
  [ type |-> "commit",
    src |-> 1,
    dst |-> 3,
    inst |-> <<1, 2>>,
    ballot |-> <<0, 1>>,
    cmd |-> 2,
    deps |-> {<<1, 1>>},
    seq |-> 4,
    consistency |-> "causal",
    ctxid |-> 1,
    clk |-> 3 ] }
/\ executed = <<{}, {}, {}, {}, {}>>
/\ crtInst = <<3, 1, 1, 1, 1>>
/\ clk = <<3, 3, 1, 1, 1>>
/\ ballots = 1
/\ cmdLog = << { [ inst |-> <<1, 1>>,
       ballot |-> <<0, 1>>,
       cmd |-> 1,
       deps |-> {},
       seq |-> 3,
       consistency |-> "causal",
       ctxid |-> 1,
       status |-> "causally-committed",
       state |-> "done" ],
     [ inst |-> <<1, 2>>,
       ballot |-> <<0, 1>>,
       cmd |-> 2,
       deps |-> {<<1, 1>>},
       seq |-> 4,
       consistency |-> "causal",
       ctxid |-> 1,
       status |-> "causally-committed",
       state |-> "done" ] },
   { [ inst |-> <<1, 1>>,
       ballot |-> <<0, 1>>,
       cmd |-> 1,
       deps |-> {},
       seq |-> 3,
       consistency |-> "causal",
       ctxid |-> 1,
       status |-> "causally-committed",
       state |-> "done" ] },
   {},
   {},
   {} >>
/\ leaderOfInst = <<{<<1, 1>>, <<1, 2>>}, {}, {}, {}, {}>>
/\ committed = ( <<1, 1>> :> {<<1, {}, 3>>} @@
  <<1, 2>> :> {} @@
  <<2, 1>> :> {} @@
  <<2, 2>> :> {} @@
  <<3, 1>> :> {} @@
  <<3, 2>> :> {} @@
  <<4, 1>> :> {} @@
  <<4, 2>> :> {} @@
  <<5, 1>> :> {} @@
  <<5, 2>> :> {} )
/\ proposed = {1, 2}
/\ preparing = <<{}, {}, {}, {}, {}>>

@!@!@ENDMSG 2217 @!@!@
@!@!@STARTMSG 2217:4 @!@!@
5: <ReplicaAction line 584, col 13 to line 584, col 81 of module HybridProtocol>
/\ sentMsg = { [ type |-> "commit",
    src |-> 1,
    dst |-> 2,
    inst |-> <<1, 1>>,
    ballot |-> <<0, 1>>,
    cmd |-> 1,
    deps |-> {},
    seq |-> 3,
    consistency |-> "causal",
    ctxid |-> 1,
    clk |-> 2 ],
  [ type |-> "commit",
    src |-> 1,
    dst |-> 2,
    inst |-> <<1, 2>>,
    ballot |-> <<0, 1>>,
    cmd |-> 2,
    deps |-> {<<1, 1>>},
    seq |-> 4,
    consistency |-> "causal",
    ctxid |-> 1,
    clk |-> 3 ],
  [ type |-> "commit",
    src |-> 1,
    dst |-> 3,
    inst |-> <<1, 1>>,
    ballot |-> <<0, 1>>,
    cmd |-> 1,
    deps |-> {},
    seq |-> 3,
    consistency |-> "causal",
    ctxid |-> 1,
    clk |-> 2 ],
  [ type |-> "commit",
    src |-> 1,
    dst |-> 3,
    inst |-> <<1, 2>>,
    ballot |-> <<0, 1>>,
    cmd |-> 2,
    deps |-> {<<1, 1>>},
    seq |-> 4,
    consistency |-> "causal",
    ctxid |-> 1,
    clk |-> 3 ] }
/\ executed = <<{}, {}, {}, {}, {}>>
/\ crtInst = <<3, 1, 1, 1, 1>>
/\ clk = <<3, 4, 1, 1, 1>>
/\ ballots = 1
/\ cmdLog = << { [ inst |-> <<1, 1>>,
       ballot |-> <<0, 1>>,
       cmd |-> 1,
       deps |-> {},
       seq |-> 3,
       consistency |-> "causal",
       ctxid |-> 1,
       status |-> "causally-committed",
       state |-> "done" ],
     [ inst |-> <<1, 2>>,
       ballot |-> <<0, 1>>,
       cmd |-> 2,
       deps |-> {<<1, 1>>},
       seq |-> 4,
       consistency |-> "causal",
       ctxid |-> 1,
       status |-> "causally-committed",
       state |-> "done" ] },
   { [ inst |-> <<1, 1>>,
       ballot |-> <<0, 1>>,
       cmd |-> 1,
       deps |-> {},
       seq |-> 3,
       consistency |-> "causal",
       ctxid |-> 1,
       status |-> "causally-committed",
       state |-> "done" ],
     [ inst |-> <<1, 2>>,
       ballot |-> <<0, 1>>,
       cmd |-> 2,
       deps |-> {<<1, 1>>},
       seq |-> 4,
       consistency |-> "causal",
       ctxid |-> 1,
       status |-> "causally-committed",
       state |-> "done" ] },
   {},
   {},
   {} >>
/\ leaderOfInst = <<{<<1, 1>>, <<1, 2>>}, {}, {}, {}, {}>>
/\ committed = ( <<1, 1>> :> {<<1, {}, 3>>} @@
  <<1, 2>> :> {<<2, {<<1, 1>>}, 4>>} @@
  <<2, 1>> :> {} @@
  <<2, 2>> :> {} @@
  <<3, 1>> :> {} @@
  <<3, 2>> :> {} @@
  <<4, 1>> :> {} @@
  <<4, 2>> :> {} @@
  <<5, 1>> :> {} @@
  <<5, 2>> :> {} )
/\ proposed = {1, 2}
/\ preparing = <<{}, {}, {}, {}, {}>>

@!@!@ENDMSG 2217 @!@!@
@!@!@STARTMSG 2217:4 @!@!@
6: <ReplicaAction line 584, col 13 to line 584, col 81 of module HybridProtocol>
/\ sentMsg = { [ type |-> "commit",
    src |-> 1,
    dst |-> 2,
    inst |-> <<1, 1>>,
    ballot |-> <<0, 1>>,
    cmd |-> 1,
    deps |-> {},
    seq |-> 3,
    consistency |-> "causal",
    ctxid |-> 1,
    clk |-> 2 ],
  [ type |-> "commit",
    src |-> 1,
    dst |-> 2,
    inst |-> <<1, 2>>,
    ballot |-> <<0, 1>>,
    cmd |-> 2,
    deps |-> {<<1, 1>>},
    seq |-> 4,
    consistency |-> "causal",
    ctxid |-> 1,
    clk |-> 3 ],
  [ type |-> "commit",
    src |-> 1,
    dst |-> 3,
    inst |-> <<1, 1>>,
    ballot |-> <<0, 1>>,
    cmd |-> 1,
    deps |-> {},
    seq |-> 3,
    consistency |-> "causal",
    ctxid |-> 1,
    clk |-> 2 ],
  [ type |-> "commit",
    src |-> 1,
    dst |-> 3,
    inst |-> <<1, 2>>,
    ballot |-> <<0, 1>>,
    cmd |-> 2,
    deps |-> {<<1, 1>>},
    seq |-> 4,
    consistency |-> "causal",
    ctxid |-> 1,
    clk |-> 3 ] }
/\ executed = <<{}, {}, {}, {}, {}>>
/\ crtInst = <<3, 1, 1, 1, 1>>
/\ clk = <<3, 4, 3, 1, 1>>
/\ ballots = 1
/\ cmdLog = << { [ inst |-> <<1, 1>>,
       ballot |-> <<0, 1>>,
       cmd |-> 1,
       deps |-> {},
       seq |-> 3,
       consistency |-> "causal",
       ctxid |-> 1,
       status |-> "causally-committed",
       state |-> "done" ],
     [ inst |-> <<1, 2>>,
       ballot |-> <<0, 1>>,
       cmd |-> 2,
       deps |-> {<<1, 1>>},
       seq |-> 4,
       consistency |-> "causal",
       ctxid |-> 1,
       status |-> "causally-committed",
       state |-> "done" ] },
   { [ inst |-> <<1, 1>>,
       ballot |-> <<0, 1>>,
       cmd |-> 1,
       deps |-> {},
       seq |-> 3,
       consistency |-> "causal",
       ctxid |-> 1,
       status |-> "causally-committed",
       state |-> "done" ],
     [ inst |-> <<1, 2>>,
       ballot |-> <<0, 1>>,
       cmd |-> 2,
       deps |-> {<<1, 1>>},
       seq |-> 4,
       consistency |-> "causal",
       ctxid |-> 1,
       status |-> "causally-committed",
       state |-> "done" ] },
   { [ inst |-> <<1, 1>>,
       ballot |-> <<0, 1>>,
       cmd |-> 1,
       deps |-> {},
       seq |-> 3,
       consistency |-> "causal",
       ctxid |-> 1,
       status |-> "causally-committed",
       state |-> "done" ] },
   {},
   {} >>
/\ leaderOfInst = <<{<<1, 1>>, <<1, 2>>}, {}, {}, {}, {}>>
/\ committed = ( <<1, 1>> :> {<<1, {}, 3>>} @@
  <<1, 2>> :> {<<2, {<<1, 1>>}, 4>>} @@
  <<2, 1>> :> {} @@
  <<2, 2>> :> {} @@
  <<3, 1>> :> {} @@
  <<3, 2>> :> {} @@
  <<4, 1>> :> {} @@
  <<4, 2>> :> {} @@
  <<5, 1>> :> {} @@
  <<5, 2>> :> {} )
/\ proposed = {1, 2}
/\ preparing = <<{}, {}, {}, {}, {}>>

@!@!@ENDMSG 2217 @!@!@
@!@!@STARTMSG 2217:4 @!@!@
7: <ReplicaAction line 584, col 13 to line 584, col 81 of module HybridProtocol>
/\ sentMsg = { [ type |-> "commit",
    src |-> 1,
    dst |-> 2,
    inst |-> <<1, 1>>,
    ballot |-> <<0, 1>>,
    cmd |-> 1,
    deps |-> {},
    seq |-> 3,
    consistency |-> "causal",
    ctxid |-> 1,
    clk |-> 2 ],
  [ type |-> "commit",
    src |-> 1,
    dst |-> 2,
    inst |-> <<1, 2>>,
    ballot |-> <<0, 1>>,
    cmd |-> 2,
    deps |-> {<<1, 1>>},
    seq |-> 4,
    consistency |-> "causal",
    ctxid |-> 1,
    clk |-> 3 ],
  [ type |-> "commit",
    src |-> 1,
    dst |-> 3,
    inst |-> <<1, 1>>,
    ballot |-> <<0, 1>>,
    cmd |-> 1,
    deps |-> {},
    seq |-> 3,
    consistency |-> "causal",
    ctxid |-> 1,
    clk |-> 2 ],
  [ type |-> "commit",
    src |-> 1,
    dst |-> 3,
    inst |-> <<1, 2>>,
    ballot |-> <<0, 1>>,
    cmd |-> 2,
    deps |-> {<<1, 1>>},
    seq |-> 4,
    consistency |-> "causal",
    ctxid |-> 1,
    clk |-> 3 ] }
/\ executed = <<{}, {}, {}, {}, {}>>
/\ crtInst = <<3, 1, 1, 1, 1>>
/\ clk = <<3, 4, 4, 1, 1>>
/\ ballots = 1
/\ cmdLog = << { [ inst |-> <<1, 1>>,
       ballot |-> <<0, 1>>,
       cmd |-> 1,
       deps |-> {},
       seq |-> 3,
       consistency |-> "causal",
       ctxid |-> 1,
       status |-> "causally-committed",
       state |-> "done" ],
     [ inst |-> <<1, 2>>,
       ballot |-> <<0, 1>>,
       cmd |-> 2,
       deps |-> {<<1, 1>>},
       seq |-> 4,
       consistency |-> "causal",
       ctxid |-> 1,
       status |-> "causally-committed",
       state |-> "done" ] },
   { [ inst |-> <<1, 1>>,
       ballot |-> <<0, 1>>,
       cmd |-> 1,
       deps |-> {},
       seq |-> 3,
       consistency |-> "causal",
       ctxid |-> 1,
       status |-> "causally-committed",
       state |-> "done" ],
     [ inst |-> <<1, 2>>,
       ballot |-> <<0, 1>>,
       cmd |-> 2,
       deps |-> {<<1, 1>>},
       seq |-> 4,
       consistency |-> "causal",
       ctxid |-> 1,
       status |-> "causally-committed",
       state |-> "done" ] },
   { [ inst |-> <<1, 1>>,
       ballot |-> <<0, 1>>,
       cmd |-> 1,
       deps |-> {},
       seq |-> 3,
       consistency |-> "causal",
       ctxid |-> 1,
       status |-> "causally-committed",
       state |-> "done" ],
     [ inst |-> <<1, 2>>,
       ballot |-> <<0, 1>>,
       cmd |-> 2,
       deps |-> {<<1, 1>>},
       seq |-> 4,
       consistency |-> "causal",
       ctxid |-> 1,
       status |-> "causally-committed",
       state |-> "done" ] },
   {},
   {} >>
/\ leaderOfInst = <<{<<1, 1>>, <<1, 2>>}, {}, {}, {}, {}>>
/\ committed = ( <<1, 1>> :> {<<1, {}, 3>>} @@
  <<1, 2>> :> {<<2, {<<1, 1>>}, 4>>} @@
  <<2, 1>> :> {} @@
  <<2, 2>> :> {} @@
  <<3, 1>> :> {} @@
  <<3, 2>> :> {} @@
  <<4, 1>> :> {} @@
  <<4, 2>> :> {} @@
  <<5, 1>> :> {} @@
  <<5, 2>> :> {} )
/\ proposed = {1, 2}
/\ preparing = <<{}, {}, {}, {}, {}>>

@!@!@ENDMSG 2217 @!@!@
@!@!@STARTMSG 2217:4 @!@!@
8: <ReplicaAction line 584, col 13 to line 584, col 81 of module HybridProtocol>
/\ sentMsg = { [ type |-> "commit",
    src |-> 1,
    dst |-> 2,
    inst |-> <<1, 1>>,
    ballot |-> <<0, 1>>,
    cmd |-> 1,
    deps |-> {},
    seq |-> 3,
    consistency |-> "causal",
    ctxid |-> 1,
    clk |-> 2 ],
  [ type |-> "commit",
    src |-> 1,
    dst |-> 2,
    inst |-> <<1, 2>>,
    ballot |-> <<0, 1>>,
    cmd |-> 2,
    deps |-> {<<1, 1>>},
    seq |-> 4,
    consistency |-> "causal",
    ctxid |-> 1,
    clk |-> 3 ],
  [ type |-> "commit",
    src |-> 1,
    dst |-> 3,
    inst |-> <<1, 1>>,
    ballot |-> <<0, 1>>,
    cmd |-> 1,
    deps |-> {},
    seq |-> 3,
    consistency |-> "causal",
    ctxid |-> 1,
    clk |-> 2 ],
  [ type |-> "commit",
    src |-> 1,
    dst |-> 3,
    inst |-> <<1, 2>>,
    ballot |-> <<0, 1>>,
    cmd |-> 2,
    deps |-> {<<1, 1>>},
    seq |-> 4,
    consistency |-> "causal",
    ctxid |-> 1,
    clk |-> 3 ] }
/\ executed = <<{}, {}, {}, {}, {}>>
/\ crtInst = <<3, 1, 1, 1, 1>>
/\ clk = <<3, 4, 4, 4, 1>>
/\ ballots = 1
/\ cmdLog = << { [ inst |-> <<1, 1>>,
       ballot |-> <<0, 1>>,
       cmd |-> 1,
       deps |-> {},
       seq |-> 3,
       consistency |-> "causal",
       ctxid |-> 1,
       status |-> "causally-committed",
       state |-> "done" ],
     [ inst |-> <<1, 2>>,
       ballot |-> <<0, 1>>,
       cmd |-> 2,
       deps |-> {<<1, 1>>},
       seq |-> 4,
       consistency |-> "causal",
       ctxid |-> 1,
       status |-> "causally-committed",
       state |-> "done" ] },
   { [ inst |-> <<1, 1>>,
       ballot |-> <<0, 1>>,
       cmd |-> 1,
       deps |-> {},
       seq |-> 3,
       consistency |-> "causal",
       ctxid |-> 1,
       status |-> "causally-committed",
       state |-> "done" ],
     [ inst |-> <<1, 2>>,
       ballot |-> <<0, 1>>,
       cmd |-> 2,
       deps |-> {<<1, 1>>},
       seq |-> 4,
       consistency |-> "causal",
       ctxid |-> 1,
       status |-> "causally-committed",
       state |-> "done" ] },
   { [ inst |-> <<1, 1>>,
       ballot |-> <<0, 1>>,
       cmd |-> 1,
       deps |-> {},
       seq |-> 3,
       consistency |-> "causal",
       ctxid |-> 1,
       status |-> "causally-committed",
       state |-> "done" ],
     [ inst |-> <<1, 2>>,
       ballot |-> <<0, 1>>,
       cmd |-> 2,
       deps |-> {<<1, 1>>},
       seq |-> 4,
       consistency |-> "causal",
       ctxid |-> 1,
       status |-> "causally-committed",
       state |-> "done" ] },
   { [ inst |-> <<1, 2>>,
       ballot |-> <<0, 1>>,
       cmd |-> 2,
       deps |-> {<<1, 1>>},
       seq |-> 4,
       consistency |-> "causal",
       ctxid |-> 1,
       status |-> "causally-committed",
       state |-> "done" ] },
   {} >>
/\ leaderOfInst = <<{<<1, 1>>, <<1, 2>>}, {}, {}, {}, {}>>
/\ committed = ( <<1, 1>> :> {<<1, {}, 3>>} @@
  <<1, 2>> :> {<<2, {<<1, 1>>}, 4>>} @@
  <<2, 1>> :> {} @@
  <<2, 2>> :> {} @@
  <<3, 1>> :> {} @@
  <<3, 2>> :> {} @@
  <<4, 1>> :> {} @@
  <<4, 2>> :> {} @@
  <<5, 1>> :> {} @@
  <<5, 2>> :> {} )
/\ proposed = {1, 2}
/\ preparing = <<{}, {}, {}, {}, {}>>

@!@!@ENDMSG 2217 @!@!@
@!@!@STARTMSG 2217:4 @!@!@
9: <ReplicaAction line 584, col 13 to line 584, col 81 of module HybridProtocol>
/\ sentMsg = { [ type |-> "commit",
    src |-> 1,
    dst |-> 2,
    inst |-> <<1, 1>>,
    ballot |-> <<0, 1>>,
    cmd |-> 1,
    deps |-> {},
    seq |-> 3,
    consistency |-> "causal",
    ctxid |-> 1,
    clk |-> 2 ],
  [ type |-> "commit",
    src |-> 1,
    dst |-> 2,
    inst |-> <<1, 2>>,
    ballot |-> <<0, 1>>,
    cmd |-> 2,
    deps |-> {<<1, 1>>},
    seq |-> 4,
    consistency |-> "causal",
    ctxid |-> 1,
    clk |-> 3 ],
  [ type |-> "commit",
    src |-> 1,
    dst |-> 3,
    inst |-> <<1, 1>>,
    ballot |-> <<0, 1>>,
    cmd |-> 1,
    deps |-> {},
    seq |-> 3,
    consistency |-> "causal",
    ctxid |-> 1,
    clk |-> 2 ],
  [ type |-> "commit",
    src |-> 1,
    dst |-> 3,
    inst |-> <<1, 2>>,
    ballot |-> <<0, 1>>,
    cmd |-> 2,
    deps |-> {<<1, 1>>},
    seq |-> 4,
    consistency |-> "causal",
    ctxid |-> 1,
    clk |-> 3 ] }
/\ executed = <<{}, {}, {}, {}, {}>>
/\ crtInst = <<3, 1, 1, 1, 1>>
/\ clk = <<3, 4, 4, 4, 3>>
/\ ballots = 1
/\ cmdLog = << { [ inst |-> <<1, 1>>,
       ballot |-> <<0, 1>>,
       cmd |-> 1,
       deps |-> {},
       seq |-> 3,
       consistency |-> "causal",
       ctxid |-> 1,
       status |-> "causally-committed",
       state |-> "done" ],
     [ inst |-> <<1, 2>>,
       ballot |-> <<0, 1>>,
       cmd |-> 2,
       deps |-> {<<1, 1>>},
       seq |-> 4,
       consistency |-> "causal",
       ctxid |-> 1,
       status |-> "causally-committed",
       state |-> "done" ] },
   { [ inst |-> <<1, 1>>,
       ballot |-> <<0, 1>>,
       cmd |-> 1,
       deps |-> {},
       seq |-> 3,
       consistency |-> "causal",
       ctxid |-> 1,
       status |-> "causally-committed",
       state |-> "done" ],
     [ inst |-> <<1, 2>>,
       ballot |-> <<0, 1>>,
       cmd |-> 2,
       deps |-> {<<1, 1>>},
       seq |-> 4,
       consistency |-> "causal",
       ctxid |-> 1,
       status |-> "causally-committed",
       state |-> "done" ] },
   { [ inst |-> <<1, 1>>,
       ballot |-> <<0, 1>>,
       cmd |-> 1,
       deps |-> {},
       seq |-> 3,
       consistency |-> "causal",
       ctxid |-> 1,
       status |-> "causally-committed",
       state |-> "done" ],
     [ inst |-> <<1, 2>>,
       ballot |-> <<0, 1>>,
       cmd |-> 2,
       deps |-> {<<1, 1>>},
       seq |-> 4,
       consistency |-> "causal",
       ctxid |-> 1,
       status |-> "causally-committed",
       state |-> "done" ] },
   { [ inst |-> <<1, 2>>,
       ballot |-> <<0, 1>>,
       cmd |-> 2,
       deps |-> {<<1, 1>>},
       seq |-> 4,
       consistency |-> "causal",
       ctxid |-> 1,
       status |-> "causally-committed",
       state |-> "done" ] },
   { [ inst |-> <<1, 1>>,
       ballot |-> <<0, 1>>,
       cmd |-> 1,
       deps |-> {},
       seq |-> 3,
       consistency |-> "causal",
       ctxid |-> 1,
       status |-> "causally-committed",
       state |-> "done" ] } >>
/\ leaderOfInst = <<{<<1, 1>>, <<1, 2>>}, {}, {}, {}, {}>>
/\ committed = ( <<1, 1>> :> {<<1, {}, 3>>} @@
  <<1, 2>> :> {<<2, {<<1, 1>>}, 4>>} @@
  <<2, 1>> :> {} @@
  <<2, 2>> :> {} @@
  <<3, 1>> :> {} @@
  <<3, 2>> :> {} @@
  <<4, 1>> :> {} @@
  <<4, 2>> :> {} @@
  <<5, 1>> :> {} @@
  <<5, 2>> :> {} )
/\ proposed = {1, 2}
/\ preparing = <<{}, {}, {}, {}, {}>>

@!@!@ENDMSG 2217 @!@!@
@!@!@STARTMSG 2217:4 @!@!@
10: <ReplicaAction line 584, col 13 to line 584, col 81 of module HybridProtocol>
/\ sentMsg = { [ type |-> "commit",
    src |-> 1,
    dst |-> 2,
    inst |-> <<1, 1>>,
    ballot |-> <<0, 1>>,
    cmd |-> 1,
    deps |-> {},
    seq |-> 3,
    consistency |-> "causal",
    ctxid |-> 1,
    clk |-> 2 ],
  [ type |-> "commit",
    src |-> 1,
    dst |-> 2,
    inst |-> <<1, 2>>,
    ballot |-> <<0, 1>>,
    cmd |-> 2,
    deps |-> {<<1, 1>>},
    seq |-> 4,
    consistency |-> "causal",
    ctxid |-> 1,
    clk |-> 3 ],
  [ type |-> "commit",
    src |-> 1,
    dst |-> 3,
    inst |-> <<1, 1>>,
    ballot |-> <<0, 1>>,
    cmd |-> 1,
    deps |-> {},
    seq |-> 3,
    consistency |-> "causal",
    ctxid |-> 1,
    clk |-> 2 ],
  [ type |-> "commit",
    src |-> 1,
    dst |-> 3,
    inst |-> <<1, 2>>,
    ballot |-> <<0, 1>>,
    cmd |-> 2,
    deps |-> {<<1, 1>>},
    seq |-> 4,
    consistency |-> "causal",
    ctxid |-> 1,
    clk |-> 3 ] }
/\ executed = <<{}, {}, {}, {}, {}>>
/\ crtInst = <<3, 1, 1, 1, 1>>
/\ clk = <<3, 4, 4, 4, 4>>
/\ ballots = 1
/\ cmdLog = << { [ inst |-> <<1, 1>>,
       ballot |-> <<0, 1>>,
       cmd |-> 1,
       deps |-> {},
       seq |-> 3,
       consistency |-> "causal",
       ctxid |-> 1,
       status |-> "causally-committed",
       state |-> "done" ],
     [ inst |-> <<1, 2>>,
       ballot |-> <<0, 1>>,
       cmd |-> 2,
       deps |-> {<<1, 1>>},
       seq |-> 4,
       consistency |-> "causal",
       ctxid |-> 1,
       status |-> "causally-committed",
       state |-> "done" ] },
   { [ inst |-> <<1, 1>>,
       ballot |-> <<0, 1>>,
       cmd |-> 1,
       deps |-> {},
       seq |-> 3,
       consistency |-> "causal",
       ctxid |-> 1,
       status |-> "causally-committed",
       state |-> "done" ],
     [ inst |-> <<1, 2>>,
       ballot |-> <<0, 1>>,
       cmd |-> 2,
       deps |-> {<<1, 1>>},
       seq |-> 4,
       consistency |-> "causal",
       ctxid |-> 1,
       status |-> "causally-committed",
       state |-> "done" ] },
   { [ inst |-> <<1, 1>>,
       ballot |-> <<0, 1>>,
       cmd |-> 1,
       deps |-> {},
       seq |-> 3,
       consistency |-> "causal",
       ctxid |-> 1,
       status |-> "causally-committed",
       state |-> "done" ],
     [ inst |-> <<1, 2>>,
       ballot |-> <<0, 1>>,
       cmd |-> 2,
       deps |-> {<<1, 1>>},
       seq |-> 4,
       consistency |-> "causal",
       ctxid |-> 1,
       status |-> "causally-committed",
       state |-> "done" ] },
   { [ inst |-> <<1, 2>>,
       ballot |-> <<0, 1>>,
       cmd |-> 2,
       deps |-> {<<1, 1>>},
       seq |-> 4,
       consistency |-> "causal",
       ctxid |-> 1,
       status |-> "causally-committed",
       state |-> "done" ] },
   { [ inst |-> <<1, 1>>,
       ballot |-> <<0, 1>>,
       cmd |-> 1,
       deps |-> {},
       seq |-> 3,
       consistency |-> "causal",
       ctxid |-> 1,
       status |-> "causally-committed",
       state |-> "done" ],
     [ inst |-> <<1, 2>>,
       ballot |-> <<0, 1>>,
       cmd |-> 2,
       deps |-> {<<1, 1>>},
       seq |-> 4,
       consistency |-> "causal",
       ctxid |-> 1,
       status |-> "causally-committed",
       state |-> "done" ] } >>
/\ leaderOfInst = <<{<<1, 1>>, <<1, 2>>}, {}, {}, {}, {}>>
/\ committed = ( <<1, 1>> :> {<<1, {}, 3>>} @@
  <<1, 2>> :> {<<2, {<<1, 1>>}, 4>>} @@
  <<2, 1>> :> {} @@
  <<2, 2>> :> {} @@
  <<3, 1>> :> {} @@
  <<3, 2>> :> {} @@
  <<4, 1>> :> {} @@
  <<4, 2>> :> {} @@
  <<5, 1>> :> {} @@
  <<5, 2>> :> {} )
/\ proposed = {1, 2}
/\ preparing = <<{}, {}, {}, {}, {}>>

@!@!@ENDMSG 2217 @!@!@
@!@!@STARTMSG 2217:4 @!@!@
11: <ReplicaAction line 584, col 13 to line 584, col 81 of module HybridProtocol>
/\ sentMsg = { [ type |-> "commit",
    src |-> 1,
    dst |-> 2,
    inst |-> <<1, 1>>,
    ballot |-> <<0, 1>>,
    cmd |-> 1,
    deps |-> {},
    seq |-> 3,
    consistency |-> "causal",
    ctxid |-> 1,
    clk |-> 2 ],
  [ type |-> "commit",
    src |-> 1,
    dst |-> 2,
    inst |-> <<1, 2>>,
    ballot |-> <<0, 1>>,
    cmd |-> 2,
    deps |-> {<<1, 1>>},
    seq |-> 4,
    consistency |-> "causal",
    ctxid |-> 1,
    clk |-> 3 ],
  [ type |-> "commit",
    src |-> 1,
    dst |-> 3,
    inst |-> <<1, 1>>,
    ballot |-> <<0, 1>>,
    cmd |-> 1,
    deps |-> {},
    seq |-> 3,
    consistency |-> "causal",
    ctxid |-> 1,
    clk |-> 2 ],
  [ type |-> "commit",
    src |-> 1,
    dst |-> 3,
    inst |-> <<1, 2>>,
    ballot |-> <<0, 1>>,
    cmd |-> 2,
    deps |-> {<<1, 1>>},
    seq |-> 4,
    consistency |-> "causal",
    ctxid |-> 1,
    clk |-> 3 ] }
/\ executed = <<{}, {}, {}, {}, {}>>
/\ crtInst = <<3, 1, 1, 1, 1>>
/\ clk = <<3, 4, 4, 5, 4>>
/\ ballots = 1
/\ cmdLog = << { [ inst |-> <<1, 1>>,
       ballot |-> <<0, 1>>,
       cmd |-> 1,
       deps |-> {},
       seq |-> 3,
       consistency |-> "causal",
       ctxid |-> 1,
       status |-> "causally-committed",
       state |-> "done" ],
     [ inst |-> <<1, 2>>,
       ballot |-> <<0, 1>>,
       cmd |-> 2,
       deps |-> {<<1, 1>>},
       seq |-> 4,
       consistency |-> "causal",
       ctxid |-> 1,
       status |-> "causally-committed",
       state |-> "done" ] },
   { [ inst |-> <<1, 1>>,
       ballot |-> <<0, 1>>,
       cmd |-> 1,
       deps |-> {},
       seq |-> 3,
       consistency |-> "causal",
       ctxid |-> 1,
       status |-> "causally-committed",
       state |-> "done" ],
     [ inst |-> <<1, 2>>,
       ballot |-> <<0, 1>>,
       cmd |-> 2,
       deps |-> {<<1, 1>>},
       seq |-> 4,
       consistency |-> "causal",
       ctxid |-> 1,
       status |-> "causally-committed",
       state |-> "done" ] },
   { [ inst |-> <<1, 1>>,
       ballot |-> <<0, 1>>,
       cmd |-> 1,
       deps |-> {},
       seq |-> 3,
       consistency |-> "causal",
       ctxid |-> 1,
       status |-> "causally-committed",
       state |-> "done" ],
     [ inst |-> <<1, 2>>,
       ballot |-> <<0, 1>>,
       cmd |-> 2,
       deps |-> {<<1, 1>>},
       seq |-> 4,
       consistency |-> "causal",
       ctxid |-> 1,
       status |-> "causally-committed",
       state |-> "done" ] },
   { [ inst |-> <<1, 1>>,
       ballot |-> <<0, 1>>,
       cmd |-> 1,
       deps |-> {},
       seq |-> 3,
       consistency |-> "causal",
       ctxid |-> 1,
       status |-> "causally-committed",
       state |-> "done" ],
     [ inst |-> <<1, 2>>,
       ballot |-> <<0, 1>>,
       cmd |-> 2,
       deps |-> {<<1, 1>>},
       seq |-> 4,
       consistency |-> "causal",
       ctxid |-> 1,
       status |-> "causally-committed",
       state |-> "done" ] },
   { [ inst |-> <<1, 1>>,
       ballot |-> <<0, 1>>,
       cmd |-> 1,
       deps |-> {},
       seq |-> 3,
       consistency |-> "causal",
       ctxid |-> 1,
       status |-> "causally-committed",
       state |-> "done" ],
     [ inst |-> <<1, 2>>,
       ballot |-> <<0, 1>>,
       cmd |-> 2,
       deps |-> {<<1, 1>>},
       seq |-> 4,
       consistency |-> "causal",
       ctxid |-> 1,
       status |-> "causally-committed",
       state |-> "done" ] } >>
/\ leaderOfInst = <<{<<1, 1>>, <<1, 2>>}, {}, {}, {}, {}>>
/\ committed = ( <<1, 1>> :> {<<1, {}, 3>>} @@
  <<1, 2>> :> {<<2, {<<1, 1>>}, 4>>} @@
  <<2, 1>> :> {} @@
  <<2, 2>> :> {} @@
  <<3, 1>> :> {} @@
  <<3, 2>> :> {} @@
  <<4, 1>> :> {} @@
  <<4, 2>> :> {} @@
  <<5, 1>> :> {} @@
  <<5, 2>> :> {} )
/\ proposed = {1, 2}
/\ preparing = <<{}, {}, {}, {}, {}>>

@!@!@ENDMSG 2217 @!@!@
@!@!@STARTMSG 2201:0 @!@!@
The coverage statistics at 2023-11-29 11:53:05
@!@!@ENDMSG 2201 @!@!@
@!@!@STARTMSG 2773:0 @!@!@
<Init line 157, col 1 to line 157, col 4 of module HybridProtocol>: 2:2
@!@!@ENDMSG 2773 @!@!@
@!@!@STARTMSG 2221:0 @!@!@
  line 158, col 3 to line 167, col 33 of module HybridProtocol: 2
@!@!@ENDMSG 2221 @!@!@
@!@!@STARTMSG 2772:0 @!@!@
<Phase1Reply line 327, col 1 to line 327, col 20 of module HybridProtocol>: 0:0
@!@!@ENDMSG 2772 @!@!@
@!@!@STARTMSG 2221:0 @!@!@
  line 329, col 12 to line 329, col 34 of module HybridProtocol: 13221052
@!@!@ENDMSG 2221 @!@!@
@!@!@STARTMSG 2221:0 @!@!@
  line 345, col 28 to line 354, col 69 of module HybridProtocol: 0
@!@!@ENDMSG 2221 @!@!@
@!@!@STARTMSG 2221:0 @!@!@
  line 355, col 28 to line 366, col 62 of module HybridProtocol: 0
@!@!@ENDMSG 2221 @!@!@
@!@!@STARTMSG 2221:0 @!@!@
  line 367, col 28 to line 367, col 66 of module HybridProtocol: 0
@!@!@ENDMSG 2221 @!@!@
@!@!@STARTMSG 2221:0 @!@!@
  line 368, col 28 to line 369, col 72 of module HybridProtocol: 0
@!@!@ENDMSG 2221 @!@!@
@!@!@STARTMSG 2221:0 @!@!@
  line 371, col 28 to line 380, col 69 of module HybridProtocol: 0
@!@!@ENDMSG 2221 @!@!@
@!@!@STARTMSG 2221:0 @!@!@
  line 382, col 32 to line 391, col 69 of module HybridProtocol: 0
@!@!@ENDMSG 2221 @!@!@
@!@!@STARTMSG 2221:0 @!@!@
  line 392, col 28 to line 403, col 62 of module HybridProtocol: 0
@!@!@ENDMSG 2221 @!@!@
@!@!@STARTMSG 2221:0 @!@!@
  line 404, col 28 to line 404, col 66 of module HybridProtocol: 0
@!@!@ENDMSG 2221 @!@!@
@!@!@STARTMSG 2221:0 @!@!@
  line 405, col 28 to line 406, col 72 of module HybridProtocol: 0
@!@!@ENDMSG 2221 @!@!@
@!@!@STARTMSG 2221:0 @!@!@
  line 328, col 16 to line 328, col 22 of module HybridProtocol: 3307668
@!@!@ENDMSG 2221 @!@!@
@!@!@STARTMSG 2772:0 @!@!@
<CommandLeaderAction line 572, col 1 to line 572, col 19 of module HybridProtocol (573 9 576 72)>: 4562:28950
@!@!@ENDMSG 2772 @!@!@
@!@!@STARTMSG 2221:0 @!@!@
  line 319, col 12 to line 319, col 40 of module HybridProtocol: 4825
@!@!@ENDMSG 2221 @!@!@
@!@!@STARTMSG 2221:0 @!@!@
  line 183, col 8 to line 183, col 20 of module HybridProtocol: 28950
@!@!@ENDMSG 2221 @!@!@
@!@!@STARTMSG 2221:0 @!@!@
  line 189, col 16 to line 189, col 43 of module HybridProtocol: 28950
@!@!@ENDMSG 2221 @!@!@
@!@!@STARTMSG 2221:0 @!@!@
  |line 189, col 16 to line 189, col 39 of module HybridProtocol: 28950
@!@!@ENDMSG 2221 @!@!@
@!@!@STARTMSG 2221:0 @!@!@
  ||line 189, col 28 to line 189, col 38 of module HybridProtocol: 28950
@!@!@ENDMSG 2221 @!@!@
@!@!@STARTMSG 2221:0 @!@!@
  |||line 188, col 26 to line 188, col 56 of module HybridProtocol: 28950
@!@!@ENDMSG 2221 @!@!@
@!@!@STARTMSG 2221:0 @!@!@
  ||||line 188, col 45 to line 188, col 55 of module HybridProtocol: 28950
@!@!@ENDMSG 2221 @!@!@
@!@!@STARTMSG 2775:0 @!@!@
  |||||line 187, col 27 to line 187, col 74 of module HybridProtocol: 28950:28950
@!@!@ENDMSG 2775 @!@!@
@!@!@STARTMSG 2221:0 @!@!@
  ||||||line 187, col 53 to line 187, col 73 of module HybridProtocol: 17286
@!@!@ENDMSG 2221 @!@!@
@!@!@STARTMSG 2221:0 @!@!@
  ||||||line 187, col 36 to line 187, col 50 of module HybridProtocol: 28950
@!@!@ENDMSG 2221 @!@!@
@!@!@STARTMSG 2221:0 @!@!@
  line 190, col 20 to line 199, col 59 of module HybridProtocol: 28950
@!@!@ENDMSG 2221 @!@!@
@!@!@STARTMSG 2221:0 @!@!@
  |line 190, col 30 to line 199, col 59 of module HybridProtocol: 28950
@!@!@ENDMSG 2221 @!@!@
@!@!@STARTMSG 2221:0 @!@!@
  ||line 190, col 31 to line 190, col 36 of module HybridProtocol: 28950
@!@!@ENDMSG 2221 @!@!@
@!@!@STARTMSG 2221:0 @!@!@
  ||line 190, col 45 to line 199, col 58 of module HybridProtocol: 28950
@!@!@ENDMSG 2221 @!@!@
@!@!@STARTMSG 2221:0 @!@!@
  ||line 190, col 58 to line 199, col 58 of module HybridProtocol: 28950
@!@!@ENDMSG 2221 @!@!@
@!@!@STARTMSG 2221:0 @!@!@
  |||line 190, col 59 to line 190, col 69 of module HybridProtocol: 28950
@!@!@ENDMSG 2221 @!@!@
@!@!@STARTMSG 2221:0 @!@!@
  ||||line 190, col 63 to line 190, col 69 of module HybridProtocol: 28950
@!@!@ENDMSG 2221 @!@!@
@!@!@STARTMSG 2221:0 @!@!@
  |||||line 186, col 24 to line 186, col 66 of module HybridProtocol: 28950
@!@!@ENDMSG 2221 @!@!@
@!@!@STARTMSG 2221:0 @!@!@
  ||||||line 186, col 51 to line 186, col 65 of module HybridProtocol: 17286
@!@!@ENDMSG 2221 @!@!@
@!@!@STARTMSG 2221:0 @!@!@
  ||||||line 186, col 33 to line 186, col 47 of module HybridProtocol: 28950
@!@!@ENDMSG 2221 @!@!@
@!@!@STARTMSG 2775:0 @!@!@
  |||line 191, col 41 to line 199, col 58 of module HybridProtocol: 28950:139932
@!@!@ENDMSG 2775 @!@!@
@!@!@STARTMSG 2221:0 @!@!@
  ||||line 191, col 42 to line 199, col 57 of module HybridProtocol: 28950
@!@!@ENDMSG 2221 @!@!@
@!@!@STARTMSG 2221:0 @!@!@
  |||||line 191, col 43 to line 191, col 57 of module HybridProtocol: 28950
@!@!@ENDMSG 2221 @!@!@
@!@!@STARTMSG 2221:0 @!@!@
  |||||line 194, col 43 to line 194, col 59 of module HybridProtocol: 28950
@!@!@ENDMSG 2221 @!@!@
@!@!@STARTMSG 2221:0 @!@!@
  |||||line 195, col 43 to line 195, col 54 of module HybridProtocol: 28950
@!@!@ENDMSG 2221 @!@!@
@!@!@STARTMSG 2221:0 @!@!@
  |||||line 196, col 54 to line 196, col 60 of module HybridProtocol: 28950
@!@!@ENDMSG 2221 @!@!@
@!@!@STARTMSG 2221:0 @!@!@
  ||||||line 184, col 24 to line 184, col 58 of module HybridProtocol: 28950
@!@!@ENDMSG 2221 @!@!@
@!@!@STARTMSG 2221:0 @!@!@
  |||||||line 184, col 25 to line 184, col 32 of module HybridProtocol: 17286
@!@!@ENDMSG 2221 @!@!@
@!@!@STARTMSG 2221:0 @!@!@
  |||||||line 184, col 43 to line 184, col 57 of module HybridProtocol: 28950
@!@!@ENDMSG 2221 @!@!@
@!@!@STARTMSG 2221:0 @!@!@
  |||||line 197, col 54 to line 197, col 59 of module HybridProtocol: 28950
@!@!@ENDMSG 2221 @!@!@
@!@!@STARTMSG 2221:0 @!@!@
  ||||||line 185, col 23 to line 185, col 75 of module HybridProtocol: 28950
@!@!@ENDMSG 2221 @!@!@
@!@!@STARTMSG 2221:0 @!@!@
  |||||||line 185, col 27 to line 185, col 75 of module HybridProtocol: 28950
@!@!@ENDMSG 2221 @!@!@
@!@!@STARTMSG 2221:0 @!@!@
  ||||||||line 6, col 11 to line 6, col 68 of module HybridProtocol: 28950
@!@!@ENDMSG 2221 @!@!@
@!@!@STARTMSG 2221:0 @!@!@
  |||||||||line 6, col 14 to line 6, col 19 of module HybridProtocol: 28950
@!@!@ENDMSG 2221 @!@!@
@!@!@STARTMSG 2221:0 @!@!@
  |||||||||line 6, col 33 to line 6, col 68 of module HybridProtocol: 28950
@!@!@ENDMSG 2221 @!@!@
@!@!@STARTMSG 2221:0 @!@!@
  ||||||||||line 6, col 50 to line 6, col 68 of module HybridProtocol: 40470
@!@!@ENDMSG 2221 @!@!@
@!@!@STARTMSG 2221:0 @!@!@
  |||||||||||line 6, col 63 to line 6, col 68 of module HybridProtocol: 63510
@!@!@ENDMSG 2221 @!@!@
@!@!@STARTMSG 2221:0 @!@!@
  |||||||||||line 6, col 59 to line 6, col 59 of module HybridProtocol: 40470
@!@!@ENDMSG 2221 @!@!@
@!@!@STARTMSG 2221:0 @!@!@
  ||||||||||line 6, col 46 to line 6, col 46 of module HybridProtocol: 28950
@!@!@ENDMSG 2221 @!@!@
@!@!@STARTMSG 2221:0 @!@!@
  ||||||||line 185, col 31 to line 185, col 74 of module HybridProtocol: 28950
@!@!@ENDMSG 2221 @!@!@
@!@!@STARTMSG 2221:0 @!@!@
  |||||||||line 185, col 31 to line 185, col 60 of module HybridProtocol: 28950
@!@!@ENDMSG 2221 @!@!@
@!@!@STARTMSG 2221:0 @!@!@
  ||||||||||line 185, col 32 to line 185, col 36 of module HybridProtocol: 17286
@!@!@ENDMSG 2221 @!@!@
@!@!@STARTMSG 2221:0 @!@!@
  ||||||||||line 185, col 45 to line 185, col 59 of module HybridProtocol: 28950
@!@!@ENDMSG 2221 @!@!@
@!@!@STARTMSG 2775:0 @!@!@
  |||||||||line 185, col 67 to line 185, col 74 of module HybridProtocol: 28950:69564
@!@!@ENDMSG 2775 @!@!@
@!@!@STARTMSG 2221:0 @!@!@
  |||||line 198, col 43 to line 198, col 60 of module HybridProtocol: 28950
@!@!@ENDMSG 2221 @!@!@
@!@!@STARTMSG 2221:0 @!@!@
  |||||line 199, col 43 to line 199, col 55 of module HybridProtocol: 28950
@!@!@ENDMSG 2221 @!@!@
@!@!@STARTMSG 2221:0 @!@!@
  line 200, col 20 to line 200, col 83 of module HybridProtocol: 28950
@!@!@ENDMSG 2221 @!@!@
@!@!@STARTMSG 2221:0 @!@!@
  line 201, col 20 to line 212, col 57 of module HybridProtocol: 28950
@!@!@ENDMSG 2221 @!@!@
@!@!@STARTMSG 2775:0 @!@!@
  |line 201, col 31 to line 212, col 57 of module HybridProtocol: 28950:162889
@!@!@ENDMSG 2775 @!@!@
@!@!@STARTMSG 2221:0 @!@!@
  ||line 201, col 32 to line 201, col 47 of module HybridProtocol: 28950
@!@!@ENDMSG 2221 @!@!@
@!@!@STARTMSG 2775:0 @!@!@
  ||line 202, col 41 to line 212, col 57 of module HybridProtocol: 28950:683691
@!@!@ENDMSG 2775 @!@!@
@!@!@STARTMSG 2221:0 @!@!@
  |||line 202, col 42 to line 202, col 59 of module HybridProtocol: 28950
@!@!@ENDMSG 2221 @!@!@
@!@!@STARTMSG 2221:0 @!@!@
  |||line 203, col 43 to line 203, col 59 of module HybridProtocol: 28950
@!@!@ENDMSG 2221 @!@!@
@!@!@STARTMSG 2221:0 @!@!@
  |||line 204, col 43 to line 204, col 63 of module HybridProtocol: 28950
@!@!@ENDMSG 2221 @!@!@
@!@!@STARTMSG 2221:0 @!@!@
  |||line 205, col 43 to line 205, col 56 of module HybridProtocol: 28950
@!@!@ENDMSG 2221 @!@!@
@!@!@STARTMSG 2221:0 @!@!@
  |||line 206, col 43 to line 206, col 58 of module HybridProtocol: 28950
@!@!@ENDMSG 2221 @!@!@
@!@!@STARTMSG 2221:0 @!@!@
  |||line 207, col 43 to line 207, col 53 of module HybridProtocol: 28950
@!@!@ENDMSG 2221 @!@!@
@!@!@STARTMSG 2775:0 @!@!@
  |||line 208, col 51 to line 208, col 59 of module HybridProtocol: 28950:144310
@!@!@ENDMSG 2775 @!@!@
@!@!@STARTMSG 2221:0 @!@!@
  ||||line 208, col 52 to line 208, col 58 of module HybridProtocol: 28950
@!@!@ENDMSG 2221 @!@!@
@!@!@STARTMSG 2221:0 @!@!@
  |||||line 184, col 24 to line 184, col 58 of module HybridProtocol: 28950
@!@!@ENDMSG 2221 @!@!@
@!@!@STARTMSG 2221:0 @!@!@
  ||||||line 184, col 25 to line 184, col 32 of module HybridProtocol: 17286
@!@!@ENDMSG 2221 @!@!@
@!@!@STARTMSG 2221:0 @!@!@
  ||||||line 184, col 43 to line 184, col 57 of module HybridProtocol: 28950
@!@!@ENDMSG 2221 @!@!@
@!@!@STARTMSG 2775:0 @!@!@
  |||line 209, col 51 to line 209, col 58 of module HybridProtocol: 28950:144310
@!@!@ENDMSG 2775 @!@!@
@!@!@STARTMSG 2221:0 @!@!@
  ||||line 209, col 52 to line 209, col 57 of module HybridProtocol: 28950
@!@!@ENDMSG 2221 @!@!@
@!@!@STARTMSG 2221:0 @!@!@
  |||||line 185, col 23 to line 185, col 75 of module HybridProtocol: 28950
@!@!@ENDMSG 2221 @!@!@
@!@!@STARTMSG 2221:0 @!@!@
  ||||||line 185, col 27 to line 185, col 75 of module HybridProtocol: 28950
@!@!@ENDMSG 2221 @!@!@
@!@!@STARTMSG 2221:0 @!@!@
  |||||||line 6, col 11 to line 6, col 68 of module HybridProtocol: 28950
@!@!@ENDMSG 2221 @!@!@
@!@!@STARTMSG 2221:0 @!@!@
  ||||||||line 6, col 14 to line 6, col 19 of module HybridProtocol: 28950
@!@!@ENDMSG 2221 @!@!@
@!@!@STARTMSG 2221:0 @!@!@
  ||||||||line 6, col 33 to line 6, col 68 of module HybridProtocol: 28950
@!@!@ENDMSG 2221 @!@!@
@!@!@STARTMSG 2221:0 @!@!@
  |||||||||line 6, col 50 to line 6, col 68 of module HybridProtocol: 40470
@!@!@ENDMSG 2221 @!@!@
@!@!@STARTMSG 2221:0 @!@!@
  ||||||||||line 6, col 63 to line 6, col 68 of module HybridProtocol: 63510
@!@!@ENDMSG 2221 @!@!@
@!@!@STARTMSG 2221:0 @!@!@
  ||||||||||line 6, col 59 to line 6, col 59 of module HybridProtocol: 40470
@!@!@ENDMSG 2221 @!@!@
@!@!@STARTMSG 2221:0 @!@!@
  |||||||||line 6, col 46 to line 6, col 46 of module HybridProtocol: 28950
@!@!@ENDMSG 2221 @!@!@
@!@!@STARTMSG 2221:0 @!@!@
  |||||||line 185, col 31 to line 185, col 74 of module HybridProtocol: 28950
@!@!@ENDMSG 2221 @!@!@
@!@!@STARTMSG 2221:0 @!@!@
  ||||||||line 185, col 31 to line 185, col 60 of module HybridProtocol: 28950
@!@!@ENDMSG 2221 @!@!@
@!@!@STARTMSG 2221:0 @!@!@
  |||||||||line 185, col 32 to line 185, col 36 of module HybridProtocol: 17286
@!@!@ENDMSG 2221 @!@!@
@!@!@STARTMSG 2221:0 @!@!@
  |||||||||line 185, col 45 to line 185, col 59 of module HybridProtocol: 28950
@!@!@ENDMSG 2221 @!@!@
@!@!@STARTMSG 2775:0 @!@!@
  ||||||||line 185, col 67 to line 185, col 74 of module HybridProtocol: 28950:69564
@!@!@ENDMSG 2775 @!@!@
@!@!@STARTMSG 2221:0 @!@!@
  |||line 210, col 43 to line 210, col 60 of module HybridProtocol: 28950
@!@!@ENDMSG 2221 @!@!@
@!@!@STARTMSG 2221:0 @!@!@
  |||line 211, col 43 to line 211, col 55 of module HybridProtocol: 28950
@!@!@ENDMSG 2221 @!@!@
@!@!@STARTMSG 2221:0 @!@!@
  |||line 212, col 43 to line 212, col 56 of module HybridProtocol: 28950
@!@!@ENDMSG 2221 @!@!@
@!@!@STARTMSG 2221:0 @!@!@
  line 214, col 21 to line 223, col 59 of module HybridProtocol: 0
@!@!@ENDMSG 2221 @!@!@
@!@!@STARTMSG 2221:0 @!@!@
  line 225, col 25 to line 234, col 43 of module HybridProtocol: 0
@!@!@ENDMSG 2221 @!@!@
@!@!@STARTMSG 2221:0 @!@!@
  line 235, col 24 to line 235, col 87 of module HybridProtocol: 0
@!@!@ENDMSG 2221 @!@!@
@!@!@STARTMSG 2221:0 @!@!@
  line 236, col 24 to line 247, col 61 of module HybridProtocol: 0
@!@!@ENDMSG 2221 @!@!@
@!@!@STARTMSG 2221:0 @!@!@
  line 256, col 20 to line 265, col 59 of module HybridProtocol: 0
@!@!@ENDMSG 2221 @!@!@
@!@!@STARTMSG 2221:0 @!@!@
  line 266, col 20 to line 266, col 83 of module HybridProtocol: 0
@!@!@ENDMSG 2221 @!@!@
@!@!@STARTMSG 2221:0 @!@!@
  line 267, col 20 to line 278, col 57 of module HybridProtocol: 0
@!@!@ENDMSG 2221 @!@!@
@!@!@STARTMSG 2221:0 @!@!@
  line 280, col 21 to line 289, col 59 of module HybridProtocol: 0
@!@!@ENDMSG 2221 @!@!@
@!@!@STARTMSG 2221:0 @!@!@
  line 291, col 25 to line 300, col 43 of module HybridProtocol: 0
@!@!@ENDMSG 2221 @!@!@
@!@!@STARTMSG 2221:0 @!@!@
  line 301, col 24 to line 301, col 87 of module HybridProtocol: 0
@!@!@ENDMSG 2221 @!@!@
@!@!@STARTMSG 2221:0 @!@!@
  line 302, col 24 to line 313, col 61 of module HybridProtocol: 0
@!@!@ENDMSG 2221 @!@!@
@!@!@STARTMSG 2221:0 @!@!@
  line 321, col 30 to line 321, col 30 of module HybridProtocol: 28950
@!@!@ENDMSG 2221 @!@!@
@!@!@STARTMSG 2221:0 @!@!@
  line 321, col 33 to line 321, col 39 of module HybridProtocol: 28950
@!@!@ENDMSG 2221 @!@!@
@!@!@STARTMSG 2221:0 @!@!@
  line 321, col 42 to line 321, col 42 of module HybridProtocol: 28950
@!@!@ENDMSG 2221 @!@!@
@!@!@STARTMSG 2221:0 @!@!@
  line 321, col 45 to line 321, col 51 of module HybridProtocol: 28950
@!@!@ENDMSG 2221 @!@!@
@!@!@STARTMSG 2221:0 @!@!@
  line 321, col 54 to line 321, col 62 of module HybridProtocol: 28950
@!@!@ENDMSG 2221 @!@!@
@!@!@STARTMSG 2221:0 @!@!@
  line 321, col 65 to line 321, col 66 of module HybridProtocol: 28950
@!@!@ENDMSG 2221 @!@!@
@!@!@STARTMSG 2221:0 @!@!@
  line 321, col 68 to line 321, col 82 of module HybridProtocol: 28950
@!@!@ENDMSG 2221 @!@!@
@!@!@STARTMSG 2221:0 @!@!@
  line 321, col 84 to line 321, col 85 of module HybridProtocol: 28950
@!@!@ENDMSG 2221 @!@!@
@!@!@STARTMSG 2221:0 @!@!@
  line 321, col 87 to line 321, col 89 of module HybridProtocol: 28950
@!@!@ENDMSG 2221 @!@!@
@!@!@STARTMSG 2221:0 @!@!@
  line 320, col 22 to line 320, col 41 of module HybridProtocol: 4825
@!@!@ENDMSG 2221 @!@!@
@!@!@STARTMSG 2775:0 @!@!@
  |line 23, col 20 to line 23, col 61 of module HybridProtocol: 4825:33775
@!@!@ENDMSG 2775 @!@!@
@!@!@STARTMSG 2221:0 @!@!@
  ||line 23, col 21 to line 23, col 30 of module HybridProtocol: 28950
@!@!@ENDMSG 2221 @!@!@
@!@!@STARTMSG 2221:0 @!@!@
  ||line 23, col 40 to line 23, col 60 of module HybridProtocol: 4825
@!@!@ENDMSG 2221 @!@!@
@!@!@STARTMSG 2775:0 @!@!@
  |||line 21, col 27 to line 21, col 78 of module HybridProtocol: 4825:77200
@!@!@ENDMSG 2775 @!@!@
@!@!@STARTMSG 2221:0 @!@!@
  ||||line 21, col 60 to line 21, col 77 of module HybridProtocol: 77200
@!@!@ENDMSG 2221 @!@!@
@!@!@STARTMSG 2775:0 @!@!@
  ||||line 21, col 34 to line 21, col 56 of module HybridProtocol: 4825:86850
@!@!@ENDMSG 2775 @!@!@
@!@!@STARTMSG 2221:0 @!@!@
  |||line 23, col 59 to line 23, col 59 of module HybridProtocol: 4825
@!@!@ENDMSG 2221 @!@!@
@!@!@STARTMSG 2221:0 @!@!@
  |line 320, col 34 to line 320, col 40 of module HybridProtocol: 4825
@!@!@ENDMSG 2221 @!@!@
@!@!@STARTMSG 2221:0 @!@!@
  line 322, col 12 to line 322, col 57 of module HybridProtocol: 28950
@!@!@ENDMSG 2221 @!@!@
@!@!@STARTMSG 2221:0 @!@!@
  line 323, col 12 to line 323, col 24 of module HybridProtocol: 28950
@!@!@ENDMSG 2221 @!@!@
@!@!@STARTMSG 2221:0 @!@!@
  line 324, col 12 to line 324, col 65 of module HybridProtocol: 28950
@!@!@ENDMSG 2221 @!@!@
@!@!@STARTMSG 2221:0 @!@!@
  line 576, col 55 to line 576, col 55 of module HybridProtocol: 4825
@!@!@ENDMSG 2221 @!@!@
@!@!@STARTMSG 2221:0 @!@!@
  line 576, col 58 to line 576, col 64 of module HybridProtocol: 4825
@!@!@ENDMSG 2221 @!@!@
@!@!@STARTMSG 2221:0 @!@!@
  line 576, col 66 to line 576, col 67 of module HybridProtocol: 4825
@!@!@ENDMSG 2221 @!@!@
@!@!@STARTMSG 2221:0 @!@!@
  line 576, col 69 to line 576, col 71 of module HybridProtocol: 4825
@!@!@ENDMSG 2221 @!@!@
@!@!@STARTMSG 2221:0 @!@!@
  line 576, col 36 to line 576, col 43 of module HybridProtocol: 965
@!@!@ENDMSG 2221 @!@!@
@!@!@STARTMSG 2221:0 @!@!@
  line 575, col 28 to line 575, col 33 of module HybridProtocol: 965
@!@!@ENDMSG 2221 @!@!@
@!@!@STARTMSG 2221:0 @!@!@
  line 574, col 23 to line 574, col 39 of module HybridProtocol: 965
@!@!@ENDMSG 2221 @!@!@
@!@!@STARTMSG 2221:0 @!@!@
  line 573, col 19 to line 573, col 37 of module HybridProtocol: 661538
@!@!@ENDMSG 2221 @!@!@
@!@!@STARTMSG 2772:0 @!@!@
<CommandLeaderAction line 572, col 1 to line 572, col 19 of module HybridProtocol (577 35 578 77)>: 0:0
@!@!@ENDMSG 2772 @!@!@
@!@!@STARTMSG 2221:0 @!@!@
  line 409, col 8 to line 409, col 34 of module HybridProtocol: 7932660
@!@!@ENDMSG 2221 @!@!@
@!@!@STARTMSG 2221:0 @!@!@
  line 410, col 8 to line 410, col 33 of module HybridProtocol: 7932660
@!@!@ENDMSG 2221 @!@!@
@!@!@STARTMSG 2221:0 @!@!@
  |line 410, col 8 to line 410, col 8 of module HybridProtocol: 7932660
@!@!@ENDMSG 2221 @!@!@
@!@!@STARTMSG 2221:0 @!@!@
  |line 410, col 14 to line 410, col 33 of module HybridProtocol: 7932660
@!@!@ENDMSG 2221 @!@!@
@!@!@STARTMSG 2221:0 @!@!@
  ||line 23, col 20 to line 23, col 61 of module HybridProtocol: 7932660
@!@!@ENDMSG 2221 @!@!@
@!@!@STARTMSG 2221:0 @!@!@
  |||line 23, col 21 to line 23, col 30 of module HybridProtocol: 47595960
@!@!@ENDMSG 2221 @!@!@
@!@!@STARTMSG 2221:0 @!@!@
  |||line 23, col 40 to line 23, col 60 of module HybridProtocol: 7932660
@!@!@ENDMSG 2221 @!@!@
@!@!@STARTMSG 2775:0 @!@!@
  ||||line 21, col 27 to line 21, col 78 of module HybridProtocol: 7932660:126922560
@!@!@ENDMSG 2775 @!@!@
@!@!@STARTMSG 2221:0 @!@!@
  |||||line 21, col 60 to line 21, col 77 of module HybridProtocol: 126922560
@!@!@ENDMSG 2221 @!@!@
@!@!@STARTMSG 2775:0 @!@!@
  |||||line 21, col 34 to line 21, col 56 of module HybridProtocol: 7932660:142787880
@!@!@ENDMSG 2775 @!@!@
@!@!@STARTMSG 2221:0 @!@!@
  ||||line 23, col 59 to line 23, col 59 of module HybridProtocol: 7932660
@!@!@ENDMSG 2221 @!@!@
@!@!@STARTMSG 2221:0 @!@!@
  ||line 410, col 26 to line 410, col 32 of module HybridProtocol: 7932660
@!@!@ENDMSG 2221 @!@!@
@!@!@STARTMSG 2221:0 @!@!@
  line 412, col 12 to line 412, col 26 of module HybridProtocol: 13778256
@!@!@ENDMSG 2221 @!@!@
@!@!@STARTMSG 2221:0 @!@!@
  line 413, col 12 to line 413, col 41 of module HybridProtocol: 7932660
@!@!@ENDMSG 2221 @!@!@
@!@!@STARTMSG 2221:0 @!@!@
  line 432, col 20 to line 441, col 67 of module HybridProtocol: 0
@!@!@ENDMSG 2221 @!@!@
@!@!@STARTMSG 2221:0 @!@!@
  line 443, col 29 to line 452, col 53 of module HybridProtocol: 0
@!@!@ENDMSG 2221 @!@!@
@!@!@STARTMSG 2221:0 @!@!@
  line 453, col 20 to line 453, col 77 of module HybridProtocol: 0
@!@!@ENDMSG 2221 @!@!@
@!@!@STARTMSG 2221:0 @!@!@
  line 454, col 20 to line 455, col 83 of module HybridProtocol: 0
@!@!@ENDMSG 2221 @!@!@
@!@!@STARTMSG 2221:0 @!@!@
  line 456, col 20 to line 456, col 55 of module HybridProtocol: 0
@!@!@ENDMSG 2221 @!@!@
@!@!@STARTMSG 2221:0 @!@!@
  line 457, col 20 to line 457, col 82 of module HybridProtocol: 0
@!@!@ENDMSG 2221 @!@!@
@!@!@STARTMSG 2221:0 @!@!@
  line 411, col 22 to line 411, col 36 of module HybridProtocol: 7932660
@!@!@ENDMSG 2221 @!@!@
@!@!@STARTMSG 2221:0 @!@!@
  line 578, col 60 to line 578, col 66 of module HybridProtocol: 7932660
@!@!@ENDMSG 2221 @!@!@
@!@!@STARTMSG 2221:0 @!@!@
  line 578, col 69 to line 578, col 72 of module HybridProtocol: 7932660
@!@!@ENDMSG 2221 @!@!@
@!@!@STARTMSG 2221:0 @!@!@
  line 578, col 75 to line 578, col 75 of module HybridProtocol: 7932660
@!@!@ENDMSG 2221 @!@!@
@!@!@STARTMSG 2221:0 @!@!@
  line 578, col 26 to line 578, col 45 of module HybridProtocol: 1322110
@!@!@ENDMSG 2221 @!@!@
@!@!@STARTMSG 2775:0 @!@!@
  |line 23, col 20 to line 23, col 61 of module HybridProtocol: 1322110:9254770
@!@!@ENDMSG 2775 @!@!@
@!@!@STARTMSG 2221:0 @!@!@
  ||line 23, col 21 to line 23, col 30 of module HybridProtocol: 7932660
@!@!@ENDMSG 2221 @!@!@
@!@!@STARTMSG 2221:0 @!@!@
  ||line 23, col 40 to line 23, col 60 of module HybridProtocol: 1322110
@!@!@ENDMSG 2221 @!@!@
@!@!@STARTMSG 2775:0 @!@!@
  |||line 21, col 27 to line 21, col 78 of module HybridProtocol: 1322110:21153760
@!@!@ENDMSG 2775 @!@!@
@!@!@STARTMSG 2221:0 @!@!@
  ||||line 21, col 60 to line 21, col 77 of module HybridProtocol: 21153760
@!@!@ENDMSG 2221 @!@!@
@!@!@STARTMSG 2775:0 @!@!@
  ||||line 21, col 34 to line 21, col 56 of module HybridProtocol: 1322110:23797980
@!@!@ENDMSG 2775 @!@!@
@!@!@STARTMSG 2221:0 @!@!@
  |||line 23, col 59 to line 23, col 59 of module HybridProtocol: 1322110
@!@!@ENDMSG 2221 @!@!@
@!@!@STARTMSG 2221:0 @!@!@
  |line 578, col 38 to line 578, col 44 of module HybridProtocol: 1322110
@!@!@ENDMSG 2221 @!@!@
@!@!@STARTMSG 2221:0 @!@!@
  line 577, col 47 to line 577, col 67 of module HybridProtocol: 3307680
@!@!@ENDMSG 2221 @!@!@
@!@!@STARTMSG 2772:0 @!@!@
<ReplicaAction line 581, col 1 to line 581, col 13 of module HybridProtocol (584 13 584 81)>: 738270:4785096
@!@!@ENDMSG 2772 @!@!@
@!@!@STARTMSG 2221:0 @!@!@
  line 584, col 36 to line 584, col 55 of module HybridProtocol: 18006148
@!@!@ENDMSG 2221 @!@!@
@!@!@STARTMSG 2221:0 @!@!@
  |line 584, col 36 to line 584, col 44 of module HybridProtocol: 13221052
@!@!@ENDMSG 2221 @!@!@
@!@!@STARTMSG 2221:0 @!@!@
  line 461, col 8 to line 461, col 34 of module HybridProtocol: 13221052
@!@!@ENDMSG 2221 @!@!@
@!@!@STARTMSG 2221:0 @!@!@
  line 466, col 16 to line 466, col 43 of module HybridProtocol: 13221052
@!@!@ENDMSG 2221 @!@!@
@!@!@STARTMSG 2221:0 @!@!@
  |line 466, col 16 to line 466, col 39 of module HybridProtocol: 13221052
@!@!@ENDMSG 2221 @!@!@
@!@!@STARTMSG 2221:0 @!@!@
  ||line 466, col 28 to line 466, col 38 of module HybridProtocol: 13221052
@!@!@ENDMSG 2221 @!@!@
@!@!@STARTMSG 2221:0 @!@!@
  |||line 465, col 28 to line 465, col 58 of module HybridProtocol: 13221052
@!@!@ENDMSG 2221 @!@!@
@!@!@STARTMSG 2221:0 @!@!@
  ||||line 465, col 47 to line 465, col 57 of module HybridProtocol: 13221052
@!@!@ENDMSG 2221 @!@!@
@!@!@STARTMSG 2775:0 @!@!@
  |||||line 464, col 28 to line 464, col 75 of module HybridProtocol: 13221052:13221052
@!@!@ENDMSG 2775 @!@!@
@!@!@STARTMSG 2221:0 @!@!@
  ||||||line 464, col 54 to line 464, col 74 of module HybridProtocol: 16866152
@!@!@ENDMSG 2221 @!@!@
@!@!@STARTMSG 2221:0 @!@!@
  ||||||line 464, col 37 to line 464, col 51 of module HybridProtocol: 13221052
@!@!@ENDMSG 2221 @!@!@
@!@!@STARTMSG 2221:0 @!@!@
  line 467, col 20 to line 468, col 72 of module HybridProtocol: 4785096
@!@!@ENDMSG 2221 @!@!@
@!@!@STARTMSG 2221:0 @!@!@
  |line 467, col 41 to line 468, col 71 of module HybridProtocol: 8435956
@!@!@ENDMSG 2221 @!@!@
@!@!@STARTMSG 2221:0 @!@!@
  |line 467, col 31 to line 467, col 36 of module HybridProtocol: 13221052
@!@!@ENDMSG 2221 @!@!@
@!@!@STARTMSG 2775:0 @!@!@
  ||line 462, col 23 to line 462, col 70 of module HybridProtocol: 13221052:21657008
@!@!@ENDMSG 2775 @!@!@
@!@!@STARTMSG 2221:0 @!@!@
  |||line 462, col 50 to line 462, col 69 of module HybridProtocol: 16866152
@!@!@ENDMSG 2221 @!@!@
@!@!@STARTMSG 2221:0 @!@!@
  |||line 462, col 32 to line 462, col 46 of module HybridProtocol: 13221052
@!@!@ENDMSG 2221 @!@!@
@!@!@STARTMSG 2221:0 @!@!@
  line 469, col 20 to line 478, col 70 of module HybridProtocol: 4785096
@!@!@ENDMSG 2221 @!@!@
@!@!@STARTMSG 2221:0 @!@!@
  |line 469, col 30 to line 478, col 70 of module HybridProtocol: 4785096
@!@!@ENDMSG 2221 @!@!@
@!@!@STARTMSG 2221:0 @!@!@
  ||line 469, col 31 to line 469, col 36 of module HybridProtocol: 4785096
@!@!@ENDMSG 2221 @!@!@
@!@!@STARTMSG 2221:0 @!@!@
  ||line 469, col 45 to line 478, col 69 of module HybridProtocol: 4785096
@!@!@ENDMSG 2221 @!@!@
@!@!@STARTMSG 2221:0 @!@!@
  ||line 469, col 58 to line 478, col 69 of module HybridProtocol: 4785096
@!@!@ENDMSG 2221 @!@!@
@!@!@STARTMSG 2221:0 @!@!@
  |||line 469, col 59 to line 469, col 68 of module HybridProtocol: 4785096
@!@!@ENDMSG 2221 @!@!@
@!@!@STARTMSG 2221:0 @!@!@
  ||||line 469, col 63 to line 469, col 68 of module HybridProtocol: 4785096
@!@!@ENDMSG 2221 @!@!@
@!@!@STARTMSG 2221:0 @!@!@
  |||||line 462, col 23 to line 462, col 70 of module HybridProtocol: 4785096
@!@!@ENDMSG 2221 @!@!@
@!@!@STARTMSG 2221:0 @!@!@
  ||||||line 462, col 50 to line 462, col 69 of module HybridProtocol: 2661612
@!@!@ENDMSG 2221 @!@!@
@!@!@STARTMSG 2221:0 @!@!@
  ||||||line 462, col 32 to line 462, col 46 of module HybridProtocol: 4785096
@!@!@ENDMSG 2221 @!@!@
@!@!@STARTMSG 2775:0 @!@!@
  |||line 470, col 45 to line 478, col 69 of module HybridProtocol: 4785096:5353104
@!@!@ENDMSG 2775 @!@!@
@!@!@STARTMSG 2221:0 @!@!@
  line 479, col 20 to line 480, col 75 of module HybridProtocol: 4785096
@!@!@ENDMSG 2221 @!@!@
@!@!@STARTMSG 2221:0 @!@!@
  line 481, col 20 to line 481, col 58 of module HybridProtocol: 4785096
@!@!@ENDMSG 2221 @!@!@
@!@!@STARTMSG 2221:0 @!@!@
  |line 481, col 27 to line 481, col 58 of module HybridProtocol: 4785096
@!@!@ENDMSG 2221 @!@!@
@!@!@STARTMSG 2221:0 @!@!@
  ||line 481, col 28 to line 481, col 30 of module HybridProtocol: 4785096
@!@!@ENDMSG 2221 @!@!@
@!@!@STARTMSG 2221:0 @!@!@
  ||line 481, col 39 to line 481, col 57 of module HybridProtocol: 4785096
@!@!@ENDMSG 2221 @!@!@
@!@!@STARTMSG 2221:0 @!@!@
  ||line 481, col 52 to line 481, col 57 of module HybridProtocol: 4785096
@!@!@ENDMSG 2221 @!@!@
@!@!@STARTMSG 2221:0 @!@!@
  |||line 463, col 23 to line 463, col 61 of module HybridProtocol: 4785096
@!@!@ENDMSG 2221 @!@!@
@!@!@STARTMSG 2221:0 @!@!@
  ||||line 463, col 27 to line 463, col 61 of module HybridProtocol: 4785096
@!@!@ENDMSG 2221 @!@!@
@!@!@STARTMSG 2221:0 @!@!@
  |||||line 6, col 11 to line 6, col 68 of module HybridProtocol: 4785096
@!@!@ENDMSG 2221 @!@!@
@!@!@STARTMSG 2221:0 @!@!@
  ||||||line 6, col 14 to line 6, col 19 of module HybridProtocol: 4785096
@!@!@ENDMSG 2221 @!@!@
@!@!@STARTMSG 2221:0 @!@!@
  ||||||line 6, col 33 to line 6, col 68 of module HybridProtocol: 4785096
@!@!@ENDMSG 2221 @!@!@
@!@!@STARTMSG 2221:0 @!@!@
  |||||||line 6, col 50 to line 6, col 68 of module HybridProtocol: 8876394
@!@!@ENDMSG 2221 @!@!@
@!@!@STARTMSG 2221:0 @!@!@
  ||||||||line 6, col 63 to line 6, col 68 of module HybridProtocol: 17058990
@!@!@ENDMSG 2221 @!@!@
@!@!@STARTMSG 2221:0 @!@!@
  ||||||||line 6, col 59 to line 6, col 59 of module HybridProtocol: 8876394
@!@!@ENDMSG 2221 @!@!@
@!@!@STARTMSG 2221:0 @!@!@
  |||||||line 6, col 46 to line 6, col 46 of module HybridProtocol: 4785096
@!@!@ENDMSG 2221 @!@!@
@!@!@STARTMSG 2221:0 @!@!@
  |||||line 463, col 31 to line 463, col 60 of module HybridProtocol: 4785096
@!@!@ENDMSG 2221 @!@!@
@!@!@STARTMSG 2221:0 @!@!@
  line 482, col 20 to line 483, col 61 of module HybridProtocol: 4785096
@!@!@ENDMSG 2221 @!@!@
@!@!@STARTMSG 2221:0 @!@!@
  line 487, col 20 to line 496, col 70 of module HybridProtocol: 0
@!@!@ENDMSG 2221 @!@!@
@!@!@STARTMSG 2221:0 @!@!@
  line 498, col 24 to line 507, col 74 of module HybridProtocol: 0
@!@!@ENDMSG 2221 @!@!@
@!@!@STARTMSG 2221:0 @!@!@
  line 508, col 24 to line 509, col 79 of module HybridProtocol: 0
@!@!@ENDMSG 2221 @!@!@
@!@!@STARTMSG 2221:0 @!@!@
  line 510, col 24 to line 510, col 62 of module HybridProtocol: 0
@!@!@ENDMSG 2221 @!@!@
@!@!@STARTMSG 2221:0 @!@!@
  line 511, col 24 to line 512, col 65 of module HybridProtocol: 0
@!@!@ENDMSG 2221 @!@!@
@!@!@STARTMSG 2221:0 @!@!@
  line 521, col 20 to line 530, col 70 of module HybridProtocol: 0
@!@!@ENDMSG 2221 @!@!@
@!@!@STARTMSG 2221:0 @!@!@
  line 531, col 20 to line 532, col 75 of module HybridProtocol: 0
@!@!@ENDMSG 2221 @!@!@
@!@!@STARTMSG 2221:0 @!@!@
  line 533, col 20 to line 533, col 58 of module HybridProtocol: 0
@!@!@ENDMSG 2221 @!@!@
@!@!@STARTMSG 2221:0 @!@!@
  line 534, col 20 to line 535, col 61 of module HybridProtocol: 0
@!@!@ENDMSG 2221 @!@!@
@!@!@STARTMSG 2221:0 @!@!@
  line 539, col 20 to line 548, col 70 of module HybridProtocol: 0
@!@!@ENDMSG 2221 @!@!@
@!@!@STARTMSG 2221:0 @!@!@
  line 550, col 24 to line 559, col 74 of module HybridProtocol: 0
@!@!@ENDMSG 2221 @!@!@
@!@!@STARTMSG 2221:0 @!@!@
  line 560, col 24 to line 561, col 79 of module HybridProtocol: 0
@!@!@ENDMSG 2221 @!@!@
@!@!@STARTMSG 2221:0 @!@!@
  line 562, col 24 to line 562, col 62 of module HybridProtocol: 0
@!@!@ENDMSG 2221 @!@!@
@!@!@STARTMSG 2221:0 @!@!@
  line 563, col 24 to line 564, col 65 of module HybridProtocol: 0
@!@!@ENDMSG 2221 @!@!@
@!@!@STARTMSG 2221:0 @!@!@
  line 584, col 67 to line 584, col 73 of module HybridProtocol: 13221052
@!@!@ENDMSG 2221 @!@!@
@!@!@STARTMSG 2221:0 @!@!@
  line 584, col 76 to line 584, col 79 of module HybridProtocol: 13221052
@!@!@ENDMSG 2221 @!@!@
@!@!@STARTMSG 2221:0 @!@!@
  line 584, col 25 to line 584, col 31 of module HybridProtocol: 3307668
@!@!@ENDMSG 2221 @!@!@
@!@!@STARTMSG 2202:0 @!@!@
End of statistics.
@!@!@ENDMSG 2202 @!@!@
@!@!@STARTMSG 2200:0 @!@!@
Progress(11) at 2023-11-29 11:53:05: 4,813,929 states generated (4,116,932 s/min), 742,833 distinct states found (635,280 ds/min), 81,305 states left on queue.
@!@!@ENDMSG 2200 @!@!@
@!@!@STARTMSG 2199:0 @!@!@
4813929 states generated, 742833 distinct states found, 81305 states left on queue.
@!@!@ENDMSG 2199 @!@!@
@!@!@STARTMSG 2194:0 @!@!@
The depth of the complete state graph search is 11.
@!@!@ENDMSG 2194 @!@!@
@!@!@STARTMSG 2268:0 @!@!@
The average outdegree of the complete state graph is 1 (minimum is 0, the maximum 31 and the 95th percentile is 4).
@!@!@ENDMSG 2268 @!@!@
@!@!@STARTMSG 2186:0 @!@!@
Finished in 70174ms at (2023-11-29 11:53:05)
@!@!@ENDMSG 2186 @!@!@
