@!@!@STARTMSG 2262:0 @!@!@
TLC2 Version 2.16 of 31 December 2020 (rev: cdddf55)
@!@!@ENDMSG 2262 @!@!@
@!@!@STARTMSG 2187:0 @!@!@
Running breadth-first search Model-Checking with fp 103 and seed -5172778740500928490 with 4 workers on 8 cores with 1214MB heap and 2730MB offheap memory [pid: 1011] (Mac OS X 10.16 x86_64, AdoptOpenJDK 14.0.1 x86_64, OffHeapDiskFPSet, DiskStateQueue).
@!@!@ENDMSG 2187 @!@!@
@!@!@STARTMSG 2220:0 @!@!@
Starting SANY...
@!@!@ENDMSG 2220 @!@!@
Parsing file /Volumes/StudyMaterials/Project/EESYSTEM_TOC/HybridProtocol_TLA.toolbox/Model_Strong_Causal/MC.tla
Parsing file /Volumes/StudyMaterials/Project/EESYSTEM_TOC/HybridProtocol_TLA.toolbox/Model_Strong_Causal/HybridProtocol_TLA.tla
Parsing file /Applications/TLA+ Toolbox.app/Contents/Eclipse/plugins/org.lamport.tlatools_1.0.0.202012311918/tla2sany/StandardModules/TLC.tla
Parsing file /Applications/TLA+ Toolbox.app/Contents/Eclipse/plugins/org.lamport.tlatools_1.0.0.202012311918/tla2sany/StandardModules/Naturals.tla
Parsing file /Applications/TLA+ Toolbox.app/Contents/Eclipse/plugins/org.lamport.tlatools_1.0.0.202012311918/tla2sany/StandardModules/FiniteSets.tla
Parsing file /Applications/TLA+ Toolbox.app/Contents/Eclipse/plugins/org.lamport.tlatools_1.0.0.202012311918/tla2sany/StandardModules/Sequences.tla
Semantic processing of module Naturals
Semantic processing of module Sequences
Semantic processing of module FiniteSets
Semantic processing of module HybridProtocol_TLA
Semantic processing of module TLC
Semantic processing of module MC
@!@!@STARTMSG 2219:0 @!@!@
SANY finished.
@!@!@ENDMSG 2219 @!@!@
@!@!@STARTMSG 2185:0 @!@!@
Starting... (2024-02-19 15:07:10)
@!@!@ENDMSG 2185 @!@!@
@!@!@STARTMSG 2189:0 @!@!@
Computing initial states...
@!@!@ENDMSG 2189 @!@!@
@!@!@STARTMSG 2102:1 @!@!@
TLC attempted to evaluate an unbounded CHOOSE.
Make sure that the expression is of form CHOOSE x \in S: P(x).
line 57, col 15 to line 57, col 53 of module HybridProtocol_TLA
While working on the initial state:
/\ sentMsg = {}
/\ executed = <<{}, {}, {}, {}, {}>>
/\ crtInst = <<1, 1, 1, 1, 1>>
/\ clk = <<0, 0, 0, 0, 0>>
/\ ballots = 1
/\ cmdLog = <<{}, {}, {}, {}, {}>>
/\ leaderOfInst = <<{}, {}, {}, {}, {}>>
/\ committed = ( <<1, 1>> :> {} @@
  <<1, 2>> :> {} @@
  <<1, 3>> :> {} @@
  <<1, 4>> :> {} @@
  <<1, 5>> :> {} @@
  <<1, 6>> :> {} @@
  <<2, 1>> :> {} @@
  <<2, 2>> :> {} @@
  <<2, 3>> :> {} @@
  <<2, 4>> :> {} @@
  <<2, 5>> :> {} @@
  <<2, 6>> :> {} @@
  <<3, 1>> :> {} @@
  <<3, 2>> :> {} @@
  <<3, 3>> :> {} @@
  <<3, 4>> :> {} @@
  <<3, 5>> :> {} @@
  <<3, 6>> :> {} @@
  <<4, 1>> :> {} @@
  <<4, 2>> :> {} @@
  <<4, 3>> :> {} @@
  <<4, 4>> :> {} @@
  <<4, 5>> :> {} @@
  <<4, 6>> :> {} @@
  <<5, 1>> :> {} @@
  <<5, 2>> :> {} @@
  <<5, 3>> :> {} @@
  <<5, 4>> :> {} @@
  <<5, 5>> :> {} @@
  <<5, 6>> :> {} )
/\ proposed = {}
/\ preparing = <<{}, {}, {}, {}, {}>>

@!@!@ENDMSG 2102 @!@!@
@!@!@STARTMSG 2103:1 @!@!@
The error occurred when TLC was evaluating the nested
expressions at the following positions:
0. Line 182, column 3 to line 191, column 33 in HybridProtocol_TLA
1. Line 182, column 6 to line 182, column 17 in HybridProtocol_TLA
2. Line 183, column 6 to line 183, column 37 in HybridProtocol_TLA
3. Line 184, column 6 to line 184, column 18 in HybridProtocol_TLA
4. Line 185, column 6 to line 185, column 39 in HybridProtocol_TLA
5. Line 186, column 6 to line 186, column 37 in HybridProtocol_TLA
6. Line 187, column 6 to line 187, column 43 in HybridProtocol_TLA
7. Line 188, column 6 to line 188, column 41 in HybridProtocol_TLA
8. Line 189, column 6 to line 189, column 16 in HybridProtocol_TLA
9. Line 190, column 6 to line 190, column 40 in HybridProtocol_TLA
10. Line 191, column 6 to line 191, column 33 in HybridProtocol_TLA
11. Line 149, column 5 to line 171, column 32 in HybridProtocol_TLA
12. Line 149, column 8 to line 160, column 88 in HybridProtocol_TLA
13. Line 149, column 19 to line 160, column 88 in HybridProtocol_TLA
14. Line 149, column 32 to line 160, column 87 in HybridProtocol_TLA
15. Line 149, column 39 to line 160, column 87 in HybridProtocol_TLA
16. Line 156, column 53 to line 156, column 87 in HybridProtocol_TLA
17. Line 156, column 76 to line 156, column 87 in HybridProtocol_TLA
18. Line 156, column 77 to line 156, column 86 in HybridProtocol_TLA
19. Line 57, column 15 to line 57, column 53 in HybridProtocol_TLA


@!@!@ENDMSG 2103 @!@!@
@!@!@STARTMSG 2200:0 @!@!@
Progress(1) at 2024-02-19 15:07:11: 1 states generated (23 s/min), 1 distinct states found (23 ds/min), 1 states left on queue.
@!@!@ENDMSG 2200 @!@!@
@!@!@STARTMSG 2199:0 @!@!@
1 states generated, 1 distinct states found, 1 states left on queue.
@!@!@ENDMSG 2199 @!@!@
@!@!@STARTMSG 2186:0 @!@!@
Finished in 2593ms at (2024-02-19 15:07:11)
@!@!@ENDMSG 2186 @!@!@
