@!@!@STARTMSG 2262:0 @!@!@
TLC2 Version 2.16 of 31 December 2020 (rev: cdddf55)
@!@!@ENDMSG 2262 @!@!@
@!@!@STARTMSG 2187:0 @!@!@
Running breadth-first search Model-Checking with fp 108 and seed -7664087761647273618 with 4 workers on 8 cores with 1214MB heap and 2730MB offheap memory [pid: 3947] (Mac OS X 10.16 x86_64, AdoptOpenJDK 14.0.1 x86_64, OffHeapDiskFPSet, DiskStateQueue).
@!@!@ENDMSG 2187 @!@!@
@!@!@STARTMSG 2220:0 @!@!@
Starting SANY...
@!@!@ENDMSG 2220 @!@!@
Parsing file /Volumes/StudyMaterials/Project/EESYSTEM_TOC/HybridProtocol_TLA.toolbox/Model_Strong_Causal/MC.tla
Parsing file /Volumes/StudyMaterials/Project/EESYSTEM_TOC/HybridProtocol_TLA.toolbox/Model_Strong_Causal/HybridProtocol_TLA.tla
Parsing file /Applications/TLA+ Toolbox.app/Contents/Eclipse/plugins/org.lamport.tlatools_1.0.0.202012311918/tla2sany/StandardModules/TLC.tla
Parsing file /Applications/TLA+ Toolbox.app/Contents/Eclipse/plugins/org.lamport.tlatools_1.0.0.202012311918/tla2sany/StandardModules/Naturals.tla
Parsing file /Applications/TLA+ Toolbox.app/Contents/Eclipse/plugins/org.lamport.tlatools_1.0.0.202012311918/tla2sany/StandardModules/FiniteSets.tla
Parsing file /Applications/TLA+ Toolbox.app/Contents/Eclipse/plugins/org.lamport.tlatools_1.0.0.202012311918/tla2sany/StandardModules/Sequences.tla
Semantic processing of module Naturals
Semantic processing of module Sequences
Semantic processing of module FiniteSets
Semantic processing of module HybridProtocol_TLA
Semantic processing of module TLC
Semantic processing of module MC
@!@!@STARTMSG 2219:0 @!@!@
SANY finished.
@!@!@ENDMSG 2219 @!@!@
@!@!@STARTMSG 2185:0 @!@!@
Starting... (2024-01-29 15:09:31)
@!@!@ENDMSG 2185 @!@!@
@!@!@STARTMSG 2146:1 @!@!@
The invariant Nontriviality is not a state predicate (one with no primes or temporal operators).
Note that a bug can cause TLC to incorrectly report this error.
If you believe your TLA+ or PlusCal specification to be correct,
please check if this bug described in LevelNode.java starting at line 590ff affects you.
@!@!@ENDMSG 2146 @!@!@
@!@!@STARTMSG 2186:0 @!@!@
Finished in 1536ms at (2024-01-29 15:09:31)
@!@!@ENDMSG 2186 @!@!@
