@!@!@STARTMSG 2262:0 @!@!@
TLC2 Version 2.16 of 31 December 2020 (rev: cdddf55)
@!@!@ENDMSG 2262 @!@!@
@!@!@STARTMSG 2187:0 @!@!@
Running breadth-first search Model-Checking with fp 79 and seed -3105995160623614508 with 6 workers on 8 cores with 1943MB heap and 4368MB offheap memory [pid: 7997] (Mac OS X 10.16 x86_64, AdoptOpenJDK 14.0.1 x86_64, OffHeapDiskFPSet, DiskStateQueue).
@!@!@ENDMSG 2187 @!@!@
@!@!@STARTMSG 2220:0 @!@!@
Starting SANY...
@!@!@ENDMSG 2220 @!@!@
Parsing file /Volumes/StudyMaterials/Project/EESYSTEM_TOC/HybridProtocol_TLA.toolbox/Model_Strong_Causal/MC.tla
Parsing file /Volumes/StudyMaterials/Project/EESYSTEM_TOC/HybridProtocol_TLA.toolbox/Model_Strong_Causal/HybridProtocol_TLA.tla
Parsing file /Applications/TLA+ Toolbox.app/Contents/Eclipse/plugins/org.lamport.tlatools_1.0.0.202012311918/tla2sany/StandardModules/TLC.tla
Parsing file /Applications/TLA+ Toolbox.app/Contents/Eclipse/plugins/org.lamport.tlatools_1.0.0.202012311918/tla2sany/StandardModules/Naturals.tla
Parsing file /Applications/TLA+ Toolbox.app/Contents/Eclipse/plugins/org.lamport.tlatools_1.0.0.202012311918/tla2sany/StandardModules/FiniteSets.tla
Parsing file /Applications/TLA+ Toolbox.app/Contents/Eclipse/plugins/org.lamport.tlatools_1.0.0.202012311918/tla2sany/StandardModules/Sequences.tla
Semantic processing of module Naturals
Semantic processing of module Sequences
Semantic processing of module FiniteSets
Semantic processing of module HybridProtocol_TLA
Semantic processing of module TLC
Semantic processing of module MC
@!@!@STARTMSG 2219:0 @!@!@
SANY finished.
@!@!@ENDMSG 2219 @!@!@
@!@!@STARTMSG 2185:0 @!@!@
Starting... (2024-03-01 21:04:40)
@!@!@ENDMSG 2185 @!@!@
@!@!@STARTMSG 2189:0 @!@!@
Computing initial states...
@!@!@ENDMSG 2189 @!@!@
@!@!@STARTMSG 2190:0 @!@!@
Finished computing initial states: 1 distinct state generated at 2024-03-01 21:04:41.
@!@!@ENDMSG 2190 @!@!@
@!@!@STARTMSG 2200:0 @!@!@
Progress(7) at 2024-03-01 21:04:44: 34,690 states generated (34,690 s/min), 23,651 distinct states found (23,651 ds/min), 21,137 states left on queue.
@!@!@ENDMSG 2200 @!@!@
@!@!@STARTMSG 2200:0 @!@!@
Progress(9) at 2024-03-01 21:05:44: 5,017,036 states generated (4,982,346 s/min), 2,486,692 distinct states found (2,463,041 ds/min), 1,965,815 states left on queue.
@!@!@ENDMSG 2200 @!@!@
@!@!@STARTMSG 2200:0 @!@!@
Progress(10) at 2024-03-01 21:06:44: 10,052,194 states generated (5,035,158 s/min), 4,794,006 distinct states found (2,307,314 ds/min), 3,675,602 states left on queue.
@!@!@ENDMSG 2200 @!@!@
@!@!@STARTMSG 2200:0 @!@!@
Progress(10) at 2024-03-01 21:07:44: 14,853,448 states generated (4,801,254 s/min), 6,981,013 distinct states found (2,187,007 ds/min), 5,253,957 states left on queue.
@!@!@ENDMSG 2200 @!@!@
@!@!@STARTMSG 2200:0 @!@!@
Progress(10) at 2024-03-01 21:08:44: 19,567,463 states generated (4,714,015 s/min), 9,140,559 distinct states found (2,159,546 ds/min), 6,798,006 states left on queue.
@!@!@ENDMSG 2200 @!@!@
@!@!@STARTMSG 2200:0 @!@!@
Progress(10) at 2024-03-01 21:09:44: 24,243,751 states generated (4,676,288 s/min), 11,215,504 distinct states found (2,074,945 ds/min), 8,262,324 states left on queue.
@!@!@ENDMSG 2200 @!@!@
@!@!@STARTMSG 2200:0 @!@!@
Progress(11) at 2024-03-01 21:10:44: 28,939,992 states generated (4,696,241 s/min), 13,223,792 distinct states found (2,008,288 ds/min), 9,635,056 states left on queue.
@!@!@ENDMSG 2200 @!@!@
@!@!@STARTMSG 2200:0 @!@!@
Progress(11) at 2024-03-01 21:11:44: 33,569,641 states generated (4,629,649 s/min), 15,294,829 distinct states found (2,071,037 ds/min), 11,082,455 states left on queue.
@!@!@ENDMSG 2200 @!@!@
@!@!@STARTMSG 2200:0 @!@!@
Progress(11) at 2024-03-01 21:12:44: 38,178,912 states generated (4,609,271 s/min), 17,383,872 distinct states found (2,089,043 ds/min), 12,565,226 states left on queue.
@!@!@ENDMSG 2200 @!@!@
@!@!@STARTMSG 2200:0 @!@!@
Progress(11) at 2024-03-01 21:13:45: 42,624,818 states generated (4,445,906 s/min), 19,375,957 distinct states found (1,992,085 ds/min), 13,911,494 states left on queue.
@!@!@ENDMSG 2200 @!@!@
@!@!@STARTMSG 2200:0 @!@!@
Progress(11) at 2024-03-01 21:14:45: 47,105,621 states generated (4,480,803 s/min), 21,314,244 distinct states found (1,938,287 ds/min), 15,177,193 states left on queue.
@!@!@ENDMSG 2200 @!@!@
@!@!@STARTMSG 2200:0 @!@!@
Progress(11) at 2024-03-01 21:15:45: 51,717,509 states generated (4,611,888 s/min), 23,400,094 distinct states found (2,085,850 ds/min), 16,641,645 states left on queue.
@!@!@ENDMSG 2200 @!@!@
@!@!@STARTMSG 2200:0 @!@!@
Progress(11) at 2024-03-01 21:16:45: 56,205,455 states generated (4,487,946 s/min), 25,452,807 distinct states found (2,052,713 ds/min), 18,053,503 states left on queue.
@!@!@ENDMSG 2200 @!@!@
@!@!@STARTMSG 2200:0 @!@!@
Progress(11) at 2024-03-01 21:17:45: 60,443,335 states generated (4,237,880 s/min), 27,416,500 distinct states found (1,963,693 ds/min), 19,410,715 states left on queue.
@!@!@ENDMSG 2200 @!@!@
@!@!@STARTMSG 2200:0 @!@!@
Progress(11) at 2024-03-01 21:18:45: 64,826,613 states generated (4,383,278 s/min), 29,359,291 distinct states found (1,942,791 ds/min), 20,705,653 states left on queue.
@!@!@ENDMSG 2200 @!@!@
@!@!@STARTMSG 2200:0 @!@!@
Progress(11) at 2024-03-01 21:19:45: 69,095,136 states generated (4,268,523 s/min), 31,238,259 distinct states found (1,878,968 ds/min), 21,950,455 states left on queue.
@!@!@ENDMSG 2200 @!@!@
@!@!@STARTMSG 2200:0 @!@!@
Progress(11) at 2024-03-01 21:20:45: 73,682,737 states generated (4,587,601 s/min), 33,244,720 distinct states found (2,006,461 ds/min), 23,325,586 states left on queue.
@!@!@ENDMSG 2200 @!@!@
@!@!@STARTMSG 2200:0 @!@!@
Progress(11) at 2024-03-01 21:21:45: 78,170,472 states generated (4,487,735 s/min), 35,176,973 distinct states found (1,932,253 ds/min), 24,603,347 states left on queue.
@!@!@ENDMSG 2200 @!@!@
@!@!@STARTMSG 2200:0 @!@!@
Progress(11) at 2024-03-01 21:22:45: 82,726,448 states generated (4,555,976 s/min), 37,193,051 distinct states found (2,016,078 ds/min), 25,986,226 states left on queue.
@!@!@ENDMSG 2200 @!@!@
