@!@!@STARTMSG 2262:0 @!@!@
TLC2 Version 2.16 of 31 December 2020 (rev: cdddf55)
@!@!@ENDMSG 2262 @!@!@
@!@!@STARTMSG 2187:0 @!@!@
Running breadth-first search Model-Checking with fp 51 and seed 8947985336936689361 with 6 workers on 8 cores with 3884MB heap and 8737MB offheap memory [pid: 4327] (Mac OS X 10.16 x86_64, AdoptOpenJDK 14.0.1 x86_64, OffHeapDiskFPSet, DiskStateQueue).
@!@!@ENDMSG 2187 @!@!@
@!@!@STARTMSG 2220:0 @!@!@
Starting SANY...
@!@!@ENDMSG 2220 @!@!@
Parsing file /Volumes/StudyMaterials/Project/EESYSTEM_TOC/HybridProtocol_TLA.toolbox/Model_Strong_Causal/MC.tla
Parsing file /Volumes/StudyMaterials/Project/EESYSTEM_TOC/HybridProtocol_TLA.toolbox/Model_Strong_Causal/HybridProtocol_TLA.tla
Parsing file /Applications/TLA+ Toolbox.app/Contents/Eclipse/plugins/org.lamport.tlatools_1.0.0.202012311918/tla2sany/StandardModules/TLC.tla
Parsing file /Applications/TLA+ Toolbox.app/Contents/Eclipse/plugins/org.lamport.tlatools_1.0.0.202012311918/tla2sany/StandardModules/Naturals.tla
Parsing file /Applications/TLA+ Toolbox.app/Contents/Eclipse/plugins/org.lamport.tlatools_1.0.0.202012311918/tla2sany/StandardModules/FiniteSets.tla
Parsing file /Applications/TLA+ Toolbox.app/Contents/Eclipse/plugins/org.lamport.tlatools_1.0.0.202012311918/tla2sany/StandardModules/Sequences.tla
Semantic processing of module Naturals
Semantic processing of module Sequences
Semantic processing of module FiniteSets
Semantic processing of module HybridProtocol_TLA
Semantic processing of module TLC
Semantic processing of module MC
@!@!@STARTMSG 2219:0 @!@!@
SANY finished.
@!@!@ENDMSG 2219 @!@!@
@!@!@STARTMSG 2185:0 @!@!@
Starting... (2024-02-20 22:27:04)
@!@!@ENDMSG 2185 @!@!@
@!@!@STARTMSG 2212:0 @!@!@
Implied-temporal checking--satisfiability problem has 1 branches.
@!@!@ENDMSG 2212 @!@!@
@!@!@STARTMSG 2189:0 @!@!@
Computing initial states...
@!@!@ENDMSG 2189 @!@!@
@!@!@STARTMSG 2190:0 @!@!@
Finished computing initial states: 1 distinct state generated at 2024-02-20 22:27:07.
@!@!@ENDMSG 2190 @!@!@
@!@!@STARTMSG 2192:0 @!@!@
Checking temporal properties for the current state space with 22 total distinct states at (2024-02-20 22:27:10)
@!@!@ENDMSG 2192 @!@!@
@!@!@STARTMSG 2267:0 @!@!@
Finished checking temporal properties in 00s at 2024-02-20 22:27:10
@!@!@ENDMSG 2267 @!@!@
@!@!@STARTMSG 2200:0 @!@!@
Progress(6) at 2024-02-20 22:27:10: 11,708 states generated (11,708 s/min), 7,351 distinct states found (7,351 ds/min), 7,323 states left on queue.
@!@!@ENDMSG 2200 @!@!@
@!@!@STARTMSG 2192:0 @!@!@
Checking temporal properties for the current state space with 2742 total distinct states at (2024-02-20 22:28:11)
@!@!@ENDMSG 2192 @!@!@
@!@!@STARTMSG 2267:0 @!@!@
Finished checking temporal properties in 00s at 2024-02-20 22:28:11
@!@!@ENDMSG 2267 @!@!@
@!@!@STARTMSG 2200:0 @!@!@
Progress(7) at 2024-02-20 22:28:11: 1,373,868 states generated (1,362,160 s/min), 593,660 distinct states found (586,309 ds/min), 590,911 states left on queue.
@!@!@ENDMSG 2200 @!@!@
@!@!@STARTMSG 2192:0 @!@!@
Checking temporal properties for the current state space with 6153 total distinct states at (2024-02-20 22:29:11)
@!@!@ENDMSG 2192 @!@!@
@!@!@STARTMSG 2267:0 @!@!@
Finished checking temporal properties in 00s at 2024-02-20 22:29:11
@!@!@ENDMSG 2267 @!@!@
@!@!@STARTMSG 2200:0 @!@!@
Progress(7) at 2024-02-20 22:29:11: 2,894,453 states generated (1,520,585 s/min), 1,175,541 distinct states found (581,881 ds/min), 1,169,382 states left on queue.
@!@!@ENDMSG 2200 @!@!@
@!@!@STARTMSG 2192:0 @!@!@
Checking temporal properties for the current state space with 9398 total distinct states at (2024-02-20 22:30:11)
@!@!@ENDMSG 2192 @!@!@
@!@!@STARTMSG 2267:0 @!@!@
Finished checking temporal properties in 00s at 2024-02-20 22:30:11
@!@!@ENDMSG 2267 @!@!@
@!@!@STARTMSG 2200:0 @!@!@
Progress(7) at 2024-02-20 22:30:11: 4,326,693 states generated (1,432,240 s/min), 1,767,969 distinct states found (592,428 ds/min), 1,758,566 states left on queue.
@!@!@ENDMSG 2200 @!@!@
@!@!@STARTMSG 2192:0 @!@!@
Checking temporal properties for the current state space with 12439 total distinct states at (2024-02-20 22:31:11)
@!@!@ENDMSG 2192 @!@!@
@!@!@STARTMSG 2267:0 @!@!@
Finished checking temporal properties in 00s at 2024-02-20 22:31:11
@!@!@ENDMSG 2267 @!@!@
@!@!@STARTMSG 2200:0 @!@!@
Progress(7) at 2024-02-20 22:31:11: 5,694,859 states generated (1,368,166 s/min), 2,362,618 distinct states found (594,649 ds/min), 2,350,173 states left on queue.
@!@!@ENDMSG 2200 @!@!@
@!@!@STARTMSG 2192:0 @!@!@
Checking temporal properties for the current state space with 15769 total distinct states at (2024-02-20 22:32:11)
@!@!@ENDMSG 2192 @!@!@
@!@!@STARTMSG 2267:0 @!@!@
Finished checking temporal properties in 00s at 2024-02-20 22:32:11
@!@!@ENDMSG 2267 @!@!@
@!@!@STARTMSG 2200:0 @!@!@
Progress(7) at 2024-02-20 22:32:11: 7,153,945 states generated (1,459,086 s/min), 2,946,661 distinct states found (584,043 ds/min), 2,930,885 states left on queue.
@!@!@ENDMSG 2200 @!@!@
@!@!@STARTMSG 2192:0 @!@!@
Checking temporal properties for the current state space with 19048 total distinct states at (2024-02-20 22:33:11)
@!@!@ENDMSG 2192 @!@!@
@!@!@STARTMSG 2267:0 @!@!@
Finished checking temporal properties in 00s at 2024-02-20 22:33:11
@!@!@ENDMSG 2267 @!@!@
@!@!@STARTMSG 2200:0 @!@!@
Progress(7) at 2024-02-20 22:33:11: 8,627,235 states generated (1,473,290 s/min), 3,536,757 distinct states found (590,096 ds/min), 3,517,701 states left on queue.
@!@!@ENDMSG 2200 @!@!@
@!@!@STARTMSG 2192:0 @!@!@
Checking temporal properties for the current state space with 21973 total distinct states at (2024-02-20 22:34:11)
@!@!@ENDMSG 2192 @!@!@
@!@!@STARTMSG 2267:0 @!@!@
Finished checking temporal properties in 00s at 2024-02-20 22:34:11
@!@!@ENDMSG 2267 @!@!@
@!@!@STARTMSG 2200:0 @!@!@
Progress(7) at 2024-02-20 22:34:11: 10,039,080 states generated (1,411,845 s/min), 4,116,797 distinct states found (580,040 ds/min), 4,094,816 states left on queue.
@!@!@ENDMSG 2200 @!@!@
@!@!@STARTMSG 2192:0 @!@!@
Checking temporal properties for the current state space with 25218 total distinct states at (2024-02-20 22:35:11)
@!@!@ENDMSG 2192 @!@!@
@!@!@STARTMSG 2267:0 @!@!@
Finished checking temporal properties in 00s at 2024-02-20 22:35:12
@!@!@ENDMSG 2267 @!@!@
@!@!@STARTMSG 2200:0 @!@!@
Progress(7) at 2024-02-20 22:35:12: 11,509,931 states generated (1,470,851 s/min), 4,684,157 distinct states found (567,360 ds/min), 4,658,933 states left on queue.
@!@!@ENDMSG 2200 @!@!@
@!@!@STARTMSG 2192:0 @!@!@
Checking temporal properties for the current state space with 28284 total distinct states at (2024-02-20 22:36:12)
@!@!@ENDMSG 2192 @!@!@
@!@!@STARTMSG 2267:0 @!@!@
Finished checking temporal properties in 00s at 2024-02-20 22:36:12
@!@!@ENDMSG 2267 @!@!@
@!@!@STARTMSG 2200:0 @!@!@
Progress(7) at 2024-02-20 22:36:12: 12,874,509 states generated (1,364,578 s/min), 5,262,368 distinct states found (578,211 ds/min), 5,234,078 states left on queue.
@!@!@ENDMSG 2200 @!@!@
@!@!@STARTMSG 2192:0 @!@!@
Checking temporal properties for the current state space with 31450 total distinct states at (2024-02-20 22:37:12)
@!@!@ENDMSG 2192 @!@!@
@!@!@STARTMSG 2267:0 @!@!@
Finished checking temporal properties in 00s at 2024-02-20 22:37:12
@!@!@ENDMSG 2267 @!@!@
@!@!@STARTMSG 2200:0 @!@!@
Progress(7) at 2024-02-20 22:37:12: 14,315,889 states generated (1,441,380 s/min), 5,833,946 distinct states found (571,578 ds/min), 5,802,489 states left on queue.
@!@!@ENDMSG 2200 @!@!@
@!@!@STARTMSG 2192:0 @!@!@
Checking temporal properties for the current state space with 34758 total distinct states at (2024-02-20 22:38:12)
@!@!@ENDMSG 2192 @!@!@
@!@!@STARTMSG 2267:0 @!@!@
Finished checking temporal properties in 00s at 2024-02-20 22:38:12
@!@!@ENDMSG 2267 @!@!@
@!@!@STARTMSG 2200:0 @!@!@
Progress(7) at 2024-02-20 22:38:12: 15,800,810 states generated (1,484,921 s/min), 6,417,492 distinct states found (583,546 ds/min), 6,382,729 states left on queue.
@!@!@ENDMSG 2200 @!@!@
@!@!@STARTMSG 2200:0 @!@!@
Progress(7) at 2024-02-20 22:39:12: 17,166,028 states generated (1,365,218 s/min), 6,997,848 distinct states found (580,356 ds/min), 6,960,026 states left on queue.
@!@!@ENDMSG 2200 @!@!@
@!@!@STARTMSG 2192:0 @!@!@
Checking temporal properties for the current state space with 41113 total distinct states at (2024-02-20 22:40:12)
@!@!@ENDMSG 2192 @!@!@
@!@!@STARTMSG 2267:0 @!@!@
Finished checking temporal properties in 00s at 2024-02-20 22:40:12
@!@!@ENDMSG 2267 @!@!@
@!@!@STARTMSG 2200:0 @!@!@
Progress(7) at 2024-02-20 22:40:12: 18,604,825 states generated (1,438,797 s/min), 7,574,197 distinct states found (576,349 ds/min), 7,533,074 states left on queue.
@!@!@ENDMSG 2200 @!@!@
@!@!@STARTMSG 2200:0 @!@!@
Progress(7) at 2024-02-20 22:41:12: 20,086,551 states generated (1,481,726 s/min), 8,149,056 distinct states found (574,859 ds/min), 8,104,580 states left on queue.
@!@!@ENDMSG 2200 @!@!@
@!@!@STARTMSG 2192:0 @!@!@
Checking temporal properties for the current state space with 47545 total distinct states at (2024-02-20 22:42:12)
@!@!@ENDMSG 2192 @!@!@
@!@!@STARTMSG 2267:0 @!@!@
Finished checking temporal properties in 00s at 2024-02-20 22:42:12
@!@!@ENDMSG 2267 @!@!@
@!@!@STARTMSG 2200:0 @!@!@
Progress(7) at 2024-02-20 22:42:12: 21,395,989 states generated (1,309,438 s/min), 8,725,739 distinct states found (576,683 ds/min), 8,678,188 states left on queue.
@!@!@ENDMSG 2200 @!@!@
@!@!@STARTMSG 2200:0 @!@!@
Progress(7) at 2024-02-20 22:43:12: 22,830,131 states generated (1,434,142 s/min), 9,305,048 distinct states found (579,309 ds/min), 9,254,223 states left on queue.
@!@!@ENDMSG 2200 @!@!@
@!@!@STARTMSG 2192:0 @!@!@
Checking temporal properties for the current state space with 54104 total distinct states at (2024-02-20 22:44:12)
@!@!@ENDMSG 2192 @!@!@
@!@!@STARTMSG 2267:0 @!@!@
Finished checking temporal properties in 00s at 2024-02-20 22:44:12
@!@!@ENDMSG 2267 @!@!@
@!@!@STARTMSG 2200:0 @!@!@
Progress(7) at 2024-02-20 22:44:12: 24,240,669 states generated (1,410,538 s/min), 9,878,870 distinct states found (573,822 ds/min), 9,824,758 states left on queue.
@!@!@ENDMSG 2200 @!@!@
@!@!@STARTMSG 2200:0 @!@!@
Progress(7) at 2024-02-20 22:45:12: 25,640,046 states generated (1,399,377 s/min), 10,454,028 distinct states found (575,158 ds/min), 10,396,797 states left on queue.
@!@!@ENDMSG 2200 @!@!@
@!@!@STARTMSG 2192:0 @!@!@
Checking temporal properties for the current state space with 60535 total distinct states at (2024-02-20 22:46:12)
@!@!@ENDMSG 2192 @!@!@
@!@!@STARTMSG 2267:0 @!@!@
Finished checking temporal properties in 00s at 2024-02-20 22:46:12
@!@!@ENDMSG 2267 @!@!@
@!@!@STARTMSG 2200:0 @!@!@
Progress(7) at 2024-02-20 22:46:12: 27,081,472 states generated (1,441,426 s/min), 11,026,883 distinct states found (572,855 ds/min), 10,966,342 states left on queue.
@!@!@ENDMSG 2200 @!@!@
@!@!@STARTMSG 2200:0 @!@!@
Progress(7) at 2024-02-20 22:47:12: 28,481,524 states generated (1,400,052 s/min), 11,596,054 distinct states found (569,171 ds/min), 11,532,160 states left on queue.
@!@!@ENDMSG 2200 @!@!@
@!@!@STARTMSG 2192:0 @!@!@
Checking temporal properties for the current state space with 67031 total distinct states at (2024-02-20 22:48:13)
@!@!@ENDMSG 2192 @!@!@
@!@!@STARTMSG 2267:0 @!@!@
Finished checking temporal properties in 00s at 2024-02-20 22:48:13
@!@!@ENDMSG 2267 @!@!@
@!@!@STARTMSG 2200:0 @!@!@
Progress(7) at 2024-02-20 22:48:13: 29,846,369 states generated (1,364,845 s/min), 12,170,922 distinct states found (574,868 ds/min), 12,103,884 states left on queue.
@!@!@ENDMSG 2200 @!@!@
@!@!@STARTMSG 2200:0 @!@!@
Progress(7) at 2024-02-20 22:49:13: 31,220,785 states generated (1,374,416 s/min), 12,735,719 distinct states found (564,797 ds/min), 12,665,536 states left on queue.
@!@!@ENDMSG 2200 @!@!@
@!@!@STARTMSG 2200:0 @!@!@
Progress(7) at 2024-02-20 22:50:13: 32,642,365 states generated (1,421,580 s/min), 13,307,110 distinct states found (571,391 ds/min), 13,233,672 states left on queue.
@!@!@ENDMSG 2200 @!@!@
@!@!@STARTMSG 2192:0 @!@!@
Checking temporal properties for the current state space with 76725 total distinct states at (2024-02-20 22:51:13)
@!@!@ENDMSG 2192 @!@!@
@!@!@STARTMSG 2267:0 @!@!@
Finished checking temporal properties in 00s at 2024-02-20 22:51:13
@!@!@ENDMSG 2267 @!@!@
@!@!@STARTMSG 2200:0 @!@!@
Progress(7) at 2024-02-20 22:51:13: 34,079,978 states generated (1,437,613 s/min), 13,884,969 distinct states found (577,859 ds/min), 13,808,237 states left on queue.
@!@!@ENDMSG 2200 @!@!@
@!@!@STARTMSG 2200:0 @!@!@
Progress(7) at 2024-02-20 22:52:13: 35,491,364 states generated (1,411,386 s/min), 14,474,885 distinct states found (589,916 ds/min), 14,395,041 states left on queue.
@!@!@ENDMSG 2200 @!@!@
