@!@!@STARTMSG 2262:0 @!@!@
TLC2 Version 2.16 of 31 December 2020 (rev: cdddf55)
@!@!@ENDMSG 2262 @!@!@
@!@!@STARTMSG 2187:0 @!@!@
Running breadth-first search Model-Checking with fp 37 and seed -7588516310801222383 with 4 workers on 8 cores with 1214MB heap and 2730MB offheap memory [pid: 2722] (Mac OS X 10.16 x86_64, AdoptOpenJDK 14.0.1 x86_64, OffHeapDiskFPSet, DiskStateQueue).
@!@!@ENDMSG 2187 @!@!@
@!@!@STARTMSG 2220:0 @!@!@
Starting SANY...
@!@!@ENDMSG 2220 @!@!@
Parsing file /Volumes/StudyMaterials/Project/EESYSTEM_TOC/HybridProtocol_TLA.toolbox/Model_Strong_Causal/MC.tla
Parsing file /Volumes/StudyMaterials/Project/EESYSTEM_TOC/HybridProtocol_TLA.toolbox/Model_Strong_Causal/HybridProtocol_TLA.tla
Parsing file /Applications/TLA+ Toolbox.app/Contents/Eclipse/plugins/org.lamport.tlatools_1.0.0.202012311918/tla2sany/StandardModules/TLC.tla
Parsing file /Applications/TLA+ Toolbox.app/Contents/Eclipse/plugins/org.lamport.tlatools_1.0.0.202012311918/tla2sany/StandardModules/Naturals.tla
Parsing file /Applications/TLA+ Toolbox.app/Contents/Eclipse/plugins/org.lamport.tlatools_1.0.0.202012311918/tla2sany/StandardModules/FiniteSets.tla
Parsing file /Applications/TLA+ Toolbox.app/Contents/Eclipse/plugins/org.lamport.tlatools_1.0.0.202012311918/tla2sany/StandardModules/Sequences.tla
Semantic processing of module Naturals
Semantic processing of module Sequences
Semantic processing of module FiniteSets
Semantic processing of module HybridProtocol_TLA
Semantic processing of module TLC
Semantic processing of module MC
@!@!@STARTMSG 2219:0 @!@!@
SANY finished.
@!@!@ENDMSG 2219 @!@!@
@!@!@STARTMSG 2185:0 @!@!@
Starting... (2024-01-29 04:48:45)
@!@!@ENDMSG 2185 @!@!@
@!@!@STARTMSG 2189:0 @!@!@
Computing initial states...
@!@!@ENDMSG 2189 @!@!@
@!@!@STARTMSG 2190:0 @!@!@
Finished computing initial states: 1 distinct state generated at 2024-01-29 04:48:46.
@!@!@ENDMSG 2190 @!@!@
@!@!@STARTMSG 2110:1 @!@!@
Invariant TypeOK is violated.
@!@!@ENDMSG 2110 @!@!@
@!@!@STARTMSG 2121:1 @!@!@
The behavior up to this point is:
@!@!@ENDMSG 2121 @!@!@
@!@!@STARTMSG 2217:4 @!@!@
1: <Initial predicate>
/\ sentMsg = {}
/\ executed = <<{}, {}, {}, {}, {}>>
/\ crtInst = <<1, 1, 1, 1, 1>>
/\ clk = <<1, 1, 1, 1, 1>>
/\ ballots = 1
/\ cmdLog = <<{}, {}, {}, {}, {}>>
/\ leaderOfInst = <<{}, {}, {}, {}, {}>>
/\ committed = ( <<1, 1>> :> {} @@
  <<1, 2>> :> {} @@
  <<2, 1>> :> {} @@
  <<2, 2>> :> {} @@
  <<3, 1>> :> {} @@
  <<3, 2>> :> {} @@
  <<4, 1>> :> {} @@
  <<4, 2>> :> {} @@
  <<5, 1>> :> {} @@
  <<5, 2>> :> {} )
/\ proposed = {}
/\ preparing = <<{}, {}, {}, {}, {}>>

@!@!@ENDMSG 2217 @!@!@
@!@!@STARTMSG 2217:4 @!@!@
2: <CommandLeaderAction line 1322, col 9 to line 1325, col 72 of module HybridProtocol_TLA>
/\ sentMsg = { [ type |-> "commit",
    src |-> 1,
    dst |-> 2,
    inst |-> <<1, 1>>,
    ballot |-> <<0, 1>>,
    cmd |-> [op |-> {[key |-> "x", type |-> "w"]}],
    deps |-> {},
    seq |-> 3,
    consistency |-> "causal",
    ctxid |-> 1,
    clk |-> 2 ],
  [ type |-> "commit",
    src |-> 1,
    dst |-> 3,
    inst |-> <<1, 1>>,
    ballot |-> <<0, 1>>,
    cmd |-> [op |-> {[key |-> "x", type |-> "w"]}],
    deps |-> {},
    seq |-> 3,
    consistency |-> "causal",
    ctxid |-> 1,
    clk |-> 2 ] }
/\ executed = <<{}, {}, {}, {}, {}>>
/\ crtInst = <<2, 1, 1, 1, 1>>
/\ clk = <<2, 1, 1, 1, 1>>
/\ ballots = 1
/\ cmdLog = << { [ inst |-> <<1, 1>>,
       ballot |-> <<0, 1>>,
       cmd |-> [op |-> {[key |-> "x", type |-> "w"]}],
       deps |-> {},
       seq |-> 3,
       consistency |-> "causal",
       ctxid |-> 1,
       status |-> "causally-committed",
       state |-> "done" ] },
   {},
   {},
   {},
   {} >>
/\ leaderOfInst = <<{<<1, 1>>}, {}, {}, {}, {}>>
/\ committed = ( <<1, 1>> :> {} @@
  <<1, 2>> :> {} @@
  <<2, 1>> :> {} @@
  <<2, 2>> :> {} @@
  <<3, 1>> :> {} @@
  <<3, 2>> :> {} @@
  <<4, 1>> :> {} @@
  <<4, 2>> :> {} @@
  <<5, 1>> :> {} @@
  <<5, 2>> :> {} )
/\ proposed = {[op |-> {[key |-> "x", type |-> "w"]}]}
/\ preparing = <<{}, {}, {}, {}, {}>>

@!@!@ENDMSG 2217 @!@!@
@!@!@STARTMSG 2200:0 @!@!@
Progress(2) at 2024-01-29 04:48:47: 2 states generated (44 s/min), 2 distinct states found (44 ds/min), 0 states left on queue.
@!@!@ENDMSG 2200 @!@!@
@!@!@STARTMSG 2199:0 @!@!@
2 states generated, 2 distinct states found, 0 states left on queue.
@!@!@ENDMSG 2199 @!@!@
@!@!@STARTMSG 2194:0 @!@!@
The depth of the complete state graph search is 2.
@!@!@ENDMSG 2194 @!@!@
@!@!@STARTMSG 2186:0 @!@!@
Finished in 2754ms at (2024-01-29 04:48:47)
@!@!@ENDMSG 2186 @!@!@
