@!@!@STARTMSG 2262:0 @!@!@
TLC2 Version 2.16 of 31 December 2020 (rev: cdddf55)
@!@!@ENDMSG 2262 @!@!@
@!@!@STARTMSG 2187:0 @!@!@
Running breadth-first search Model-Checking with fp 90 and seed 4512911368450208480 with 4 workers on 8 cores with 1214MB heap and 2730MB offheap memory [pid: 1997] (Mac OS X 10.16 x86_64, AdoptOpenJDK 14.0.1 x86_64, OffHeapDiskFPSet, DiskStateQueue).
@!@!@ENDMSG 2187 @!@!@
@!@!@STARTMSG 2220:0 @!@!@
Starting SANY...
@!@!@ENDMSG 2220 @!@!@
Parsing file /Volumes/StudyMaterials/Project/EESYSTEM_TOC/HybridProtocol_TLA.toolbox/Model_Strong_Causal/MC.tla
Parsing file /Volumes/StudyMaterials/Project/EESYSTEM_TOC/HybridProtocol_TLA.toolbox/Model_Strong_Causal/HybridProtocol_TLA.tla
Parsing file /Applications/TLA+ Toolbox.app/Contents/Eclipse/plugins/org.lamport.tlatools_1.0.0.202012311918/tla2sany/StandardModules/TLC.tla
Parsing file /Applications/TLA+ Toolbox.app/Contents/Eclipse/plugins/org.lamport.tlatools_1.0.0.202012311918/tla2sany/StandardModules/Naturals.tla
Parsing file /Applications/TLA+ Toolbox.app/Contents/Eclipse/plugins/org.lamport.tlatools_1.0.0.202012311918/tla2sany/StandardModules/FiniteSets.tla
Parsing file /Applications/TLA+ Toolbox.app/Contents/Eclipse/plugins/org.lamport.tlatools_1.0.0.202012311918/tla2sany/StandardModules/Sequences.tla
Semantic processing of module Naturals
Semantic processing of module Sequences
Semantic processing of module FiniteSets
Semantic processing of module HybridProtocol_TLA
Semantic processing of module TLC
Semantic processing of module MC
@!@!@STARTMSG 2219:0 @!@!@
SANY finished.
@!@!@ENDMSG 2219 @!@!@
@!@!@STARTMSG 2185:0 @!@!@
Starting... (2024-01-29 02:14:01)
@!@!@ENDMSG 2185 @!@!@
@!@!@STARTMSG 2189:0 @!@!@
Computing initial states...
@!@!@ENDMSG 2189 @!@!@
@!@!@STARTMSG 2190:0 @!@!@
Finished computing initial states: 1 distinct state generated at 2024-01-29 02:14:02.
@!@!@ENDMSG 2190 @!@!@
@!@!@STARTMSG 2200:0 @!@!@
Progress(5) at 2024-01-29 02:14:05: 98,732 states generated (98,732 s/min), 70,778 distinct states found (70,778 ds/min), 69,493 states left on queue.
@!@!@ENDMSG 2200 @!@!@
@!@!@STARTMSG 2200:0 @!@!@
Progress(6) at 2024-01-29 02:15:05: 9,732,513 states generated (9,633,781 s/min), 6,861,800 distinct states found (6,791,022 ds/min), 6,721,309 states left on queue.
@!@!@ENDMSG 2200 @!@!@
@!@!@STARTMSG 2200:0 @!@!@
Progress(6) at 2024-01-29 02:16:05: 19,605,035 states generated (9,872,522 s/min), 13,875,735 distinct states found (7,013,935 ds/min), 13,592,484 states left on queue.
@!@!@ENDMSG 2200 @!@!@
@!@!@STARTMSG 2200:0 @!@!@
Progress(6) at 2024-01-29 02:17:05: 29,071,220 states generated (9,466,185 s/min), 20,920,254 distinct states found (7,044,519 ds/min), 20,494,492 states left on queue.
@!@!@ENDMSG 2200 @!@!@
@!@!@STARTMSG 2200:0 @!@!@
Progress(6) at 2024-01-29 02:18:05: 38,464,595 states generated (9,393,375 s/min), 28,120,415 distinct states found (7,200,161 ds/min), 27,548,303 states left on queue.
@!@!@ENDMSG 2200 @!@!@
@!@!@STARTMSG 2200:0 @!@!@
Progress(6) at 2024-01-29 02:19:05: 47,766,283 states generated (9,301,688 s/min), 34,907,496 distinct states found (6,787,081 ds/min), 34,195,042 states left on queue.
@!@!@ENDMSG 2200 @!@!@
@!@!@STARTMSG 2200:0 @!@!@
Progress(6) at 2024-01-29 02:20:05: 57,173,994 states generated (9,407,711 s/min), 41,167,832 distinct states found (6,260,336 ds/min), 40,318,753 states left on queue.
@!@!@ENDMSG 2200 @!@!@
@!@!@STARTMSG 2200:0 @!@!@
Progress(6) at 2024-01-29 02:21:05: 66,557,196 states generated (9,383,202 s/min), 45,930,935 distinct states found (4,763,103 ds/min), 44,965,762 states left on queue.
@!@!@ENDMSG 2200 @!@!@
@!@!@STARTMSG 2200:0 @!@!@
Progress(7) at 2024-01-29 02:22:05: 75,671,854 states generated (9,114,658 s/min), 52,353,335 distinct states found (6,422,400 ds/min), 51,256,324 states left on queue.
@!@!@ENDMSG 2200 @!@!@
@!@!@STARTMSG 2200:0 @!@!@
Progress(7) at 2024-01-29 02:23:05: 84,566,451 states generated (8,894,597 s/min), 58,756,047 distinct states found (6,402,712 ds/min), 57,532,451 states left on queue.
@!@!@ENDMSG 2200 @!@!@
@!@!@STARTMSG 2200:0 @!@!@
Progress(7) at 2024-01-29 02:24:05: 93,458,719 states generated (8,892,268 s/min), 65,180,195 distinct states found (6,424,148 ds/min), 63,830,467 states left on queue.
@!@!@ENDMSG 2200 @!@!@
@!@!@STARTMSG 2200:0 @!@!@
Progress(7) at 2024-01-29 02:25:05: 102,403,746 states generated (8,945,027 s/min), 71,352,037 distinct states found (6,171,842 ds/min), 69,879,839 states left on queue.
@!@!@ENDMSG 2200 @!@!@
