@!@!@STARTMSG 2262:0 @!@!@
TLC2 Version 2.16 of 31 December 2020 (rev: cdddf55)
@!@!@ENDMSG 2262 @!@!@
@!@!@STARTMSG 2187:0 @!@!@
Running breadth-first search Model-Checking with fp 80 and seed -5240152197320815843 with 6 workers on 8 cores with 1943MB heap and 4368MB offheap memory [pid: 2909] (Mac OS X 10.16 x86_64, AdoptOpenJDK 14.0.1 x86_64, OffHeapDiskFPSet, DiskStateQueue).
@!@!@ENDMSG 2187 @!@!@
@!@!@STARTMSG 2220:0 @!@!@
Starting SANY...
@!@!@ENDMSG 2220 @!@!@
Parsing file /Volumes/StudyMaterials/Project/EESYSTEM_TOC/HybridProtocol_TLA.toolbox/Model_Strong_Causal/MC.tla
Parsing file /Volumes/StudyMaterials/Project/EESYSTEM_TOC/HybridProtocol_TLA.toolbox/Model_Strong_Causal/HybridProtocol_TLA.tla
Parsing file /Applications/TLA+ Toolbox.app/Contents/Eclipse/plugins/org.lamport.tlatools_1.0.0.202012311918/tla2sany/StandardModules/TLC.tla
Parsing file /Applications/TLA+ Toolbox.app/Contents/Eclipse/plugins/org.lamport.tlatools_1.0.0.202012311918/tla2sany/StandardModules/Naturals.tla
Parsing file /Applications/TLA+ Toolbox.app/Contents/Eclipse/plugins/org.lamport.tlatools_1.0.0.202012311918/tla2sany/StandardModules/FiniteSets.tla
Parsing file /Applications/TLA+ Toolbox.app/Contents/Eclipse/plugins/org.lamport.tlatools_1.0.0.202012311918/tla2sany/StandardModules/Sequences.tla
Semantic processing of module Naturals
Semantic processing of module Sequences
Semantic processing of module FiniteSets
Semantic processing of module HybridProtocol_TLA
Semantic processing of module TLC
Semantic processing of module MC
@!@!@STARTMSG 2219:0 @!@!@
SANY finished.
@!@!@ENDMSG 2219 @!@!@
@!@!@STARTMSG 2185:0 @!@!@
Starting... (2024-03-01 16:45:19)
@!@!@ENDMSG 2185 @!@!@
@!@!@STARTMSG 2212:0 @!@!@
Implied-temporal checking--satisfiability problem has 1 branches.
@!@!@ENDMSG 2212 @!@!@
@!@!@STARTMSG 2189:0 @!@!@
Computing initial states...
@!@!@ENDMSG 2189 @!@!@
@!@!@STARTMSG 2190:0 @!@!@
Finished computing initial states: 1 distinct state generated at 2024-03-01 16:45:20.
@!@!@ENDMSG 2190 @!@!@
@!@!@STARTMSG 2192:0 @!@!@
Checking temporal properties for the current state space with 4674 total distinct states at (2024-03-01 16:45:23)
@!@!@ENDMSG 2192 @!@!@
@!@!@STARTMSG 2267:0 @!@!@
Finished checking temporal properties in 00s at 2024-03-01 16:45:23
@!@!@ENDMSG 2267 @!@!@
@!@!@STARTMSG 2200:0 @!@!@
Progress(7) at 2024-03-01 16:45:23: 59,775 states generated (59,775 s/min), 40,663 distinct states found (40,663 ds/min), 35,983 states left on queue.
@!@!@ENDMSG 2200 @!@!@
@!@!@STARTMSG 2110:1 @!@!@
Invariant TypeOK is violated.
@!@!@ENDMSG 2110 @!@!@
@!@!@STARTMSG 2121:1 @!@!@
The behavior up to this point is:
@!@!@ENDMSG 2121 @!@!@
@!@!@STARTMSG 2217:4 @!@!@
1: <Initial predicate>
/\ sentMsg = {}
/\ executed = <<{}, {}, {}>>
/\ crtInst = <<1, 1, 1>>
/\ clk = <<0, 0, 0>>
/\ ballots = 1
/\ cmdLog = <<{}, {}, {}>>
/\ leaderOfInst = <<{}, {}, {}>>
/\ committed = ( <<1, 1>> :> {} @@
  <<1, 2>> :> {} @@
  <<2, 1>> :> {} @@
  <<2, 2>> :> {} @@
  <<3, 1>> :> {} @@
  <<3, 2>> :> {} )
/\ proposed = {}
/\ preparing = <<{}, {}, {}>>

@!@!@ENDMSG 2217 @!@!@
@!@!@STARTMSG 2217:4 @!@!@
2: <CommandLeaderAction line 1825, col 9 to line 1828, col 72 of module HybridProtocol_TLA>
/\ sentMsg = {[type |-> "pre-accept", inst |-> <<1, 1>>, ballot |-> <<0, 1>>, cmd |-> [op |-> [key |-> "x", type |-> "w"]], deps |-> {}, seq |-> 2, consistency |-> "strong", ctxid |-> 1, commit_order |-> 2, src |-> 1, dst |-> 2, clk |-> 1]}
/\ executed = <<{}, {}, {}>>
/\ crtInst = <<2, 1, 1>>
/\ clk = <<1, 0, 0>>
/\ ballots = 1
/\ cmdLog = <<{[inst |-> <<1, 1>>, status |-> "pre-accepted", state |-> "done", ballot |-> <<0, 1>>, cmd |-> [op |-> [key |-> "x", type |-> "w"]], deps |-> {}, seq |-> 2, consistency |-> "strong", ctxid |-> 1, execution_order |-> 0, execution_order_list |-> {}, commit_order |-> 2]}, {}, {}>>
/\ leaderOfInst = <<{<<1, 1>>}, {}, {}>>
/\ committed = ( <<1, 1>> :> {} @@
  <<1, 2>> :> {} @@
  <<2, 1>> :> {} @@
  <<2, 2>> :> {} @@
  <<3, 1>> :> {} @@
  <<3, 2>> :> {} )
/\ proposed = {[op |-> [key |-> "x", type |-> "w"]]}
/\ preparing = <<{}, {}, {}>>

@!@!@ENDMSG 2217 @!@!@
@!@!@STARTMSG 2217:4 @!@!@
3: <ReplicaAction line 1848, col 13 to line 1849, col 73 of module HybridProtocol_TLA>
/\ sentMsg = {[type |-> "prepare", inst |-> <<1, 1>>, ballot |-> <<1, 2>>, src |-> 2, dst |-> 2], [type |-> "prepare", inst |-> <<1, 1>>, ballot |-> <<1, 2>>, src |-> 2, dst |-> 3], [type |-> "pre-accept", inst |-> <<1, 1>>, ballot |-> <<0, 1>>, cmd |-> [op |-> [key |-> "x", type |-> "w"]], deps |-> {}, seq |-> 2, consistency |-> "strong", ctxid |-> 1, commit_order |-> 2, src |-> 1, dst |-> 2, clk |-> 1]}
/\ executed = <<{}, {}, {}>>
/\ crtInst = <<2, 1, 1>>
/\ clk = <<1, 0, 0>>
/\ ballots = 2
/\ cmdLog = <<{[inst |-> <<1, 1>>, status |-> "pre-accepted", state |-> "done", ballot |-> <<0, 1>>, cmd |-> [op |-> [key |-> "x", type |-> "w"]], deps |-> {}, seq |-> 2, consistency |-> "strong", ctxid |-> 1, execution_order |-> 0, execution_order_list |-> {}, commit_order |-> 2]}, {}, {}>>
/\ leaderOfInst = <<{<<1, 1>>}, {}, {}>>
/\ committed = ( <<1, 1>> :> {} @@
  <<1, 2>> :> {} @@
  <<2, 1>> :> {} @@
  <<2, 2>> :> {} @@
  <<3, 1>> :> {} @@
  <<3, 2>> :> {} )
/\ proposed = {[op |-> [key |-> "x", type |-> "w"]]}
/\ preparing = <<{}, {<<1, 1>>}, {}>>

@!@!@ENDMSG 2217 @!@!@
@!@!@STARTMSG 2217:4 @!@!@
4: <Phase1Reply line 636, col 5 to line 741, col 72 of module HybridProtocol_TLA>
/\ sentMsg = {[type |-> "prepare", inst |-> <<1, 1>>, ballot |-> <<1, 2>>, src |-> 2, dst |-> 2], [type |-> "prepare", inst |-> <<1, 1>>, ballot |-> <<1, 2>>, src |-> 2, dst |-> 3], [type |-> "pre-accept-reply", inst |-> <<1, 1>>, ballot |-> <<0, 1>>, deps |-> {}, seq |-> 3, consistency |-> "strong", ctxid |-> 1, commit_order |-> 2, src |-> 2, dst |-> 1, clk |-> 3, committed |-> {}]}
/\ executed = <<{}, {}, {}>>
/\ crtInst = <<2, 1, 1>>
/\ clk = <<1, 3, 0>>
/\ ballots = 2
/\ cmdLog = <<{[inst |-> <<1, 1>>, status |-> "pre-accepted", state |-> "done", ballot |-> <<0, 1>>, cmd |-> [op |-> [key |-> "x", type |-> "w"]], deps |-> {}, seq |-> 2, consistency |-> "strong", ctxid |-> 1, execution_order |-> 0, execution_order_list |-> {}, commit_order |-> 2]}, {[inst |-> <<1, 1>>, status |-> "pre-accepted", state |-> "done", ballot |-> <<0, 1>>, cmd |-> [op |-> [key |-> "x", type |-> "w"]], deps |-> {}, seq |-> 3, consistency |-> "strong", ctxid |-> 1, execution_order |-> 0, execution_order_list |-> {}, commit_order |-> 2]}, {}>>
/\ leaderOfInst = <<{<<1, 1>>}, {}, {}>>
/\ committed = ( <<1, 1>> :> {} @@
  <<1, 2>> :> {} @@
  <<2, 1>> :> {} @@
  <<2, 2>> :> {} @@
  <<3, 1>> :> {} @@
  <<3, 2>> :> {} )
/\ proposed = {[op |-> [key |-> "x", type |-> "w"]]}
/\ preparing = <<{}, {<<1, 1>>}, {}>>

@!@!@ENDMSG 2217 @!@!@
@!@!@STARTMSG 2217:4 @!@!@
5: <ReplyPrepare line 1234, col 5 to line 1308, col 55 of module HybridProtocol_TLA>
/\ sentMsg = {[type |-> "prepare", inst |-> <<1, 1>>, ballot |-> <<1, 2>>, src |-> 2, dst |-> 3], [type |-> "pre-accept-reply", inst |-> <<1, 1>>, ballot |-> <<0, 1>>, deps |-> {}, seq |-> 3, consistency |-> "strong", ctxid |-> 1, commit_order |-> 2, src |-> 2, dst |-> 1, clk |-> 3, committed |-> {}], [type |-> "prepare-reply", inst |-> <<1, 1>>, status |-> "pre-accepted", ballot |-> <<1, 2>>, cmd |-> [op |-> [key |-> "x", type |-> "w"]], deps |-> {}, seq |-> 3, consistency |-> "strong", ctxid |-> 1, commit_order |-> 2, src |-> 2, dst |-> 2, clk |-> 3, prev_ballot |-> <<0, 1>>]}
/\ executed = <<{}, {}, {}>>
/\ crtInst = <<2, 1, 1>>
/\ clk = <<1, 4, 0>>
/\ ballots = 2
/\ cmdLog = <<{[inst |-> <<1, 1>>, status |-> "pre-accepted", state |-> "done", ballot |-> <<0, 1>>, cmd |-> [op |-> [key |-> "x", type |-> "w"]], deps |-> {}, seq |-> 2, consistency |-> "strong", ctxid |-> 1, execution_order |-> 0, execution_order_list |-> {}, commit_order |-> 2]}, {[inst |-> <<1, 1>>, status |-> "pre-accepted", state |-> "done", ballot |-> <<1, 2>>, cmd |-> [op |-> [key |-> "x", type |-> "w"]], deps |-> {}, seq |-> 3, consistency |-> "strong", ctxid |-> 1, execution_order |-> 0, execution_order_list |-> {}, commit_order |-> 2]}, {}>>
/\ leaderOfInst = <<{<<1, 1>>}, {}, {}>>
/\ committed = ( <<1, 1>> :> {} @@
  <<1, 2>> :> {} @@
  <<2, 1>> :> {} @@
  <<2, 2>> :> {} @@
  <<3, 1>> :> {} @@
  <<3, 2>> :> {} )
/\ proposed = {[op |-> [key |-> "x", type |-> "w"]]}
/\ preparing = <<{}, {<<1, 1>>}, {}>>

@!@!@ENDMSG 2217 @!@!@
@!@!@STARTMSG 2217:4 @!@!@
6: <ReplyPrepare line 1234, col 5 to line 1308, col 55 of module HybridProtocol_TLA>
/\ sentMsg = {[type |-> "pre-accept-reply", inst |-> <<1, 1>>, ballot |-> <<0, 1>>, deps |-> {}, seq |-> 3, consistency |-> "strong", ctxid |-> 1, commit_order |-> 2, src |-> 2, dst |-> 1, clk |-> 3, committed |-> {}], [type |-> "prepare-reply", inst |-> <<1, 1>>, status |-> "not-seen", ballot |-> <<1, 2>>, cmd |-> [op |-> [key |-> "", type |-> ""]], deps |-> {}, seq |-> 0, consistency |-> "not-seen", ctxid |-> 0, commit_order |-> 0, src |-> 3, dst |-> 2, clk |-> 0, prev_ballot |-> <<0, 3>>], [type |-> "prepare-reply", inst |-> <<1, 1>>, status |-> "pre-accepted", ballot |-> <<1, 2>>, cmd |-> [op |-> [key |-> "x", type |-> "w"]], deps |-> {}, seq |-> 3, consistency |-> "strong", ctxid |-> 1, commit_order |-> 2, src |-> 2, dst |-> 2, clk |-> 3, prev_ballot |-> <<0, 1>>]}
/\ executed = <<{}, {}, {}>>
/\ crtInst = <<2, 1, 1>>
/\ clk = <<1, 4, 1>>
/\ ballots = 2
/\ cmdLog = <<{[inst |-> <<1, 1>>, status |-> "pre-accepted", state |-> "done", ballot |-> <<0, 1>>, cmd |-> [op |-> [key |-> "x", type |-> "w"]], deps |-> {}, seq |-> 2, consistency |-> "strong", ctxid |-> 1, execution_order |-> 0, execution_order_list |-> {}, commit_order |-> 2]}, {[inst |-> <<1, 1>>, status |-> "pre-accepted", state |-> "done", ballot |-> <<1, 2>>, cmd |-> [op |-> [key |-> "x", type |-> "w"]], deps |-> {}, seq |-> 3, consistency |-> "strong", ctxid |-> 1, execution_order |-> 0, execution_order_list |-> {}, commit_order |-> 2]}, {[inst |-> <<1, 1>>, status |-> "not-seen", state |-> "not-seen", ballot |-> <<1, 2>>, cmd |-> [op |-> [key |-> "", type |-> ""]], deps |-> {}, seq |-> 0, consistency |-> "not-seen", ctxid |-> 0, execution_order |-> 0, execution_order_list |-> {}, commit_order |-> 0]}>>
/\ leaderOfInst = <<{<<1, 1>>}, {}, {}>>
/\ committed = ( <<1, 1>> :> {} @@
  <<1, 2>> :> {} @@
  <<2, 1>> :> {} @@
  <<2, 2>> :> {} @@
  <<3, 1>> :> {} @@
  <<3, 2>> :> {} )
/\ proposed = {[op |-> [key |-> "x", type |-> "w"]]}
/\ preparing = <<{}, {<<1, 1>>}, {}>>

@!@!@ENDMSG 2217 @!@!@
@!@!@STARTMSG 2217:4 @!@!@
7: <ReplicaAction line 1851, col 13 to line 1852, col 74 of module HybridProtocol_TLA>
/\ sentMsg = {[type |-> "accept", inst |-> <<1, 1>>, ballot |-> <<1, 2>>, cmd |-> [op |-> [key |-> "x", type |-> "w"]], deps |-> {}, seq |-> 3, consistency |-> "strong", ctxid |-> 1, src |-> 2, dst |-> 3], [type |-> "pre-accept-reply", inst |-> <<1, 1>>, ballot |-> <<0, 1>>, deps |-> {}, seq |-> 3, consistency |-> "strong", ctxid |-> 1, commit_order |-> 2, src |-> 2, dst |-> 1, clk |-> 3, committed |-> {}]}
/\ executed = <<{}, {}, {}>>
/\ crtInst = <<2, 1, 1>>
/\ clk = <<1, 5, 1>>
/\ ballots = 2
/\ cmdLog = <<{[inst |-> <<1, 1>>, status |-> "pre-accepted", state |-> "done", ballot |-> <<0, 1>>, cmd |-> [op |-> [key |-> "x", type |-> "w"]], deps |-> {}, seq |-> 2, consistency |-> "strong", ctxid |-> 1, execution_order |-> 0, execution_order_list |-> {}, commit_order |-> 2]}, {[inst |-> <<1, 1>>, status |-> "accepted", ballot |-> <<1, 2>>, cmd |-> [op |-> [key |-> "x", type |-> "w"]], deps |-> {}, seq |-> 3, consistency |-> "strong", ctxid |-> 1, execution_order |-> 0, execution_order_list |-> {}]}, {[inst |-> <<1, 1>>, status |-> "not-seen", state |-> "not-seen", ballot |-> <<1, 2>>, cmd |-> [op |-> [key |-> "", type |-> ""]], deps |-> {}, seq |-> 0, consistency |-> "not-seen", ctxid |-> 0, execution_order |-> 0, execution_order_list |-> {}, commit_order |-> 0]}>>
/\ leaderOfInst = <<{<<1, 1>>}, {<<1, 1>>}, {}>>
/\ committed = ( <<1, 1>> :> {} @@
  <<1, 2>> :> {} @@
  <<2, 1>> :> {} @@
  <<2, 2>> :> {} @@
  <<3, 1>> :> {} @@
  <<3, 2>> :> {} )
/\ proposed = {[op |-> [key |-> "x", type |-> "w"]]}
/\ preparing = <<{}, {}, {}>>

@!@!@ENDMSG 2217 @!@!@
@!@!@STARTMSG 2200:0 @!@!@
Progress(9) at 2024-03-01 16:45:35: 1,290,311 states generated (4,386,326 s/min), 693,031 distinct states found (2,355,912 ds/min), 569,305 states left on queue.
@!@!@ENDMSG 2200 @!@!@
@!@!@STARTMSG 2199:0 @!@!@
1290311 states generated, 693031 distinct states found, 569305 states left on queue.
@!@!@ENDMSG 2199 @!@!@
@!@!@STARTMSG 2194:0 @!@!@
The depth of the complete state graph search is 9.
@!@!@ENDMSG 2194 @!@!@
@!@!@STARTMSG 2268:0 @!@!@
The average outdegree of the complete state graph is 6 (minimum is 0, the maximum 18 and the 95th percentile is 12).
@!@!@ENDMSG 2268 @!@!@
@!@!@STARTMSG 2186:0 @!@!@
Finished in 17668ms at (2024-03-01 16:45:35)
@!@!@ENDMSG 2186 @!@!@
