@!@!@STARTMSG 2262:0 @!@!@
TLC2 Version 2.16 of 31 December 2020 (rev: cdddf55)
@!@!@ENDMSG 2262 @!@!@
@!@!@STARTMSG 2187:0 @!@!@
Running breadth-first search Model-Checking with fp 23 and seed -5982062375230607583 with 64 workers on 8 cores with 1943MB heap and 4368MB offheap memory [pid: 19698] (Mac OS X 10.16 x86_64, AdoptOpenJDK 14.0.1 x86_64, OffHeapDiskFPSet, DiskStateQueue).
@!@!@ENDMSG 2187 @!@!@
@!@!@STARTMSG 2220:0 @!@!@
Starting SANY...
@!@!@ENDMSG 2220 @!@!@
Parsing file /Volumes/StudyMaterials/Project/EESYSTEM_TOC/HybridProtocol_TLA.toolbox/Model_Strong_Causal/MC.tla
Parsing file /Volumes/StudyMaterials/Project/EESYSTEM_TOC/HybridProtocol_TLA.toolbox/Model_Strong_Causal/HybridProtocol_TLA.tla
Parsing file /Applications/TLA+ Toolbox.app/Contents/Eclipse/plugins/org.lamport.tlatools_1.0.0.202012311918/tla2sany/StandardModules/TLC.tla
Parsing file /Applications/TLA+ Toolbox.app/Contents/Eclipse/plugins/org.lamport.tlatools_1.0.0.202012311918/tla2sany/StandardModules/Naturals.tla
Parsing file /Applications/TLA+ Toolbox.app/Contents/Eclipse/plugins/org.lamport.tlatools_1.0.0.202012311918/tla2sany/StandardModules/FiniteSets.tla
Parsing file /Applications/TLA+ Toolbox.app/Contents/Eclipse/plugins/org.lamport.tlatools_1.0.0.202012311918/tla2sany/StandardModules/Sequences.tla
Semantic processing of module Naturals
Semantic processing of module Sequences
Semantic processing of module FiniteSets
Semantic processing of module HybridProtocol_TLA
Semantic processing of module TLC
Semantic processing of module MC
@!@!@STARTMSG 2219:0 @!@!@
SANY finished.
@!@!@ENDMSG 2219 @!@!@
@!@!@STARTMSG 2185:0 @!@!@
Starting... (2024-02-28 01:57:48)
@!@!@ENDMSG 2185 @!@!@
@!@!@STARTMSG 2212:0 @!@!@
Implied-temporal checking--satisfiability problem has 1 branches.
@!@!@ENDMSG 2212 @!@!@
@!@!@STARTMSG 2189:0 @!@!@
Computing initial states...
@!@!@ENDMSG 2189 @!@!@
@!@!@STARTMSG 2102:1 @!@!@
TLC attempted to evaluate an unbounded CHOOSE.
Make sure that the expression is of form CHOOSE x \in S: P(x).
line 50, col 9 to line 50, col 36 of module HybridProtocol_TLA
While working on the initial state:
/\ sentMsg = {}
/\ executed = <<{}, {}, {}>>
/\ crtInst = <<1, 1, 1>>
/\ clk = <<0, 0, 0>>
/\ ballots = 1
/\ cmdLog = <<{}, {}, {}>>
/\ leaderOfInst = <<{}, {}, {}>>
/\ committed = ( <<1, 1>> :> {} @@
  <<1, 2>> :> {} @@
  <<1, 3>> :> {} @@
  <<1, 4>> :> {} @@
  <<1, 5>> :> {} @@
  <<1, 6>> :> {} @@
  <<2, 1>> :> {} @@
  <<2, 2>> :> {} @@
  <<2, 3>> :> {} @@
  <<2, 4>> :> {} @@
  <<2, 5>> :> {} @@
  <<2, 6>> :> {} @@
  <<3, 1>> :> {} @@
  <<3, 2>> :> {} @@
  <<3, 3>> :> {} @@
  <<3, 4>> :> {} @@
  <<3, 5>> :> {} @@
  <<3, 6>> :> {} )
/\ proposed = {}
/\ preparing = <<{}, {}, {}>>

@!@!@ENDMSG 2102 @!@!@
@!@!@STARTMSG 2103:1 @!@!@
The error occurred when TLC was evaluating the nested
expressions at the following positions:
0. Line 195, column 3 to line 204, column 33 in HybridProtocol_TLA
1. Line 195, column 6 to line 195, column 17 in HybridProtocol_TLA
2. Line 196, column 6 to line 196, column 37 in HybridProtocol_TLA
3. Line 197, column 6 to line 197, column 18 in HybridProtocol_TLA
4. Line 198, column 6 to line 198, column 39 in HybridProtocol_TLA
5. Line 199, column 6 to line 199, column 37 in HybridProtocol_TLA
6. Line 200, column 6 to line 200, column 43 in HybridProtocol_TLA
7. Line 201, column 6 to line 201, column 41 in HybridProtocol_TLA
8. Line 202, column 6 to line 202, column 16 in HybridProtocol_TLA
9. Line 203, column 6 to line 203, column 40 in HybridProtocol_TLA
10. Line 204, column 6 to line 204, column 33 in HybridProtocol_TLA
11. Line 161, column 5 to line 184, column 32 in HybridProtocol_TLA
12. Line 179, column 8 to line 181, column 48 in HybridProtocol_TLA
13. Line 179, column 22 to line 181, column 48 in HybridProtocol_TLA
14. Line 179, column 36 to line 181, column 47 in HybridProtocol_TLA
15. Line 179, column 44 to line 181, column 46 in HybridProtocol_TLA
16. Line 179, column 45 to line 179, column 106 in HybridProtocol_TLA
17. Line 179, column 101 to line 179, column 106 in HybridProtocol_TLA
18. Line 179, column 102 to line 179, column 105 in HybridProtocol_TLA
19. Line 50, column 9 to line 50, column 36 in HybridProtocol_TLA


@!@!@ENDMSG 2103 @!@!@
@!@!@STARTMSG 2200:0 @!@!@
Progress(1) at 2024-02-28 01:57:50: 1 states generated (16 s/min), 1 distinct states found (16 ds/min), 1 states left on queue.
@!@!@ENDMSG 2200 @!@!@
@!@!@STARTMSG 2199:0 @!@!@
1 states generated, 1 distinct states found, 1 states left on queue.
@!@!@ENDMSG 2199 @!@!@
@!@!@STARTMSG 2186:0 @!@!@
Finished in 3608ms at (2024-02-28 01:57:50)
@!@!@ENDMSG 2186 @!@!@
