@!@!@STARTMSG 2262:0 @!@!@
TLC2 Version 2.16 of 31 December 2020 (rev: cdddf55)
@!@!@ENDMSG 2262 @!@!@
@!@!@STARTMSG 2187:0 @!@!@
Running breadth-first search Model-Checking with fp 9 and seed -3455441928272919333 with 4 workers on 8 cores with 1214MB heap and 2730MB offheap memory [pid: 41125] (Mac OS X 10.16 x86_64, AdoptOpenJDK 14.0.1 x86_64, OffHeapDiskFPSet, DiskStateQueue).
@!@!@ENDMSG 2187 @!@!@
@!@!@STARTMSG 2220:0 @!@!@
Starting SANY...
@!@!@ENDMSG 2220 @!@!@
Parsing file /Volumes/StudyMaterials/Research/Energy Efficient Distributed System Design/TLA+ Verification/HybridProtocol.toolbox/HybridProtocol.toolbox/Model_1/MC.tla
Parsing file /Volumes/StudyMaterials/Research/Energy Efficient Distributed System Design/TLA+ Verification/HybridProtocol.toolbox/HybridProtocol.toolbox/Model_1/HybridProtocol.tla
Parsing file /Applications/TLA+ Toolbox.app/Contents/Eclipse/plugins/org.lamport.tlatools_1.0.0.202012311918/tla2sany/StandardModules/TLC.tla
Parsing file /Applications/TLA+ Toolbox.app/Contents/Eclipse/plugins/org.lamport.tlatools_1.0.0.202012311918/tla2sany/StandardModules/Naturals.tla
Parsing file /Applications/TLA+ Toolbox.app/Contents/Eclipse/plugins/org.lamport.tlatools_1.0.0.202012311918/tla2sany/StandardModules/FiniteSets.tla
Parsing file /Applications/TLA+ Toolbox.app/Contents/Eclipse/plugins/org.lamport.tlatools_1.0.0.202012311918/tla2sany/StandardModules/Sequences.tla
Semantic processing of module Naturals
Semantic processing of module Sequences
Semantic processing of module FiniteSets
Semantic processing of module HybridProtocol
Semantic processing of module TLC
Semantic processing of module MC
@!@!@STARTMSG 2219:0 @!@!@
SANY finished.
@!@!@ENDMSG 2219 @!@!@
@!@!@STARTMSG 2185:0 @!@!@
Starting... (2023-11-29 07:13:39)
@!@!@ENDMSG 2185 @!@!@
@!@!@STARTMSG 2189:0 @!@!@
Computing initial states...
@!@!@ENDMSG 2189 @!@!@
@!@!@STARTMSG 2190:0 @!@!@
Finished computing initial states: 1 distinct state generated at 2023-11-29 07:13:40.
@!@!@ENDMSG 2190 @!@!@
@!@!@STARTMSG 2200:0 @!@!@
Progress(7) at 2023-11-29 07:13:43: 158,982 states generated (158,982 s/min), 44,722 distinct states found (44,722 ds/min), 34,126 states left on queue.
@!@!@ENDMSG 2200 @!@!@
@!@!@STARTMSG 2114:1 @!@!@
Deadlock reached.
@!@!@ENDMSG 2114 @!@!@
@!@!@STARTMSG 2121:1 @!@!@
The behavior up to this point is:
@!@!@ENDMSG 2121 @!@!@
@!@!@STARTMSG 2217:4 @!@!@
1: <Initial predicate>
/\ sentMsg = {}
/\ leaderOfInst = <<{}, {}, {}, {}, {}>>
/\ clk = <<1, 1, 1, 1, 1>>
/\ cmdLog = <<{}, {}, {}, {}, {}>>
/\ proposed = {}
/\ crtInst = <<1, 1, 1, 1, 1>>
/\ committed = ( <<1, 1>> :> {} @@
  <<1, 2>> :> {} @@
  <<2, 1>> :> {} @@
  <<2, 2>> :> {} @@
  <<3, 1>> :> {} @@
  <<3, 2>> :> {} @@
  <<4, 1>> :> {} @@
  <<4, 2>> :> {} @@
  <<5, 1>> :> {} @@
  <<5, 2>> :> {} )
/\ executed = <<{}, {}, {}, {}, {}>>
/\ ballots = 1
/\ preparing = <<{}, {}, {}, {}, {}>>

@!@!@ENDMSG 2217 @!@!@
@!@!@STARTMSG 2217:4 @!@!@
2: <CommandLeaderAction line 315, col 9 to line 318, col 72 of module HybridProtocol>
/\ sentMsg = { [ type |-> "commit",
    src |-> 1,
    dst |-> 2,
    inst |-> <<1, 1>>,
    ballot |-> <<0, 1>>,
    cmd |-> 1,
    deps |-> {},
    seq |-> 3,
    consistency |-> "causal",
    ctxid |-> 1,
    clk |-> 2 ],
  [ type |-> "commit",
    src |-> 1,
    dst |-> 3,
    inst |-> <<1, 1>>,
    ballot |-> <<0, 1>>,
    cmd |-> 1,
    deps |-> {},
    seq |-> 3,
    consistency |-> "causal",
    ctxid |-> 1,
    clk |-> 2 ] }
/\ leaderOfInst = <<{<<1, 1>>}, {}, {}, {}, {}>>
/\ clk = <<2, 1, 1, 1, 1>>
/\ cmdLog = << { [ inst |-> <<1, 1>>,
       ballot |-> <<0, 1>>,
       cmd |-> 1,
       deps |-> {},
       seq |-> 3,
       consistency |-> "causal",
       ctxid |-> 1,
       status |-> "committed",
       state |-> "done" ] },
   {},
   {},
   {},
   {} >>
/\ proposed = {1}
/\ crtInst = <<2, 1, 1, 1, 1>>
/\ committed = ( <<1, 1>> :> {} @@
  <<1, 2>> :> {} @@
  <<2, 1>> :> {} @@
  <<2, 2>> :> {} @@
  <<3, 1>> :> {} @@
  <<3, 2>> :> {} @@
  <<4, 1>> :> {} @@
  <<4, 2>> :> {} @@
  <<5, 1>> :> {} @@
  <<5, 2>> :> {} )
/\ executed = <<{}, {}, {}, {}, {}>>
/\ ballots = 1
/\ preparing = <<{}, {}, {}, {}, {}>>

@!@!@ENDMSG 2217 @!@!@
@!@!@STARTMSG 2217:4 @!@!@
3: <CommandLeaderAction line 315, col 9 to line 318, col 72 of module HybridProtocol>
/\ sentMsg = { [ type |-> "commit",
    src |-> 1,
    dst |-> 2,
    inst |-> <<1, 1>>,
    ballot |-> <<0, 1>>,
    cmd |-> 1,
    deps |-> {},
    seq |-> 3,
    consistency |-> "causal",
    ctxid |-> 1,
    clk |-> 2 ],
  [ type |-> "commit",
    src |-> 1,
    dst |-> 2,
    inst |-> <<1, 2>>,
    ballot |-> <<0, 1>>,
    cmd |-> 2,
    deps |-> {<<1, 1>>},
    seq |-> 4,
    consistency |-> "causal",
    ctxid |-> 1,
    clk |-> 3 ],
  [ type |-> "commit",
    src |-> 1,
    dst |-> 3,
    inst |-> <<1, 1>>,
    ballot |-> <<0, 1>>,
    cmd |-> 1,
    deps |-> {},
    seq |-> 3,
    consistency |-> "causal",
    ctxid |-> 1,
    clk |-> 2 ],
  [ type |-> "commit",
    src |-> 1,
    dst |-> 3,
    inst |-> <<1, 2>>,
    ballot |-> <<0, 1>>,
    cmd |-> 2,
    deps |-> {<<1, 1>>},
    seq |-> 4,
    consistency |-> "causal",
    ctxid |-> 1,
    clk |-> 3 ] }
/\ leaderOfInst = <<{<<1, 1>>, <<1, 2>>}, {}, {}, {}, {}>>
/\ clk = <<3, 1, 1, 1, 1>>
/\ cmdLog = << { [ inst |-> <<1, 1>>,
       ballot |-> <<0, 1>>,
       cmd |-> 1,
       deps |-> {},
       seq |-> 3,
       consistency |-> "causal",
       ctxid |-> 1,
       status |-> "committed",
       state |-> "done" ],
     [ inst |-> <<1, 2>>,
       ballot |-> <<0, 1>>,
       cmd |-> 2,
       deps |-> {<<1, 1>>},
       seq |-> 4,
       consistency |-> "causal",
       ctxid |-> 1,
       status |-> "committed",
       state |-> "done" ] },
   {},
   {},
   {},
   {} >>
/\ proposed = {1, 2}
/\ crtInst = <<3, 1, 1, 1, 1>>
/\ committed = ( <<1, 1>> :> {} @@
  <<1, 2>> :> {} @@
  <<2, 1>> :> {} @@
  <<2, 2>> :> {} @@
  <<3, 1>> :> {} @@
  <<3, 2>> :> {} @@
  <<4, 1>> :> {} @@
  <<4, 2>> :> {} @@
  <<5, 1>> :> {} @@
  <<5, 2>> :> {} )
/\ executed = <<{}, {}, {}, {}, {}>>
/\ ballots = 1
/\ preparing = <<{}, {}, {}, {}, {}>>

@!@!@ENDMSG 2217 @!@!@
@!@!@STARTMSG 2217:4 @!@!@
4: <ReplicaAction line 323, col 10 to line 323, col 78 of module HybridProtocol>
/\ sentMsg = { [ type |-> "commit",
    src |-> 1,
    dst |-> 2,
    inst |-> <<1, 1>>,
    ballot |-> <<0, 1>>,
    cmd |-> 1,
    deps |-> {},
    seq |-> 3,
    consistency |-> "causal",
    ctxid |-> 1,
    clk |-> 2 ],
  [ type |-> "commit",
    src |-> 1,
    dst |-> 2,
    inst |-> <<1, 2>>,
    ballot |-> <<0, 1>>,
    cmd |-> 2,
    deps |-> {<<1, 1>>},
    seq |-> 4,
    consistency |-> "causal",
    ctxid |-> 1,
    clk |-> 3 ],
  [ type |-> "commit",
    src |-> 1,
    dst |-> 3,
    inst |-> <<1, 1>>,
    ballot |-> <<0, 1>>,
    cmd |-> 1,
    deps |-> {},
    seq |-> 3,
    consistency |-> "causal",
    ctxid |-> 1,
    clk |-> 2 ],
  [ type |-> "commit",
    src |-> 1,
    dst |-> 3,
    inst |-> <<1, 2>>,
    ballot |-> <<0, 1>>,
    cmd |-> 2,
    deps |-> {<<1, 1>>},
    seq |-> 4,
    consistency |-> "causal",
    ctxid |-> 1,
    clk |-> 3 ] }
/\ leaderOfInst = <<{<<1, 1>>, <<1, 2>>}, {}, {}, {}, {}>>
/\ clk = <<3, 3, 1, 1, 1>>
/\ cmdLog = << { [ inst |-> <<1, 1>>,
       ballot |-> <<0, 1>>,
       cmd |-> 1,
       deps |-> {},
       seq |-> 3,
       consistency |-> "causal",
       ctxid |-> 1,
       status |-> "committed",
       state |-> "done" ],
     [ inst |-> <<1, 2>>,
       ballot |-> <<0, 1>>,
       cmd |-> 2,
       deps |-> {<<1, 1>>},
       seq |-> 4,
       consistency |-> "causal",
       ctxid |-> 1,
       status |-> "committed",
       state |-> "done" ] },
   { [ inst |-> <<1, 1>>,
       ballot |-> <<0, 1>>,
       cmd |-> 1,
       deps |-> {},
       seq |-> 3,
       consistency |-> "causal",
       ctxid |-> 1,
       status |-> "committed",
       state |-> "done" ] },
   {},
   {},
   {} >>
/\ proposed = {1, 2}
/\ crtInst = <<3, 1, 1, 1, 1>>
/\ committed = ( <<1, 1>> :> {<<1, {}, 3>>} @@
  <<1, 2>> :> {} @@
  <<2, 1>> :> {} @@
  <<2, 2>> :> {} @@
  <<3, 1>> :> {} @@
  <<3, 2>> :> {} @@
  <<4, 1>> :> {} @@
  <<4, 2>> :> {} @@
  <<5, 1>> :> {} @@
  <<5, 2>> :> {} )
/\ executed = <<{}, {}, {}, {}, {}>>
/\ ballots = 1
/\ preparing = <<{}, {}, {}, {}, {}>>

@!@!@ENDMSG 2217 @!@!@
@!@!@STARTMSG 2217:4 @!@!@
5: <ReplicaAction line 323, col 10 to line 323, col 78 of module HybridProtocol>
/\ sentMsg = { [ type |-> "commit",
    src |-> 1,
    dst |-> 2,
    inst |-> <<1, 1>>,
    ballot |-> <<0, 1>>,
    cmd |-> 1,
    deps |-> {},
    seq |-> 3,
    consistency |-> "causal",
    ctxid |-> 1,
    clk |-> 2 ],
  [ type |-> "commit",
    src |-> 1,
    dst |-> 2,
    inst |-> <<1, 2>>,
    ballot |-> <<0, 1>>,
    cmd |-> 2,
    deps |-> {<<1, 1>>},
    seq |-> 4,
    consistency |-> "causal",
    ctxid |-> 1,
    clk |-> 3 ],
  [ type |-> "commit",
    src |-> 1,
    dst |-> 3,
    inst |-> <<1, 1>>,
    ballot |-> <<0, 1>>,
    cmd |-> 1,
    deps |-> {},
    seq |-> 3,
    consistency |-> "causal",
    ctxid |-> 1,
    clk |-> 2 ],
  [ type |-> "commit",
    src |-> 1,
    dst |-> 3,
    inst |-> <<1, 2>>,
    ballot |-> <<0, 1>>,
    cmd |-> 2,
    deps |-> {<<1, 1>>},
    seq |-> 4,
    consistency |-> "causal",
    ctxid |-> 1,
    clk |-> 3 ] }
/\ leaderOfInst = <<{<<1, 1>>, <<1, 2>>}, {}, {}, {}, {}>>
/\ clk = <<3, 4, 1, 1, 1>>
/\ cmdLog = << { [ inst |-> <<1, 1>>,
       ballot |-> <<0, 1>>,
       cmd |-> 1,
       deps |-> {},
       seq |-> 3,
       consistency |-> "causal",
       ctxid |-> 1,
       status |-> "committed",
       state |-> "done" ],
     [ inst |-> <<1, 2>>,
       ballot |-> <<0, 1>>,
       cmd |-> 2,
       deps |-> {<<1, 1>>},
       seq |-> 4,
       consistency |-> "causal",
       ctxid |-> 1,
       status |-> "committed",
       state |-> "done" ] },
   { [ inst |-> <<1, 1>>,
       ballot |-> <<0, 1>>,
       cmd |-> 1,
       deps |-> {},
       seq |-> 3,
       consistency |-> "causal",
       ctxid |-> 1,
       status |-> "committed",
       state |-> "done" ],
     [ inst |-> <<1, 2>>,
       ballot |-> <<0, 1>>,
       cmd |-> 2,
       deps |-> {<<1, 1>>},
       seq |-> 4,
       consistency |-> "causal",
       ctxid |-> 1,
       status |-> "committed",
       state |-> "done" ] },
   {},
   {},
   {} >>
/\ proposed = {1, 2}
/\ crtInst = <<3, 1, 1, 1, 1>>
/\ committed = ( <<1, 1>> :> {<<1, {}, 3>>} @@
  <<1, 2>> :> {<<2, {<<1, 1>>}, 4>>} @@
  <<2, 1>> :> {} @@
  <<2, 2>> :> {} @@
  <<3, 1>> :> {} @@
  <<3, 2>> :> {} @@
  <<4, 1>> :> {} @@
  <<4, 2>> :> {} @@
  <<5, 1>> :> {} @@
  <<5, 2>> :> {} )
/\ executed = <<{}, {}, {}, {}, {}>>
/\ ballots = 1
/\ preparing = <<{}, {}, {}, {}, {}>>

@!@!@ENDMSG 2217 @!@!@
@!@!@STARTMSG 2217:4 @!@!@
6: <ReplicaAction line 323, col 10 to line 323, col 78 of module HybridProtocol>
/\ sentMsg = { [ type |-> "commit",
    src |-> 1,
    dst |-> 2,
    inst |-> <<1, 1>>,
    ballot |-> <<0, 1>>,
    cmd |-> 1,
    deps |-> {},
    seq |-> 3,
    consistency |-> "causal",
    ctxid |-> 1,
    clk |-> 2 ],
  [ type |-> "commit",
    src |-> 1,
    dst |-> 2,
    inst |-> <<1, 2>>,
    ballot |-> <<0, 1>>,
    cmd |-> 2,
    deps |-> {<<1, 1>>},
    seq |-> 4,
    consistency |-> "causal",
    ctxid |-> 1,
    clk |-> 3 ],
  [ type |-> "commit",
    src |-> 1,
    dst |-> 3,
    inst |-> <<1, 1>>,
    ballot |-> <<0, 1>>,
    cmd |-> 1,
    deps |-> {},
    seq |-> 3,
    consistency |-> "causal",
    ctxid |-> 1,
    clk |-> 2 ],
  [ type |-> "commit",
    src |-> 1,
    dst |-> 3,
    inst |-> <<1, 2>>,
    ballot |-> <<0, 1>>,
    cmd |-> 2,
    deps |-> {<<1, 1>>},
    seq |-> 4,
    consistency |-> "causal",
    ctxid |-> 1,
    clk |-> 3 ] }
/\ leaderOfInst = <<{<<1, 1>>, <<1, 2>>}, {}, {}, {}, {}>>
/\ clk = <<3, 4, 3, 1, 1>>
/\ cmdLog = << { [ inst |-> <<1, 1>>,
       ballot |-> <<0, 1>>,
       cmd |-> 1,
       deps |-> {},
       seq |-> 3,
       consistency |-> "causal",
       ctxid |-> 1,
       status |-> "committed",
       state |-> "done" ],
     [ inst |-> <<1, 2>>,
       ballot |-> <<0, 1>>,
       cmd |-> 2,
       deps |-> {<<1, 1>>},
       seq |-> 4,
       consistency |-> "causal",
       ctxid |-> 1,
       status |-> "committed",
       state |-> "done" ] },
   { [ inst |-> <<1, 1>>,
       ballot |-> <<0, 1>>,
       cmd |-> 1,
       deps |-> {},
       seq |-> 3,
       consistency |-> "causal",
       ctxid |-> 1,
       status |-> "committed",
       state |-> "done" ],
     [ inst |-> <<1, 2>>,
       ballot |-> <<0, 1>>,
       cmd |-> 2,
       deps |-> {<<1, 1>>},
       seq |-> 4,
       consistency |-> "causal",
       ctxid |-> 1,
       status |-> "committed",
       state |-> "done" ] },
   { [ inst |-> <<1, 1>>,
       ballot |-> <<0, 1>>,
       cmd |-> 1,
       deps |-> {},
       seq |-> 3,
       consistency |-> "causal",
       ctxid |-> 1,
       status |-> "committed",
       state |-> "done" ] },
   {},
   {} >>
/\ proposed = {1, 2}
/\ crtInst = <<3, 1, 1, 1, 1>>
/\ committed = ( <<1, 1>> :> {<<1, {}, 3>>} @@
  <<1, 2>> :> {<<2, {<<1, 1>>}, 4>>} @@
  <<2, 1>> :> {} @@
  <<2, 2>> :> {} @@
  <<3, 1>> :> {} @@
  <<3, 2>> :> {} @@
  <<4, 1>> :> {} @@
  <<4, 2>> :> {} @@
  <<5, 1>> :> {} @@
  <<5, 2>> :> {} )
/\ executed = <<{}, {}, {}, {}, {}>>
/\ ballots = 1
/\ preparing = <<{}, {}, {}, {}, {}>>

@!@!@ENDMSG 2217 @!@!@
@!@!@STARTMSG 2217:4 @!@!@
7: <ReplicaAction line 323, col 10 to line 323, col 78 of module HybridProtocol>
/\ sentMsg = { [ type |-> "commit",
    src |-> 1,
    dst |-> 2,
    inst |-> <<1, 1>>,
    ballot |-> <<0, 1>>,
    cmd |-> 1,
    deps |-> {},
    seq |-> 3,
    consistency |-> "causal",
    ctxid |-> 1,
    clk |-> 2 ],
  [ type |-> "commit",
    src |-> 1,
    dst |-> 2,
    inst |-> <<1, 2>>,
    ballot |-> <<0, 1>>,
    cmd |-> 2,
    deps |-> {<<1, 1>>},
    seq |-> 4,
    consistency |-> "causal",
    ctxid |-> 1,
    clk |-> 3 ],
  [ type |-> "commit",
    src |-> 1,
    dst |-> 3,
    inst |-> <<1, 1>>,
    ballot |-> <<0, 1>>,
    cmd |-> 1,
    deps |-> {},
    seq |-> 3,
    consistency |-> "causal",
    ctxid |-> 1,
    clk |-> 2 ],
  [ type |-> "commit",
    src |-> 1,
    dst |-> 3,
    inst |-> <<1, 2>>,
    ballot |-> <<0, 1>>,
    cmd |-> 2,
    deps |-> {<<1, 1>>},
    seq |-> 4,
    consistency |-> "causal",
    ctxid |-> 1,
    clk |-> 3 ] }
/\ leaderOfInst = <<{<<1, 1>>, <<1, 2>>}, {}, {}, {}, {}>>
/\ clk = <<3, 4, 3, 3, 1>>
/\ cmdLog = << { [ inst |-> <<1, 1>>,
       ballot |-> <<0, 1>>,
       cmd |-> 1,
       deps |-> {},
       seq |-> 3,
       consistency |-> "causal",
       ctxid |-> 1,
       status |-> "committed",
       state |-> "done" ],
     [ inst |-> <<1, 2>>,
       ballot |-> <<0, 1>>,
       cmd |-> 2,
       deps |-> {<<1, 1>>},
       seq |-> 4,
       consistency |-> "causal",
       ctxid |-> 1,
       status |-> "committed",
       state |-> "done" ] },
   { [ inst |-> <<1, 1>>,
       ballot |-> <<0, 1>>,
       cmd |-> 1,
       deps |-> {},
       seq |-> 3,
       consistency |-> "causal",
       ctxid |-> 1,
       status |-> "committed",
       state |-> "done" ],
     [ inst |-> <<1, 2>>,
       ballot |-> <<0, 1>>,
       cmd |-> 2,
       deps |-> {<<1, 1>>},
       seq |-> 4,
       consistency |-> "causal",
       ctxid |-> 1,
       status |-> "committed",
       state |-> "done" ] },
   { [ inst |-> <<1, 1>>,
       ballot |-> <<0, 1>>,
       cmd |-> 1,
       deps |-> {},
       seq |-> 3,
       consistency |-> "causal",
       ctxid |-> 1,
       status |-> "committed",
       state |-> "done" ] },
   { [ inst |-> <<1, 1>>,
       ballot |-> <<0, 1>>,
       cmd |-> 1,
       deps |-> {},
       seq |-> 3,
       consistency |-> "causal",
       ctxid |-> 1,
       status |-> "committed",
       state |-> "done" ] },
   {} >>
/\ proposed = {1, 2}
/\ crtInst = <<3, 1, 1, 1, 1>>
/\ committed = ( <<1, 1>> :> {<<1, {}, 3>>} @@
  <<1, 2>> :> {<<2, {<<1, 1>>}, 4>>} @@
  <<2, 1>> :> {} @@
  <<2, 2>> :> {} @@
  <<3, 1>> :> {} @@
  <<3, 2>> :> {} @@
  <<4, 1>> :> {} @@
  <<4, 2>> :> {} @@
  <<5, 1>> :> {} @@
  <<5, 2>> :> {} )
/\ executed = <<{}, {}, {}, {}, {}>>
/\ ballots = 1
/\ preparing = <<{}, {}, {}, {}, {}>>

@!@!@ENDMSG 2217 @!@!@
@!@!@STARTMSG 2217:4 @!@!@
8: <ReplicaAction line 323, col 10 to line 323, col 78 of module HybridProtocol>
/\ sentMsg = { [ type |-> "commit",
    src |-> 1,
    dst |-> 2,
    inst |-> <<1, 1>>,
    ballot |-> <<0, 1>>,
    cmd |-> 1,
    deps |-> {},
    seq |-> 3,
    consistency |-> "causal",
    ctxid |-> 1,
    clk |-> 2 ],
  [ type |-> "commit",
    src |-> 1,
    dst |-> 2,
    inst |-> <<1, 2>>,
    ballot |-> <<0, 1>>,
    cmd |-> 2,
    deps |-> {<<1, 1>>},
    seq |-> 4,
    consistency |-> "causal",
    ctxid |-> 1,
    clk |-> 3 ],
  [ type |-> "commit",
    src |-> 1,
    dst |-> 3,
    inst |-> <<1, 1>>,
    ballot |-> <<0, 1>>,
    cmd |-> 1,
    deps |-> {},
    seq |-> 3,
    consistency |-> "causal",
    ctxid |-> 1,
    clk |-> 2 ],
  [ type |-> "commit",
    src |-> 1,
    dst |-> 3,
    inst |-> <<1, 2>>,
    ballot |-> <<0, 1>>,
    cmd |-> 2,
    deps |-> {<<1, 1>>},
    seq |-> 4,
    consistency |-> "causal",
    ctxid |-> 1,
    clk |-> 3 ] }
/\ leaderOfInst = <<{<<1, 1>>, <<1, 2>>}, {}, {}, {}, {}>>
/\ clk = <<3, 4, 4, 3, 1>>
/\ cmdLog = << { [ inst |-> <<1, 1>>,
       ballot |-> <<0, 1>>,
       cmd |-> 1,
       deps |-> {},
       seq |-> 3,
       consistency |-> "causal",
       ctxid |-> 1,
       status |-> "committed",
       state |-> "done" ],
     [ inst |-> <<1, 2>>,
       ballot |-> <<0, 1>>,
       cmd |-> 2,
       deps |-> {<<1, 1>>},
       seq |-> 4,
       consistency |-> "causal",
       ctxid |-> 1,
       status |-> "committed",
       state |-> "done" ] },
   { [ inst |-> <<1, 1>>,
       ballot |-> <<0, 1>>,
       cmd |-> 1,
       deps |-> {},
       seq |-> 3,
       consistency |-> "causal",
       ctxid |-> 1,
       status |-> "committed",
       state |-> "done" ],
     [ inst |-> <<1, 2>>,
       ballot |-> <<0, 1>>,
       cmd |-> 2,
       deps |-> {<<1, 1>>},
       seq |-> 4,
       consistency |-> "causal",
       ctxid |-> 1,
       status |-> "committed",
       state |-> "done" ] },
   { [ inst |-> <<1, 1>>,
       ballot |-> <<0, 1>>,
       cmd |-> 1,
       deps |-> {},
       seq |-> 3,
       consistency |-> "causal",
       ctxid |-> 1,
       status |-> "committed",
       state |-> "done" ],
     [ inst |-> <<1, 2>>,
       ballot |-> <<0, 1>>,
       cmd |-> 2,
       deps |-> {<<1, 1>>},
       seq |-> 4,
       consistency |-> "causal",
       ctxid |-> 1,
       status |-> "committed",
       state |-> "done" ] },
   { [ inst |-> <<1, 1>>,
       ballot |-> <<0, 1>>,
       cmd |-> 1,
       deps |-> {},
       seq |-> 3,
       consistency |-> "causal",
       ctxid |-> 1,
       status |-> "committed",
       state |-> "done" ] },
   {} >>
/\ proposed = {1, 2}
/\ crtInst = <<3, 1, 1, 1, 1>>
/\ committed = ( <<1, 1>> :> {<<1, {}, 3>>} @@
  <<1, 2>> :> {<<2, {<<1, 1>>}, 4>>} @@
  <<2, 1>> :> {} @@
  <<2, 2>> :> {} @@
  <<3, 1>> :> {} @@
  <<3, 2>> :> {} @@
  <<4, 1>> :> {} @@
  <<4, 2>> :> {} @@
  <<5, 1>> :> {} @@
  <<5, 2>> :> {} )
/\ executed = <<{}, {}, {}, {}, {}>>
/\ ballots = 1
/\ preparing = <<{}, {}, {}, {}, {}>>

@!@!@ENDMSG 2217 @!@!@
@!@!@STARTMSG 2217:4 @!@!@
9: <ReplicaAction line 323, col 10 to line 323, col 78 of module HybridProtocol>
/\ sentMsg = { [ type |-> "commit",
    src |-> 1,
    dst |-> 2,
    inst |-> <<1, 1>>,
    ballot |-> <<0, 1>>,
    cmd |-> 1,
    deps |-> {},
    seq |-> 3,
    consistency |-> "causal",
    ctxid |-> 1,
    clk |-> 2 ],
  [ type |-> "commit",
    src |-> 1,
    dst |-> 2,
    inst |-> <<1, 2>>,
    ballot |-> <<0, 1>>,
    cmd |-> 2,
    deps |-> {<<1, 1>>},
    seq |-> 4,
    consistency |-> "causal",
    ctxid |-> 1,
    clk |-> 3 ],
  [ type |-> "commit",
    src |-> 1,
    dst |-> 3,
    inst |-> <<1, 1>>,
    ballot |-> <<0, 1>>,
    cmd |-> 1,
    deps |-> {},
    seq |-> 3,
    consistency |-> "causal",
    ctxid |-> 1,
    clk |-> 2 ],
  [ type |-> "commit",
    src |-> 1,
    dst |-> 3,
    inst |-> <<1, 2>>,
    ballot |-> <<0, 1>>,
    cmd |-> 2,
    deps |-> {<<1, 1>>},
    seq |-> 4,
    consistency |-> "causal",
    ctxid |-> 1,
    clk |-> 3 ] }
/\ leaderOfInst = <<{<<1, 1>>, <<1, 2>>}, {}, {}, {}, {}>>
/\ clk = <<3, 4, 4, 4, 1>>
/\ cmdLog = << { [ inst |-> <<1, 1>>,
       ballot |-> <<0, 1>>,
       cmd |-> 1,
       deps |-> {},
       seq |-> 3,
       consistency |-> "causal",
       ctxid |-> 1,
       status |-> "committed",
       state |-> "done" ],
     [ inst |-> <<1, 2>>,
       ballot |-> <<0, 1>>,
       cmd |-> 2,
       deps |-> {<<1, 1>>},
       seq |-> 4,
       consistency |-> "causal",
       ctxid |-> 1,
       status |-> "committed",
       state |-> "done" ] },
   { [ inst |-> <<1, 1>>,
       ballot |-> <<0, 1>>,
       cmd |-> 1,
       deps |-> {},
       seq |-> 3,
       consistency |-> "causal",
       ctxid |-> 1,
       status |-> "committed",
       state |-> "done" ],
     [ inst |-> <<1, 2>>,
       ballot |-> <<0, 1>>,
       cmd |-> 2,
       deps |-> {<<1, 1>>},
       seq |-> 4,
       consistency |-> "causal",
       ctxid |-> 1,
       status |-> "committed",
       state |-> "done" ] },
   { [ inst |-> <<1, 1>>,
       ballot |-> <<0, 1>>,
       cmd |-> 1,
       deps |-> {},
       seq |-> 3,
       consistency |-> "causal",
       ctxid |-> 1,
       status |-> "committed",
       state |-> "done" ],
     [ inst |-> <<1, 2>>,
       ballot |-> <<0, 1>>,
       cmd |-> 2,
       deps |-> {<<1, 1>>},
       seq |-> 4,
       consistency |-> "causal",
       ctxid |-> 1,
       status |-> "committed",
       state |-> "done" ] },
   { [ inst |-> <<1, 1>>,
       ballot |-> <<0, 1>>,
       cmd |-> 1,
       deps |-> {},
       seq |-> 3,
       consistency |-> "causal",
       ctxid |-> 1,
       status |-> "committed",
       state |-> "done" ],
     [ inst |-> <<1, 2>>,
       ballot |-> <<0, 1>>,
       cmd |-> 2,
       deps |-> {<<1, 1>>},
       seq |-> 4,
       consistency |-> "causal",
       ctxid |-> 1,
       status |-> "committed",
       state |-> "done" ] },
   {} >>
/\ proposed = {1, 2}
/\ crtInst = <<3, 1, 1, 1, 1>>
/\ committed = ( <<1, 1>> :> {<<1, {}, 3>>} @@
  <<1, 2>> :> {<<2, {<<1, 1>>}, 4>>} @@
  <<2, 1>> :> {} @@
  <<2, 2>> :> {} @@
  <<3, 1>> :> {} @@
  <<3, 2>> :> {} @@
  <<4, 1>> :> {} @@
  <<4, 2>> :> {} @@
  <<5, 1>> :> {} @@
  <<5, 2>> :> {} )
/\ executed = <<{}, {}, {}, {}, {}>>
/\ ballots = 1
/\ preparing = <<{}, {}, {}, {}, {}>>

@!@!@ENDMSG 2217 @!@!@
@!@!@STARTMSG 2217:4 @!@!@
10: <ReplicaAction line 323, col 10 to line 323, col 78 of module HybridProtocol>
/\ sentMsg = { [ type |-> "commit",
    src |-> 1,
    dst |-> 2,
    inst |-> <<1, 1>>,
    ballot |-> <<0, 1>>,
    cmd |-> 1,
    deps |-> {},
    seq |-> 3,
    consistency |-> "causal",
    ctxid |-> 1,
    clk |-> 2 ],
  [ type |-> "commit",
    src |-> 1,
    dst |-> 2,
    inst |-> <<1, 2>>,
    ballot |-> <<0, 1>>,
    cmd |-> 2,
    deps |-> {<<1, 1>>},
    seq |-> 4,
    consistency |-> "causal",
    ctxid |-> 1,
    clk |-> 3 ],
  [ type |-> "commit",
    src |-> 1,
    dst |-> 3,
    inst |-> <<1, 1>>,
    ballot |-> <<0, 1>>,
    cmd |-> 1,
    deps |-> {},
    seq |-> 3,
    consistency |-> "causal",
    ctxid |-> 1,
    clk |-> 2 ],
  [ type |-> "commit",
    src |-> 1,
    dst |-> 3,
    inst |-> <<1, 2>>,
    ballot |-> <<0, 1>>,
    cmd |-> 2,
    deps |-> {<<1, 1>>},
    seq |-> 4,
    consistency |-> "causal",
    ctxid |-> 1,
    clk |-> 3 ] }
/\ leaderOfInst = <<{<<1, 1>>, <<1, 2>>}, {}, {}, {}, {}>>
/\ clk = <<3, 4, 4, 4, 3>>
/\ cmdLog = << { [ inst |-> <<1, 1>>,
       ballot |-> <<0, 1>>,
       cmd |-> 1,
       deps |-> {},
       seq |-> 3,
       consistency |-> "causal",
       ctxid |-> 1,
       status |-> "committed",
       state |-> "done" ],
     [ inst |-> <<1, 2>>,
       ballot |-> <<0, 1>>,
       cmd |-> 2,
       deps |-> {<<1, 1>>},
       seq |-> 4,
       consistency |-> "causal",
       ctxid |-> 1,
       status |-> "committed",
       state |-> "done" ] },
   { [ inst |-> <<1, 1>>,
       ballot |-> <<0, 1>>,
       cmd |-> 1,
       deps |-> {},
       seq |-> 3,
       consistency |-> "causal",
       ctxid |-> 1,
       status |-> "committed",
       state |-> "done" ],
     [ inst |-> <<1, 2>>,
       ballot |-> <<0, 1>>,
       cmd |-> 2,
       deps |-> {<<1, 1>>},
       seq |-> 4,
       consistency |-> "causal",
       ctxid |-> 1,
       status |-> "committed",
       state |-> "done" ] },
   { [ inst |-> <<1, 1>>,
       ballot |-> <<0, 1>>,
       cmd |-> 1,
       deps |-> {},
       seq |-> 3,
       consistency |-> "causal",
       ctxid |-> 1,
       status |-> "committed",
       state |-> "done" ],
     [ inst |-> <<1, 2>>,
       ballot |-> <<0, 1>>,
       cmd |-> 2,
       deps |-> {<<1, 1>>},
       seq |-> 4,
       consistency |-> "causal",
       ctxid |-> 1,
       status |-> "committed",
       state |-> "done" ] },
   { [ inst |-> <<1, 1>>,
       ballot |-> <<0, 1>>,
       cmd |-> 1,
       deps |-> {},
       seq |-> 3,
       consistency |-> "causal",
       ctxid |-> 1,
       status |-> "committed",
       state |-> "done" ],
     [ inst |-> <<1, 2>>,
       ballot |-> <<0, 1>>,
       cmd |-> 2,
       deps |-> {<<1, 1>>},
       seq |-> 4,
       consistency |-> "causal",
       ctxid |-> 1,
       status |-> "committed",
       state |-> "done" ] },
   { [ inst |-> <<1, 1>>,
       ballot |-> <<0, 1>>,
       cmd |-> 1,
       deps |-> {},
       seq |-> 3,
       consistency |-> "causal",
       ctxid |-> 1,
       status |-> "committed",
       state |-> "done" ] } >>
/\ proposed = {1, 2}
/\ crtInst = <<3, 1, 1, 1, 1>>
/\ committed = ( <<1, 1>> :> {<<1, {}, 3>>} @@
  <<1, 2>> :> {<<2, {<<1, 1>>}, 4>>} @@
  <<2, 1>> :> {} @@
  <<2, 2>> :> {} @@
  <<3, 1>> :> {} @@
  <<3, 2>> :> {} @@
  <<4, 1>> :> {} @@
  <<4, 2>> :> {} @@
  <<5, 1>> :> {} @@
  <<5, 2>> :> {} )
/\ executed = <<{}, {}, {}, {}, {}>>
/\ ballots = 1
/\ preparing = <<{}, {}, {}, {}, {}>>

@!@!@ENDMSG 2217 @!@!@
@!@!@STARTMSG 2217:4 @!@!@
11: <ReplicaAction line 323, col 10 to line 323, col 78 of module HybridProtocol>
/\ sentMsg = { [ type |-> "commit",
    src |-> 1,
    dst |-> 2,
    inst |-> <<1, 1>>,
    ballot |-> <<0, 1>>,
    cmd |-> 1,
    deps |-> {},
    seq |-> 3,
    consistency |-> "causal",
    ctxid |-> 1,
    clk |-> 2 ],
  [ type |-> "commit",
    src |-> 1,
    dst |-> 2,
    inst |-> <<1, 2>>,
    ballot |-> <<0, 1>>,
    cmd |-> 2,
    deps |-> {<<1, 1>>},
    seq |-> 4,
    consistency |-> "causal",
    ctxid |-> 1,
    clk |-> 3 ],
  [ type |-> "commit",
    src |-> 1,
    dst |-> 3,
    inst |-> <<1, 1>>,
    ballot |-> <<0, 1>>,
    cmd |-> 1,
    deps |-> {},
    seq |-> 3,
    consistency |-> "causal",
    ctxid |-> 1,
    clk |-> 2 ],
  [ type |-> "commit",
    src |-> 1,
    dst |-> 3,
    inst |-> <<1, 2>>,
    ballot |-> <<0, 1>>,
    cmd |-> 2,
    deps |-> {<<1, 1>>},
    seq |-> 4,
    consistency |-> "causal",
    ctxid |-> 1,
    clk |-> 3 ] }
/\ leaderOfInst = <<{<<1, 1>>, <<1, 2>>}, {}, {}, {}, {}>>
/\ clk = <<3, 4, 4, 4, 4>>
/\ cmdLog = << { [ inst |-> <<1, 1>>,
       ballot |-> <<0, 1>>,
       cmd |-> 1,
       deps |-> {},
       seq |-> 3,
       consistency |-> "causal",
       ctxid |-> 1,
       status |-> "committed",
       state |-> "done" ],
     [ inst |-> <<1, 2>>,
       ballot |-> <<0, 1>>,
       cmd |-> 2,
       deps |-> {<<1, 1>>},
       seq |-> 4,
       consistency |-> "causal",
       ctxid |-> 1,
       status |-> "committed",
       state |-> "done" ] },
   { [ inst |-> <<1, 1>>,
       ballot |-> <<0, 1>>,
       cmd |-> 1,
       deps |-> {},
       seq |-> 3,
       consistency |-> "causal",
       ctxid |-> 1,
       status |-> "committed",
       state |-> "done" ],
     [ inst |-> <<1, 2>>,
       ballot |-> <<0, 1>>,
       cmd |-> 2,
       deps |-> {<<1, 1>>},
       seq |-> 4,
       consistency |-> "causal",
       ctxid |-> 1,
       status |-> "committed",
       state |-> "done" ] },
   { [ inst |-> <<1, 1>>,
       ballot |-> <<0, 1>>,
       cmd |-> 1,
       deps |-> {},
       seq |-> 3,
       consistency |-> "causal",
       ctxid |-> 1,
       status |-> "committed",
       state |-> "done" ],
     [ inst |-> <<1, 2>>,
       ballot |-> <<0, 1>>,
       cmd |-> 2,
       deps |-> {<<1, 1>>},
       seq |-> 4,
       consistency |-> "causal",
       ctxid |-> 1,
       status |-> "committed",
       state |-> "done" ] },
   { [ inst |-> <<1, 1>>,
       ballot |-> <<0, 1>>,
       cmd |-> 1,
       deps |-> {},
       seq |-> 3,
       consistency |-> "causal",
       ctxid |-> 1,
       status |-> "committed",
       state |-> "done" ],
     [ inst |-> <<1, 2>>,
       ballot |-> <<0, 1>>,
       cmd |-> 2,
       deps |-> {<<1, 1>>},
       seq |-> 4,
       consistency |-> "causal",
       ctxid |-> 1,
       status |-> "committed",
       state |-> "done" ] },
   { [ inst |-> <<1, 1>>,
       ballot |-> <<0, 1>>,
       cmd |-> 1,
       deps |-> {},
       seq |-> 3,
       consistency |-> "causal",
       ctxid |-> 1,
       status |-> "committed",
       state |-> "done" ],
     [ inst |-> <<1, 2>>,
       ballot |-> <<0, 1>>,
       cmd |-> 2,
       deps |-> {<<1, 1>>},
       seq |-> 4,
       consistency |-> "causal",
       ctxid |-> 1,
       status |-> "committed",
       state |-> "done" ] } >>
/\ proposed = {1, 2}
/\ crtInst = <<3, 1, 1, 1, 1>>
/\ committed = ( <<1, 1>> :> {<<1, {}, 3>>} @@
  <<1, 2>> :> {<<2, {<<1, 1>>}, 4>>} @@
  <<2, 1>> :> {} @@
  <<2, 2>> :> {} @@
  <<3, 1>> :> {} @@
  <<3, 2>> :> {} @@
  <<4, 1>> :> {} @@
  <<4, 2>> :> {} @@
  <<5, 1>> :> {} @@
  <<5, 2>> :> {} )
/\ executed = <<{}, {}, {}, {}, {}>>
/\ ballots = 1
/\ preparing = <<{}, {}, {}, {}, {}>>

@!@!@ENDMSG 2217 @!@!@
@!@!@STARTMSG 2201:0 @!@!@
The coverage statistics at 2023-11-29 07:14:15
@!@!@ENDMSG 2201 @!@!@
@!@!@STARTMSG 2773:0 @!@!@
<Init line 157, col 1 to line 157, col 4 of module HybridProtocol>: 2:2
@!@!@ENDMSG 2773 @!@!@
@!@!@STARTMSG 2221:0 @!@!@
  line 158, col 3 to line 167, col 33 of module HybridProtocol: 2
@!@!@ENDMSG 2221 @!@!@
@!@!@STARTMSG 2772:0 @!@!@
<CommandLeaderAction line 314, col 1 to line 314, col 19 of module HybridProtocol (315 9 318 72)>: 4312:28950
@!@!@ENDMSG 2772 @!@!@
@!@!@STARTMSG 2221:0 @!@!@
  line 280, col 12 to line 280, col 40 of module HybridProtocol: 4825
@!@!@ENDMSG 2221 @!@!@
@!@!@STARTMSG 2221:0 @!@!@
  line 183, col 8 to line 183, col 20 of module HybridProtocol: 28950
@!@!@ENDMSG 2221 @!@!@
@!@!@STARTMSG 2221:0 @!@!@
  line 189, col 16 to line 189, col 43 of module HybridProtocol: 28950
@!@!@ENDMSG 2221 @!@!@
@!@!@STARTMSG 2221:0 @!@!@
  |line 189, col 16 to line 189, col 39 of module HybridProtocol: 28950
@!@!@ENDMSG 2221 @!@!@
@!@!@STARTMSG 2221:0 @!@!@
  ||line 189, col 28 to line 189, col 38 of module HybridProtocol: 28950
@!@!@ENDMSG 2221 @!@!@
@!@!@STARTMSG 2221:0 @!@!@
  |||line 188, col 26 to line 188, col 56 of module HybridProtocol: 28950
@!@!@ENDMSG 2221 @!@!@
@!@!@STARTMSG 2221:0 @!@!@
  ||||line 188, col 45 to line 188, col 55 of module HybridProtocol: 28950
@!@!@ENDMSG 2221 @!@!@
@!@!@STARTMSG 2775:0 @!@!@
  |||||line 187, col 27 to line 187, col 74 of module HybridProtocol: 28950:28950
@!@!@ENDMSG 2775 @!@!@
@!@!@STARTMSG 2221:0 @!@!@
  ||||||line 187, col 53 to line 187, col 73 of module HybridProtocol: 17286
@!@!@ENDMSG 2221 @!@!@
@!@!@STARTMSG 2221:0 @!@!@
  ||||||line 187, col 36 to line 187, col 50 of module HybridProtocol: 28950
@!@!@ENDMSG 2221 @!@!@
@!@!@STARTMSG 2221:0 @!@!@
  line 190, col 20 to line 199, col 59 of module HybridProtocol: 28950
@!@!@ENDMSG 2221 @!@!@
@!@!@STARTMSG 2221:0 @!@!@
  |line 190, col 30 to line 199, col 59 of module HybridProtocol: 28950
@!@!@ENDMSG 2221 @!@!@
@!@!@STARTMSG 2221:0 @!@!@
  ||line 190, col 31 to line 190, col 36 of module HybridProtocol: 28950
@!@!@ENDMSG 2221 @!@!@
@!@!@STARTMSG 2221:0 @!@!@
  ||line 190, col 45 to line 199, col 58 of module HybridProtocol: 28950
@!@!@ENDMSG 2221 @!@!@
@!@!@STARTMSG 2221:0 @!@!@
  ||line 190, col 58 to line 199, col 58 of module HybridProtocol: 28950
@!@!@ENDMSG 2221 @!@!@
@!@!@STARTMSG 2221:0 @!@!@
  |||line 190, col 59 to line 190, col 69 of module HybridProtocol: 28950
@!@!@ENDMSG 2221 @!@!@
@!@!@STARTMSG 2221:0 @!@!@
  ||||line 190, col 63 to line 190, col 69 of module HybridProtocol: 28950
@!@!@ENDMSG 2221 @!@!@
@!@!@STARTMSG 2221:0 @!@!@
  |||||line 186, col 24 to line 186, col 66 of module HybridProtocol: 28950
@!@!@ENDMSG 2221 @!@!@
@!@!@STARTMSG 2221:0 @!@!@
  ||||||line 186, col 51 to line 186, col 65 of module HybridProtocol: 17286
@!@!@ENDMSG 2221 @!@!@
@!@!@STARTMSG 2221:0 @!@!@
  ||||||line 186, col 33 to line 186, col 47 of module HybridProtocol: 28950
@!@!@ENDMSG 2221 @!@!@
@!@!@STARTMSG 2775:0 @!@!@
  |||line 191, col 41 to line 199, col 58 of module HybridProtocol: 28950:143352
@!@!@ENDMSG 2775 @!@!@
@!@!@STARTMSG 2221:0 @!@!@
  ||||line 191, col 42 to line 199, col 57 of module HybridProtocol: 28950
@!@!@ENDMSG 2221 @!@!@
@!@!@STARTMSG 2221:0 @!@!@
  |||||line 191, col 43 to line 191, col 57 of module HybridProtocol: 28950
@!@!@ENDMSG 2221 @!@!@
@!@!@STARTMSG 2221:0 @!@!@
  |||||line 194, col 43 to line 194, col 59 of module HybridProtocol: 28950
@!@!@ENDMSG 2221 @!@!@
@!@!@STARTMSG 2221:0 @!@!@
  |||||line 195, col 43 to line 195, col 54 of module HybridProtocol: 28950
@!@!@ENDMSG 2221 @!@!@
@!@!@STARTMSG 2221:0 @!@!@
  |||||line 196, col 54 to line 196, col 60 of module HybridProtocol: 28950
@!@!@ENDMSG 2221 @!@!@
@!@!@STARTMSG 2221:0 @!@!@
  ||||||line 184, col 24 to line 184, col 58 of module HybridProtocol: 28950
@!@!@ENDMSG 2221 @!@!@
@!@!@STARTMSG 2221:0 @!@!@
  |||||||line 184, col 25 to line 184, col 32 of module HybridProtocol: 17286
@!@!@ENDMSG 2221 @!@!@
@!@!@STARTMSG 2221:0 @!@!@
  |||||||line 184, col 43 to line 184, col 57 of module HybridProtocol: 28950
@!@!@ENDMSG 2221 @!@!@
@!@!@STARTMSG 2221:0 @!@!@
  |||||line 197, col 54 to line 197, col 59 of module HybridProtocol: 28950
@!@!@ENDMSG 2221 @!@!@
@!@!@STARTMSG 2221:0 @!@!@
  ||||||line 185, col 23 to line 185, col 75 of module HybridProtocol: 28950
@!@!@ENDMSG 2221 @!@!@
@!@!@STARTMSG 2221:0 @!@!@
  |||||||line 185, col 27 to line 185, col 75 of module HybridProtocol: 28950
@!@!@ENDMSG 2221 @!@!@
@!@!@STARTMSG 2221:0 @!@!@
  ||||||||line 6, col 11 to line 6, col 68 of module HybridProtocol: 28950
@!@!@ENDMSG 2221 @!@!@
@!@!@STARTMSG 2221:0 @!@!@
  |||||||||line 6, col 14 to line 6, col 19 of module HybridProtocol: 28950
@!@!@ENDMSG 2221 @!@!@
@!@!@STARTMSG 2221:0 @!@!@
  |||||||||line 6, col 33 to line 6, col 68 of module HybridProtocol: 28950
@!@!@ENDMSG 2221 @!@!@
@!@!@STARTMSG 2221:0 @!@!@
  ||||||||||line 6, col 50 to line 6, col 68 of module HybridProtocol: 40470
@!@!@ENDMSG 2221 @!@!@
@!@!@STARTMSG 2221:0 @!@!@
  |||||||||||line 6, col 63 to line 6, col 68 of module HybridProtocol: 63510
@!@!@ENDMSG 2221 @!@!@
@!@!@STARTMSG 2221:0 @!@!@
  |||||||||||line 6, col 59 to line 6, col 59 of module HybridProtocol: 40470
@!@!@ENDMSG 2221 @!@!@
@!@!@STARTMSG 2221:0 @!@!@
  ||||||||||line 6, col 46 to line 6, col 46 of module HybridProtocol: 28950
@!@!@ENDMSG 2221 @!@!@
@!@!@STARTMSG 2221:0 @!@!@
  ||||||||line 185, col 31 to line 185, col 74 of module HybridProtocol: 28950
@!@!@ENDMSG 2221 @!@!@
@!@!@STARTMSG 2221:0 @!@!@
  |||||||||line 185, col 31 to line 185, col 60 of module HybridProtocol: 28950
@!@!@ENDMSG 2221 @!@!@
@!@!@STARTMSG 2221:0 @!@!@
  ||||||||||line 185, col 32 to line 185, col 36 of module HybridProtocol: 17286
@!@!@ENDMSG 2221 @!@!@
@!@!@STARTMSG 2221:0 @!@!@
  ||||||||||line 185, col 45 to line 185, col 59 of module HybridProtocol: 28950
@!@!@ENDMSG 2221 @!@!@
@!@!@STARTMSG 2775:0 @!@!@
  |||||||||line 185, col 67 to line 185, col 74 of module HybridProtocol: 28950:69564
@!@!@ENDMSG 2775 @!@!@
@!@!@STARTMSG 2221:0 @!@!@
  |||||line 198, col 43 to line 198, col 60 of module HybridProtocol: 28950
@!@!@ENDMSG 2221 @!@!@
@!@!@STARTMSG 2221:0 @!@!@
  |||||line 199, col 43 to line 199, col 55 of module HybridProtocol: 28950
@!@!@ENDMSG 2221 @!@!@
@!@!@STARTMSG 2221:0 @!@!@
  line 200, col 20 to line 200, col 83 of module HybridProtocol: 28950
@!@!@ENDMSG 2221 @!@!@
@!@!@STARTMSG 2221:0 @!@!@
  line 201, col 20 to line 212, col 57 of module HybridProtocol: 28950
@!@!@ENDMSG 2221 @!@!@
@!@!@STARTMSG 2775:0 @!@!@
  |line 201, col 31 to line 212, col 57 of module HybridProtocol: 28950:234964
@!@!@ENDMSG 2775 @!@!@
@!@!@STARTMSG 2221:0 @!@!@
  ||line 201, col 32 to line 201, col 47 of module HybridProtocol: 28950
@!@!@ENDMSG 2221 @!@!@
@!@!@STARTMSG 2775:0 @!@!@
  ||line 202, col 41 to line 212, col 57 of module HybridProtocol: 28950:696471
@!@!@ENDMSG 2775 @!@!@
@!@!@STARTMSG 2221:0 @!@!@
  |||line 202, col 42 to line 202, col 59 of module HybridProtocol: 28950
@!@!@ENDMSG 2221 @!@!@
@!@!@STARTMSG 2221:0 @!@!@
  |||line 203, col 43 to line 203, col 59 of module HybridProtocol: 28950
@!@!@ENDMSG 2221 @!@!@
@!@!@STARTMSG 2221:0 @!@!@
  |||line 204, col 43 to line 204, col 63 of module HybridProtocol: 28950
@!@!@ENDMSG 2221 @!@!@
@!@!@STARTMSG 2221:0 @!@!@
  |||line 205, col 43 to line 205, col 56 of module HybridProtocol: 28950
@!@!@ENDMSG 2221 @!@!@
@!@!@STARTMSG 2221:0 @!@!@
  |||line 206, col 43 to line 206, col 58 of module HybridProtocol: 28950
@!@!@ENDMSG 2221 @!@!@
@!@!@STARTMSG 2221:0 @!@!@
  |||line 207, col 43 to line 207, col 53 of module HybridProtocol: 28950
@!@!@ENDMSG 2221 @!@!@
@!@!@STARTMSG 2775:0 @!@!@
  |||line 208, col 51 to line 208, col 59 of module HybridProtocol: 28950:144310
@!@!@ENDMSG 2775 @!@!@
@!@!@STARTMSG 2221:0 @!@!@
  ||||line 208, col 52 to line 208, col 58 of module HybridProtocol: 28950
@!@!@ENDMSG 2221 @!@!@
@!@!@STARTMSG 2221:0 @!@!@
  |||||line 184, col 24 to line 184, col 58 of module HybridProtocol: 28950
@!@!@ENDMSG 2221 @!@!@
@!@!@STARTMSG 2221:0 @!@!@
  ||||||line 184, col 25 to line 184, col 32 of module HybridProtocol: 17286
@!@!@ENDMSG 2221 @!@!@
@!@!@STARTMSG 2221:0 @!@!@
  ||||||line 184, col 43 to line 184, col 57 of module HybridProtocol: 28950
@!@!@ENDMSG 2221 @!@!@
@!@!@STARTMSG 2775:0 @!@!@
  |||line 209, col 51 to line 209, col 58 of module HybridProtocol: 28950:144310
@!@!@ENDMSG 2775 @!@!@
@!@!@STARTMSG 2221:0 @!@!@
  ||||line 209, col 52 to line 209, col 57 of module HybridProtocol: 28950
@!@!@ENDMSG 2221 @!@!@
@!@!@STARTMSG 2221:0 @!@!@
  |||||line 185, col 23 to line 185, col 75 of module HybridProtocol: 28950
@!@!@ENDMSG 2221 @!@!@
@!@!@STARTMSG 2221:0 @!@!@
  ||||||line 185, col 27 to line 185, col 75 of module HybridProtocol: 28950
@!@!@ENDMSG 2221 @!@!@
@!@!@STARTMSG 2221:0 @!@!@
  |||||||line 6, col 11 to line 6, col 68 of module HybridProtocol: 28950
@!@!@ENDMSG 2221 @!@!@
@!@!@STARTMSG 2221:0 @!@!@
  ||||||||line 6, col 14 to line 6, col 19 of module HybridProtocol: 28950
@!@!@ENDMSG 2221 @!@!@
@!@!@STARTMSG 2221:0 @!@!@
  ||||||||line 6, col 33 to line 6, col 68 of module HybridProtocol: 28950
@!@!@ENDMSG 2221 @!@!@
@!@!@STARTMSG 2221:0 @!@!@
  |||||||||line 6, col 50 to line 6, col 68 of module HybridProtocol: 40470
@!@!@ENDMSG 2221 @!@!@
@!@!@STARTMSG 2221:0 @!@!@
  ||||||||||line 6, col 63 to line 6, col 68 of module HybridProtocol: 63510
@!@!@ENDMSG 2221 @!@!@
@!@!@STARTMSG 2221:0 @!@!@
  ||||||||||line 6, col 59 to line 6, col 59 of module HybridProtocol: 40470
@!@!@ENDMSG 2221 @!@!@
@!@!@STARTMSG 2221:0 @!@!@
  |||||||||line 6, col 46 to line 6, col 46 of module HybridProtocol: 28950
@!@!@ENDMSG 2221 @!@!@
@!@!@STARTMSG 2221:0 @!@!@
  |||||||line 185, col 31 to line 185, col 74 of module HybridProtocol: 28950
@!@!@ENDMSG 2221 @!@!@
@!@!@STARTMSG 2221:0 @!@!@
  ||||||||line 185, col 31 to line 185, col 60 of module HybridProtocol: 28950
@!@!@ENDMSG 2221 @!@!@
@!@!@STARTMSG 2221:0 @!@!@
  |||||||||line 185, col 32 to line 185, col 36 of module HybridProtocol: 17286
@!@!@ENDMSG 2221 @!@!@
@!@!@STARTMSG 2221:0 @!@!@
  |||||||||line 185, col 45 to line 185, col 59 of module HybridProtocol: 28950
@!@!@ENDMSG 2221 @!@!@
@!@!@STARTMSG 2775:0 @!@!@
  ||||||||line 185, col 67 to line 185, col 74 of module HybridProtocol: 28950:69564
@!@!@ENDMSG 2775 @!@!@
@!@!@STARTMSG 2221:0 @!@!@
  |||line 210, col 43 to line 210, col 60 of module HybridProtocol: 28950
@!@!@ENDMSG 2221 @!@!@
@!@!@STARTMSG 2221:0 @!@!@
  |||line 211, col 43 to line 211, col 55 of module HybridProtocol: 28950
@!@!@ENDMSG 2221 @!@!@
@!@!@STARTMSG 2221:0 @!@!@
  |||line 212, col 43 to line 212, col 56 of module HybridProtocol: 28950
@!@!@ENDMSG 2221 @!@!@
@!@!@STARTMSG 2221:0 @!@!@
  line 214, col 21 to line 223, col 59 of module HybridProtocol: 0
@!@!@ENDMSG 2221 @!@!@
@!@!@STARTMSG 2221:0 @!@!@
  line 225, col 25 to line 234, col 43 of module HybridProtocol: 0
@!@!@ENDMSG 2221 @!@!@
@!@!@STARTMSG 2221:0 @!@!@
  line 235, col 24 to line 235, col 87 of module HybridProtocol: 0
@!@!@ENDMSG 2221 @!@!@
@!@!@STARTMSG 2221:0 @!@!@
  line 236, col 24 to line 247, col 61 of module HybridProtocol: 0
@!@!@ENDMSG 2221 @!@!@
@!@!@STARTMSG 2221:0 @!@!@
  line 282, col 30 to line 282, col 30 of module HybridProtocol: 28950
@!@!@ENDMSG 2221 @!@!@
@!@!@STARTMSG 2221:0 @!@!@
  line 282, col 33 to line 282, col 39 of module HybridProtocol: 28950
@!@!@ENDMSG 2221 @!@!@
@!@!@STARTMSG 2221:0 @!@!@
  line 282, col 42 to line 282, col 42 of module HybridProtocol: 28950
@!@!@ENDMSG 2221 @!@!@
@!@!@STARTMSG 2221:0 @!@!@
  line 282, col 45 to line 282, col 51 of module HybridProtocol: 28950
@!@!@ENDMSG 2221 @!@!@
@!@!@STARTMSG 2221:0 @!@!@
  line 282, col 54 to line 282, col 62 of module HybridProtocol: 28950
@!@!@ENDMSG 2221 @!@!@
@!@!@STARTMSG 2221:0 @!@!@
  line 282, col 65 to line 282, col 66 of module HybridProtocol: 28950
@!@!@ENDMSG 2221 @!@!@
@!@!@STARTMSG 2221:0 @!@!@
  line 282, col 68 to line 282, col 82 of module HybridProtocol: 28950
@!@!@ENDMSG 2221 @!@!@
@!@!@STARTMSG 2221:0 @!@!@
  line 282, col 84 to line 282, col 85 of module HybridProtocol: 28950
@!@!@ENDMSG 2221 @!@!@
@!@!@STARTMSG 2221:0 @!@!@
  line 282, col 87 to line 282, col 89 of module HybridProtocol: 28950
@!@!@ENDMSG 2221 @!@!@
@!@!@STARTMSG 2221:0 @!@!@
  line 281, col 22 to line 281, col 41 of module HybridProtocol: 4825
@!@!@ENDMSG 2221 @!@!@
@!@!@STARTMSG 2775:0 @!@!@
  |line 23, col 20 to line 23, col 61 of module HybridProtocol: 4825:33775
@!@!@ENDMSG 2775 @!@!@
@!@!@STARTMSG 2221:0 @!@!@
  ||line 23, col 21 to line 23, col 30 of module HybridProtocol: 28950
@!@!@ENDMSG 2221 @!@!@
@!@!@STARTMSG 2221:0 @!@!@
  ||line 23, col 40 to line 23, col 60 of module HybridProtocol: 4825
@!@!@ENDMSG 2221 @!@!@
@!@!@STARTMSG 2775:0 @!@!@
  |||line 21, col 27 to line 21, col 78 of module HybridProtocol: 4825:77200
@!@!@ENDMSG 2775 @!@!@
@!@!@STARTMSG 2221:0 @!@!@
  ||||line 21, col 60 to line 21, col 77 of module HybridProtocol: 77200
@!@!@ENDMSG 2221 @!@!@
@!@!@STARTMSG 2775:0 @!@!@
  ||||line 21, col 34 to line 21, col 56 of module HybridProtocol: 4825:86850
@!@!@ENDMSG 2775 @!@!@
@!@!@STARTMSG 2221:0 @!@!@
  |||line 23, col 59 to line 23, col 59 of module HybridProtocol: 4825
@!@!@ENDMSG 2221 @!@!@
@!@!@STARTMSG 2221:0 @!@!@
  |line 281, col 34 to line 281, col 40 of module HybridProtocol: 4825
@!@!@ENDMSG 2221 @!@!@
@!@!@STARTMSG 2221:0 @!@!@
  line 283, col 12 to line 283, col 57 of module HybridProtocol: 28950
@!@!@ENDMSG 2221 @!@!@
@!@!@STARTMSG 2221:0 @!@!@
  line 284, col 12 to line 284, col 24 of module HybridProtocol: 28950
@!@!@ENDMSG 2221 @!@!@
@!@!@STARTMSG 2221:0 @!@!@
  line 285, col 12 to line 285, col 65 of module HybridProtocol: 28950
@!@!@ENDMSG 2221 @!@!@
@!@!@STARTMSG 2221:0 @!@!@
  line 318, col 55 to line 318, col 55 of module HybridProtocol: 4825
@!@!@ENDMSG 2221 @!@!@
@!@!@STARTMSG 2221:0 @!@!@
  line 318, col 58 to line 318, col 64 of module HybridProtocol: 4825
@!@!@ENDMSG 2221 @!@!@
@!@!@STARTMSG 2221:0 @!@!@
  line 318, col 66 to line 318, col 67 of module HybridProtocol: 4825
@!@!@ENDMSG 2221 @!@!@
@!@!@STARTMSG 2221:0 @!@!@
  line 318, col 69 to line 318, col 71 of module HybridProtocol: 4825
@!@!@ENDMSG 2221 @!@!@
@!@!@STARTMSG 2221:0 @!@!@
  line 318, col 36 to line 318, col 43 of module HybridProtocol: 965
@!@!@ENDMSG 2221 @!@!@
@!@!@STARTMSG 2221:0 @!@!@
  line 317, col 28 to line 317, col 33 of module HybridProtocol: 965
@!@!@ENDMSG 2221 @!@!@
@!@!@STARTMSG 2221:0 @!@!@
  line 316, col 23 to line 316, col 39 of module HybridProtocol: 965
@!@!@ENDMSG 2221 @!@!@
@!@!@STARTMSG 2221:0 @!@!@
  line 315, col 19 to line 315, col 37 of module HybridProtocol: 497779
@!@!@ENDMSG 2221 @!@!@
@!@!@STARTMSG 2772:0 @!@!@
<ReplicaAction line 321, col 1 to line 321, col 13 of module HybridProtocol (323 10 323 78)>: 647394:4070326
@!@!@ENDMSG 2772 @!@!@
@!@!@STARTMSG 2221:0 @!@!@
  line 323, col 33 to line 323, col 52 of module HybridProtocol: 14016198
@!@!@ENDMSG 2221 @!@!@
@!@!@STARTMSG 2221:0 @!@!@
  |line 323, col 33 to line 323, col 41 of module HybridProtocol: 9945872
@!@!@ENDMSG 2221 @!@!@
@!@!@STARTMSG 2221:0 @!@!@
  line 290, col 12 to line 291, col 64 of module HybridProtocol: 4070326
@!@!@ENDMSG 2221 @!@!@
@!@!@STARTMSG 2221:0 @!@!@
  |line 290, col 33 to line 291, col 63 of module HybridProtocol: 5875546
@!@!@ENDMSG 2221 @!@!@
@!@!@STARTMSG 2221:0 @!@!@
  |line 290, col 23 to line 290, col 28 of module HybridProtocol: 9945872
@!@!@ENDMSG 2221 @!@!@
@!@!@STARTMSG 2775:0 @!@!@
  ||line 288, col 19 to line 288, col 66 of module HybridProtocol: 9945872:15821418
@!@!@ENDMSG 2775 @!@!@
@!@!@STARTMSG 2221:0 @!@!@
  |||line 288, col 46 to line 288, col 65 of module HybridProtocol: 11745332
@!@!@ENDMSG 2221 @!@!@
@!@!@STARTMSG 2221:0 @!@!@
  |||line 288, col 28 to line 288, col 42 of module HybridProtocol: 9945872
@!@!@ENDMSG 2221 @!@!@
@!@!@STARTMSG 2221:0 @!@!@
  line 292, col 12 to line 301, col 62 of module HybridProtocol: 4070326
@!@!@ENDMSG 2221 @!@!@
@!@!@STARTMSG 2221:0 @!@!@
  |line 292, col 22 to line 301, col 62 of module HybridProtocol: 4070326
@!@!@ENDMSG 2221 @!@!@
@!@!@STARTMSG 2221:0 @!@!@
  ||line 292, col 23 to line 292, col 28 of module HybridProtocol: 4070326
@!@!@ENDMSG 2221 @!@!@
@!@!@STARTMSG 2221:0 @!@!@
  ||line 292, col 37 to line 301, col 61 of module HybridProtocol: 4070326
@!@!@ENDMSG 2221 @!@!@
@!@!@STARTMSG 2221:0 @!@!@
  ||line 292, col 50 to line 301, col 61 of module HybridProtocol: 4070326
@!@!@ENDMSG 2221 @!@!@
@!@!@STARTMSG 2221:0 @!@!@
  |||line 292, col 51 to line 292, col 60 of module HybridProtocol: 4070326
@!@!@ENDMSG 2221 @!@!@
@!@!@STARTMSG 2221:0 @!@!@
  ||||line 292, col 55 to line 292, col 60 of module HybridProtocol: 4070326
@!@!@ENDMSG 2221 @!@!@
@!@!@STARTMSG 2221:0 @!@!@
  |||||line 288, col 19 to line 288, col 66 of module HybridProtocol: 4070326
@!@!@ENDMSG 2221 @!@!@
@!@!@STARTMSG 2221:0 @!@!@
  ||||||line 288, col 46 to line 288, col 65 of module HybridProtocol: 2123502
@!@!@ENDMSG 2221 @!@!@
@!@!@STARTMSG 2221:0 @!@!@
  ||||||line 288, col 28 to line 288, col 42 of module HybridProtocol: 4070326
@!@!@ENDMSG 2221 @!@!@
@!@!@STARTMSG 2775:0 @!@!@
  |||line 293, col 37 to line 301, col 61 of module HybridProtocol: 4070326:4320384
@!@!@ENDMSG 2775 @!@!@
@!@!@STARTMSG 2221:0 @!@!@
  line 302, col 12 to line 303, col 67 of module HybridProtocol: 4070326
@!@!@ENDMSG 2221 @!@!@
@!@!@STARTMSG 2221:0 @!@!@
  line 304, col 12 to line 304, col 50 of module HybridProtocol: 4070326
@!@!@ENDMSG 2221 @!@!@
@!@!@STARTMSG 2221:0 @!@!@
  |line 304, col 19 to line 304, col 50 of module HybridProtocol: 4070326
@!@!@ENDMSG 2221 @!@!@
@!@!@STARTMSG 2221:0 @!@!@
  ||line 304, col 20 to line 304, col 22 of module HybridProtocol: 4070326
@!@!@ENDMSG 2221 @!@!@
@!@!@STARTMSG 2221:0 @!@!@
  ||line 304, col 31 to line 304, col 49 of module HybridProtocol: 4070326
@!@!@ENDMSG 2221 @!@!@
@!@!@STARTMSG 2221:0 @!@!@
  ||line 304, col 44 to line 304, col 49 of module HybridProtocol: 4070326
@!@!@ENDMSG 2221 @!@!@
@!@!@STARTMSG 2221:0 @!@!@
  |||line 289, col 19 to line 289, col 57 of module HybridProtocol: 4070326
@!@!@ENDMSG 2221 @!@!@
@!@!@STARTMSG 2221:0 @!@!@
  ||||line 289, col 23 to line 289, col 57 of module HybridProtocol: 4070326
@!@!@ENDMSG 2221 @!@!@
@!@!@STARTMSG 2221:0 @!@!@
  |||||line 6, col 11 to line 6, col 68 of module HybridProtocol: 4070326
@!@!@ENDMSG 2221 @!@!@
@!@!@STARTMSG 2221:0 @!@!@
  ||||||line 6, col 14 to line 6, col 19 of module HybridProtocol: 4070326
@!@!@ENDMSG 2221 @!@!@
@!@!@STARTMSG 2221:0 @!@!@
  ||||||line 6, col 33 to line 6, col 68 of module HybridProtocol: 4070326
@!@!@ENDMSG 2221 @!@!@
@!@!@STARTMSG 2221:0 @!@!@
  |||||||line 6, col 50 to line 6, col 68 of module HybridProtocol: 7544298
@!@!@ENDMSG 2221 @!@!@
@!@!@STARTMSG 2221:0 @!@!@
  ||||||||line 6, col 63 to line 6, col 68 of module HybridProtocol: 14492242
@!@!@ENDMSG 2221 @!@!@
@!@!@STARTMSG 2221:0 @!@!@
  ||||||||line 6, col 59 to line 6, col 59 of module HybridProtocol: 7544298
@!@!@ENDMSG 2221 @!@!@
@!@!@STARTMSG 2221:0 @!@!@
  |||||||line 6, col 46 to line 6, col 46 of module HybridProtocol: 4070326
@!@!@ENDMSG 2221 @!@!@
@!@!@STARTMSG 2221:0 @!@!@
  |||||line 289, col 27 to line 289, col 56 of module HybridProtocol: 4070326
@!@!@ENDMSG 2221 @!@!@
@!@!@STARTMSG 2221:0 @!@!@
  line 305, col 12 to line 306, col 53 of module HybridProtocol: 4070326
@!@!@ENDMSG 2221 @!@!@
@!@!@STARTMSG 2221:0 @!@!@
  line 323, col 64 to line 323, col 70 of module HybridProtocol: 9945872
@!@!@ENDMSG 2221 @!@!@
@!@!@STARTMSG 2221:0 @!@!@
  line 323, col 73 to line 323, col 76 of module HybridProtocol: 9945872
@!@!@ENDMSG 2221 @!@!@
@!@!@STARTMSG 2221:0 @!@!@
  line 323, col 22 to line 323, col 28 of module HybridProtocol: 2488873
@!@!@ENDMSG 2221 @!@!@
@!@!@STARTMSG 2202:0 @!@!@
End of statistics.
@!@!@ENDMSG 2202 @!@!@
@!@!@STARTMSG 2200:0 @!@!@
Progress(11) at 2023-11-29 07:14:15: 4,099,161 states generated (6,662,052 s/min), 651,707 distinct states found (1,059,169 ds/min), 153,938 states left on queue.
@!@!@ENDMSG 2200 @!@!@
@!@!@STARTMSG 2199:0 @!@!@
4099161 states generated, 651707 distinct states found, 153938 states left on queue.
@!@!@ENDMSG 2199 @!@!@
@!@!@STARTMSG 2194:0 @!@!@
The depth of the complete state graph search is 11.
@!@!@ENDMSG 2194 @!@!@
@!@!@STARTMSG 2268:0 @!@!@
The average outdegree of the complete state graph is 1 (minimum is 0, the maximum 31 and the 95th percentile is 4).
@!@!@ENDMSG 2268 @!@!@
@!@!@STARTMSG 2186:0 @!@!@
Finished in 36932ms at (2023-11-29 07:14:15)
@!@!@ENDMSG 2186 @!@!@
