@!@!@STARTMSG 2262:0 @!@!@
TLC2 Version 2.16 of 31 December 2020 (rev: cdddf55)
@!@!@ENDMSG 2262 @!@!@
@!@!@STARTMSG 2187:0 @!@!@
Running breadth-first search Model-Checking with fp 31 and seed 588942764610319532 with 6 workers on 8 cores with 1943MB heap and 4368MB offheap memory [pid: 15213] (Mac OS X 10.16 x86_64, AdoptOpenJDK 14.0.1 x86_64, OffHeapDiskFPSet, DiskStateQueue).
@!@!@ENDMSG 2187 @!@!@
@!@!@STARTMSG 2220:0 @!@!@
Starting SANY...
@!@!@ENDMSG 2220 @!@!@
Parsing file /Volumes/StudyMaterials/Project/EESYSTEM_TOC/HybridProtocol_TLA.toolbox/Model_Strong_Causal/MC.tla
Parsing file /Volumes/StudyMaterials/Project/EESYSTEM_TOC/HybridProtocol_TLA.toolbox/Model_Strong_Causal/HybridProtocol_TLA.tla
Parsing file /Applications/TLA+ Toolbox.app/Contents/Eclipse/plugins/org.lamport.tlatools_1.0.0.202012311918/tla2sany/StandardModules/TLC.tla
Parsing file /Applications/TLA+ Toolbox.app/Contents/Eclipse/plugins/org.lamport.tlatools_1.0.0.202012311918/tla2sany/StandardModules/Naturals.tla
Parsing file /Applications/TLA+ Toolbox.app/Contents/Eclipse/plugins/org.lamport.tlatools_1.0.0.202012311918/tla2sany/StandardModules/FiniteSets.tla
Parsing file /Applications/TLA+ Toolbox.app/Contents/Eclipse/plugins/org.lamport.tlatools_1.0.0.202012311918/tla2sany/StandardModules/Sequences.tla
Semantic processing of module Naturals
Semantic processing of module Sequences
Semantic processing of module FiniteSets
Semantic processing of module HybridProtocol_TLA
Semantic processing of module TLC
Semantic processing of module MC
@!@!@STARTMSG 2219:0 @!@!@
SANY finished.
@!@!@ENDMSG 2219 @!@!@
@!@!@STARTMSG 2185:0 @!@!@
Starting... (2024-03-05 21:23:01)
@!@!@ENDMSG 2185 @!@!@
@!@!@STARTMSG 2212:0 @!@!@
Implied-temporal checking--satisfiability problem has 1 branches.
@!@!@ENDMSG 2212 @!@!@
@!@!@STARTMSG 2189:0 @!@!@
Computing initial states...
@!@!@ENDMSG 2189 @!@!@
@!@!@STARTMSG 2190:0 @!@!@
Finished computing initial states: 1 distinct state generated at 2024-03-05 21:23:03.
@!@!@ENDMSG 2190 @!@!@
@!@!@STARTMSG 1000:1 @!@!@
TLC threw an unexpected exception.
This was probably caused by an error in the spec or model.
See the User Output or TLC Console for clues to what happened.
The exception was a java.lang.RuntimeException
: Attempted to check if element:
[inst |-> <<1, 1>>, status |-> "causally-committed", state |-> "done", ballot |-> <<0, 1>>, cmd |-> [op |-> [key |-> "x", type |-> "w"]], deps |-> {}, seq |-> 2, consistency |-> "causal", ctxid |-> 1, execution_order |-> 0, execution_order_list |-> {}, commit_order |-> 0]
is in the record:
[inst |-> <<1, 1>>, status |-> "causally-committed", state |-> "done", ballot |-> <<0, 1>>, cmd |-> [op |-> [key |-> "x", type |-> "w"]], deps |-> {}, seq |-> 2, consistency |-> "causal", ctxid |-> 1, execution_order |-> 0, execution_order_list |-> {}, commit_order |-> 0]
@!@!@ENDMSG 1000 @!@!@
@!@!@STARTMSG 2121:1 @!@!@
The behavior up to this point is:
@!@!@ENDMSG 2121 @!@!@
@!@!@STARTMSG 2217:4 @!@!@
1: <Initial predicate>
/\ sentMsg = {}
/\ executed = <<{}, {}, {}>>
/\ crtInst = <<1, 1, 1>>
/\ clk = <<0, 0, 0>>
/\ ballots = 1
/\ cmdLog = <<{}, {}, {}>>
/\ leaderOfInst = <<{}, {}, {}>>
/\ committed = ( <<1, 1>> :> {} @@
  <<1, 2>> :> {} @@
  <<2, 1>> :> {} @@
  <<2, 2>> :> {} @@
  <<3, 1>> :> {} @@
  <<3, 2>> :> {} )
/\ proposed = {}
/\ preparing = <<{}, {}, {}>>

@!@!@ENDMSG 2217 @!@!@
@!@!@STARTMSG 2217:4 @!@!@
2: <CommandLeaderAction line 1855, col 9 to line 1858, col 72 of module HybridProtocol_TLA>
/\ sentMsg = {[type |-> "commit", inst |-> <<1, 1>>, ballot |-> <<0, 1>>, cmd |-> [op |-> [key |-> "x", type |-> "w"]], deps |-> {}, seq |-> 2, consistency |-> "causal", ctxid |-> 1, commit_order |-> 0, clk |-> 1]}
/\ executed = <<{}, {}, {}>>
/\ crtInst = <<2, 1, 1>>
/\ clk = <<1, 0, 0>>
/\ ballots = 1
/\ cmdLog = <<{[inst |-> <<1, 1>>, status |-> "causally-committed", state |-> "done", ballot |-> <<0, 1>>, cmd |-> [op |-> [key |-> "x", type |-> "w"]], deps |-> {}, seq |-> 2, consistency |-> "causal", ctxid |-> 1, execution_order |-> 0, execution_order_list |-> {}, commit_order |-> 0]}, {}, {}>>
/\ leaderOfInst = <<{<<1, 1>>}, {}, {}>>
/\ committed = ( <<1, 1>> :> {} @@
  <<1, 2>> :> {} @@
  <<2, 1>> :> {} @@
  <<2, 2>> :> {} @@
  <<3, 1>> :> {} @@
  <<3, 2>> :> {} )
/\ proposed = {[op |-> [key |-> "x", type |-> "w"]]}
/\ preparing = <<{}, {}, {}>>

@!@!@ENDMSG 2217 @!@!@
@!@!@STARTMSG 2217:4 @!@!@
3: <CommandLeaderAction line 1855, col 9 to line 1858, col 72 of module HybridProtocol_TLA>
/\ sentMsg = {[type |-> "commit", inst |-> <<1, 1>>, ballot |-> <<0, 1>>, cmd |-> [op |-> [key |-> "x", type |-> "w"]], deps |-> {}, seq |-> 2, consistency |-> "causal", ctxid |-> 1, commit_order |-> 0, clk |-> 1], [type |-> "commit", inst |-> <<1, 2>>, ballot |-> <<0, 1>>, cmd |-> [op |-> [key |-> "y", type |-> "r"]], deps |-> {<<1, 1>>}, seq |-> 3, consistency |-> "causal", ctxid |-> 1, commit_order |-> 0, clk |-> 2]}
/\ executed = <<{}, {}, {}>>
/\ crtInst = <<3, 1, 1>>
/\ clk = <<2, 0, 0>>
/\ ballots = 1
/\ cmdLog = <<{[inst |-> <<1, 1>>, status |-> "causally-committed", state |-> "done", ballot |-> <<0, 1>>, cmd |-> [op |-> [key |-> "x", type |-> "w"]], deps |-> {}, seq |-> 2, consistency |-> "causal", ctxid |-> 1, execution_order |-> 0, execution_order_list |-> {}, commit_order |-> 0], [inst |-> <<1, 2>>, status |-> "causally-committed", state |-> "done", ballot |-> <<0, 1>>, cmd |-> [op |-> [key |-> "y", type |-> "r"]], deps |-> {<<1, 1>>}, seq |-> 3, consistency |-> "causal", ctxid |-> 1, execution_order |-> 0, execution_order_list |-> {}, commit_order |-> 0]}, {}, {}>>
/\ leaderOfInst = <<{<<1, 1>>, <<1, 2>>}, {}, {}>>
/\ committed = ( <<1, 1>> :> {} @@
  <<1, 2>> :> {} @@
  <<2, 1>> :> {} @@
  <<2, 2>> :> {} @@
  <<3, 1>> :> {} @@
  <<3, 2>> :> {} )
/\ proposed = {[op |-> [key |-> "x", type |-> "w"]], [op |-> [key |-> "y", type |-> "r"]]}
/\ preparing = <<{}, {}, {}>>

@!@!@ENDMSG 2217 @!@!@
@!@!@STARTMSG 2103:1 @!@!@
The error occurred when TLC was evaluating the nested
expressions at the following positions:
0. Line 1865, column 13 to line 1865, column 135 in HybridProtocol_TLA
1. Line 1865, column 42 to line 1865, column 135 in HybridProtocol_TLA
2. Line 1865, column 43 to line 1865, column 101 in HybridProtocol_TLA
3. Line 1865, column 107 to line 1865, column 135 in HybridProtocol_TLA
4. Line 1833, column 9 to line 1848, column 56 in HybridProtocol_TLA
5. Line 1834, column 13 to line 1848, column 56 in HybridProtocol_TLA
6. Line 1834, column 16 to line 1846, column 66 in HybridProtocol_TLA
7. Line 1834, column 26 to line 1846, column 66 in HybridProtocol_TLA
8. Line 1834, column 54 to line 1846, column 65 in HybridProtocol_TLA
9. Line 1834, column 55 to line 1834, column 59 in HybridProtocol_TLA


@!@!@ENDMSG 2103 @!@!@
@!@!@STARTMSG 2200:0 @!@!@
Progress(3) at 2024-03-05 21:23:03: 62 states generated (1,074 s/min), 46 distinct states found (797 ds/min), 40 states left on queue.
@!@!@ENDMSG 2200 @!@!@
@!@!@STARTMSG 2199:0 @!@!@
62 states generated, 46 distinct states found, 40 states left on queue.
@!@!@ENDMSG 2199 @!@!@
@!@!@STARTMSG 2186:0 @!@!@
Finished in 3491ms at (2024-03-05 21:23:03)
@!@!@ENDMSG 2186 @!@!@
