@!@!@STARTMSG 2262:0 @!@!@
TLC2 Version 2.16 of 31 December 2020 (rev: cdddf55)
@!@!@ENDMSG 2262 @!@!@
@!@!@STARTMSG 2187:0 @!@!@
Running breadth-first search Model-Checking with fp 30 and seed 6296667619804703084 with 4 workers on 8 cores with 1214MB heap and 2730MB offheap memory [pid: 881] (Mac OS X 10.16 x86_64, AdoptOpenJDK 14.0.1 x86_64, OffHeapDiskFPSet, DiskStateQueue).
@!@!@ENDMSG 2187 @!@!@
@!@!@STARTMSG 2220:0 @!@!@
Starting SANY...
@!@!@ENDMSG 2220 @!@!@
Parsing file /Volumes/StudyMaterials/Project/EESYSTEM_TOC/HybridProtocol_TLA.toolbox/Model_Strong_Causal/MC.tla
Parsing file /Volumes/StudyMaterials/Project/EESYSTEM_TOC/HybridProtocol_TLA.toolbox/Model_Strong_Causal/HybridProtocol_TLA.tla
Parsing file /Applications/TLA+ Toolbox.app/Contents/Eclipse/plugins/org.lamport.tlatools_1.0.0.202012311918/tla2sany/StandardModules/TLC.tla
Parsing file /Applications/TLA+ Toolbox.app/Contents/Eclipse/plugins/org.lamport.tlatools_1.0.0.202012311918/tla2sany/StandardModules/Naturals.tla
Parsing file /Applications/TLA+ Toolbox.app/Contents/Eclipse/plugins/org.lamport.tlatools_1.0.0.202012311918/tla2sany/StandardModules/FiniteSets.tla
Parsing file /Applications/TLA+ Toolbox.app/Contents/Eclipse/plugins/org.lamport.tlatools_1.0.0.202012311918/tla2sany/StandardModules/Sequences.tla
Semantic processing of module Naturals
Semantic processing of module Sequences
Semantic processing of module FiniteSets
Semantic processing of module HybridProtocol_TLA
Semantic processing of module TLC
Semantic processing of module MC
@!@!@STARTMSG 2219:0 @!@!@
SANY finished.
@!@!@ENDMSG 2219 @!@!@
@!@!@STARTMSG 2185:0 @!@!@
Starting... (2024-02-19 14:19:56)
@!@!@ENDMSG 2185 @!@!@
@!@!@STARTMSG 2189:0 @!@!@
Computing initial states...
@!@!@ENDMSG 2189 @!@!@
@!@!@STARTMSG 2190:0 @!@!@
Finished computing initial states: 1 distinct state generated at 2024-02-19 14:19:57.
@!@!@ENDMSG 2190 @!@!@
@!@!@STARTMSG 2200:0 @!@!@
Progress(5) at 2024-02-19 14:20:00: 14,480 states generated (14,480 s/min), 8,855 distinct states found (8,855 ds/min), 8,857 states left on queue.
@!@!@ENDMSG 2200 @!@!@
@!@!@STARTMSG 2110:1 @!@!@
Invariant TypeOK is violated.
@!@!@ENDMSG 2110 @!@!@
@!@!@STARTMSG 2121:1 @!@!@
The behavior up to this point is:
@!@!@ENDMSG 2121 @!@!@
@!@!@STARTMSG 2217:4 @!@!@
1: <Initial predicate>
/\ sentMsg = {}
/\ executed = <<{}, {}, {}, {}, {}>>
/\ crtInst = <<1, 1, 1, 1, 1>>
/\ clk = <<0, 0, 0, 0, 0>>
/\ ballots = 1
/\ cmdLog = <<{}, {}, {}, {}, {}>>
/\ leaderOfInst = <<{}, {}, {}, {}, {}>>
/\ committed = ( <<1, 1>> :> {} @@
  <<1, 2>> :> {} @@
  <<1, 3>> :> {} @@
  <<1, 4>> :> {} @@
  <<1, 5>> :> {} @@
  <<1, 6>> :> {} @@
  <<2, 1>> :> {} @@
  <<2, 2>> :> {} @@
  <<2, 3>> :> {} @@
  <<2, 4>> :> {} @@
  <<2, 5>> :> {} @@
  <<2, 6>> :> {} @@
  <<3, 1>> :> {} @@
  <<3, 2>> :> {} @@
  <<3, 3>> :> {} @@
  <<3, 4>> :> {} @@
  <<3, 5>> :> {} @@
  <<3, 6>> :> {} @@
  <<4, 1>> :> {} @@
  <<4, 2>> :> {} @@
  <<4, 3>> :> {} @@
  <<4, 4>> :> {} @@
  <<4, 5>> :> {} @@
  <<4, 6>> :> {} @@
  <<5, 1>> :> {} @@
  <<5, 2>> :> {} @@
  <<5, 3>> :> {} @@
  <<5, 4>> :> {} @@
  <<5, 5>> :> {} @@
  <<5, 6>> :> {} )
/\ proposed = {}
/\ preparing = <<{}, {}, {}, {}, {}>>

@!@!@ENDMSG 2217 @!@!@
@!@!@STARTMSG 2217:4 @!@!@
2: <CommandLeaderAction line 1758, col 9 to line 1761, col 72 of module HybridProtocol_TLA>
/\ sentMsg = {[type |-> "commit", inst |-> <<1, 1>>, ballot |-> <<0, 1>>, cmd |-> [op |-> [key |-> "x", type |-> "r"]], deps |-> {}, seq |-> 2, consistency |-> "causal", ctxid |-> 1, commit_order |-> 0, clk |-> 1]}
/\ executed = <<{}, {}, {}, {}, {}>>
/\ crtInst = <<2, 1, 1, 1, 1>>
/\ clk = <<1, 0, 0, 0, 0>>
/\ ballots = 1
/\ cmdLog = <<{[inst |-> <<1, 1>>, status |-> "causally-committed", state |-> "done", ballot |-> <<0, 1>>, cmd |-> [op |-> [key |-> "x", type |-> "r"]], deps |-> {}, seq |-> 2, consistency |-> "causal", ctxid |-> 1, execution_order |-> 0, execution_order_list |-> {}, commit_order |-> 0]}, {}, {}, {}, {}>>
/\ leaderOfInst = <<{<<1, 1>>}, {}, {}, {}, {}>>
/\ committed = ( <<1, 1>> :> {} @@
  <<1, 2>> :> {} @@
  <<1, 3>> :> {} @@
  <<1, 4>> :> {} @@
  <<1, 5>> :> {} @@
  <<1, 6>> :> {} @@
  <<2, 1>> :> {} @@
  <<2, 2>> :> {} @@
  <<2, 3>> :> {} @@
  <<2, 4>> :> {} @@
  <<2, 5>> :> {} @@
  <<2, 6>> :> {} @@
  <<3, 1>> :> {} @@
  <<3, 2>> :> {} @@
  <<3, 3>> :> {} @@
  <<3, 4>> :> {} @@
  <<3, 5>> :> {} @@
  <<3, 6>> :> {} @@
  <<4, 1>> :> {} @@
  <<4, 2>> :> {} @@
  <<4, 3>> :> {} @@
  <<4, 4>> :> {} @@
  <<4, 5>> :> {} @@
  <<4, 6>> :> {} @@
  <<5, 1>> :> {} @@
  <<5, 2>> :> {} @@
  <<5, 3>> :> {} @@
  <<5, 4>> :> {} @@
  <<5, 5>> :> {} @@
  <<5, 6>> :> {} )
/\ proposed = {[op |-> [key |-> "x", type |-> "r"]]}
/\ preparing = <<{}, {}, {}, {}, {}>>

@!@!@ENDMSG 2217 @!@!@
@!@!@STARTMSG 2217:4 @!@!@
3: <CommandLeaderAction line 1758, col 9 to line 1761, col 72 of module HybridProtocol_TLA>
/\ sentMsg = {[type |-> "commit", inst |-> <<1, 1>>, ballot |-> <<0, 1>>, cmd |-> [op |-> [key |-> "x", type |-> "r"]], deps |-> {}, seq |-> 2, consistency |-> "causal", ctxid |-> 1, commit_order |-> 0, clk |-> 1], [type |-> "commit", inst |-> <<1, 2>>, ballot |-> <<0, 1>>, cmd |-> [op |-> [key |-> "x", type |-> "w"]], deps |-> {<<1, 1>>}, seq |-> 3, consistency |-> "causal", ctxid |-> 1, commit_order |-> 0, clk |-> 2]}
/\ executed = <<{}, {}, {}, {}, {}>>
/\ crtInst = <<3, 1, 1, 1, 1>>
/\ clk = <<2, 0, 0, 0, 0>>
/\ ballots = 1
/\ cmdLog = <<{[inst |-> <<1, 1>>, status |-> "causally-committed", state |-> "done", ballot |-> <<0, 1>>, cmd |-> [op |-> [key |-> "x", type |-> "r"]], deps |-> {}, seq |-> 2, consistency |-> "causal", ctxid |-> 1, execution_order |-> 0, execution_order_list |-> {}, commit_order |-> 0], [inst |-> <<1, 2>>, status |-> "causally-committed", state |-> "done", ballot |-> <<0, 1>>, cmd |-> [op |-> [key |-> "x", type |-> "w"]], deps |-> {<<1, 1>>}, seq |-> 3, consistency |-> "causal", ctxid |-> 1, execution_order |-> 0, execution_order_list |-> {}, commit_order |-> 0]}, {}, {}, {}, {}>>
/\ leaderOfInst = <<{<<1, 1>>, <<1, 2>>}, {}, {}, {}, {}>>
/\ committed = ( <<1, 1>> :> {} @@
  <<1, 2>> :> {} @@
  <<1, 3>> :> {} @@
  <<1, 4>> :> {} @@
  <<1, 5>> :> {} @@
  <<1, 6>> :> {} @@
  <<2, 1>> :> {} @@
  <<2, 2>> :> {} @@
  <<2, 3>> :> {} @@
  <<2, 4>> :> {} @@
  <<2, 5>> :> {} @@
  <<2, 6>> :> {} @@
  <<3, 1>> :> {} @@
  <<3, 2>> :> {} @@
  <<3, 3>> :> {} @@
  <<3, 4>> :> {} @@
  <<3, 5>> :> {} @@
  <<3, 6>> :> {} @@
  <<4, 1>> :> {} @@
  <<4, 2>> :> {} @@
  <<4, 3>> :> {} @@
  <<4, 4>> :> {} @@
  <<4, 5>> :> {} @@
  <<4, 6>> :> {} @@
  <<5, 1>> :> {} @@
  <<5, 2>> :> {} @@
  <<5, 3>> :> {} @@
  <<5, 4>> :> {} @@
  <<5, 5>> :> {} @@
  <<5, 6>> :> {} )
/\ proposed = {[op |-> [key |-> "x", type |-> "r"]], [op |-> [key |-> "x", type |-> "w"]]}
/\ preparing = <<{}, {}, {}, {}, {}>>

@!@!@ENDMSG 2217 @!@!@
@!@!@STARTMSG 2217:4 @!@!@
4: <ReplicaAction line 1781, col 13 to line 1783, col 73 of module HybridProtocol_TLA>
/\ sentMsg = {[type |-> "prepare", inst |-> <<1, 1>>, ballot |-> <<1, 2>>, src |-> 2, dst |-> 1], [type |-> "prepare", inst |-> <<1, 1>>, ballot |-> <<1, 2>>, src |-> 2, dst |-> 2], [type |-> "prepare", inst |-> <<1, 1>>, ballot |-> <<1, 2>>, src |-> 2, dst |-> 3], [type |-> "commit", inst |-> <<1, 1>>, ballot |-> <<0, 1>>, cmd |-> [op |-> [key |-> "x", type |-> "r"]], deps |-> {}, seq |-> 2, consistency |-> "causal", ctxid |-> 1, commit_order |-> 0, clk |-> 1], [type |-> "commit", inst |-> <<1, 2>>, ballot |-> <<0, 1>>, cmd |-> [op |-> [key |-> "x", type |-> "w"]], deps |-> {<<1, 1>>}, seq |-> 3, consistency |-> "causal", ctxid |-> 1, commit_order |-> 0, clk |-> 2]}
/\ executed = <<{}, {}, {}, {}, {}>>
/\ crtInst = <<3, 1, 1, 1, 1>>
/\ clk = <<2, 0, 0, 0, 0>>
/\ ballots = 2
/\ cmdLog = <<{[inst |-> <<1, 1>>, status |-> "causally-committed", state |-> "done", ballot |-> <<0, 1>>, cmd |-> [op |-> [key |-> "x", type |-> "r"]], deps |-> {}, seq |-> 2, consistency |-> "causal", ctxid |-> 1, execution_order |-> 0, execution_order_list |-> {}, commit_order |-> 0], [inst |-> <<1, 2>>, status |-> "causally-committed", state |-> "done", ballot |-> <<0, 1>>, cmd |-> [op |-> [key |-> "x", type |-> "w"]], deps |-> {<<1, 1>>}, seq |-> 3, consistency |-> "causal", ctxid |-> 1, execution_order |-> 0, execution_order_list |-> {}, commit_order |-> 0]}, {}, {}, {}, {}>>
/\ leaderOfInst = <<{<<1, 1>>, <<1, 2>>}, {}, {}, {}, {}>>
/\ committed = ( <<1, 1>> :> {} @@
  <<1, 2>> :> {} @@
  <<1, 3>> :> {} @@
  <<1, 4>> :> {} @@
  <<1, 5>> :> {} @@
  <<1, 6>> :> {} @@
  <<2, 1>> :> {} @@
  <<2, 2>> :> {} @@
  <<2, 3>> :> {} @@
  <<2, 4>> :> {} @@
  <<2, 5>> :> {} @@
  <<2, 6>> :> {} @@
  <<3, 1>> :> {} @@
  <<3, 2>> :> {} @@
  <<3, 3>> :> {} @@
  <<3, 4>> :> {} @@
  <<3, 5>> :> {} @@
  <<3, 6>> :> {} @@
  <<4, 1>> :> {} @@
  <<4, 2>> :> {} @@
  <<4, 3>> :> {} @@
  <<4, 4>> :> {} @@
  <<4, 5>> :> {} @@
  <<4, 6>> :> {} @@
  <<5, 1>> :> {} @@
  <<5, 2>> :> {} @@
  <<5, 3>> :> {} @@
  <<5, 4>> :> {} @@
  <<5, 5>> :> {} @@
  <<5, 6>> :> {} )
/\ proposed = {[op |-> [key |-> "x", type |-> "r"]], [op |-> [key |-> "x", type |-> "w"]]}
/\ preparing = <<{}, {<<1, 1>>}, {}, {}, {}>>

@!@!@ENDMSG 2217 @!@!@
@!@!@STARTMSG 2217:4 @!@!@
5: <ReplyPrepare line 1178, col 5 to line 1248, col 60 of module HybridProtocol_TLA>
/\ sentMsg = {[type |-> "prepare", inst |-> <<1, 1>>, ballot |-> <<1, 2>>, src |-> 2, dst |-> 2], [type |-> "prepare", inst |-> <<1, 1>>, ballot |-> <<1, 2>>, src |-> 2, dst |-> 3], [type |-> "commit", inst |-> <<1, 1>>, ballot |-> <<0, 1>>, cmd |-> [op |-> [key |-> "x", type |-> "r"]], deps |-> {}, seq |-> 2, consistency |-> "causal", ctxid |-> 1, commit_order |-> 0, clk |-> 1], [type |-> "commit", inst |-> <<1, 2>>, ballot |-> <<0, 1>>, cmd |-> [op |-> [key |-> "x", type |-> "w"]], deps |-> {<<1, 1>>}, seq |-> 3, consistency |-> "causal", ctxid |-> 1, commit_order |-> 0, clk |-> 2], [type |-> "prepare-reply", inst |-> <<1, 1>>, status |-> "causally-committed", state |-> "done", ballot |-> <<1, 2>>, cmd |-> [op |-> [key |-> "x", type |-> "r"]], deps |-> {}, seq |-> 2, consistency |-> "causal", ctxid |-> 1, commit_order |-> 0, src |-> 1, dst |-> 2, prev_ballot |-> <<0, 1>>]}
/\ executed = <<{}, {}, {}, {}, {}>>
/\ crtInst = <<3, 1, 1, 1, 1>>
/\ clk = <<2, 0, 0, 0, 0>>
/\ ballots = 2
/\ cmdLog = <<{[inst |-> <<1, 1>>, status |-> "causally-committed", state |-> "done", ballot |-> <<1, 2>>, cmd |-> [op |-> [key |-> "x", type |-> "r"]], deps |-> {}, seq |-> 2, consistency |-> "causal", ctxid |-> 1, execution_order |-> 0, execution_order_list |-> {}, commit_order |-> 0], [inst |-> <<1, 2>>, status |-> "causally-committed", state |-> "done", ballot |-> <<0, 1>>, cmd |-> [op |-> [key |-> "x", type |-> "w"]], deps |-> {<<1, 1>>}, seq |-> 3, consistency |-> "causal", ctxid |-> 1, execution_order |-> 0, execution_order_list |-> {}, commit_order |-> 0]}, {}, {}, {}, {}>>
/\ leaderOfInst = <<{<<1, 2>>}, {}, {}, {}, {}>>
/\ committed = ( <<1, 1>> :> {} @@
  <<1, 2>> :> {} @@
  <<1, 3>> :> {} @@
  <<1, 4>> :> {} @@
  <<1, 5>> :> {} @@
  <<1, 6>> :> {} @@
  <<2, 1>> :> {} @@
  <<2, 2>> :> {} @@
  <<2, 3>> :> {} @@
  <<2, 4>> :> {} @@
  <<2, 5>> :> {} @@
  <<2, 6>> :> {} @@
  <<3, 1>> :> {} @@
  <<3, 2>> :> {} @@
  <<3, 3>> :> {} @@
  <<3, 4>> :> {} @@
  <<3, 5>> :> {} @@
  <<3, 6>> :> {} @@
  <<4, 1>> :> {} @@
  <<4, 2>> :> {} @@
  <<4, 3>> :> {} @@
  <<4, 4>> :> {} @@
  <<4, 5>> :> {} @@
  <<4, 6>> :> {} @@
  <<5, 1>> :> {} @@
  <<5, 2>> :> {} @@
  <<5, 3>> :> {} @@
  <<5, 4>> :> {} @@
  <<5, 5>> :> {} @@
  <<5, 6>> :> {} )
/\ proposed = {[op |-> [key |-> "x", type |-> "r"]], [op |-> [key |-> "x", type |-> "w"]]}
/\ preparing = <<{}, {<<1, 1>>}, {}, {}, {}>>

@!@!@ENDMSG 2217 @!@!@
@!@!@STARTMSG 2200:0 @!@!@
Progress(5) at 2024-02-19 14:20:41: 679,254 states generated (871,415 s/min), 298,451 distinct states found (382,883 ds/min), 297,188 states left on queue.
@!@!@ENDMSG 2200 @!@!@
@!@!@STARTMSG 2199:0 @!@!@
679254 states generated, 298451 distinct states found, 297188 states left on queue.
@!@!@ENDMSG 2199 @!@!@
@!@!@STARTMSG 2194:0 @!@!@
The depth of the complete state graph search is 5.
@!@!@ENDMSG 2194 @!@!@
@!@!@STARTMSG 2268:0 @!@!@
The average outdegree of the complete state graph is 31 (minimum is 31, the maximum 31 and the 95th percentile is 31).
@!@!@ENDMSG 2268 @!@!@
@!@!@STARTMSG 2186:0 @!@!@
Finished in 46784ms at (2024-02-19 14:20:41)
@!@!@ENDMSG 2186 @!@!@
